{
    "System.Provider.Name": "Microsoft-Windows-Sysmon",
    "System.Provider.Guid": "{5770385f-c22a-43e0-bf4c-06f5698ffbd9}",
    "System.EventID.Qualifiers": "",
    "System.EventID.text": "1",
    "System.Version": "5",
    "System.Level": "4",
    "System.Task": "1",
    "System.Opcode": "0",
    "System.Keywords": "0x8000000000000000",
    "System.TimeCreated.SystemTime": "2017-10-23 16:51:32.824774",
    "System.EventRecordID": "10871",
    "System.Correlation.ActivityID": "",
    "System.Correlation.RelatedActivityID": "",
    "System.Execution.ProcessID": "2012",
    "System.Execution.ThreadID": "2692",
    "System.Channel": "Microsoft-Windows-Sysmon/Operational",
    "System.Computer": "DESKTOP-GH9KMB7",
    "System.Security.UserID": "S-1-5-18",
    "EventData.Data.UtcTime": "2017-10-23 16:51:32.714",
    "EventData.Data.ProcessGuid": "{fe62ad40-1e14-59ee-0000-00107a870800}",
    "EventData.Data.ProcessId": "6124",
    "EventData.Data.Image": "C:\\Windows\\System32\\wevtutil.exe",
    "EventData.Data.CommandLine": "WEVTUTIL  CL Microsoft-Windows-Sysmon/Operational",
    "EventData.Data.CurrentDirectory": "Z:\\protected\\",
    "EventData.Data.User": "DESKTOP-GH9KMB7\\admin",
    "EventData.Data.LogonGuid": "{fe62ad40-1de2-59ee-0000-0020f5a80200}",
    "EventData.Data.LogonId": "0x000000000002a8f5",
    "EventData.Data.TerminalSessionId": "1",
    "EventData.Data.IntegrityLevel": "High",
    "EventData.Data.Hashes": "MD5=EAFAE23B0E85D03B78D304D52CD984DC,SHA256=C4618DC5B1F77D075B473AE838604ACDDE73787BAAB28370BD3EFA8E6F70DC07",
    "EventData.Data.ParentProcessGuid": "{fe62ad40-1e10-59ee-0000-0010764e0800}",
    "EventData.Data.ParentProcessId": "5900",
    "EventData.Data.ParentImage": "C:\\Windows\\System32\\cmd.exe",
    "EventData.Data.ParentCommandLine": "C:\\Windows\\system32\\cmd.exe  /K Z:\\protected\\MALWARE_LOGGER.CMD  Z:\\MALWARE\\001d02ca7ae541d990cf2fd58a1662ad"
}
{
    "System.Provider.Name": "Microsoft-Windows-Sysmon",
    "System.Provider.Guid": "{5770385f-c22a-43e0-bf4c-06f5698ffbd9}",
    "System.EventID.Qualifiers": "",
    "System.EventID.text": "11",
    "System.Version": "2",
    "System.Level": "4",
    "System.Task": "11",
    "System.Opcode": "0",
    "System.Keywords": "0x8000000000000000",
    "System.TimeCreated.SystemTime": "2017-10-23 16:51:33.785448",
    "System.EventRecordID": "10872",
    "System.Correlation.ActivityID": "",
    "System.Correlation.RelatedActivityID": "",
    "System.Execution.ProcessID": "2012",
    "System.Execution.ThreadID": "2692",
    "System.Channel": "Microsoft-Windows-Sysmon/Operational",
    "System.Computer": "DESKTOP-GH9KMB7",
    "System.Security.UserID": "S-1-5-18",
    "EventData.Data.UtcTime": "2017-10-23 16:51:33.762",
    "EventData.Data.ProcessGuid": "{fe62ad40-1e10-59ee-0000-0010764e0800}",
    "EventData.Data.ProcessId": "5900",
    "EventData.Data.Image": "C:\\Windows\\system32\\cmd.exe",
    "EventData.Data.TargetFilename": "C:\\Users\\admin\\AppData\\Local\\Temp\\001d02ca7ae541d990cf2fd58a1662ad.EXE",
    "EventData.Data.CreationUtcTime": "2017-10-23 16:51:33.762"
}
{
    "System.Provider.Name": "Microsoft-Windows-Sysmon",
    "System.Provider.Guid": "{5770385f-c22a-43e0-bf4c-06f5698ffbd9}",
    "System.EventID.Qualifiers": "",
    "System.EventID.text": "1",
    "System.Version": "5",
    "System.Level": "4",
    "System.Task": "1",
    "System.Opcode": "0",
    "System.Keywords": "0x8000000000000000",
    "System.TimeCreated.SystemTime": "2017-10-23 16:51:33.878517",
    "System.EventRecordID": "10873",
    "System.Correlation.ActivityID": "",
    "System.Correlation.RelatedActivityID": "",
    "System.Execution.ProcessID": "2012",
    "System.Execution.ThreadID": "2692",
    "System.Channel": "Microsoft-Windows-Sysmon/Operational",
    "System.Computer": "DESKTOP-GH9KMB7",
    "System.Security.UserID": "S-1-5-18",
    "EventData.Data.UtcTime": "2017-10-23 16:51:33.865",
    "EventData.Data.ProcessGuid": "{fe62ad40-1e15-59ee-0000-0010dd930800}",
    "EventData.Data.ProcessId": "6136",
    "EventData.Data.Image": "C:\\Windows\\System32\\cmd.exe",
    "EventData.Data.CommandLine": "C:\\Windows\\system32\\cmd.exe  /S /D /c\" ECHO\"",
    "EventData.Data.CurrentDirectory": "Z:\\protected\\",
    "EventData.Data.User": "DESKTOP-GH9KMB7\\admin",
    "EventData.Data.LogonGuid": "{fe62ad40-1de2-59ee-0000-0020f5a80200}",
    "EventData.Data.LogonId": "0x000000000002a8f5",
    "EventData.Data.TerminalSessionId": "1",
    "EventData.Data.IntegrityLevel": "High",
    "EventData.Data.Hashes": "MD5=8FAFBE3C23E2BE4D6A3C063118B9A4F2,SHA256=4C3EA4C44AAB74350355C419826B8C9E6172C3BD8F0BB5817ECF7BE50B629051",
    "EventData.Data.ParentProcessGuid": "{fe62ad40-1e10-59ee-0000-0010764e0800}",
    "EventData.Data.ParentProcessId": "5900",
    "EventData.Data.ParentImage": "C:\\Windows\\System32\\cmd.exe",
    "EventData.Data.ParentCommandLine": "C:\\Windows\\system32\\cmd.exe  /K Z:\\protected\\MALWARE_LOGGER.CMD  Z:\\MALWARE\\001d02ca7ae541d990cf2fd58a1662ad"
}
{
    "System.Provider.Name": "Microsoft-Windows-Sysmon",
    "System.Provider.Guid": "{5770385f-c22a-43e0-bf4c-06f5698ffbd9}",
    "System.EventID.Qualifiers": "",
    "System.EventID.text": "1",
    "System.Version": "5",
    "System.Level": "4",
    "System.Task": "1",
    "System.Opcode": "0",
    "System.Keywords": "0x8000000000000000",
    "System.TimeCreated.SystemTime": "2017-10-23 16:51:33.989056",
    "System.EventRecordID": "10874",
    "System.Correlation.ActivityID": "",
    "System.Correlation.RelatedActivityID": "",
    "System.Execution.ProcessID": "2012",
    "System.Execution.ThreadID": "2692",
    "System.Channel": "Microsoft-Windows-Sysmon/Operational",
    "System.Computer": "DESKTOP-GH9KMB7",
    "System.Security.UserID": "S-1-5-18",
    "EventData.Data.UtcTime": "2017-10-23 16:51:33.955",
    "EventData.Data.ProcessGuid": "{fe62ad40-1e15-59ee-0000-001093960800}",
    "EventData.Data.ProcessId": "3940",
    "EventData.Data.Image": "C:\\Windows\\System32\\runas.exe",
    "EventData.Data.CommandLine": "RUNAS  /USER:admin \"C:\\Users\\admin\\AppData\\Local\\Temp\\001d02ca7ae541d990cf2fd58a1662ad.EXE\"",
    "EventData.Data.CurrentDirectory": "Z:\\protected\\",
    "EventData.Data.User": "DESKTOP-GH9KMB7\\admin",
    "EventData.Data.LogonGuid": "{fe62ad40-1de2-59ee-0000-0020f5a80200}",
    "EventData.Data.LogonId": "0x000000000002a8f5",
    "EventData.Data.TerminalSessionId": "1",
    "EventData.Data.IntegrityLevel": "High",
    "EventData.Data.Hashes": "MD5=8FE7844F70527F4B7683CE766C7CB9E4,SHA256=FFAA3419EF66FBC0649C958FAC3E3FFACA229AA70C61D310968A0F5CA4DA522B",
    "EventData.Data.ParentProcessGuid": "{fe62ad40-1e10-59ee-0000-0010764e0800}",
    "EventData.Data.ParentProcessId": "5900",
    "EventData.Data.ParentImage": "C:\\Windows\\System32\\cmd.exe",
    "EventData.Data.ParentCommandLine": "C:\\Windows\\system32\\cmd.exe  /K Z:\\protected\\MALWARE_LOGGER.CMD  Z:\\MALWARE\\001d02ca7ae541d990cf2fd58a1662ad"
}
{
    "System.Provider.Name": "Microsoft-Windows-Sysmon",
    "System.Provider.Guid": "{5770385f-c22a-43e0-bf4c-06f5698ffbd9}",
    "System.EventID.Qualifiers": "",
    "System.EventID.text": "1",
    "System.Version": "5",
    "System.Level": "4",
    "System.Task": "1",
    "System.Opcode": "0",
    "System.Keywords": "0x8000000000000000",
    "System.TimeCreated.SystemTime": "2017-10-23 16:51:34.706310",
    "System.EventRecordID": "10875",
    "System.Correlation.ActivityID": "",
    "System.Correlation.RelatedActivityID": "",
    "System.Execution.ProcessID": "2012",
    "System.Execution.ThreadID": "2692",
    "System.Channel": "Microsoft-Windows-Sysmon/Operational",
    "System.Computer": "DESKTOP-GH9KMB7",
    "System.Security.UserID": "S-1-5-18",
    "EventData.Data.UtcTime": "2017-10-23 16:51:34.677",
    "EventData.Data.ProcessGuid": "{fe62ad40-1e16-59ee-0000-0010d89f0800}",
    "EventData.Data.ProcessId": "2788",
    "EventData.Data.Image": "C:\\Users\\admin\\AppData\\Local\\Temp\\001d02ca7ae541d990cf2fd58a1662ad.EXE",
    "EventData.Data.CommandLine": "C:\\Users\\admin\\AppData\\Local\\Temp\\001d02ca7ae541d990cf2fd58a1662ad.EXE",
    "EventData.Data.CurrentDirectory": "C:\\Windows\\system32\\",
    "EventData.Data.User": "DESKTOP-GH9KMB7\\admin",
    "EventData.Data.LogonGuid": "{fe62ad40-1e16-59ee-0000-0020739c0800}",
    "EventData.Data.LogonId": "0x0000000000089c73",
    "EventData.Data.TerminalSessionId": "1",
    "EventData.Data.IntegrityLevel": "High",
    "EventData.Data.Hashes": "MD5=001D02CA7AE541D990CF2FD58A1662AD,SHA256=ADA484B0558687989131B1C1AE00CCA46186858E80B6B68555F68A55F89ECD69",
    "EventData.Data.ParentProcessGuid": "{fe62ad40-1e15-59ee-0000-001093960800}",
    "EventData.Data.ParentProcessId": "3940",
    "EventData.Data.ParentImage": "C:\\Windows\\System32\\runas.exe",
    "EventData.Data.ParentCommandLine": "RUNAS  /USER:admin \"C:\\Users\\admin\\AppData\\Local\\Temp\\001d02ca7ae541d990cf2fd58a1662ad.EXE\""
}
{
    "System.Provider.Name": "Microsoft-Windows-Sysmon",
    "System.Provider.Guid": "{5770385f-c22a-43e0-bf4c-06f5698ffbd9}",
    "System.EventID.Qualifiers": "",
    "System.EventID.text": "1",
    "System.Version": "5",
    "System.Level": "4",
    "System.Task": "1",
    "System.Opcode": "0",
    "System.Keywords": "0x8000000000000000",
    "System.TimeCreated.SystemTime": "2017-10-23 16:51:34.844395",
    "System.EventRecordID": "10876",
    "System.Correlation.ActivityID": "",
    "System.Correlation.RelatedActivityID": "",
    "System.Execution.ProcessID": "2012",
    "System.Execution.ThreadID": "2692",
    "System.Channel": "Microsoft-Windows-Sysmon/Operational",
    "System.Computer": "DESKTOP-GH9KMB7",
    "System.Security.UserID": "S-1-5-18",
    "EventData.Data.UtcTime": "2017-10-23 16:51:34.831",
    "EventData.Data.ProcessGuid": "{fe62ad40-1e16-59ee-0000-001029a10800}",
    "EventData.Data.ProcessId": "2776",
    "EventData.Data.Image": "C:\\Users\\admin\\AppData\\Local\\Temp\\001d02ca7ae541d990cf2fd58a1662ad.EXE",
    "EventData.Data.CommandLine": "",
    "EventData.Data.CurrentDirectory": "C:\\Windows\\system32\\",
    "EventData.Data.User": "DESKTOP-GH9KMB7\\admin",
    "EventData.Data.LogonGuid": "{fe62ad40-1e16-59ee-0000-0020739c0800}",
    "EventData.Data.LogonId": "0x0000000000089c73",
    "EventData.Data.TerminalSessionId": "1",
    "EventData.Data.IntegrityLevel": "High",
    "EventData.Data.Hashes": "MD5=001D02CA7AE541D990CF2FD58A1662AD,SHA256=ADA484B0558687989131B1C1AE00CCA46186858E80B6B68555F68A55F89ECD69",
    "EventData.Data.ParentProcessGuid": "{fe62ad40-1e16-59ee-0000-0010d89f0800}",
    "EventData.Data.ParentProcessId": "2788",
    "EventData.Data.ParentImage": "C:\\Users\\admin\\AppData\\Local\\Temp\\001d02ca7ae541d990cf2fd58a1662ad.EXE",
    "EventData.Data.ParentCommandLine": "C:\\Users\\admin\\AppData\\Local\\Temp\\001d02ca7ae541d990cf2fd58a1662ad.EXE"
}
{
    "System.Provider.Name": "Microsoft-Windows-Sysmon",
    "System.Provider.Guid": "{5770385f-c22a-43e0-bf4c-06f5698ffbd9}",
    "System.EventID.Qualifiers": "",
    "System.EventID.text": "5",
    "System.Version": "3",
    "System.Level": "4",
    "System.Task": "5",
    "System.Opcode": "0",
    "System.Keywords": "0x8000000000000000",
    "System.TimeCreated.SystemTime": "2017-10-23 16:51:34.899021",
    "System.EventRecordID": "10877",
    "System.Correlation.ActivityID": "",
    "System.Correlation.RelatedActivityID": "",
    "System.Execution.ProcessID": "2012",
    "System.Execution.ThreadID": "2692",
    "System.Channel": "Microsoft-Windows-Sysmon/Operational",
    "System.Computer": "DESKTOP-GH9KMB7",
    "System.Security.UserID": "S-1-5-18",
    "EventData.Data.UtcTime": "2017-10-23 16:51:34.886",
    "EventData.Data.ProcessGuid": "{fe62ad40-1e16-59ee-0000-0010d89f0800}",
    "EventData.Data.ProcessId": "2788",
    "EventData.Data.Image": "C:\\Users\\admin\\AppData\\Local\\Temp\\001d02ca7ae541d990cf2fd58a1662ad.EXE"
}
{
    "System.Provider.Name": "Microsoft-Windows-Sysmon",
    "System.Provider.Guid": "{5770385f-c22a-43e0-bf4c-06f5698ffbd9}",
    "System.EventID.Qualifiers": "",
    "System.EventID.text": "1",
    "System.Version": "5",
    "System.Level": "4",
    "System.Task": "1",
    "System.Opcode": "0",
    "System.Keywords": "0x8000000000000000",
    "System.TimeCreated.SystemTime": "2017-10-23 16:51:35.571278",
    "System.EventRecordID": "10878",
    "System.Correlation.ActivityID": "",
    "System.Correlation.RelatedActivityID": "",
    "System.Execution.ProcessID": "2012",
    "System.Execution.ThreadID": "2692",
    "System.Channel": "Microsoft-Windows-Sysmon/Operational",
    "System.Computer": "DESKTOP-GH9KMB7",
    "System.Security.UserID": "S-1-5-18",
    "EventData.Data.UtcTime": "2017-10-23 16:51:35.391",
    "EventData.Data.ProcessGuid": "{fe62ad40-1e17-59ee-0000-0010c6ab0800}",
    "EventData.Data.ProcessId": "2512",
    "EventData.Data.Image": "C:\\Windows\\System32\\PING.EXE",
    "EventData.Data.CommandLine": "PING  -t localhost -n 600",
    "EventData.Data.CurrentDirectory": "Z:\\protected\\",
    "EventData.Data.User": "DESKTOP-GH9KMB7\\admin",
    "EventData.Data.LogonGuid": "{fe62ad40-1de2-59ee-0000-0020f5a80200}",
    "EventData.Data.LogonId": "0x000000000002a8f5",
    "EventData.Data.TerminalSessionId": "1",
    "EventData.Data.IntegrityLevel": "High",
    "EventData.Data.Hashes": "MD5=44AB2C101160C2C85DEAE761DE892C98,SHA256=C9B49DBF091BC66D6AEE677269C613AEDA0952DDBD113E21A6D9553C3E374D0F",
    "EventData.Data.ParentProcessGuid": "{fe62ad40-1e10-59ee-0000-0010764e0800}",
    "EventData.Data.ParentProcessId": "5900",
    "EventData.Data.ParentImage": "C:\\Windows\\System32\\cmd.exe",
    "EventData.Data.ParentCommandLine": "C:\\Windows\\system32\\cmd.exe  /K Z:\\protected\\MALWARE_LOGGER.CMD  Z:\\MALWARE\\001d02ca7ae541d990cf2fd58a1662ad"
}
{
    "System.Provider.Name": "Microsoft-Windows-Sysmon",
    "System.Provider.Guid": "{5770385f-c22a-43e0-bf4c-06f5698ffbd9}",
    "System.EventID.Qualifiers": "",
    "System.EventID.text": "1",
    "System.Version": "5",
    "System.Level": "4",
    "System.Task": "1",
    "System.Opcode": "0",
    "System.Keywords": "0x8000000000000000",
    "System.TimeCreated.SystemTime": "2017-10-23 16:51:45.958965",
    "System.EventRecordID": "10879",
    "System.Correlation.ActivityID": "",
    "System.Correlation.RelatedActivityID": "",
    "System.Execution.ProcessID": "2012",
    "System.Execution.ThreadID": "2692",
    "System.Channel": "Microsoft-Windows-Sysmon/Operational",
    "System.Computer": "DESKTOP-GH9KMB7",
    "System.Security.UserID": "S-1-5-18",
    "EventData.Data.UtcTime": "2017-10-23 16:51:45.956",
    "EventData.Data.ProcessGuid": "{fe62ad40-1e21-59ee-0000-0010e46d0900}",
    "EventData.Data.ProcessId": "5120",
    "EventData.Data.Image": "C:\\Windows\\System32\\RuntimeBroker.exe",
    "EventData.Data.CommandLine": "C:\\Windows\\System32\\RuntimeBroker.exe -Embedding",
    "EventData.Data.CurrentDirectory": "C:\\Windows\\system32\\",
    "EventData.Data.User": "DESKTOP-GH9KMB7\\admin",
    "EventData.Data.LogonGuid": "{fe62ad40-1de2-59ee-0000-0020f5a80200}",
    "EventData.Data.LogonId": "0x000000000002a8f5",
    "EventData.Data.TerminalSessionId": "1",
    "EventData.Data.IntegrityLevel": "High",
    "EventData.Data.Hashes": "MD5=EE6C021CE9DF96EB64C1202927B99E8C,SHA256=0C3152B1B962478CFED60C526785A119172D2DB488EE753D8A6A9AAE6184DAA6",
    "EventData.Data.ParentProcessGuid": "{fe62ad40-1dd8-59ee-0000-0010e09d0000}",
    "EventData.Data.ParentProcessId": "920",
    "EventData.Data.ParentImage": "C:\\Windows\\System32\\svchost.exe",
    "EventData.Data.ParentCommandLine": "C:\\Windows\\system32\\svchost.exe -k DcomLaunch -p"
}
{
    "System.Provider.Name": "Microsoft-Windows-Sysmon",
    "System.Provider.Guid": "{5770385f-c22a-43e0-bf4c-06f5698ffbd9}",
    "System.EventID.Qualifiers": "",
    "System.EventID.text": "1",
    "System.Version": "5",
    "System.Level": "4",
    "System.Task": "1",
    "System.Opcode": "0",
    "System.Keywords": "0x8000000000000000",
    "System.TimeCreated.SystemTime": "2017-10-23 16:51:50.407528",
    "System.EventRecordID": "10880",
    "System.Correlation.ActivityID": "",
    "System.Correlation.RelatedActivityID": "",
    "System.Execution.ProcessID": "2012",
    "System.Execution.ThreadID": "2692",
    "System.Channel": "Microsoft-Windows-Sysmon/Operational",
    "System.Computer": "DESKTOP-GH9KMB7",
    "System.Security.UserID": "S-1-5-18",
    "EventData.Data.UtcTime": "2017-10-23 16:51:50.402",
    "EventData.Data.ProcessGuid": "{fe62ad40-1e26-59ee-0000-0010418b0900}",
    "EventData.Data.ProcessId": "4076",
    "EventData.Data.Image": "C:\\Program Files\\Google\\Update\\GoogleUpdate.exe",
    "EventData.Data.CommandLine": "\"C:\\Program Files\\Google\\Update\\GoogleUpdate.exe\" /svc",
    "EventData.Data.CurrentDirectory": "C:\\Windows\\system32\\",
    "EventData.Data.User": "NT AUTHORITY\\SYSTEM",
    "EventData.Data.LogonGuid": "{fe62ad40-1dd7-59ee-0000-0020e7030000}",
    "EventData.Data.LogonId": "0x00000000000003e7",
    "EventData.Data.TerminalSessionId": "0",
    "EventData.Data.IntegrityLevel": "System",
    "EventData.Data.Hashes": "MD5=0545A3EB959CFA4790D267BFB8C1ACA4,SHA256=69061E33ACB7587D773D05000390F9101F71DFD6EED7973B551594EAF3F04193",
    "EventData.Data.ParentProcessGuid": "{fe62ad40-1dd7-59ee-0000-0010898b0000}",
    "EventData.Data.ParentProcessId": "812",
    "EventData.Data.ParentImage": "C:\\Windows\\System32\\services.exe",
    "EventData.Data.ParentCommandLine": "C:\\Windows\\system32\\services.exe"
}
{
    "System.Provider.Name": "Microsoft-Windows-Sysmon",
    "System.Provider.Guid": "{5770385f-c22a-43e0-bf4c-06f5698ffbd9}",
    "System.EventID.Qualifiers": "",
    "System.EventID.text": "11",
    "System.Version": "2",
    "System.Level": "4",
    "System.Task": "11",
    "System.Opcode": "0",
    "System.Keywords": "0x8000000000000000",
    "System.TimeCreated.SystemTime": "2017-10-23 16:52:20.850546",
    "System.EventRecordID": "10881",
    "System.Correlation.ActivityID": "",
    "System.Correlation.RelatedActivityID": "",
    "System.Execution.ProcessID": "2012",
    "System.Execution.ThreadID": "2692",
    "System.Channel": "Microsoft-Windows-Sysmon/Operational",
    "System.Computer": "DESKTOP-GH9KMB7",
    "System.Security.UserID": "S-1-5-18",
    "EventData.Data.UtcTime": "2017-10-23 16:52:20.836",
    "EventData.Data.ProcessGuid": "{fe62ad40-1dd9-59ee-0000-0010b0120100}",
    "EventData.Data.ProcessId": "1176",
    "EventData.Data.Image": "C:\\Windows\\system32\\svchost.exe",
    "EventData.Data.TargetFilename": "C:\\Windows\\System32\\WDI\\LogFiles\\StartupInfo\\S-1-5-21-3209329216-718732076-2032004554-1001_StartupInfo1.xml",
    "EventData.Data.CreationUtcTime": "2017-10-19 18:44:59.471"
}
{
    "System.Provider.Name": "Microsoft-Windows-Sysmon",
    "System.Provider.Guid": "{5770385f-c22a-43e0-bf4c-06f5698ffbd9}",
    "System.EventID.Qualifiers": "",
    "System.EventID.text": "1",
    "System.Version": "5",
    "System.Level": "4",
    "System.Task": "1",
    "System.Opcode": "0",
    "System.Keywords": "0x8000000000000000",
    "System.TimeCreated.SystemTime": "2017-10-23 16:52:37.187117",
    "System.EventRecordID": "10882",
    "System.Correlation.ActivityID": "",
    "System.Correlation.RelatedActivityID": "",
    "System.Execution.ProcessID": "2012",
    "System.Execution.ThreadID": "2692",
    "System.Channel": "Microsoft-Windows-Sysmon/Operational",
    "System.Computer": "DESKTOP-GH9KMB7",
    "System.Security.UserID": "S-1-5-18",
    "EventData.Data.UtcTime": "2017-10-23 16:52:37.180",
    "EventData.Data.ProcessGuid": "{fe62ad40-1e55-59ee-0000-0010e7ac0900}",
    "EventData.Data.ProcessId": "5096",
    "EventData.Data.Image": "C:\\Program Files\\Google\\Update\\GoogleUpdate.exe",
    "EventData.Data.CommandLine": "\"C:\\Program Files\\Google\\Update\\GoogleUpdate.exe\" /svc",
    "EventData.Data.CurrentDirectory": "C:\\Windows\\system32\\",
    "EventData.Data.User": "NT AUTHORITY\\SYSTEM",
    "EventData.Data.LogonGuid": "{fe62ad40-1dd7-59ee-0000-0020e7030000}",
    "EventData.Data.LogonId": "0x00000000000003e7",
    "EventData.Data.TerminalSessionId": "0",
    "EventData.Data.IntegrityLevel": "System",
    "EventData.Data.Hashes": "MD5=0545A3EB959CFA4790D267BFB8C1ACA4,SHA256=69061E33ACB7587D773D05000390F9101F71DFD6EED7973B551594EAF3F04193",
    "EventData.Data.ParentProcessGuid": "{fe62ad40-1dd7-59ee-0000-0010898b0000}",
    "EventData.Data.ParentProcessId": "812",
    "EventData.Data.ParentImage": "C:\\Windows\\System32\\services.exe",
    "EventData.Data.ParentCommandLine": "C:\\Windows\\system32\\services.exe"
}
{
    "System.Provider.Name": "Microsoft-Windows-Sysmon",
    "System.Provider.Guid": "{5770385f-c22a-43e0-bf4c-06f5698ffbd9}",
    "System.EventID.Qualifiers": "",
    "System.EventID.text": "1",
    "System.Version": "5",
    "System.Level": "4",
    "System.Task": "1",
    "System.Opcode": "0",
    "System.Keywords": "0x8000000000000000",
    "System.TimeCreated.SystemTime": "2017-10-23 16:52:37.284197",
    "System.EventRecordID": "10883",
    "System.Correlation.ActivityID": "",
    "System.Correlation.RelatedActivityID": "",
    "System.Execution.ProcessID": "2012",
    "System.Execution.ThreadID": "2692",
    "System.Channel": "Microsoft-Windows-Sysmon/Operational",
    "System.Computer": "DESKTOP-GH9KMB7",
    "System.Security.UserID": "S-1-5-18",
    "EventData.Data.UtcTime": "2017-10-23 16:52:37.280",
    "EventData.Data.ProcessGuid": "{fe62ad40-1e55-59ee-0000-0010eab20900}",
    "EventData.Data.ProcessId": "4888",
    "EventData.Data.Image": "C:\\Program Files\\Google\\Update\\GoogleUpdate.exe",
    "EventData.Data.CommandLine": "\"C:\\Program Files\\Google\\Update\\GoogleUpdate.exe\" /c",
    "EventData.Data.CurrentDirectory": "C:\\Program Files\\Google\\Update\\1.3.33.5\\",
    "EventData.Data.User": "NT AUTHORITY\\SYSTEM",
    "EventData.Data.LogonGuid": "{fe62ad40-1dd7-59ee-0000-0020e7030000}",
    "EventData.Data.LogonId": "0x00000000000003e7",
    "EventData.Data.TerminalSessionId": "0",
    "EventData.Data.IntegrityLevel": "System",
    "EventData.Data.Hashes": "MD5=0545A3EB959CFA4790D267BFB8C1ACA4,SHA256=69061E33ACB7587D773D05000390F9101F71DFD6EED7973B551594EAF3F04193",
    "EventData.Data.ParentProcessGuid": "{fe62ad40-1e55-59ee-0000-0010e7ac0900}",
    "EventData.Data.ParentProcessId": "5096",
    "EventData.Data.ParentImage": "C:\\Program Files\\Google\\Update\\GoogleUpdate.exe",
    "EventData.Data.ParentCommandLine": "\"C:\\Program Files\\Google\\Update\\GoogleUpdate.exe\" /svc"
}
{
    "System.Provider.Name": "Microsoft-Windows-Sysmon",
    "System.Provider.Guid": "{5770385f-c22a-43e0-bf4c-06f5698ffbd9}",
    "System.EventID.Qualifiers": "",
    "System.EventID.text": "1",
    "System.Version": "5",
    "System.Level": "4",
    "System.Task": "1",
    "System.Opcode": "0",
    "System.Keywords": "0x8000000000000000",
    "System.TimeCreated.SystemTime": "2017-10-23 16:52:37.354588",
    "System.EventRecordID": "10884",
    "System.Correlation.ActivityID": "",
    "System.Correlation.RelatedActivityID": "",
    "System.Execution.ProcessID": "2012",
    "System.Execution.ThreadID": "2692",
    "System.Channel": "Microsoft-Windows-Sysmon/Operational",
    "System.Computer": "DESKTOP-GH9KMB7",
    "System.Security.UserID": "S-1-5-18",
    "EventData.Data.UtcTime": "2017-10-23 16:52:37.352",
    "EventData.Data.ProcessGuid": "{fe62ad40-1e55-59ee-0000-001061b50900}",
    "EventData.Data.ProcessId": "2200",
    "EventData.Data.Image": "C:\\Windows\\System32\\svchost.exe",
    "EventData.Data.CommandLine": "C:\\Windows\\System32\\svchost.exe -k NetworkService -p",
    "EventData.Data.CurrentDirectory": "C:\\Windows\\system32\\",
    "EventData.Data.User": "NT AUTHORITY\\NETWORK SERVICE",
    "EventData.Data.LogonGuid": "{fe62ad40-1dd8-59ee-0000-0020e4030000}",
    "EventData.Data.LogonId": "0x00000000000003e4",
    "EventData.Data.TerminalSessionId": "0",
    "EventData.Data.IntegrityLevel": "System",
    "EventData.Data.Hashes": "MD5=15556928CB0E9F74F4036411D8CC111E,SHA256=1030CE4102DAC701FAB043E40444E8F6C96C8C04B5BD512A59E1A4999D22B38C",
    "EventData.Data.ParentProcessGuid": "{fe62ad40-1dd7-59ee-0000-0010898b0000}",
    "EventData.Data.ParentProcessId": "812",
    "EventData.Data.ParentImage": "C:\\Windows\\System32\\services.exe",
    "EventData.Data.ParentCommandLine": "C:\\Windows\\system32\\services.exe"
}
{
    "System.Provider.Name": "Microsoft-Windows-Sysmon",
    "System.Provider.Guid": "{5770385f-c22a-43e0-bf4c-06f5698ffbd9}",
    "System.EventID.Qualifiers": "",
    "System.EventID.text": "1",
    "System.Version": "5",
    "System.Level": "4",
    "System.Task": "1",
    "System.Opcode": "0",
    "System.Keywords": "0x8000000000000000",
    "System.TimeCreated.SystemTime": "2017-10-23 16:53:36.721264",
    "System.EventRecordID": "10885",
    "System.Correlation.ActivityID": "",
    "System.Correlation.RelatedActivityID": "",
    "System.Execution.ProcessID": "2012",
    "System.Execution.ThreadID": "2692",
    "System.Channel": "Microsoft-Windows-Sysmon/Operational",
    "System.Computer": "DESKTOP-GH9KMB7",
    "System.Security.UserID": "S-1-5-18",
    "EventData.Data.UtcTime": "2017-10-23 16:53:36.713",
    "EventData.Data.ProcessGuid": "{fe62ad40-1e90-59ee-0000-0010462c0a00}",
    "EventData.Data.ProcessId": "3904",
    "EventData.Data.Image": "C:\\Program Files\\Google\\Update\\GoogleUpdate.exe",
    "EventData.Data.CommandLine": "\"C:\\Program Files\\Google\\Update\\GoogleUpdate.exe\" /ua /installsource scheduler",
    "EventData.Data.CurrentDirectory": "C:\\Windows\\system32\\",
    "EventData.Data.User": "NT AUTHORITY\\SYSTEM",
    "EventData.Data.LogonGuid": "{fe62ad40-1dd7-59ee-0000-0020e7030000}",
    "EventData.Data.LogonId": "0x00000000000003e7",
    "EventData.Data.TerminalSessionId": "0",
    "EventData.Data.IntegrityLevel": "System",
    "EventData.Data.Hashes": "MD5=0545A3EB959CFA4790D267BFB8C1ACA4,SHA256=69061E33ACB7587D773D05000390F9101F71DFD6EED7973B551594EAF3F04193",
    "EventData.Data.ParentProcessGuid": "{fe62ad40-1dd9-59ee-0000-0010db2a0100}",
    "EventData.Data.ParentProcessId": "1348",
    "EventData.Data.ParentImage": "C:\\Windows\\System32\\svchost.exe",
    "EventData.Data.ParentCommandLine": "C:\\Windows\\system32\\svchost.exe -k netsvcs -p"
}
{
    "System.Provider.Name": "Microsoft-Windows-Sysmon",
    "System.Provider.Guid": "{5770385f-c22a-43e0-bf4c-06f5698ffbd9}",
    "System.EventID.Qualifiers": "",
    "System.EventID.text": "1",
    "System.Version": "5",
    "System.Level": "4",
    "System.Task": "1",
    "System.Opcode": "0",
    "System.Keywords": "0x8000000000000000",
    "System.TimeCreated.SystemTime": "2017-10-23 16:53:36.734909",
    "System.EventRecordID": "10886",
    "System.Correlation.ActivityID": "",
    "System.Correlation.RelatedActivityID": "",
    "System.Execution.ProcessID": "2012",
    "System.Execution.ThreadID": "2692",
    "System.Channel": "Microsoft-Windows-Sysmon/Operational",
    "System.Computer": "DESKTOP-GH9KMB7",
    "System.Security.UserID": "S-1-5-18",
    "EventData.Data.UtcTime": "2017-10-23 16:53:36.715",
    "EventData.Data.ProcessGuid": "{fe62ad40-1e90-59ee-0000-0010682c0a00}",
    "EventData.Data.ProcessId": "4496",
    "EventData.Data.Image": "C:\\Windows\\System32\\wsqmcons.exe",
    "EventData.Data.CommandLine": "C:\\Windows\\System32\\wsqmcons.exe",
    "EventData.Data.CurrentDirectory": "C:\\Windows\\system32\\",
    "EventData.Data.User": "NT AUTHORITY\\SYSTEM",
    "EventData.Data.LogonGuid": "{fe62ad40-1dd7-59ee-0000-0020e7030000}",
    "EventData.Data.LogonId": "0x00000000000003e7",
    "EventData.Data.TerminalSessionId": "0",
    "EventData.Data.IntegrityLevel": "System",
    "EventData.Data.Hashes": "MD5=19EA2AA4FC1A4D6977E6A345105D995F,SHA256=028186580A3DE978C19637CC062C3750F70341ACFC73118AC361C1CD5CB6B22C",
    "EventData.Data.ParentProcessGuid": "{fe62ad40-1dd9-59ee-0000-0010db2a0100}",
    "EventData.Data.ParentProcessId": "1348",
    "EventData.Data.ParentImage": "C:\\Windows\\System32\\svchost.exe",
    "EventData.Data.ParentCommandLine": "C:\\Windows\\system32\\svchost.exe -k netsvcs -p"
}
{
    "System.Provider.Name": "Microsoft-Windows-Sysmon",
    "System.Provider.Guid": "{5770385f-c22a-43e0-bf4c-06f5698ffbd9}",
    "System.EventID.Qualifiers": "",
    "System.EventID.text": "1",
    "System.Version": "5",
    "System.Level": "4",
    "System.Task": "1",
    "System.Opcode": "0",
    "System.Keywords": "0x8000000000000000",
    "System.TimeCreated.SystemTime": "2017-10-23 16:53:36.737164",
    "System.EventRecordID": "10887",
    "System.Correlation.ActivityID": "",
    "System.Correlation.RelatedActivityID": "",
    "System.Execution.ProcessID": "2012",
    "System.Execution.ThreadID": "2692",
    "System.Channel": "Microsoft-Windows-Sysmon/Operational",
    "System.Computer": "DESKTOP-GH9KMB7",
    "System.Security.UserID": "S-1-5-18",
    "EventData.Data.UtcTime": "2017-10-23 16:53:36.722",
    "EventData.Data.ProcessGuid": "{fe62ad40-1e90-59ee-0000-0010bd2c0a00}",
    "EventData.Data.ProcessId": "3932",
    "EventData.Data.Image": "C:\\Windows\\System32\\SIHClient.exe",
    "EventData.Data.CommandLine": "C:\\Windows\\System32\\sihclient.exe",
    "EventData.Data.CurrentDirectory": "C:\\Windows\\system32\\",
    "EventData.Data.User": "NT AUTHORITY\\SYSTEM",
    "EventData.Data.LogonGuid": "{fe62ad40-1dd7-59ee-0000-0020e7030000}",
    "EventData.Data.LogonId": "0x00000000000003e7",
    "EventData.Data.TerminalSessionId": "0",
    "EventData.Data.IntegrityLevel": "System",
    "EventData.Data.Hashes": "MD5=71549972C127517789BAFD0D0CF48A8C,SHA256=281F8BEA0A44312557C6CBE8C0974FB60C231DBA8A91D4646FA88B58D3890C7C",
    "EventData.Data.ParentProcessGuid": "{fe62ad40-1dd9-59ee-0000-0010db2a0100}",
    "EventData.Data.ParentProcessId": "1348",
    "EventData.Data.ParentImage": "C:\\Windows\\System32\\svchost.exe",
    "EventData.Data.ParentCommandLine": "C:\\Windows\\system32\\svchost.exe -k netsvcs -p"
}
{
    "System.Provider.Name": "Microsoft-Windows-Sysmon",
    "System.Provider.Guid": "{5770385f-c22a-43e0-bf4c-06f5698ffbd9}",
    "System.EventID.Qualifiers": "",
    "System.EventID.text": "1",
    "System.Version": "5",
    "System.Level": "4",
    "System.Task": "1",
    "System.Opcode": "0",
    "System.Keywords": "0x8000000000000000",
    "System.TimeCreated.SystemTime": "2017-10-23 16:53:36.764656",
    "System.EventRecordID": "10888",
    "System.Correlation.ActivityID": "",
    "System.Correlation.RelatedActivityID": "",
    "System.Execution.ProcessID": "2012",
    "System.Execution.ThreadID": "2692",
    "System.Channel": "Microsoft-Windows-Sysmon/Operational",
    "System.Computer": "DESKTOP-GH9KMB7",
    "System.Security.UserID": "S-1-5-18",
    "EventData.Data.UtcTime": "2017-10-23 16:53:36.739",
    "EventData.Data.ProcessGuid": "{fe62ad40-1e90-59ee-0000-0010df2d0a00}",
    "EventData.Data.ProcessId": "4012",
    "EventData.Data.Image": "C:\\Program Files\\Common Files\\Adobe\\ARM\\1.0\\AdobeARM.exe",
    "EventData.Data.CommandLine": "\"C:\\Program Files\\Common Files\\Adobe\\ARM\\1.0\\AdobeARM.exe\"",
    "EventData.Data.CurrentDirectory": "C:\\Windows\\system32\\",
    "EventData.Data.User": "DESKTOP-GH9KMB7\\admin",
    "EventData.Data.LogonGuid": "{fe62ad40-1de2-59ee-0000-0020f5a80200}",
    "EventData.Data.LogonId": "0x000000000002a8f5",
    "EventData.Data.TerminalSessionId": "1",
    "EventData.Data.IntegrityLevel": "High",
    "EventData.Data.Hashes": "MD5=F2FF574F6F2211D9AAAE5E82A3AD553F,SHA256=392CDC901BE6CC617E9F5C720EB0C3244F3082D63AC6CAE8BEDB029BC7069D69",
    "EventData.Data.ParentProcessGuid": "{fe62ad40-1dd9-59ee-0000-0010db2a0100}",
    "EventData.Data.ParentProcessId": "1348",
    "EventData.Data.ParentImage": "C:\\Windows\\System32\\svchost.exe",
    "EventData.Data.ParentCommandLine": "C:\\Windows\\system32\\svchost.exe -k netsvcs -p"
}
{
    "System.Provider.Name": "Microsoft-Windows-Sysmon",
    "System.Provider.Guid": "{5770385f-c22a-43e0-bf4c-06f5698ffbd9}",
    "System.EventID.Qualifiers": "",
    "System.EventID.text": "1",
    "System.Version": "5",
    "System.Level": "4",
    "System.Task": "1",
    "System.Opcode": "0",
    "System.Keywords": "0x8000000000000000",
    "System.TimeCreated.SystemTime": "2017-10-23 16:53:36.950378",
    "System.EventRecordID": "10889",
    "System.Correlation.ActivityID": "",
    "System.Correlation.RelatedActivityID": "",
    "System.Execution.ProcessID": "2012",
    "System.Execution.ThreadID": "2692",
    "System.Channel": "Microsoft-Windows-Sysmon/Operational",
    "System.Computer": "DESKTOP-GH9KMB7",
    "System.Security.UserID": "S-1-5-18",
    "EventData.Data.UtcTime": "2017-10-23 16:53:36.938",
    "EventData.Data.ProcessGuid": "{fe62ad40-1e90-59ee-0000-0010693a0a00}",
    "EventData.Data.ProcessId": "4776",
    "EventData.Data.Image": "C:\\Program Files\\Adobe\\Acrobat Reader DC\\Reader\\reader_sl.exe",
    "EventData.Data.CommandLine": "\"C:\\Program Files\\Adobe\\Acrobat Reader DC\\Reader\\Reader_sl.exe\"",
    "EventData.Data.CurrentDirectory": "C:\\Windows\\system32\\",
    "EventData.Data.User": "DESKTOP-GH9KMB7\\admin",
    "EventData.Data.LogonGuid": "{fe62ad40-1de2-59ee-0000-0020f5a80200}",
    "EventData.Data.LogonId": "0x000000000002a8f5",
    "EventData.Data.TerminalSessionId": "1",
    "EventData.Data.IntegrityLevel": "High",
    "EventData.Data.Hashes": "MD5=D0B23D1F0D1D730493CF89BE5DCBBB4E,SHA256=A8F964BB1623295131320F9A0A3817C5EA9318485C849AC5DCBF0255C9263DEA",
    "EventData.Data.ParentProcessGuid": "{fe62ad40-1e90-59ee-0000-0010df2d0a00}",
    "EventData.Data.ParentProcessId": "4012",
    "EventData.Data.ParentImage": "C:\\Program Files\\Common Files\\Adobe\\ARM\\1.0\\AdobeARM.exe",
    "EventData.Data.ParentCommandLine": "\"C:\\Program Files\\Common Files\\Adobe\\ARM\\1.0\\AdobeARM.exe\""
}
{
    "System.Provider.Name": "Microsoft-Windows-Sysmon",
    "System.Provider.Guid": "{5770385f-c22a-43e0-bf4c-06f5698ffbd9}",
    "System.EventID.Qualifiers": "",
    "System.EventID.text": "1",
    "System.Version": "5",
    "System.Level": "4",
    "System.Task": "1",
    "System.Opcode": "0",
    "System.Keywords": "0x8000000000000000",
    "System.TimeCreated.SystemTime": "2017-10-23 16:53:59.272177",
    "System.EventRecordID": "10890",
    "System.Correlation.ActivityID": "",
    "System.Correlation.RelatedActivityID": "",
    "System.Execution.ProcessID": "2012",
    "System.Execution.ThreadID": "2692",
    "System.Channel": "Microsoft-Windows-Sysmon/Operational",
    "System.Computer": "DESKTOP-GH9KMB7",
    "System.Security.UserID": "S-1-5-18",
    "EventData.Data.UtcTime": "2017-10-23 16:53:59.269",
    "EventData.Data.ProcessGuid": "{fe62ad40-1ea7-59ee-0000-001061570a00}",
    "EventData.Data.ProcessId": "3372",
    "EventData.Data.Image": "C:\\Program Files\\Google\\Update\\GoogleUpdate.exe",
    "EventData.Data.CommandLine": "\"C:\\Program Files\\Google\\Update\\GoogleUpdate.exe\" /svc",
    "EventData.Data.CurrentDirectory": "C:\\Windows\\system32\\",
    "EventData.Data.User": "NT AUTHORITY\\SYSTEM",
    "EventData.Data.LogonGuid": "{fe62ad40-1dd7-59ee-0000-0020e7030000}",
    "EventData.Data.LogonId": "0x00000000000003e7",
    "EventData.Data.TerminalSessionId": "0",
    "EventData.Data.IntegrityLevel": "System",
    "EventData.Data.Hashes": "MD5=0545A3EB959CFA4790D267BFB8C1ACA4,SHA256=69061E33ACB7587D773D05000390F9101F71DFD6EED7973B551594EAF3F04193",
    "EventData.Data.ParentProcessGuid": "{fe62ad40-1dd7-59ee-0000-0010898b0000}",
    "EventData.Data.ParentProcessId": "812",
    "EventData.Data.ParentImage": "C:\\Windows\\System32\\services.exe",
    "EventData.Data.ParentCommandLine": "C:\\Windows\\system32\\services.exe"
}
{
    "System.Provider.Name": "Microsoft-Windows-Sysmon",
    "System.Provider.Guid": "{5770385f-c22a-43e0-bf4c-06f5698ffbd9}",
    "System.EventID.Qualifiers": "",
    "System.EventID.text": "1",
    "System.Version": "5",
    "System.Level": "4",
    "System.Task": "1",
    "System.Opcode": "0",
    "System.Keywords": "0x8000000000000000",
    "System.TimeCreated.SystemTime": "2017-10-23 16:54:36.864933",
    "System.EventRecordID": "10891",
    "System.Correlation.ActivityID": "",
    "System.Correlation.RelatedActivityID": "",
    "System.Execution.ProcessID": "2012",
    "System.Execution.ThreadID": "2692",
    "System.Channel": "Microsoft-Windows-Sysmon/Operational",
    "System.Computer": "DESKTOP-GH9KMB7",
    "System.Security.UserID": "S-1-5-18",
    "EventData.Data.UtcTime": "2017-10-23 16:54:36.860",
    "EventData.Data.ProcessGuid": "{fe62ad40-1ecc-59ee-0000-0010a3750a00}",
    "EventData.Data.ProcessId": "4040",
    "EventData.Data.Image": "C:\\Windows\\System32\\wbem\\WMIADAP.exe",
    "EventData.Data.CommandLine": "wmiadap.exe /F /T /R",
    "EventData.Data.CurrentDirectory": "C:\\Windows\\system32\\",
    "EventData.Data.User": "NT AUTHORITY\\SYSTEM",
    "EventData.Data.LogonGuid": "{fe62ad40-1dd7-59ee-0000-0020e7030000}",
    "EventData.Data.LogonId": "0x00000000000003e7",
    "EventData.Data.TerminalSessionId": "0",
    "EventData.Data.IntegrityLevel": "System",
    "EventData.Data.Hashes": "MD5=F2B8F81492DFDE01DEF40E57927ABD25,SHA256=7DEAACF1B7031400AAE903B4976E898DAA1CF3B7B619A7BCB05B83A7D0FCEC06",
    "EventData.Data.ParentProcessGuid": "{fe62ad40-1dd9-59ee-0000-0010db2a0100}",
    "EventData.Data.ParentProcessId": "1348",
    "EventData.Data.ParentImage": "C:\\Windows\\System32\\svchost.exe",
    "EventData.Data.ParentCommandLine": "C:\\Windows\\system32\\svchost.exe -k netsvcs -p"
}
{
    "System.Provider.Name": "Microsoft-Windows-Sysmon",
    "System.Provider.Guid": "{5770385f-c22a-43e0-bf4c-06f5698ffbd9}",
    "System.EventID.Qualifiers": "",
    "System.EventID.text": "1",
    "System.Version": "5",
    "System.Level": "4",
    "System.Task": "1",
    "System.Opcode": "0",
    "System.Keywords": "0x8000000000000000",
    "System.TimeCreated.SystemTime": "2017-10-23 16:54:38.279118",
    "System.EventRecordID": "10892",
    "System.Correlation.ActivityID": "",
    "System.Correlation.RelatedActivityID": "",
    "System.Execution.ProcessID": "2012",
    "System.Execution.ThreadID": "2692",
    "System.Channel": "Microsoft-Windows-Sysmon/Operational",
    "System.Computer": "DESKTOP-GH9KMB7",
    "System.Security.UserID": "S-1-5-18",
    "EventData.Data.UtcTime": "2017-10-23 16:54:38.277",
    "EventData.Data.ProcessGuid": "{fe62ad40-1ece-59ee-0000-0010d5850a00}",
    "EventData.Data.ProcessId": "2476",
    "EventData.Data.Image": "C:\\Windows\\System32\\RuntimeBroker.exe",
    "EventData.Data.CommandLine": "C:\\Windows\\System32\\RuntimeBroker.exe -Embedding",
    "EventData.Data.CurrentDirectory": "C:\\Windows\\system32\\",
    "EventData.Data.User": "DESKTOP-GH9KMB7\\admin",
    "EventData.Data.LogonGuid": "{fe62ad40-1de2-59ee-0000-0020f5a80200}",
    "EventData.Data.LogonId": "0x000000000002a8f5",
    "EventData.Data.TerminalSessionId": "1",
    "EventData.Data.IntegrityLevel": "High",
    "EventData.Data.Hashes": "MD5=EE6C021CE9DF96EB64C1202927B99E8C,SHA256=0C3152B1B962478CFED60C526785A119172D2DB488EE753D8A6A9AAE6184DAA6",
    "EventData.Data.ParentProcessGuid": "{fe62ad40-1dd8-59ee-0000-0010e09d0000}",
    "EventData.Data.ParentProcessId": "920",
    "EventData.Data.ParentImage": "C:\\Windows\\System32\\svchost.exe",
    "EventData.Data.ParentCommandLine": "C:\\Windows\\system32\\svchost.exe -k DcomLaunch -p"
}
{
    "System.Provider.Name": "Microsoft-Windows-Sysmon",
    "System.Provider.Guid": "{5770385f-c22a-43e0-bf4c-06f5698ffbd9}",
    "System.EventID.Qualifiers": "",
    "System.EventID.text": "1",
    "System.Version": "5",
    "System.Level": "4",
    "System.Task": "1",
    "System.Opcode": "0",
    "System.Keywords": "0x8000000000000000",
    "System.TimeCreated.SystemTime": "2017-10-23 16:55:45.996521",
    "System.EventRecordID": "10893",
    "System.Correlation.ActivityID": "",
    "System.Correlation.RelatedActivityID": "",
    "System.Execution.ProcessID": "2012",
    "System.Execution.ThreadID": "2692",
    "System.Channel": "Microsoft-Windows-Sysmon/Operational",
    "System.Computer": "DESKTOP-GH9KMB7",
    "System.Security.UserID": "S-1-5-18",
    "EventData.Data.UtcTime": "2017-10-23 16:55:45.992",
    "EventData.Data.ProcessGuid": "{fe62ad40-1f11-59ee-0000-00101af10a00}",
    "EventData.Data.ProcessId": "4852",
    "EventData.Data.Image": "C:\\Windows\\System32\\taskhostw.exe",
    "EventData.Data.CommandLine": "taskhostw.exe Logon",
    "EventData.Data.CurrentDirectory": "C:\\Windows\\system32\\",
    "EventData.Data.User": "DESKTOP-GH9KMB7\\admin",
    "EventData.Data.LogonGuid": "{fe62ad40-1de2-59ee-0000-0020f5a80200}",
    "EventData.Data.LogonId": "0x000000000002a8f5",
    "EventData.Data.TerminalSessionId": "1",
    "EventData.Data.IntegrityLevel": "High",
    "EventData.Data.Hashes": "MD5=8BE99F1A9B787853F9B97AE6F8BD7B91,SHA256=8DDAD6B0FABE792B419E42103864F96119C078897D803B8EB4BE0DA44FD6F16E",
    "EventData.Data.ParentProcessGuid": "{fe62ad40-1dd9-59ee-0000-0010db2a0100}",
    "EventData.Data.ParentProcessId": "1348",
    "EventData.Data.ParentImage": "C:\\Windows\\System32\\svchost.exe",
    "EventData.Data.ParentCommandLine": "C:\\Windows\\system32\\svchost.exe -k netsvcs -p"
}
{
    "System.Provider.Name": "Microsoft-Windows-Sysmon",
    "System.Provider.Guid": "{5770385f-c22a-43e0-bf4c-06f5698ffbd9}",
    "System.EventID.Qualifiers": "",
    "System.EventID.text": "1",
    "System.Version": "5",
    "System.Level": "4",
    "System.Task": "1",
    "System.Opcode": "0",
    "System.Keywords": "0x8000000000000000",
    "System.TimeCreated.SystemTime": "2017-10-23 17:00:38.010323",
    "System.EventRecordID": "10894",
    "System.Correlation.ActivityID": "",
    "System.Correlation.RelatedActivityID": "",
    "System.Execution.ProcessID": "2012",
    "System.Execution.ThreadID": "2692",
    "System.Channel": "Microsoft-Windows-Sysmon/Operational",
    "System.Computer": "DESKTOP-GH9KMB7",
    "System.Security.UserID": "S-1-5-18",
    "EventData.Data.UtcTime": "2017-10-23 17:00:37.995",
    "EventData.Data.ProcessGuid": "{fe62ad40-2035-59ee-0000-00103ed50b00}",
    "EventData.Data.ProcessId": "4816",
    "EventData.Data.Image": "C:\\Windows\\System32\\svchost.exe",
    "EventData.Data.CommandLine": "C:\\Windows\\system32\\svchost.exe -k wsappx -p",
    "EventData.Data.CurrentDirectory": "C:\\Windows\\system32\\",
    "EventData.Data.User": "NT AUTHORITY\\SYSTEM",
    "EventData.Data.LogonGuid": "{fe62ad40-1dd7-59ee-0000-0020e7030000}",
    "EventData.Data.LogonId": "0x00000000000003e7",
    "EventData.Data.TerminalSessionId": "0",
    "EventData.Data.IntegrityLevel": "System",
    "EventData.Data.Hashes": "MD5=15556928CB0E9F74F4036411D8CC111E,SHA256=1030CE4102DAC701FAB043E40444E8F6C96C8C04B5BD512A59E1A4999D22B38C",
    "EventData.Data.ParentProcessGuid": "{fe62ad40-1dd7-59ee-0000-0010898b0000}",
    "EventData.Data.ParentProcessId": "812",
    "EventData.Data.ParentImage": "C:\\Windows\\System32\\services.exe",
    "EventData.Data.ParentCommandLine": "C:\\Windows\\system32\\services.exe"
}
{
    "System.Provider.Name": "Microsoft-Windows-Sysmon",
    "System.Provider.Guid": "{5770385f-c22a-43e0-bf4c-06f5698ffbd9}",
    "System.EventID.Qualifiers": "",
    "System.EventID.text": "1",
    "System.Version": "5",
    "System.Level": "4",
    "System.Task": "1",
    "System.Opcode": "0",
    "System.Keywords": "0x8000000000000000",
    "System.TimeCreated.SystemTime": "2017-10-23 17:00:40.416159",
    "System.EventRecordID": "10895",
    "System.Correlation.ActivityID": "",
    "System.Correlation.RelatedActivityID": "",
    "System.Execution.ProcessID": "2012",
    "System.Execution.ThreadID": "2692",
    "System.Channel": "Microsoft-Windows-Sysmon/Operational",
    "System.Computer": "DESKTOP-GH9KMB7",
    "System.Security.UserID": "S-1-5-18",
    "EventData.Data.UtcTime": "2017-10-23 17:00:40.408",
    "EventData.Data.ProcessGuid": "{fe62ad40-2038-59ee-0000-0010dfdb0b00}",
    "EventData.Data.ProcessId": "4020",
    "EventData.Data.Image": "C:\\Windows\\System32\\provtool.exe",
    "EventData.Data.CommandLine": "C:\\Windows\\system32\\ProvTool.exe /turn 5 /source LogonIdleTask",
    "EventData.Data.CurrentDirectory": "C:\\Windows\\system32\\",
    "EventData.Data.User": "NT AUTHORITY\\SYSTEM",
    "EventData.Data.LogonGuid": "{fe62ad40-1dd7-59ee-0000-0020e7030000}",
    "EventData.Data.LogonId": "0x00000000000003e7",
    "EventData.Data.TerminalSessionId": "0",
    "EventData.Data.IntegrityLevel": "System",
    "EventData.Data.Hashes": "MD5=897AF21D4F49E3BE301304EA24D2A16E,SHA256=2947B852B6D673844F5138947066151C66ED0819699499509E1674A5398C4AAC",
    "EventData.Data.ParentProcessGuid": "{fe62ad40-1dd9-59ee-0000-0010db2a0100}",
    "EventData.Data.ParentProcessId": "1348",
    "EventData.Data.ParentImage": "C:\\Windows\\System32\\svchost.exe",
    "EventData.Data.ParentCommandLine": "C:\\Windows\\system32\\svchost.exe -k netsvcs -p"
}
{
    "System.Provider.Name": "Microsoft-Windows-Sysmon",
    "System.Provider.Guid": "{5770385f-c22a-43e0-bf4c-06f5698ffbd9}",
    "System.EventID.Qualifiers": "",
    "System.EventID.text": "1",
    "System.Version": "5",
    "System.Level": "4",
    "System.Task": "1",
    "System.Opcode": "0",
    "System.Keywords": "0x8000000000000000",
    "System.TimeCreated.SystemTime": "2017-10-23 17:00:40.421703",
    "System.EventRecordID": "10896",
    "System.Correlation.ActivityID": "",
    "System.Correlation.RelatedActivityID": "",
    "System.Execution.ProcessID": "2012",
    "System.Execution.ThreadID": "2692",
    "System.Channel": "Microsoft-Windows-Sysmon/Operational",
    "System.Computer": "DESKTOP-GH9KMB7",
    "System.Security.UserID": "S-1-5-18",
    "EventData.Data.UtcTime": "2017-10-23 17:00:40.419",
    "EventData.Data.ProcessGuid": "{fe62ad40-2038-59ee-0000-001079dc0b00}",
    "EventData.Data.ProcessId": "3912",
    "EventData.Data.Image": "C:\\Windows\\System32\\taskhostw.exe",
    "EventData.Data.CommandLine": "taskhostw.exe -IntegrityCheck",
    "EventData.Data.CurrentDirectory": "C:\\Windows\\system32\\",
    "EventData.Data.User": "NT AUTHORITY\\SYSTEM",
    "EventData.Data.LogonGuid": "{fe62ad40-1dd7-59ee-0000-0020e7030000}",
    "EventData.Data.LogonId": "0x00000000000003e7",
    "EventData.Data.TerminalSessionId": "0",
    "EventData.Data.IntegrityLevel": "System",
    "EventData.Data.Hashes": "MD5=8BE99F1A9B787853F9B97AE6F8BD7B91,SHA256=8DDAD6B0FABE792B419E42103864F96119C078897D803B8EB4BE0DA44FD6F16E",
    "EventData.Data.ParentProcessGuid": "{fe62ad40-1dd9-59ee-0000-0010db2a0100}",
    "EventData.Data.ParentProcessId": "1348",
    "EventData.Data.ParentImage": "C:\\Windows\\System32\\svchost.exe",
    "EventData.Data.ParentCommandLine": "C:\\Windows\\system32\\svchost.exe -k netsvcs -p"
}
{
    "System.Provider.Name": "Microsoft-Windows-Sysmon",
    "System.Provider.Guid": "{5770385f-c22a-43e0-bf4c-06f5698ffbd9}",
    "System.EventID.Qualifiers": "",
    "System.EventID.text": "1",
    "System.Version": "5",
    "System.Level": "4",
    "System.Task": "1",
    "System.Opcode": "0",
    "System.Keywords": "0x8000000000000000",
    "System.TimeCreated.SystemTime": "2017-10-23 17:00:41.853226",
    "System.EventRecordID": "10897",
    "System.Correlation.ActivityID": "",
    "System.Correlation.RelatedActivityID": "",
    "System.Execution.ProcessID": "2012",
    "System.Execution.ThreadID": "2692",
    "System.Channel": "Microsoft-Windows-Sysmon/Operational",
    "System.Computer": "DESKTOP-GH9KMB7",
    "System.Security.UserID": "S-1-5-18",
    "EventData.Data.UtcTime": "2017-10-23 17:00:41.843",
    "EventData.Data.ProcessGuid": "{fe62ad40-2039-59ee-0000-00108af60b00}",
    "EventData.Data.ProcessId": "3528",
    "EventData.Data.Image": "C:\\Windows\\System32\\Defrag.exe",
    "EventData.Data.CommandLine": "\"C:\\Windows\\system32\\defrag.exe\" -p 46c -s 0000065C -b C:",
    "EventData.Data.CurrentDirectory": "C:\\Windows\\system32\\",
    "EventData.Data.User": "NT AUTHORITY\\SYSTEM",
    "EventData.Data.LogonGuid": "{fe62ad40-1dd7-59ee-0000-0020e7030000}",
    "EventData.Data.LogonId": "0x00000000000003e7",
    "EventData.Data.TerminalSessionId": "0",
    "EventData.Data.IntegrityLevel": "System",
    "EventData.Data.Hashes": "MD5=3F1DB41DF4A7A152DAF4E4EDF0B2635F,SHA256=CE11C3E4ADA6350EA2D0C9C469F65BFB1598CFE5552ACF1714A6E14FA95CCF06",
    "EventData.Data.ParentProcessGuid": "{fe62ad40-1dd9-59ee-0000-00107c100100}",
    "EventData.Data.ParentProcessId": "1132",
    "EventData.Data.ParentImage": "C:\\Windows\\System32\\svchost.exe",
    "EventData.Data.ParentCommandLine": "C:\\Windows\\System32\\svchost.exe -k LocalSystemNetworkRestricted -p"
}
