{
    "System.Provider.Name": "Microsoft-Windows-Sysmon",
    "System.Provider.Guid": "{5770385f-c22a-43e0-bf4c-06f5698ffbd9}",
    "System.EventID.Qualifiers": "",
    "System.EventID.text": "11",
    "System.Version": "2",
    "System.Level": "4",
    "System.Task": "11",
    "System.Opcode": "0",
    "System.Keywords": "0x8000000000000000",
    "System.TimeCreated.SystemTime": "2017-10-23 17:51:08.875977",
    "System.EventRecordID": "10873",
    "System.Correlation.ActivityID": "",
    "System.Correlation.RelatedActivityID": "",
    "System.Execution.ProcessID": "1988",
    "System.Execution.ThreadID": "2776",
    "System.Channel": "Microsoft-Windows-Sysmon/Operational",
    "System.Computer": "DESKTOP-GH9KMB7",
    "System.Security.UserID": "S-1-5-18",
    "EventData.Data.UtcTime": "2017-10-23 17:51:08.863",
    "EventData.Data.ProcessGuid": "{fe62ad40-2c0b-59ee-0000-00109aa10800}",
    "EventData.Data.ProcessId": "5940",
    "EventData.Data.Image": "C:\\Windows\\system32\\cmd.exe",
    "EventData.Data.TargetFilename": "C:\\Users\\admin\\AppData\\Local\\Temp\\0020ce996741b932b6901b2e3b57887e.EXE",
    "EventData.Data.CreationUtcTime": "2017-10-23 17:51:08.863"
}
{
    "System.Provider.Name": "Microsoft-Windows-Sysmon",
    "System.Provider.Guid": "{5770385f-c22a-43e0-bf4c-06f5698ffbd9}",
    "System.EventID.Qualifiers": "",
    "System.EventID.text": "1",
    "System.Version": "5",
    "System.Level": "4",
    "System.Task": "1",
    "System.Opcode": "0",
    "System.Keywords": "0x8000000000000000",
    "System.TimeCreated.SystemTime": "2017-10-23 17:51:08.888426",
    "System.EventRecordID": "10874",
    "System.Correlation.ActivityID": "",
    "System.Correlation.RelatedActivityID": "",
    "System.Execution.ProcessID": "1988",
    "System.Execution.ThreadID": "2776",
    "System.Channel": "Microsoft-Windows-Sysmon/Operational",
    "System.Computer": "DESKTOP-GH9KMB7",
    "System.Security.UserID": "S-1-5-18",
    "EventData.Data.UtcTime": "2017-10-23 17:51:08.882",
    "EventData.Data.ProcessGuid": "{fe62ad40-2c0c-59ee-0000-001094c50800}",
    "EventData.Data.ProcessId": "2612",
    "EventData.Data.Image": "C:\\Windows\\System32\\cmd.exe",
    "EventData.Data.CommandLine": "C:\\Windows\\system32\\cmd.exe  /S /D /c\" ECHO\"",
    "EventData.Data.CurrentDirectory": "Z:\\protected\\",
    "EventData.Data.User": "DESKTOP-GH9KMB7\\admin",
    "EventData.Data.LogonGuid": "{fe62ad40-2bec-59ee-0000-002022dd0200}",
    "EventData.Data.LogonId": "0x000000000002dd22",
    "EventData.Data.TerminalSessionId": "1",
    "EventData.Data.IntegrityLevel": "High",
    "EventData.Data.Hashes": "MD5=8FAFBE3C23E2BE4D6A3C063118B9A4F2,SHA256=4C3EA4C44AAB74350355C419826B8C9E6172C3BD8F0BB5817ECF7BE50B629051",
    "EventData.Data.ParentProcessGuid": "{fe62ad40-2c0b-59ee-0000-00109aa10800}",
    "EventData.Data.ParentProcessId": "5940",
    "EventData.Data.ParentImage": "C:\\Windows\\System32\\cmd.exe",
    "EventData.Data.ParentCommandLine": "C:\\Windows\\system32\\cmd.exe  /K Z:\\protected\\MALWARE_LOGGER.CMD  Z:\\MALWARE\\0020ce996741b932b6901b2e3b57887e"
}
{
    "System.Provider.Name": "Microsoft-Windows-Sysmon",
    "System.Provider.Guid": "{5770385f-c22a-43e0-bf4c-06f5698ffbd9}",
    "System.EventID.Qualifiers": "",
    "System.EventID.text": "1",
    "System.Version": "5",
    "System.Level": "4",
    "System.Task": "1",
    "System.Opcode": "0",
    "System.Keywords": "0x8000000000000000",
    "System.TimeCreated.SystemTime": "2017-10-23 17:51:08.894651",
    "System.EventRecordID": "10875",
    "System.Correlation.ActivityID": "",
    "System.Correlation.RelatedActivityID": "",
    "System.Execution.ProcessID": "1988",
    "System.Execution.ThreadID": "2776",
    "System.Channel": "Microsoft-Windows-Sysmon/Operational",
    "System.Computer": "DESKTOP-GH9KMB7",
    "System.Security.UserID": "S-1-5-18",
    "EventData.Data.UtcTime": "2017-10-23 17:51:08.892",
    "EventData.Data.ProcessGuid": "{fe62ad40-2c0c-59ee-0000-00100ac60800}",
    "EventData.Data.ProcessId": "2812",
    "EventData.Data.Image": "C:\\Windows\\System32\\runas.exe",
    "EventData.Data.CommandLine": "RUNAS  /USER:admin \"C:\\Users\\admin\\AppData\\Local\\Temp\\0020ce996741b932b6901b2e3b57887e.EXE\"",
    "EventData.Data.CurrentDirectory": "Z:\\protected\\",
    "EventData.Data.User": "DESKTOP-GH9KMB7\\admin",
    "EventData.Data.LogonGuid": "{fe62ad40-2bec-59ee-0000-002022dd0200}",
    "EventData.Data.LogonId": "0x000000000002dd22",
    "EventData.Data.TerminalSessionId": "1",
    "EventData.Data.IntegrityLevel": "High",
    "EventData.Data.Hashes": "MD5=8FE7844F70527F4B7683CE766C7CB9E4,SHA256=FFAA3419EF66FBC0649C958FAC3E3FFACA229AA70C61D310968A0F5CA4DA522B",
    "EventData.Data.ParentProcessGuid": "{fe62ad40-2c0b-59ee-0000-00109aa10800}",
    "EventData.Data.ParentProcessId": "5940",
    "EventData.Data.ParentImage": "C:\\Windows\\System32\\cmd.exe",
    "EventData.Data.ParentCommandLine": "C:\\Windows\\system32\\cmd.exe  /K Z:\\protected\\MALWARE_LOGGER.CMD  Z:\\MALWARE\\0020ce996741b932b6901b2e3b57887e"
}
{
    "System.Provider.Name": "Microsoft-Windows-Sysmon",
    "System.Provider.Guid": "{5770385f-c22a-43e0-bf4c-06f5698ffbd9}",
    "System.EventID.Qualifiers": "",
    "System.EventID.text": "1",
    "System.Version": "5",
    "System.Level": "4",
    "System.Task": "1",
    "System.Opcode": "0",
    "System.Keywords": "0x8000000000000000",
    "System.TimeCreated.SystemTime": "2017-10-23 17:51:09.169470",
    "System.EventRecordID": "10876",
    "System.Correlation.ActivityID": "",
    "System.Correlation.RelatedActivityID": "",
    "System.Execution.ProcessID": "1988",
    "System.Execution.ThreadID": "2776",
    "System.Channel": "Microsoft-Windows-Sysmon/Operational",
    "System.Computer": "DESKTOP-GH9KMB7",
    "System.Security.UserID": "S-1-5-18",
    "EventData.Data.UtcTime": "2017-10-23 17:51:09.167",
    "EventData.Data.ProcessGuid": "{fe62ad40-2c0d-59ee-0000-0010bfd60800}",
    "EventData.Data.ProcessId": "2748",
    "EventData.Data.Image": "C:\\Users\\admin\\AppData\\Local\\Temp\\0020ce996741b932b6901b2e3b57887e.EXE",
    "EventData.Data.CommandLine": "C:\\Users\\admin\\AppData\\Local\\Temp\\0020ce996741b932b6901b2e3b57887e.EXE",
    "EventData.Data.CurrentDirectory": "C:\\Windows\\system32\\",
    "EventData.Data.User": "DESKTOP-GH9KMB7\\admin",
    "EventData.Data.LogonGuid": "{fe62ad40-2c0d-59ee-0000-00209ed30800}",
    "EventData.Data.LogonId": "0x000000000008d39e",
    "EventData.Data.TerminalSessionId": "1",
    "EventData.Data.IntegrityLevel": "High",
    "EventData.Data.Hashes": "MD5=0020CE996741B932B6901B2E3B57887E,SHA256=1166A4EC2D3D7A43CD31FAF491DC97C75220A286A4BF3F000A6F8B84038FBB0D",
    "EventData.Data.ParentProcessGuid": "{fe62ad40-2c0c-59ee-0000-00100ac60800}",
    "EventData.Data.ParentProcessId": "2812",
    "EventData.Data.ParentImage": "C:\\Windows\\System32\\runas.exe",
    "EventData.Data.ParentCommandLine": "RUNAS  /USER:admin \"C:\\Users\\admin\\AppData\\Local\\Temp\\0020ce996741b932b6901b2e3b57887e.EXE\""
}
{
    "System.Provider.Name": "Microsoft-Windows-Sysmon",
    "System.Provider.Guid": "{5770385f-c22a-43e0-bf4c-06f5698ffbd9}",
    "System.EventID.Qualifiers": "",
    "System.EventID.text": "1",
    "System.Version": "5",
    "System.Level": "4",
    "System.Task": "1",
    "System.Opcode": "0",
    "System.Keywords": "0x8000000000000000",
    "System.TimeCreated.SystemTime": "2017-10-23 17:51:09.274822",
    "System.EventRecordID": "10877",
    "System.Correlation.ActivityID": "",
    "System.Correlation.RelatedActivityID": "",
    "System.Execution.ProcessID": "1988",
    "System.Execution.ThreadID": "2776",
    "System.Channel": "Microsoft-Windows-Sysmon/Operational",
    "System.Computer": "DESKTOP-GH9KMB7",
    "System.Security.UserID": "S-1-5-18",
    "EventData.Data.UtcTime": "2017-10-23 17:51:09.271",
    "EventData.Data.ProcessGuid": "{fe62ad40-2c0d-59ee-0000-0010e9d90800}",
    "EventData.Data.ProcessId": "2800",
    "EventData.Data.Image": "C:\\Windows\\System32\\PING.EXE",
    "EventData.Data.CommandLine": "PING  -t localhost -n 600",
    "EventData.Data.CurrentDirectory": "Z:\\protected\\",
    "EventData.Data.User": "DESKTOP-GH9KMB7\\admin",
    "EventData.Data.LogonGuid": "{fe62ad40-2bec-59ee-0000-002022dd0200}",
    "EventData.Data.LogonId": "0x000000000002dd22",
    "EventData.Data.TerminalSessionId": "1",
    "EventData.Data.IntegrityLevel": "High",
    "EventData.Data.Hashes": "MD5=44AB2C101160C2C85DEAE761DE892C98,SHA256=C9B49DBF091BC66D6AEE677269C613AEDA0952DDBD113E21A6D9553C3E374D0F",
    "EventData.Data.ParentProcessGuid": "{fe62ad40-2c0b-59ee-0000-00109aa10800}",
    "EventData.Data.ParentProcessId": "5940",
    "EventData.Data.ParentImage": "C:\\Windows\\System32\\cmd.exe",
    "EventData.Data.ParentCommandLine": "C:\\Windows\\system32\\cmd.exe  /K Z:\\protected\\MALWARE_LOGGER.CMD  Z:\\MALWARE\\0020ce996741b932b6901b2e3b57887e"
}
{
    "System.Provider.Name": "Microsoft-Windows-Sysmon",
    "System.Provider.Guid": "{5770385f-c22a-43e0-bf4c-06f5698ffbd9}",
    "System.EventID.Qualifiers": "",
    "System.EventID.text": "1",
    "System.Version": "5",
    "System.Level": "4",
    "System.Task": "1",
    "System.Opcode": "0",
    "System.Keywords": "0x8000000000000000",
    "System.TimeCreated.SystemTime": "2017-10-23 17:51:51.090446",
    "System.EventRecordID": "10878",
    "System.Correlation.ActivityID": "",
    "System.Correlation.RelatedActivityID": "",
    "System.Execution.ProcessID": "1988",
    "System.Execution.ThreadID": "2776",
    "System.Channel": "Microsoft-Windows-Sysmon/Operational",
    "System.Computer": "DESKTOP-GH9KMB7",
    "System.Security.UserID": "S-1-5-18",
    "EventData.Data.UtcTime": "2017-10-23 17:51:51.086",
    "EventData.Data.ProcessGuid": "{fe62ad40-2c37-59ee-0000-0010fe150900}",
    "EventData.Data.ProcessId": "4952",
    "EventData.Data.Image": "C:\\Program Files\\Google\\Update\\GoogleUpdate.exe",
    "EventData.Data.CommandLine": "\"C:\\Program Files\\Google\\Update\\GoogleUpdate.exe\" /svc",
    "EventData.Data.CurrentDirectory": "C:\\Windows\\system32\\",
    "EventData.Data.User": "NT AUTHORITY\\SYSTEM",
    "EventData.Data.LogonGuid": "{fe62ad40-2be5-59ee-0000-0020e7030000}",
    "EventData.Data.LogonId": "0x00000000000003e7",
    "EventData.Data.TerminalSessionId": "0",
    "EventData.Data.IntegrityLevel": "System",
    "EventData.Data.Hashes": "MD5=0545A3EB959CFA4790D267BFB8C1ACA4,SHA256=69061E33ACB7587D773D05000390F9101F71DFD6EED7973B551594EAF3F04193",
    "EventData.Data.ParentProcessGuid": "{fe62ad40-2be4-59ee-0000-0010eb860000}",
    "EventData.Data.ParentProcessId": "808",
    "EventData.Data.ParentImage": "C:\\Windows\\System32\\services.exe",
    "EventData.Data.ParentCommandLine": "C:\\Windows\\system32\\services.exe"
}
{
    "System.Provider.Name": "Microsoft-Windows-Sysmon",
    "System.Provider.Guid": "{5770385f-c22a-43e0-bf4c-06f5698ffbd9}",
    "System.EventID.Qualifiers": "",
    "System.EventID.text": "11",
    "System.Version": "2",
    "System.Level": "4",
    "System.Task": "11",
    "System.Opcode": "0",
    "System.Keywords": "0x8000000000000000",
    "System.TimeCreated.SystemTime": "2017-10-23 17:52:09.374559",
    "System.EventRecordID": "10879",
    "System.Correlation.ActivityID": "",
    "System.Correlation.RelatedActivityID": "",
    "System.Execution.ProcessID": "1988",
    "System.Execution.ThreadID": "2776",
    "System.Channel": "Microsoft-Windows-Sysmon/Operational",
    "System.Computer": "DESKTOP-GH9KMB7",
    "System.Security.UserID": "S-1-5-18",
    "EventData.Data.UtcTime": "2017-10-23 17:52:09.358",
    "EventData.Data.ProcessGuid": "{fe62ad40-2c0d-59ee-0000-0010bfd60800}",
    "EventData.Data.ProcessId": "2748",
    "EventData.Data.Image": "C:\\Users\\admin\\AppData\\Local\\Temp\\0020ce996741b932b6901b2e3b57887e.EXE",
    "EventData.Data.TargetFilename": "C:\\Windows\\wservices.exe",
    "EventData.Data.CreationUtcTime": "2017-10-23 17:52:09.358"
}
{
    "System.Provider.Name": "Microsoft-Windows-Sysmon",
    "System.Provider.Guid": "{5770385f-c22a-43e0-bf4c-06f5698ffbd9}",
    "System.EventID.Qualifiers": "",
    "System.EventID.text": "2",
    "System.Version": "4",
    "System.Level": "4",
    "System.Task": "2",
    "System.Opcode": "0",
    "System.Keywords": "0x8000000000000000",
    "System.TimeCreated.SystemTime": "2017-10-23 17:52:09.374619",
    "System.EventRecordID": "10880",
    "System.Correlation.ActivityID": "",
    "System.Correlation.RelatedActivityID": "",
    "System.Execution.ProcessID": "1988",
    "System.Execution.ThreadID": "2776",
    "System.Channel": "Microsoft-Windows-Sysmon/Operational",
    "System.Computer": "DESKTOP-GH9KMB7",
    "System.Security.UserID": "S-1-5-18",
    "EventData.Data.UtcTime": "2017-10-23 17:52:09.358",
    "EventData.Data.ProcessGuid": "{fe62ad40-2c0d-59ee-0000-0010bfd60800}",
    "EventData.Data.ProcessId": "2748",
    "EventData.Data.Image": "C:\\Users\\admin\\AppData\\Local\\Temp\\0020ce996741b932b6901b2e3b57887e.EXE",
    "EventData.Data.TargetFilename": "C:\\Windows\\wservices.exe",
    "EventData.Data.CreationUtcTime": "2001-11-10 21:54:45.566",
    "EventData.Data.PreviousCreationUtcTime": "2017-10-23 17:52:09.358"
}
{
    "System.Provider.Name": "Microsoft-Windows-Sysmon",
    "System.Provider.Guid": "{5770385f-c22a-43e0-bf4c-06f5698ffbd9}",
    "System.EventID.Qualifiers": "",
    "System.EventID.text": "11",
    "System.Version": "2",
    "System.Level": "4",
    "System.Task": "11",
    "System.Opcode": "0",
    "System.Keywords": "0x8000000000000000",
    "System.TimeCreated.SystemTime": "2017-10-23 17:52:09.378239",
    "System.EventRecordID": "10881",
    "System.Correlation.ActivityID": "",
    "System.Correlation.RelatedActivityID": "",
    "System.Execution.ProcessID": "1988",
    "System.Execution.ThreadID": "2776",
    "System.Channel": "Microsoft-Windows-Sysmon/Operational",
    "System.Computer": "DESKTOP-GH9KMB7",
    "System.Security.UserID": "S-1-5-18",
    "EventData.Data.UtcTime": "2017-10-23 17:52:09.358",
    "EventData.Data.ProcessGuid": "{fe62ad40-2c0d-59ee-0000-0010bfd60800}",
    "EventData.Data.ProcessId": "2748",
    "EventData.Data.Image": "C:\\Users\\admin\\AppData\\Local\\Temp\\0020ce996741b932b6901b2e3b57887e.EXE",
    "EventData.Data.TargetFilename": "C:\\Windows\\mui\\rctfd.sys",
    "EventData.Data.CreationUtcTime": "2017-10-23 17:52:09.358"
}
{
    "System.Provider.Name": "Microsoft-Windows-Sysmon",
    "System.Provider.Guid": "{5770385f-c22a-43e0-bf4c-06f5698ffbd9}",
    "System.EventID.Qualifiers": "",
    "System.EventID.text": "13",
    "System.Version": "2",
    "System.Level": "4",
    "System.Task": "13",
    "System.Opcode": "0",
    "System.Keywords": "0x8000000000000000",
    "System.TimeCreated.SystemTime": "2017-10-23 17:52:09.378487",
    "System.EventRecordID": "10882",
    "System.Correlation.ActivityID": "",
    "System.Correlation.RelatedActivityID": "",
    "System.Execution.ProcessID": "1988",
    "System.Execution.ThreadID": "2776",
    "System.Channel": "Microsoft-Windows-Sysmon/Operational",
    "System.Computer": "DESKTOP-GH9KMB7",
    "System.Security.UserID": "S-1-5-18",
    "EventData.Data.EventType": "SetValue",
    "EventData.Data.UtcTime": "2017-10-23 17:52:09.358",
    "EventData.Data.ProcessGuid": "{fe62ad40-2c0d-59ee-0000-0010bfd60800}",
    "EventData.Data.ProcessId": "2748",
    "EventData.Data.Image": "C:\\Users\\admin\\AppData\\Local\\Temp\\0020ce996741b932b6901b2e3b57887e.EXE",
    "EventData.Data.TargetObject": "HKLM\\SOFTWARE\\Microsoft\\Windows\\CurrentVersion\\Run\\wservices",
    "EventData.Data.Details": "c:\\windows\\wservices.exe"
}
{
    "System.Provider.Name": "Microsoft-Windows-Sysmon",
    "System.Provider.Guid": "{5770385f-c22a-43e0-bf4c-06f5698ffbd9}",
    "System.EventID.Qualifiers": "",
    "System.EventID.text": "12",
    "System.Version": "2",
    "System.Level": "4",
    "System.Task": "12",
    "System.Opcode": "0",
    "System.Keywords": "0x8000000000000000",
    "System.TimeCreated.SystemTime": "2017-10-23 17:52:09.383364",
    "System.EventRecordID": "10883",
    "System.Correlation.ActivityID": "",
    "System.Correlation.RelatedActivityID": "",
    "System.Execution.ProcessID": "1988",
    "System.Execution.ThreadID": "2776",
    "System.Channel": "Microsoft-Windows-Sysmon/Operational",
    "System.Computer": "DESKTOP-GH9KMB7",
    "System.Security.UserID": "S-1-5-18",
    "EventData.Data.EventType": "CreateKey",
    "EventData.Data.UtcTime": "2017-10-23 17:52:09.358",
    "EventData.Data.ProcessGuid": "{fe62ad40-2c0d-59ee-0000-0010bfd60800}",
    "EventData.Data.ProcessId": "2748",
    "EventData.Data.Image": "C:\\Users\\admin\\AppData\\Local\\Temp\\0020ce996741b932b6901b2e3b57887e.EXE",
    "EventData.Data.TargetObject": "HKU\\S-1-5-21-3209329216-718732076-2032004554-1001\\Software\\Microsoft\\Windows\\CurrentVersion\\Policies\\Explorer\\Run"
}
{
    "System.Provider.Name": "Microsoft-Windows-Sysmon",
    "System.Provider.Guid": "{5770385f-c22a-43e0-bf4c-06f5698ffbd9}",
    "System.EventID.Qualifiers": "",
    "System.EventID.text": "13",
    "System.Version": "2",
    "System.Level": "4",
    "System.Task": "13",
    "System.Opcode": "0",
    "System.Keywords": "0x8000000000000000",
    "System.TimeCreated.SystemTime": "2017-10-23 17:52:09.385506",
    "System.EventRecordID": "10884",
    "System.Correlation.ActivityID": "",
    "System.Correlation.RelatedActivityID": "",
    "System.Execution.ProcessID": "1988",
    "System.Execution.ThreadID": "2776",
    "System.Channel": "Microsoft-Windows-Sysmon/Operational",
    "System.Computer": "DESKTOP-GH9KMB7",
    "System.Security.UserID": "S-1-5-18",
    "EventData.Data.EventType": "SetValue",
    "EventData.Data.UtcTime": "2017-10-23 17:52:09.358",
    "EventData.Data.ProcessGuid": "{fe62ad40-2c0d-59ee-0000-0010bfd60800}",
    "EventData.Data.ProcessId": "2748",
    "EventData.Data.Image": "C:\\Users\\admin\\AppData\\Local\\Temp\\0020ce996741b932b6901b2e3b57887e.EXE",
    "EventData.Data.TargetObject": "HKU\\S-1-5-21-3209329216-718732076-2032004554-1001\\Software\\Microsoft\\Windows\\CurrentVersion\\Policies\\Explorer\\Run\\wservices",
    "EventData.Data.Details": "c:\\windows\\wservices.exe"
}
{
    "System.Provider.Name": "Microsoft-Windows-Sysmon",
    "System.Provider.Guid": "{5770385f-c22a-43e0-bf4c-06f5698ffbd9}",
    "System.EventID.Qualifiers": "",
    "System.EventID.text": "12",
    "System.Version": "2",
    "System.Level": "4",
    "System.Task": "12",
    "System.Opcode": "0",
    "System.Keywords": "0x8000000000000000",
    "System.TimeCreated.SystemTime": "2017-10-23 17:52:09.385784",
    "System.EventRecordID": "10885",
    "System.Correlation.ActivityID": "",
    "System.Correlation.RelatedActivityID": "",
    "System.Execution.ProcessID": "1988",
    "System.Execution.ThreadID": "2776",
    "System.Channel": "Microsoft-Windows-Sysmon/Operational",
    "System.Computer": "DESKTOP-GH9KMB7",
    "System.Security.UserID": "S-1-5-18",
    "EventData.Data.EventType": "CreateKey",
    "EventData.Data.UtcTime": "2017-10-23 17:52:09.358",
    "EventData.Data.ProcessGuid": "{fe62ad40-2c0d-59ee-0000-0010bfd60800}",
    "EventData.Data.ProcessId": "2748",
    "EventData.Data.Image": "C:\\Users\\admin\\AppData\\Local\\Temp\\0020ce996741b932b6901b2e3b57887e.EXE",
    "EventData.Data.TargetObject": "HKLM\\SOFTWARE\\Microsoft\\Windows\\CurrentVersion\\RunServices"
}
{
    "System.Provider.Name": "Microsoft-Windows-Sysmon",
    "System.Provider.Guid": "{5770385f-c22a-43e0-bf4c-06f5698ffbd9}",
    "System.EventID.Qualifiers": "",
    "System.EventID.text": "13",
    "System.Version": "2",
    "System.Level": "4",
    "System.Task": "13",
    "System.Opcode": "0",
    "System.Keywords": "0x8000000000000000",
    "System.TimeCreated.SystemTime": "2017-10-23 17:52:09.385992",
    "System.EventRecordID": "10886",
    "System.Correlation.ActivityID": "",
    "System.Correlation.RelatedActivityID": "",
    "System.Execution.ProcessID": "1988",
    "System.Execution.ThreadID": "2776",
    "System.Channel": "Microsoft-Windows-Sysmon/Operational",
    "System.Computer": "DESKTOP-GH9KMB7",
    "System.Security.UserID": "S-1-5-18",
    "EventData.Data.EventType": "SetValue",
    "EventData.Data.UtcTime": "2017-10-23 17:52:09.358",
    "EventData.Data.ProcessGuid": "{fe62ad40-2c0d-59ee-0000-0010bfd60800}",
    "EventData.Data.ProcessId": "2748",
    "EventData.Data.Image": "C:\\Users\\admin\\AppData\\Local\\Temp\\0020ce996741b932b6901b2e3b57887e.EXE",
    "EventData.Data.TargetObject": "HKLM\\SOFTWARE\\Microsoft\\Windows\\CurrentVersion\\RunServices\\wservices",
    "EventData.Data.Details": "c:\\windows\\wservices.exe"
}
{
    "System.Provider.Name": "Microsoft-Windows-Sysmon",
    "System.Provider.Guid": "{5770385f-c22a-43e0-bf4c-06f5698ffbd9}",
    "System.EventID.Qualifiers": "",
    "System.EventID.text": "13",
    "System.Version": "2",
    "System.Level": "4",
    "System.Task": "13",
    "System.Opcode": "0",
    "System.Keywords": "0x8000000000000000",
    "System.TimeCreated.SystemTime": "2017-10-23 17:52:09.386280",
    "System.EventRecordID": "10887",
    "System.Correlation.ActivityID": "",
    "System.Correlation.RelatedActivityID": "",
    "System.Execution.ProcessID": "1988",
    "System.Execution.ThreadID": "2776",
    "System.Channel": "Microsoft-Windows-Sysmon/Operational",
    "System.Computer": "DESKTOP-GH9KMB7",
    "System.Security.UserID": "S-1-5-18",
    "EventData.Data.EventType": "SetValue",
    "EventData.Data.UtcTime": "2017-10-23 17:52:09.358",
    "EventData.Data.ProcessGuid": "{fe62ad40-2c0d-59ee-0000-0010bfd60800}",
    "EventData.Data.ProcessId": "2748",
    "EventData.Data.Image": "C:\\Users\\admin\\AppData\\Local\\Temp\\0020ce996741b932b6901b2e3b57887e.EXE",
    "EventData.Data.TargetObject": "HKU\\S-1-5-21-3209329216-718732076-2032004554-1001\\Software\\Microsoft\\Windows\\CurrentVersion\\Run\\lsassv",
    "EventData.Data.Details": "c:\\windows\\lsassv.exe"
}
{
    "System.Provider.Name": "Microsoft-Windows-Sysmon",
    "System.Provider.Guid": "{5770385f-c22a-43e0-bf4c-06f5698ffbd9}",
    "System.EventID.Qualifiers": "",
    "System.EventID.text": "12",
    "System.Version": "2",
    "System.Level": "4",
    "System.Task": "12",
    "System.Opcode": "0",
    "System.Keywords": "0x8000000000000000",
    "System.TimeCreated.SystemTime": "2017-10-23 17:52:09.386507",
    "System.EventRecordID": "10888",
    "System.Correlation.ActivityID": "",
    "System.Correlation.RelatedActivityID": "",
    "System.Execution.ProcessID": "1988",
    "System.Execution.ThreadID": "2776",
    "System.Channel": "Microsoft-Windows-Sysmon/Operational",
    "System.Computer": "DESKTOP-GH9KMB7",
    "System.Security.UserID": "S-1-5-18",
    "EventData.Data.EventType": "CreateKey",
    "EventData.Data.UtcTime": "2017-10-23 17:52:09.358",
    "EventData.Data.ProcessGuid": "{fe62ad40-2c0d-59ee-0000-0010bfd60800}",
    "EventData.Data.ProcessId": "2748",
    "EventData.Data.Image": "C:\\Users\\admin\\AppData\\Local\\Temp\\0020ce996741b932b6901b2e3b57887e.EXE",
    "EventData.Data.TargetObject": "HKLM\\SOFTWARE\\Microsoft\\Windows\\CurrentVersion\\Policies\\Explorer\\Run"
}
{
    "System.Provider.Name": "Microsoft-Windows-Sysmon",
    "System.Provider.Guid": "{5770385f-c22a-43e0-bf4c-06f5698ffbd9}",
    "System.EventID.Qualifiers": "",
    "System.EventID.text": "13",
    "System.Version": "2",
    "System.Level": "4",
    "System.Task": "13",
    "System.Opcode": "0",
    "System.Keywords": "0x8000000000000000",
    "System.TimeCreated.SystemTime": "2017-10-23 17:52:09.389513",
    "System.EventRecordID": "10889",
    "System.Correlation.ActivityID": "",
    "System.Correlation.RelatedActivityID": "",
    "System.Execution.ProcessID": "1988",
    "System.Execution.ThreadID": "2776",
    "System.Channel": "Microsoft-Windows-Sysmon/Operational",
    "System.Computer": "DESKTOP-GH9KMB7",
    "System.Security.UserID": "S-1-5-18",
    "EventData.Data.EventType": "SetValue",
    "EventData.Data.UtcTime": "2017-10-23 17:52:09.358",
    "EventData.Data.ProcessGuid": "{fe62ad40-2c0d-59ee-0000-0010bfd60800}",
    "EventData.Data.ProcessId": "2748",
    "EventData.Data.Image": "C:\\Users\\admin\\AppData\\Local\\Temp\\0020ce996741b932b6901b2e3b57887e.EXE",
    "EventData.Data.TargetObject": "HKLM\\SOFTWARE\\Microsoft\\Windows\\CurrentVersion\\Policies\\Explorer\\Run\\msrpc",
    "EventData.Data.Details": "c:\\windows\\msrpc.exe"
}
{
    "System.Provider.Name": "Microsoft-Windows-Sysmon",
    "System.Provider.Guid": "{5770385f-c22a-43e0-bf4c-06f5698ffbd9}",
    "System.EventID.Qualifiers": "",
    "System.EventID.text": "13",
    "System.Version": "2",
    "System.Level": "4",
    "System.Task": "13",
    "System.Opcode": "0",
    "System.Keywords": "0x8000000000000000",
    "System.TimeCreated.SystemTime": "2017-10-23 17:52:09.408583",
    "System.EventRecordID": "10890",
    "System.Correlation.ActivityID": "",
    "System.Correlation.RelatedActivityID": "",
    "System.Execution.ProcessID": "1988",
    "System.Execution.ThreadID": "2776",
    "System.Channel": "Microsoft-Windows-Sysmon/Operational",
    "System.Computer": "DESKTOP-GH9KMB7",
    "System.Security.UserID": "S-1-5-18",
    "EventData.Data.EventType": "SetValue",
    "EventData.Data.UtcTime": "2017-10-23 17:52:09.358",
    "EventData.Data.ProcessGuid": "{fe62ad40-2c0d-59ee-0000-0010bfd60800}",
    "EventData.Data.ProcessId": "2748",
    "EventData.Data.Image": "C:\\Users\\admin\\AppData\\Local\\Temp\\0020ce996741b932b6901b2e3b57887e.EXE",
    "EventData.Data.TargetObject": "HKLM\\System\\CurrentControlSet\\Services\\wservices\\ImagePath",
    "EventData.Data.Details": "c:\\windows\\wservices.exe"
}
{
    "System.Provider.Name": "Microsoft-Windows-Sysmon",
    "System.Provider.Guid": "{5770385f-c22a-43e0-bf4c-06f5698ffbd9}",
    "System.EventID.Qualifiers": "",
    "System.EventID.text": "13",
    "System.Version": "2",
    "System.Level": "4",
    "System.Task": "13",
    "System.Opcode": "0",
    "System.Keywords": "0x8000000000000000",
    "System.TimeCreated.SystemTime": "2017-10-23 17:52:09.411339",
    "System.EventRecordID": "10891",
    "System.Correlation.ActivityID": "",
    "System.Correlation.RelatedActivityID": "",
    "System.Execution.ProcessID": "1988",
    "System.Execution.ThreadID": "2776",
    "System.Channel": "Microsoft-Windows-Sysmon/Operational",
    "System.Computer": "DESKTOP-GH9KMB7",
    "System.Security.UserID": "S-1-5-18",
    "EventData.Data.EventType": "SetValue",
    "EventData.Data.UtcTime": "2017-10-23 17:52:09.358",
    "EventData.Data.ProcessGuid": "{fe62ad40-2c0d-59ee-0000-0010bfd60800}",
    "EventData.Data.ProcessId": "2748",
    "EventData.Data.Image": "C:\\Users\\admin\\AppData\\Local\\Temp\\0020ce996741b932b6901b2e3b57887e.EXE",
    "EventData.Data.TargetObject": "HKLM\\System\\CurrentControlSet\\Services\\wservices\\Start",
    "EventData.Data.Details": "DWORD (0x00000002)"
}
{
    "System.Provider.Name": "Microsoft-Windows-Sysmon",
    "System.Provider.Guid": "{5770385f-c22a-43e0-bf4c-06f5698ffbd9}",
    "System.EventID.Qualifiers": "",
    "System.EventID.text": "11",
    "System.Version": "2",
    "System.Level": "4",
    "System.Task": "11",
    "System.Opcode": "0",
    "System.Keywords": "0x8000000000000000",
    "System.TimeCreated.SystemTime": "2017-10-23 17:52:09.412390",
    "System.EventRecordID": "10892",
    "System.Correlation.ActivityID": "",
    "System.Correlation.RelatedActivityID": "",
    "System.Execution.ProcessID": "1988",
    "System.Execution.ThreadID": "2776",
    "System.Channel": "Microsoft-Windows-Sysmon/Operational",
    "System.Computer": "DESKTOP-GH9KMB7",
    "System.Security.UserID": "S-1-5-18",
    "EventData.Data.UtcTime": "2017-10-23 17:52:09.370",
    "EventData.Data.ProcessGuid": "{fe62ad40-2c0d-59ee-0000-0010bfd60800}",
    "EventData.Data.ProcessId": "2748",
    "EventData.Data.Image": "C:\\Users\\admin\\AppData\\Local\\Temp\\0020ce996741b932b6901b2e3b57887e.EXE",
    "EventData.Data.TargetFilename": "C:\\Windows\\lsassv.exe",
    "EventData.Data.CreationUtcTime": "2017-10-23 17:52:09.358"
}
{
    "System.Provider.Name": "Microsoft-Windows-Sysmon",
    "System.Provider.Guid": "{5770385f-c22a-43e0-bf4c-06f5698ffbd9}",
    "System.EventID.Qualifiers": "",
    "System.EventID.text": "2",
    "System.Version": "4",
    "System.Level": "4",
    "System.Task": "2",
    "System.Opcode": "0",
    "System.Keywords": "0x8000000000000000",
    "System.TimeCreated.SystemTime": "2017-10-23 17:52:09.412460",
    "System.EventRecordID": "10893",
    "System.Correlation.ActivityID": "",
    "System.Correlation.RelatedActivityID": "",
    "System.Execution.ProcessID": "1988",
    "System.Execution.ThreadID": "2776",
    "System.Channel": "Microsoft-Windows-Sysmon/Operational",
    "System.Computer": "DESKTOP-GH9KMB7",
    "System.Security.UserID": "S-1-5-18",
    "EventData.Data.UtcTime": "2017-10-23 17:52:09.370",
    "EventData.Data.ProcessGuid": "{fe62ad40-2c0d-59ee-0000-0010bfd60800}",
    "EventData.Data.ProcessId": "2748",
    "EventData.Data.Image": "C:\\Users\\admin\\AppData\\Local\\Temp\\0020ce996741b932b6901b2e3b57887e.EXE",
    "EventData.Data.TargetFilename": "C:\\Windows\\lsassv.exe",
    "EventData.Data.CreationUtcTime": "2000-08-08 06:48:06.329",
    "EventData.Data.PreviousCreationUtcTime": "2017-10-23 17:52:09.358"
}
{
    "System.Provider.Name": "Microsoft-Windows-Sysmon",
    "System.Provider.Guid": "{5770385f-c22a-43e0-bf4c-06f5698ffbd9}",
    "System.EventID.Qualifiers": "",
    "System.EventID.text": "11",
    "System.Version": "2",
    "System.Level": "4",
    "System.Task": "11",
    "System.Opcode": "0",
    "System.Keywords": "0x8000000000000000",
    "System.TimeCreated.SystemTime": "2017-10-23 17:52:09.412544",
    "System.EventRecordID": "10894",
    "System.Correlation.ActivityID": "",
    "System.Correlation.RelatedActivityID": "",
    "System.Execution.ProcessID": "1988",
    "System.Execution.ThreadID": "2776",
    "System.Channel": "Microsoft-Windows-Sysmon/Operational",
    "System.Computer": "DESKTOP-GH9KMB7",
    "System.Security.UserID": "S-1-5-18",
    "EventData.Data.UtcTime": "2017-10-23 17:52:09.370",
    "EventData.Data.ProcessGuid": "{fe62ad40-2c0d-59ee-0000-0010bfd60800}",
    "EventData.Data.ProcessId": "2748",
    "EventData.Data.Image": "C:\\Users\\admin\\AppData\\Local\\Temp\\0020ce996741b932b6901b2e3b57887e.EXE",
    "EventData.Data.TargetFilename": "C:\\Windows\\msrpc.exe",
    "EventData.Data.CreationUtcTime": "2017-10-23 17:52:09.370"
}
{
    "System.Provider.Name": "Microsoft-Windows-Sysmon",
    "System.Provider.Guid": "{5770385f-c22a-43e0-bf4c-06f5698ffbd9}",
    "System.EventID.Qualifiers": "",
    "System.EventID.text": "2",
    "System.Version": "4",
    "System.Level": "4",
    "System.Task": "2",
    "System.Opcode": "0",
    "System.Keywords": "0x8000000000000000",
    "System.TimeCreated.SystemTime": "2017-10-23 17:52:09.412600",
    "System.EventRecordID": "10895",
    "System.Correlation.ActivityID": "",
    "System.Correlation.RelatedActivityID": "",
    "System.Execution.ProcessID": "1988",
    "System.Execution.ThreadID": "2776",
    "System.Channel": "Microsoft-Windows-Sysmon/Operational",
    "System.Computer": "DESKTOP-GH9KMB7",
    "System.Security.UserID": "S-1-5-18",
    "EventData.Data.UtcTime": "2017-10-23 17:52:09.370",
    "EventData.Data.ProcessGuid": "{fe62ad40-2c0d-59ee-0000-0010bfd60800}",
    "EventData.Data.ProcessId": "2748",
    "EventData.Data.Image": "C:\\Users\\admin\\AppData\\Local\\Temp\\0020ce996741b932b6901b2e3b57887e.EXE",
    "EventData.Data.TargetFilename": "C:\\Windows\\msrpc.exe",
    "EventData.Data.CreationUtcTime": "2001-09-07 02:49:22.437",
    "EventData.Data.PreviousCreationUtcTime": "2017-10-23 17:52:09.370"
}
{
    "System.Provider.Name": "Microsoft-Windows-Sysmon",
    "System.Provider.Guid": "{5770385f-c22a-43e0-bf4c-06f5698ffbd9}",
    "System.EventID.Qualifiers": "",
    "System.EventID.text": "11",
    "System.Version": "2",
    "System.Level": "4",
    "System.Task": "11",
    "System.Opcode": "0",
    "System.Keywords": "0x8000000000000000",
    "System.TimeCreated.SystemTime": "2017-10-23 17:52:09.412689",
    "System.EventRecordID": "10896",
    "System.Correlation.ActivityID": "",
    "System.Correlation.RelatedActivityID": "",
    "System.Execution.ProcessID": "1988",
    "System.Execution.ThreadID": "2776",
    "System.Channel": "Microsoft-Windows-Sysmon/Operational",
    "System.Computer": "DESKTOP-GH9KMB7",
    "System.Security.UserID": "S-1-5-18",
    "EventData.Data.UtcTime": "2017-10-23 17:52:09.370",
    "EventData.Data.ProcessGuid": "{fe62ad40-2c0d-59ee-0000-0010bfd60800}",
    "EventData.Data.ProcessId": "2748",
    "EventData.Data.Image": "C:\\Users\\admin\\AppData\\Local\\Temp\\0020ce996741b932b6901b2e3b57887e.EXE",
    "EventData.Data.TargetFilename": "C:\\Windows\\calc.exe",
    "EventData.Data.CreationUtcTime": "2017-10-23 17:52:09.370"
}
{
    "System.Provider.Name": "Microsoft-Windows-Sysmon",
    "System.Provider.Guid": "{5770385f-c22a-43e0-bf4c-06f5698ffbd9}",
    "System.EventID.Qualifiers": "",
    "System.EventID.text": "2",
    "System.Version": "4",
    "System.Level": "4",
    "System.Task": "2",
    "System.Opcode": "0",
    "System.Keywords": "0x8000000000000000",
    "System.TimeCreated.SystemTime": "2017-10-23 17:52:09.412754",
    "System.EventRecordID": "10897",
    "System.Correlation.ActivityID": "",
    "System.Correlation.RelatedActivityID": "",
    "System.Execution.ProcessID": "1988",
    "System.Execution.ThreadID": "2776",
    "System.Channel": "Microsoft-Windows-Sysmon/Operational",
    "System.Computer": "DESKTOP-GH9KMB7",
    "System.Security.UserID": "S-1-5-18",
    "EventData.Data.UtcTime": "2017-10-23 17:52:09.370",
    "EventData.Data.ProcessGuid": "{fe62ad40-2c0d-59ee-0000-0010bfd60800}",
    "EventData.Data.ProcessId": "2748",
    "EventData.Data.Image": "C:\\Users\\admin\\AppData\\Local\\Temp\\0020ce996741b932b6901b2e3b57887e.EXE",
    "EventData.Data.TargetFilename": "C:\\Windows\\calc.exe",
    "EventData.Data.CreationUtcTime": "2003-09-24 01:22:22.501",
    "EventData.Data.PreviousCreationUtcTime": "2017-10-23 17:52:09.370"
}
{
    "System.Provider.Name": "Microsoft-Windows-Sysmon",
    "System.Provider.Guid": "{5770385f-c22a-43e0-bf4c-06f5698ffbd9}",
    "System.EventID.Qualifiers": "",
    "System.EventID.text": "11",
    "System.Version": "2",
    "System.Level": "4",
    "System.Task": "11",
    "System.Opcode": "0",
    "System.Keywords": "0x8000000000000000",
    "System.TimeCreated.SystemTime": "2017-10-23 17:52:09.412834",
    "System.EventRecordID": "10898",
    "System.Correlation.ActivityID": "",
    "System.Correlation.RelatedActivityID": "",
    "System.Execution.ProcessID": "1988",
    "System.Execution.ThreadID": "2776",
    "System.Channel": "Microsoft-Windows-Sysmon/Operational",
    "System.Computer": "DESKTOP-GH9KMB7",
    "System.Security.UserID": "S-1-5-18",
    "EventData.Data.UtcTime": "2017-10-23 17:52:09.370",
    "EventData.Data.ProcessGuid": "{fe62ad40-2c0d-59ee-0000-0010bfd60800}",
    "EventData.Data.ProcessId": "2748",
    "EventData.Data.Image": "C:\\Users\\admin\\AppData\\Local\\Temp\\0020ce996741b932b6901b2e3b57887e.EXE",
    "EventData.Data.TargetFilename": "C:\\Windows\\regedit2.exe",
    "EventData.Data.CreationUtcTime": "2017-10-23 17:52:09.370"
}
{
    "System.Provider.Name": "Microsoft-Windows-Sysmon",
    "System.Provider.Guid": "{5770385f-c22a-43e0-bf4c-06f5698ffbd9}",
    "System.EventID.Qualifiers": "",
    "System.EventID.text": "2",
    "System.Version": "4",
    "System.Level": "4",
    "System.Task": "2",
    "System.Opcode": "0",
    "System.Keywords": "0x8000000000000000",
    "System.TimeCreated.SystemTime": "2017-10-23 17:52:09.412886",
    "System.EventRecordID": "10899",
    "System.Correlation.ActivityID": "",
    "System.Correlation.RelatedActivityID": "",
    "System.Execution.ProcessID": "1988",
    "System.Execution.ThreadID": "2776",
    "System.Channel": "Microsoft-Windows-Sysmon/Operational",
    "System.Computer": "DESKTOP-GH9KMB7",
    "System.Security.UserID": "S-1-5-18",
    "EventData.Data.UtcTime": "2017-10-23 17:52:09.386",
    "EventData.Data.ProcessGuid": "{fe62ad40-2c0d-59ee-0000-0010bfd60800}",
    "EventData.Data.ProcessId": "2748",
    "EventData.Data.Image": "C:\\Users\\admin\\AppData\\Local\\Temp\\0020ce996741b932b6901b2e3b57887e.EXE",
    "EventData.Data.TargetFilename": "C:\\Windows\\regedit2.exe",
    "EventData.Data.CreationUtcTime": "2000-02-09 04:08:59.428",
    "EventData.Data.PreviousCreationUtcTime": "2017-10-23 17:52:09.370"
}
{
    "System.Provider.Name": "Microsoft-Windows-Sysmon",
    "System.Provider.Guid": "{5770385f-c22a-43e0-bf4c-06f5698ffbd9}",
    "System.EventID.Qualifiers": "",
    "System.EventID.text": "11",
    "System.Version": "2",
    "System.Level": "4",
    "System.Task": "11",
    "System.Opcode": "0",
    "System.Keywords": "0x8000000000000000",
    "System.TimeCreated.SystemTime": "2017-10-23 17:52:09.412956",
    "System.EventRecordID": "10900",
    "System.Correlation.ActivityID": "",
    "System.Correlation.RelatedActivityID": "",
    "System.Execution.ProcessID": "1988",
    "System.Execution.ThreadID": "2776",
    "System.Channel": "Microsoft-Windows-Sysmon/Operational",
    "System.Computer": "DESKTOP-GH9KMB7",
    "System.Security.UserID": "S-1-5-18",
    "EventData.Data.UtcTime": "2017-10-23 17:52:09.386",
    "EventData.Data.ProcessGuid": "{fe62ad40-2c0d-59ee-0000-0010bfd60800}",
    "EventData.Data.ProcessId": "2748",
    "EventData.Data.Image": "C:\\Users\\admin\\AppData\\Local\\Temp\\0020ce996741b932b6901b2e3b57887e.EXE",
    "EventData.Data.TargetFilename": "C:\\ProgramData\\Microsoft\\Windows\\Start Menu\\Programs\\StartUp\\AdobeLoader.scr",
    "EventData.Data.CreationUtcTime": "2017-10-23 17:52:09.386"
}
{
    "System.Provider.Name": "Microsoft-Windows-Sysmon",
    "System.Provider.Guid": "{5770385f-c22a-43e0-bf4c-06f5698ffbd9}",
    "System.EventID.Qualifiers": "",
    "System.EventID.text": "2",
    "System.Version": "4",
    "System.Level": "4",
    "System.Task": "2",
    "System.Opcode": "0",
    "System.Keywords": "0x8000000000000000",
    "System.TimeCreated.SystemTime": "2017-10-23 17:52:09.413006",
    "System.EventRecordID": "10901",
    "System.Correlation.ActivityID": "",
    "System.Correlation.RelatedActivityID": "",
    "System.Execution.ProcessID": "1988",
    "System.Execution.ThreadID": "2776",
    "System.Channel": "Microsoft-Windows-Sysmon/Operational",
    "System.Computer": "DESKTOP-GH9KMB7",
    "System.Security.UserID": "S-1-5-18",
    "EventData.Data.UtcTime": "2017-10-23 17:52:09.386",
    "EventData.Data.ProcessGuid": "{fe62ad40-2c0d-59ee-0000-0010bfd60800}",
    "EventData.Data.ProcessId": "2748",
    "EventData.Data.Image": "C:\\Users\\admin\\AppData\\Local\\Temp\\0020ce996741b932b6901b2e3b57887e.EXE",
    "EventData.Data.TargetFilename": "C:\\ProgramData\\Microsoft\\Windows\\Start Menu\\Programs\\StartUp\\AdobeLoader.scr",
    "EventData.Data.CreationUtcTime": "2003-06-20 21:16:11.818",
    "EventData.Data.PreviousCreationUtcTime": "2017-10-23 17:52:09.386"
}
{
    "System.Provider.Name": "Microsoft-Windows-Sysmon",
    "System.Provider.Guid": "{5770385f-c22a-43e0-bf4c-06f5698ffbd9}",
    "System.EventID.Qualifiers": "",
    "System.EventID.text": "12",
    "System.Version": "2",
    "System.Level": "4",
    "System.Task": "12",
    "System.Opcode": "0",
    "System.Keywords": "0x8000000000000000",
    "System.TimeCreated.SystemTime": "2017-10-23 17:52:09.419037",
    "System.EventRecordID": "10902",
    "System.Correlation.ActivityID": "",
    "System.Correlation.RelatedActivityID": "",
    "System.Execution.ProcessID": "1988",
    "System.Execution.ThreadID": "2776",
    "System.Channel": "Microsoft-Windows-Sysmon/Operational",
    "System.Computer": "DESKTOP-GH9KMB7",
    "System.Security.UserID": "S-1-5-18",
    "EventData.Data.EventType": "CreateKey",
    "EventData.Data.UtcTime": "2017-10-23 17:52:09.386",
    "EventData.Data.ProcessGuid": "{fe62ad40-2c0d-59ee-0000-0010bfd60800}",
    "EventData.Data.ProcessId": "2748",
    "EventData.Data.Image": "C:\\Users\\admin\\AppData\\Local\\Temp\\0020ce996741b932b6901b2e3b57887e.EXE",
    "EventData.Data.TargetObject": "HKLM\\System\\CurrentControlSet\\Services\\SharedAccess\\Parameters\\FirewallPolicy\\StandardProfile\\AuthorizedApplications\\List"
}
{
    "System.Provider.Name": "Microsoft-Windows-Sysmon",
    "System.Provider.Guid": "{5770385f-c22a-43e0-bf4c-06f5698ffbd9}",
    "System.EventID.Qualifiers": "",
    "System.EventID.text": "13",
    "System.Version": "2",
    "System.Level": "4",
    "System.Task": "13",
    "System.Opcode": "0",
    "System.Keywords": "0x8000000000000000",
    "System.TimeCreated.SystemTime": "2017-10-23 17:52:09.419643",
    "System.EventRecordID": "10903",
    "System.Correlation.ActivityID": "",
    "System.Correlation.RelatedActivityID": "",
    "System.Execution.ProcessID": "1988",
    "System.Execution.ThreadID": "2776",
    "System.Channel": "Microsoft-Windows-Sysmon/Operational",
    "System.Computer": "DESKTOP-GH9KMB7",
    "System.Security.UserID": "S-1-5-18",
    "EventData.Data.EventType": "SetValue",
    "EventData.Data.UtcTime": "2017-10-23 17:52:09.386",
    "EventData.Data.ProcessGuid": "{fe62ad40-2c0d-59ee-0000-0010bfd60800}",
    "EventData.Data.ProcessId": "2748",
    "EventData.Data.Image": "C:\\Users\\admin\\AppData\\Local\\Temp\\0020ce996741b932b6901b2e3b57887e.EXE",
    "EventData.Data.TargetObject": "HKLM\\System\\CurrentControlSet\\Services\\SharedAccess\\Parameters\\FirewallPolicy\\StandardProfile\\AuthorizedApplications\\List\\c:\\users\\admin\\appdata\\local\\temp\\0020ce996741b932b6901b2e3b57887e.exe",
    "EventData.Data.Details": "c:\\users\\admin\\appdata\\local\\temp\\0020ce996741b932b6901b2e3b57887e.exe:*:Enabled:SMPN"
}
{
    "System.Provider.Name": "Microsoft-Windows-Sysmon",
    "System.Provider.Guid": "{5770385f-c22a-43e0-bf4c-06f5698ffbd9}",
    "System.EventID.Qualifiers": "",
    "System.EventID.text": "11",
    "System.Version": "2",
    "System.Level": "4",
    "System.Task": "11",
    "System.Opcode": "0",
    "System.Keywords": "0x8000000000000000",
    "System.TimeCreated.SystemTime": "2017-10-23 17:52:18.265829",
    "System.EventRecordID": "10904",
    "System.Correlation.ActivityID": "",
    "System.Correlation.RelatedActivityID": "",
    "System.Execution.ProcessID": "1988",
    "System.Execution.ThreadID": "2776",
    "System.Channel": "Microsoft-Windows-Sysmon/Operational",
    "System.Computer": "DESKTOP-GH9KMB7",
    "System.Security.UserID": "S-1-5-18",
    "EventData.Data.UtcTime": "2017-10-23 17:52:18.261",
    "EventData.Data.ProcessGuid": "{fe62ad40-2be6-59ee-0000-0010c9100100}",
    "EventData.Data.ProcessId": "1212",
    "EventData.Data.Image": "C:\\Windows\\system32\\svchost.exe",
    "EventData.Data.TargetFilename": "C:\\Windows\\System32\\WDI\\LogFiles\\StartupInfo\\S-1-5-21-3209329216-718732076-2032004554-1001_StartupInfo1.xml",
    "EventData.Data.CreationUtcTime": "2017-10-19 18:44:59.471"
}
{
    "System.Provider.Name": "Microsoft-Windows-Sysmon",
    "System.Provider.Guid": "{5770385f-c22a-43e0-bf4c-06f5698ffbd9}",
    "System.EventID.Qualifiers": "",
    "System.EventID.text": "1",
    "System.Version": "5",
    "System.Level": "4",
    "System.Task": "1",
    "System.Opcode": "0",
    "System.Keywords": "0x8000000000000000",
    "System.TimeCreated.SystemTime": "2017-10-23 17:52:33.267208",
    "System.EventRecordID": "10905",
    "System.Correlation.ActivityID": "",
    "System.Correlation.RelatedActivityID": "",
    "System.Execution.ProcessID": "1988",
    "System.Execution.ThreadID": "2776",
    "System.Channel": "Microsoft-Windows-Sysmon/Operational",
    "System.Computer": "DESKTOP-GH9KMB7",
    "System.Security.UserID": "S-1-5-18",
    "EventData.Data.UtcTime": "2017-10-23 17:52:33.263",
    "EventData.Data.ProcessGuid": "{fe62ad40-2c61-59ee-0000-0010a8ec0900}",
    "EventData.Data.ProcessId": "4868",
    "EventData.Data.Image": "C:\\Program Files\\Google\\Update\\GoogleUpdate.exe",
    "EventData.Data.CommandLine": "\"C:\\Program Files\\Google\\Update\\GoogleUpdate.exe\" /svc",
    "EventData.Data.CurrentDirectory": "C:\\Windows\\system32\\",
    "EventData.Data.User": "NT AUTHORITY\\SYSTEM",
    "EventData.Data.LogonGuid": "{fe62ad40-2be5-59ee-0000-0020e7030000}",
    "EventData.Data.LogonId": "0x00000000000003e7",
    "EventData.Data.TerminalSessionId": "0",
    "EventData.Data.IntegrityLevel": "System",
    "EventData.Data.Hashes": "MD5=0545A3EB959CFA4790D267BFB8C1ACA4,SHA256=69061E33ACB7587D773D05000390F9101F71DFD6EED7973B551594EAF3F04193",
    "EventData.Data.ParentProcessGuid": "{fe62ad40-2be4-59ee-0000-0010eb860000}",
    "EventData.Data.ParentProcessId": "808",
    "EventData.Data.ParentImage": "C:\\Windows\\System32\\services.exe",
    "EventData.Data.ParentCommandLine": "C:\\Windows\\system32\\services.exe"
}
{
    "System.Provider.Name": "Microsoft-Windows-Sysmon",
    "System.Provider.Guid": "{5770385f-c22a-43e0-bf4c-06f5698ffbd9}",
    "System.EventID.Qualifiers": "",
    "System.EventID.text": "1",
    "System.Version": "5",
    "System.Level": "4",
    "System.Task": "1",
    "System.Opcode": "0",
    "System.Keywords": "0x8000000000000000",
    "System.TimeCreated.SystemTime": "2017-10-23 17:52:33.336599",
    "System.EventRecordID": "10906",
    "System.Correlation.ActivityID": "",
    "System.Correlation.RelatedActivityID": "",
    "System.Execution.ProcessID": "1988",
    "System.Execution.ThreadID": "2776",
    "System.Channel": "Microsoft-Windows-Sysmon/Operational",
    "System.Computer": "DESKTOP-GH9KMB7",
    "System.Security.UserID": "S-1-5-18",
    "EventData.Data.UtcTime": "2017-10-23 17:52:33.334",
    "EventData.Data.ProcessGuid": "{fe62ad40-2c61-59ee-0000-001081f10900}",
    "EventData.Data.ProcessId": "4992",
    "EventData.Data.Image": "C:\\Program Files\\Google\\Update\\GoogleUpdate.exe",
    "EventData.Data.CommandLine": "\"C:\\Program Files\\Google\\Update\\GoogleUpdate.exe\" /c",
    "EventData.Data.CurrentDirectory": "C:\\Program Files\\Google\\Update\\1.3.33.5\\",
    "EventData.Data.User": "NT AUTHORITY\\SYSTEM",
    "EventData.Data.LogonGuid": "{fe62ad40-2be5-59ee-0000-0020e7030000}",
    "EventData.Data.LogonId": "0x00000000000003e7",
    "EventData.Data.TerminalSessionId": "0",
    "EventData.Data.IntegrityLevel": "System",
    "EventData.Data.Hashes": "MD5=0545A3EB959CFA4790D267BFB8C1ACA4,SHA256=69061E33ACB7587D773D05000390F9101F71DFD6EED7973B551594EAF3F04193",
    "EventData.Data.ParentProcessGuid": "{fe62ad40-2c61-59ee-0000-0010a8ec0900}",
    "EventData.Data.ParentProcessId": "4868",
    "EventData.Data.ParentImage": "C:\\Program Files\\Google\\Update\\GoogleUpdate.exe",
    "EventData.Data.ParentCommandLine": "\"C:\\Program Files\\Google\\Update\\GoogleUpdate.exe\" /svc"
}
{
    "System.Provider.Name": "Microsoft-Windows-Sysmon",
    "System.Provider.Guid": "{5770385f-c22a-43e0-bf4c-06f5698ffbd9}",
    "System.EventID.Qualifiers": "",
    "System.EventID.text": "1",
    "System.Version": "5",
    "System.Level": "4",
    "System.Task": "1",
    "System.Opcode": "0",
    "System.Keywords": "0x8000000000000000",
    "System.TimeCreated.SystemTime": "2017-10-23 17:52:33.431263",
    "System.EventRecordID": "10907",
    "System.Correlation.ActivityID": "",
    "System.Correlation.RelatedActivityID": "",
    "System.Execution.ProcessID": "1988",
    "System.Execution.ThreadID": "2776",
    "System.Channel": "Microsoft-Windows-Sysmon/Operational",
    "System.Computer": "DESKTOP-GH9KMB7",
    "System.Security.UserID": "S-1-5-18",
    "EventData.Data.UtcTime": "2017-10-23 17:52:33.425",
    "EventData.Data.ProcessGuid": "{fe62ad40-2c61-59ee-0000-0010fdf30900}",
    "EventData.Data.ProcessId": "4100",
    "EventData.Data.Image": "C:\\Windows\\System32\\svchost.exe",
    "EventData.Data.CommandLine": "C:\\Windows\\System32\\svchost.exe -k NetworkService -p",
    "EventData.Data.CurrentDirectory": "C:\\Windows\\system32\\",
    "EventData.Data.User": "NT AUTHORITY\\NETWORK SERVICE",
    "EventData.Data.LogonGuid": "{fe62ad40-2be5-59ee-0000-0020e4030000}",
    "EventData.Data.LogonId": "0x00000000000003e4",
    "EventData.Data.TerminalSessionId": "0",
    "EventData.Data.IntegrityLevel": "System",
    "EventData.Data.Hashes": "MD5=15556928CB0E9F74F4036411D8CC111E,SHA256=1030CE4102DAC701FAB043E40444E8F6C96C8C04B5BD512A59E1A4999D22B38C",
    "EventData.Data.ParentProcessGuid": "{fe62ad40-2be4-59ee-0000-0010eb860000}",
    "EventData.Data.ParentProcessId": "808",
    "EventData.Data.ParentImage": "C:\\Windows\\System32\\services.exe",
    "EventData.Data.ParentCommandLine": "C:\\Windows\\system32\\services.exe"
}
