{
    "System.Provider.Name": "Microsoft-Windows-Sysmon",
    "System.Provider.Guid": "{5770385f-c22a-43e0-bf4c-06f5698ffbd9}",
    "System.EventID.Qualifiers": "",
    "System.EventID.text": "11",
    "System.Version": "2",
    "System.Level": "4",
    "System.Task": "11",
    "System.Opcode": "0",
    "System.Keywords": "0x8000000000000000",
    "System.TimeCreated.SystemTime": "2017-10-23 17:42:45.803539",
    "System.EventRecordID": "11041",
    "System.Correlation.ActivityID": "",
    "System.Correlation.RelatedActivityID": "",
    "System.Execution.ProcessID": "536",
    "System.Execution.ThreadID": "2708",
    "System.Channel": "Microsoft-Windows-Sysmon/Operational",
    "System.Computer": "DESKTOP-GH9KMB7",
    "System.Security.UserID": "S-1-5-18",
    "EventData.Data.UtcTime": "2017-10-23 17:42:45.798",
    "EventData.Data.ProcessGuid": "{fe62ad40-29f9-59ee-0000-0010922a0900}",
    "EventData.Data.ProcessId": "1660",
    "EventData.Data.Image": "C:\\Program Files\\Google\\Update\\GoogleUpdate.exe",
    "EventData.Data.TargetFilename": "C:\\ProgramData\\Anaconda3\\Lib\\distutils\\command\\wininst-14.0.exe",
    "EventData.Data.CreationUtcTime": "2017-07-08 04:33:27.000"
}
{
    "System.Provider.Name": "Microsoft-Windows-Sysmon",
    "System.Provider.Guid": "{5770385f-c22a-43e0-bf4c-06f5698ffbd9}",
    "System.EventID.Qualifiers": "",
    "System.EventID.text": "11",
    "System.Version": "2",
    "System.Level": "4",
    "System.Task": "11",
    "System.Opcode": "0",
    "System.Keywords": "0x8000000000000000",
    "System.TimeCreated.SystemTime": "2017-10-23 17:42:45.816389",
    "System.EventRecordID": "11042",
    "System.Correlation.ActivityID": "",
    "System.Correlation.RelatedActivityID": "",
    "System.Execution.ProcessID": "536",
    "System.Execution.ThreadID": "2708",
    "System.Channel": "Microsoft-Windows-Sysmon/Operational",
    "System.Computer": "DESKTOP-GH9KMB7",
    "System.Security.UserID": "S-1-5-18",
    "EventData.Data.UtcTime": "2017-10-23 17:42:45.814",
    "EventData.Data.ProcessGuid": "{fe62ad40-29f9-59ee-0000-0010922a0900}",
    "EventData.Data.ProcessId": "1660",
    "EventData.Data.Image": "C:\\Program Files\\Google\\Update\\GoogleUpdate.exe",
    "EventData.Data.TargetFilename": "C:\\ProgramData\\Anaconda3\\Lib\\distutils\\command\\wininst-6.0.exe",
    "EventData.Data.CreationUtcTime": "2017-07-08 04:33:27.000"
}
{
    "System.Provider.Name": "Microsoft-Windows-Sysmon",
    "System.Provider.Guid": "{5770385f-c22a-43e0-bf4c-06f5698ffbd9}",
    "System.EventID.Qualifiers": "",
    "System.EventID.text": "11",
    "System.Version": "2",
    "System.Level": "4",
    "System.Task": "11",
    "System.Opcode": "0",
    "System.Keywords": "0x8000000000000000",
    "System.TimeCreated.SystemTime": "2017-10-23 17:42:45.825220",
    "System.EventRecordID": "11043",
    "System.Correlation.ActivityID": "",
    "System.Correlation.RelatedActivityID": "",
    "System.Execution.ProcessID": "536",
    "System.Execution.ThreadID": "2708",
    "System.Channel": "Microsoft-Windows-Sysmon/Operational",
    "System.Computer": "DESKTOP-GH9KMB7",
    "System.Security.UserID": "S-1-5-18",
    "EventData.Data.UtcTime": "2017-10-23 17:42:45.814",
    "EventData.Data.ProcessGuid": "{fe62ad40-29f9-59ee-0000-0010922a0900}",
    "EventData.Data.ProcessId": "1660",
    "EventData.Data.Image": "C:\\Program Files\\Google\\Update\\GoogleUpdate.exe",
    "EventData.Data.TargetFilename": "C:\\ProgramData\\Anaconda3\\Lib\\distutils\\command\\wininst-7.1.exe",
    "EventData.Data.CreationUtcTime": "2017-07-08 04:33:27.000"
}
{
    "System.Provider.Name": "Microsoft-Windows-Sysmon",
    "System.Provider.Guid": "{5770385f-c22a-43e0-bf4c-06f5698ffbd9}",
    "System.EventID.Qualifiers": "",
    "System.EventID.text": "11",
    "System.Version": "2",
    "System.Level": "4",
    "System.Task": "11",
    "System.Opcode": "0",
    "System.Keywords": "0x8000000000000000",
    "System.TimeCreated.SystemTime": "2017-10-23 17:42:45.832491",
    "System.EventRecordID": "11044",
    "System.Correlation.ActivityID": "",
    "System.Correlation.RelatedActivityID": "",
    "System.Execution.ProcessID": "536",
    "System.Execution.ThreadID": "2708",
    "System.Channel": "Microsoft-Windows-Sysmon/Operational",
    "System.Computer": "DESKTOP-GH9KMB7",
    "System.Security.UserID": "S-1-5-18",
    "EventData.Data.UtcTime": "2017-10-23 17:42:45.829",
    "EventData.Data.ProcessGuid": "{fe62ad40-29f9-59ee-0000-0010922a0900}",
    "EventData.Data.ProcessId": "1660",
    "EventData.Data.Image": "C:\\Program Files\\Google\\Update\\GoogleUpdate.exe",
    "EventData.Data.TargetFilename": "C:\\ProgramData\\Anaconda3\\Lib\\distutils\\command\\wininst-8.0.exe",
    "EventData.Data.CreationUtcTime": "2017-07-08 04:33:27.000"
}
{
    "System.Provider.Name": "Microsoft-Windows-Sysmon",
    "System.Provider.Guid": "{5770385f-c22a-43e0-bf4c-06f5698ffbd9}",
    "System.EventID.Qualifiers": "",
    "System.EventID.text": "11",
    "System.Version": "2",
    "System.Level": "4",
    "System.Task": "11",
    "System.Opcode": "0",
    "System.Keywords": "0x8000000000000000",
    "System.TimeCreated.SystemTime": "2017-10-23 17:42:45.844793",
    "System.EventRecordID": "11045",
    "System.Correlation.ActivityID": "",
    "System.Correlation.RelatedActivityID": "",
    "System.Execution.ProcessID": "536",
    "System.Execution.ThreadID": "2708",
    "System.Channel": "Microsoft-Windows-Sysmon/Operational",
    "System.Computer": "DESKTOP-GH9KMB7",
    "System.Security.UserID": "S-1-5-18",
    "EventData.Data.UtcTime": "2017-10-23 17:42:45.829",
    "EventData.Data.ProcessGuid": "{fe62ad40-29f9-59ee-0000-0010922a0900}",
    "EventData.Data.ProcessId": "1660",
    "EventData.Data.Image": "C:\\Program Files\\Google\\Update\\GoogleUpdate.exe",
    "EventData.Data.TargetFilename": "C:\\ProgramData\\Anaconda3\\Lib\\distutils\\command\\wininst-9.0-amd64.exe",
    "EventData.Data.CreationUtcTime": "2017-07-08 04:33:27.000"
}
{
    "System.Provider.Name": "Microsoft-Windows-Sysmon",
    "System.Provider.Guid": "{5770385f-c22a-43e0-bf4c-06f5698ffbd9}",
    "System.EventID.Qualifiers": "",
    "System.EventID.text": "11",
    "System.Version": "2",
    "System.Level": "4",
    "System.Task": "11",
    "System.Opcode": "0",
    "System.Keywords": "0x8000000000000000",
    "System.TimeCreated.SystemTime": "2017-10-23 17:42:45.857346",
    "System.EventRecordID": "11046",
    "System.Correlation.ActivityID": "",
    "System.Correlation.RelatedActivityID": "",
    "System.Execution.ProcessID": "536",
    "System.Execution.ThreadID": "2708",
    "System.Channel": "Microsoft-Windows-Sysmon/Operational",
    "System.Computer": "DESKTOP-GH9KMB7",
    "System.Security.UserID": "S-1-5-18",
    "EventData.Data.UtcTime": "2017-10-23 17:42:45.845",
    "EventData.Data.ProcessGuid": "{fe62ad40-29f9-59ee-0000-0010922a0900}",
    "EventData.Data.ProcessId": "1660",
    "EventData.Data.Image": "C:\\Program Files\\Google\\Update\\GoogleUpdate.exe",
    "EventData.Data.TargetFilename": "C:\\ProgramData\\Anaconda3\\Lib\\distutils\\command\\wininst-9.0.exe",
    "EventData.Data.CreationUtcTime": "2017-07-08 04:33:27.000"
}
{
    "System.Provider.Name": "Microsoft-Windows-Sysmon",
    "System.Provider.Guid": "{5770385f-c22a-43e0-bf4c-06f5698ffbd9}",
    "System.EventID.Qualifiers": "",
    "System.EventID.text": "1",
    "System.Version": "5",
    "System.Level": "4",
    "System.Task": "1",
    "System.Opcode": "0",
    "System.Keywords": "0x8000000000000000",
    "System.TimeCreated.SystemTime": "2017-10-23 17:42:47.221066",
    "System.EventRecordID": "11047",
    "System.Correlation.ActivityID": "",
    "System.Correlation.RelatedActivityID": "",
    "System.Execution.ProcessID": "536",
    "System.Execution.ThreadID": "2708",
    "System.Channel": "Microsoft-Windows-Sysmon/Operational",
    "System.Computer": "DESKTOP-GH9KMB7",
    "System.Security.UserID": "S-1-5-18",
    "EventData.Data.UtcTime": "2017-10-23 17:42:47.213",
    "EventData.Data.ProcessGuid": "{fe62ad40-2a17-59ee-0000-0010a5a50900}",
    "EventData.Data.ProcessId": "3456",
    "EventData.Data.Image": "C:\\Windows\\System32\\svchost.exe",
    "EventData.Data.CommandLine": "C:\\Windows\\System32\\svchost.exe -k NetworkService -p",
    "EventData.Data.CurrentDirectory": "C:\\Windows\\system32\\",
    "EventData.Data.User": "NT AUTHORITY\\NETWORK SERVICE",
    "EventData.Data.LogonGuid": "{fe62ad40-297f-59ee-0000-0020e4030000}",
    "EventData.Data.LogonId": "0x00000000000003e4",
    "EventData.Data.TerminalSessionId": "0",
    "EventData.Data.IntegrityLevel": "System",
    "EventData.Data.Hashes": "MD5=15556928CB0E9F74F4036411D8CC111E,SHA256=1030CE4102DAC701FAB043E40444E8F6C96C8C04B5BD512A59E1A4999D22B38C",
    "EventData.Data.ParentProcessGuid": "{fe62ad40-297e-59ee-0000-00109a8b0000}",
    "EventData.Data.ParentProcessId": "812",
    "EventData.Data.ParentImage": "C:\\Windows\\System32\\services.exe",
    "EventData.Data.ParentCommandLine": "C:\\Windows\\system32\\services.exe"
}
{
    "System.Provider.Name": "Microsoft-Windows-Sysmon",
    "System.Provider.Guid": "{5770385f-c22a-43e0-bf4c-06f5698ffbd9}",
    "System.EventID.Qualifiers": "",
    "System.EventID.text": "11",
    "System.Version": "2",
    "System.Level": "4",
    "System.Task": "11",
    "System.Opcode": "0",
    "System.Keywords": "0x8000000000000000",
    "System.TimeCreated.SystemTime": "2017-10-23 17:42:52.287882",
    "System.EventRecordID": "11048",
    "System.Correlation.ActivityID": "",
    "System.Correlation.RelatedActivityID": "",
    "System.Execution.ProcessID": "536",
    "System.Execution.ThreadID": "2708",
    "System.Channel": "Microsoft-Windows-Sysmon/Operational",
    "System.Computer": "DESKTOP-GH9KMB7",
    "System.Security.UserID": "S-1-5-18",
    "EventData.Data.UtcTime": "2017-10-23 17:42:52.268",
    "EventData.Data.ProcessGuid": "{fe62ad40-29d5-59ee-0000-0010a8070800}",
    "EventData.Data.ProcessId": "5740",
    "EventData.Data.Image": "C:\\Users\\admin\\AppData\\Local\\Temp\\0020abd222c640acfdd22094a0fcd19f.EXE",
    "EventData.Data.TargetFilename": "C:\\ProgramData\\Anaconda3\\Lib\\site-packages\\distlib\\w32.exe",
    "EventData.Data.CreationUtcTime": "2017-09-25 21:01:27.000"
}
{
    "System.Provider.Name": "Microsoft-Windows-Sysmon",
    "System.Provider.Guid": "{5770385f-c22a-43e0-bf4c-06f5698ffbd9}",
    "System.EventID.Qualifiers": "",
    "System.EventID.text": "11",
    "System.Version": "2",
    "System.Level": "4",
    "System.Task": "11",
    "System.Opcode": "0",
    "System.Keywords": "0x8000000000000000",
    "System.TimeCreated.SystemTime": "2017-10-23 17:42:52.296379",
    "System.EventRecordID": "11049",
    "System.Correlation.ActivityID": "",
    "System.Correlation.RelatedActivityID": "",
    "System.Execution.ProcessID": "536",
    "System.Execution.ThreadID": "2708",
    "System.Channel": "Microsoft-Windows-Sysmon/Operational",
    "System.Computer": "DESKTOP-GH9KMB7",
    "System.Security.UserID": "S-1-5-18",
    "EventData.Data.UtcTime": "2017-10-23 17:42:52.283",
    "EventData.Data.ProcessGuid": "{fe62ad40-29d5-59ee-0000-0010a8070800}",
    "EventData.Data.ProcessId": "5740",
    "EventData.Data.Image": "C:\\Users\\admin\\AppData\\Local\\Temp\\0020abd222c640acfdd22094a0fcd19f.EXE",
    "EventData.Data.TargetFilename": "C:\\ProgramData\\Anaconda3\\Lib\\site-packages\\distlib\\w64.exe",
    "EventData.Data.CreationUtcTime": "2017-09-25 21:01:27.000"
}
{
    "System.Provider.Name": "Microsoft-Windows-Sysmon",
    "System.Provider.Guid": "{5770385f-c22a-43e0-bf4c-06f5698ffbd9}",
    "System.EventID.Qualifiers": "",
    "System.EventID.text": "11",
    "System.Version": "2",
    "System.Level": "4",
    "System.Task": "11",
    "System.Opcode": "0",
    "System.Keywords": "0x8000000000000000",
    "System.TimeCreated.SystemTime": "2017-10-23 17:43:03.486315",
    "System.EventRecordID": "11050",
    "System.Correlation.ActivityID": "",
    "System.Correlation.RelatedActivityID": "",
    "System.Execution.ProcessID": "536",
    "System.Execution.ThreadID": "2708",
    "System.Channel": "Microsoft-Windows-Sysmon/Operational",
    "System.Computer": "DESKTOP-GH9KMB7",
    "System.Security.UserID": "S-1-5-18",
    "EventData.Data.UtcTime": "2017-10-23 17:43:03.473",
    "EventData.Data.ProcessGuid": "{fe62ad40-29d5-59ee-0000-0010a8070800}",
    "EventData.Data.ProcessId": "5740",
    "EventData.Data.Image": "C:\\Users\\admin\\AppData\\Local\\Temp\\0020abd222c640acfdd22094a0fcd19f.EXE",
    "EventData.Data.TargetFilename": "C:\\ProgramData\\Anaconda3\\Lib\\site-packages\\pythonwin\\Pythonwin.exe",
    "EventData.Data.CreationUtcTime": "2017-09-20 14:37:16.000"
}
{
    "System.Provider.Name": "Microsoft-Windows-Sysmon",
    "System.Provider.Guid": "{5770385f-c22a-43e0-bf4c-06f5698ffbd9}",
    "System.EventID.Qualifiers": "",
    "System.EventID.text": "11",
    "System.Version": "2",
    "System.Level": "4",
    "System.Task": "11",
    "System.Opcode": "0",
    "System.Keywords": "0x8000000000000000",
    "System.TimeCreated.SystemTime": "2017-10-23 17:43:05.506269",
    "System.EventRecordID": "11051",
    "System.Correlation.ActivityID": "",
    "System.Correlation.RelatedActivityID": "",
    "System.Execution.ProcessID": "536",
    "System.Execution.ThreadID": "2708",
    "System.Channel": "Microsoft-Windows-Sysmon/Operational",
    "System.Computer": "DESKTOP-GH9KMB7",
    "System.Security.UserID": "S-1-5-18",
    "EventData.Data.UtcTime": "2017-10-23 17:43:05.489",
    "EventData.Data.ProcessGuid": "{fe62ad40-29d5-59ee-0000-0010a8070800}",
    "EventData.Data.ProcessId": "5740",
    "EventData.Data.Image": "C:\\Users\\admin\\AppData\\Local\\Temp\\0020abd222c640acfdd22094a0fcd19f.EXE",
    "EventData.Data.TargetFilename": "C:\\ProgramData\\Anaconda3\\Lib\\site-packages\\setuptools\\gui-32.exe",
    "EventData.Data.CreationUtcTime": "2017-09-15 15:19:29.000"
}
{
    "System.Provider.Name": "Microsoft-Windows-Sysmon",
    "System.Provider.Guid": "{5770385f-c22a-43e0-bf4c-06f5698ffbd9}",
    "System.EventID.Qualifiers": "",
    "System.EventID.text": "11",
    "System.Version": "2",
    "System.Level": "4",
    "System.Task": "11",
    "System.Opcode": "0",
    "System.Keywords": "0x8000000000000000",
    "System.TimeCreated.SystemTime": "2017-10-23 17:43:05.516068",
    "System.EventRecordID": "11052",
    "System.Correlation.ActivityID": "",
    "System.Correlation.RelatedActivityID": "",
    "System.Execution.ProcessID": "536",
    "System.Execution.ThreadID": "2708",
    "System.Channel": "Microsoft-Windows-Sysmon/Operational",
    "System.Computer": "DESKTOP-GH9KMB7",
    "System.Security.UserID": "S-1-5-18",
    "EventData.Data.UtcTime": "2017-10-23 17:43:05.504",
    "EventData.Data.ProcessGuid": "{fe62ad40-29d5-59ee-0000-0010a8070800}",
    "EventData.Data.ProcessId": "5740",
    "EventData.Data.Image": "C:\\Users\\admin\\AppData\\Local\\Temp\\0020abd222c640acfdd22094a0fcd19f.EXE",
    "EventData.Data.TargetFilename": "C:\\ProgramData\\Anaconda3\\Lib\\site-packages\\setuptools\\gui-64.exe",
    "EventData.Data.CreationUtcTime": "2017-09-15 15:19:29.000"
}
{
    "System.Provider.Name": "Microsoft-Windows-Sysmon",
    "System.Provider.Guid": "{5770385f-c22a-43e0-bf4c-06f5698ffbd9}",
    "System.EventID.Qualifiers": "",
    "System.EventID.text": "11",
    "System.Version": "2",
    "System.Level": "4",
    "System.Task": "11",
    "System.Opcode": "0",
    "System.Keywords": "0x8000000000000000",
    "System.TimeCreated.SystemTime": "2017-10-23 17:43:05.529676",
    "System.EventRecordID": "11053",
    "System.Correlation.ActivityID": "",
    "System.Correlation.RelatedActivityID": "",
    "System.Execution.ProcessID": "536",
    "System.Execution.ThreadID": "2708",
    "System.Channel": "Microsoft-Windows-Sysmon/Operational",
    "System.Computer": "DESKTOP-GH9KMB7",
    "System.Security.UserID": "S-1-5-18",
    "EventData.Data.UtcTime": "2017-10-23 17:43:05.504",
    "EventData.Data.ProcessGuid": "{fe62ad40-29d5-59ee-0000-0010a8070800}",
    "EventData.Data.ProcessId": "5740",
    "EventData.Data.Image": "C:\\Users\\admin\\AppData\\Local\\Temp\\0020abd222c640acfdd22094a0fcd19f.EXE",
    "EventData.Data.TargetFilename": "C:\\ProgramData\\Anaconda3\\Lib\\site-packages\\setuptools\\gui.exe",
    "EventData.Data.CreationUtcTime": "2017-09-15 15:19:29.000"
}
{
    "System.Provider.Name": "Microsoft-Windows-Sysmon",
    "System.Provider.Guid": "{5770385f-c22a-43e0-bf4c-06f5698ffbd9}",
    "System.EventID.Qualifiers": "",
    "System.EventID.text": "11",
    "System.Version": "2",
    "System.Level": "4",
    "System.Task": "11",
    "System.Opcode": "0",
    "System.Keywords": "0x8000000000000000",
    "System.TimeCreated.SystemTime": "2017-10-23 17:43:14.707888",
    "System.EventRecordID": "11054",
    "System.Correlation.ActivityID": "",
    "System.Correlation.RelatedActivityID": "",
    "System.Execution.ProcessID": "536",
    "System.Execution.ThreadID": "2708",
    "System.Channel": "Microsoft-Windows-Sysmon/Operational",
    "System.Computer": "DESKTOP-GH9KMB7",
    "System.Security.UserID": "S-1-5-18",
    "EventData.Data.UtcTime": "2017-10-23 17:43:14.694",
    "EventData.Data.ProcessGuid": "{fe62ad40-29d5-59ee-0000-0010a8070800}",
    "EventData.Data.ProcessId": "5740",
    "EventData.Data.Image": "C:\\Users\\admin\\AppData\\Local\\Temp\\0020abd222c640acfdd22094a0fcd19f.EXE",
    "EventData.Data.TargetFilename": "C:\\ProgramData\\Anaconda3\\Library\\bin\\assistant.exe",
    "EventData.Data.CreationUtcTime": "2017-09-21 14:20:25.000"
}
{
    "System.Provider.Name": "Microsoft-Windows-Sysmon",
    "System.Provider.Guid": "{5770385f-c22a-43e0-bf4c-06f5698ffbd9}",
    "System.EventID.Qualifiers": "",
    "System.EventID.text": "11",
    "System.Version": "2",
    "System.Level": "4",
    "System.Task": "11",
    "System.Opcode": "0",
    "System.Keywords": "0x8000000000000000",
    "System.TimeCreated.SystemTime": "2017-10-23 17:43:14.777327",
    "System.EventRecordID": "11055",
    "System.Correlation.ActivityID": "",
    "System.Correlation.RelatedActivityID": "",
    "System.Execution.ProcessID": "536",
    "System.Execution.ThreadID": "2708",
    "System.Channel": "Microsoft-Windows-Sysmon/Operational",
    "System.Computer": "DESKTOP-GH9KMB7",
    "System.Security.UserID": "S-1-5-18",
    "EventData.Data.UtcTime": "2017-10-23 17:43:14.771",
    "EventData.Data.ProcessGuid": "{fe62ad40-29d5-59ee-0000-0010a8070800}",
    "EventData.Data.ProcessId": "5740",
    "EventData.Data.Image": "C:\\Users\\admin\\AppData\\Local\\Temp\\0020abd222c640acfdd22094a0fcd19f.EXE",
    "EventData.Data.TargetFilename": "C:\\ProgramData\\Anaconda3\\Library\\bin\\designer.exe",
    "EventData.Data.CreationUtcTime": "2017-09-21 14:20:50.000"
}
{
    "System.Provider.Name": "Microsoft-Windows-Sysmon",
    "System.Provider.Guid": "{5770385f-c22a-43e0-bf4c-06f5698ffbd9}",
    "System.EventID.Qualifiers": "",
    "System.EventID.text": "11",
    "System.Version": "2",
    "System.Level": "4",
    "System.Task": "11",
    "System.Opcode": "0",
    "System.Keywords": "0x8000000000000000",
    "System.TimeCreated.SystemTime": "2017-10-23 17:43:16.762707",
    "System.EventRecordID": "11056",
    "System.Correlation.ActivityID": "",
    "System.Correlation.RelatedActivityID": "",
    "System.Execution.ProcessID": "536",
    "System.Execution.ThreadID": "2708",
    "System.Channel": "Microsoft-Windows-Sysmon/Operational",
    "System.Computer": "DESKTOP-GH9KMB7",
    "System.Security.UserID": "S-1-5-18",
    "EventData.Data.UtcTime": "2017-10-23 17:43:16.756",
    "EventData.Data.ProcessGuid": "{fe62ad40-29d5-59ee-0000-0010a8070800}",
    "EventData.Data.ProcessId": "5740",
    "EventData.Data.Image": "C:\\Users\\admin\\AppData\\Local\\Temp\\0020abd222c640acfdd22094a0fcd19f.EXE",
    "EventData.Data.TargetFilename": "C:\\ProgramData\\Anaconda3\\Library\\bin\\linguist.exe",
    "EventData.Data.CreationUtcTime": "2017-09-21 14:21:04.000"
}
{
    "System.Provider.Name": "Microsoft-Windows-Sysmon",
    "System.Provider.Guid": "{5770385f-c22a-43e0-bf4c-06f5698ffbd9}",
    "System.EventID.Qualifiers": "",
    "System.EventID.text": "11",
    "System.Version": "2",
    "System.Level": "4",
    "System.Task": "11",
    "System.Opcode": "0",
    "System.Keywords": "0x8000000000000000",
    "System.TimeCreated.SystemTime": "2017-10-23 17:43:16.816195",
    "System.EventRecordID": "11057",
    "System.Correlation.ActivityID": "",
    "System.Correlation.RelatedActivityID": "",
    "System.Execution.ProcessID": "536",
    "System.Execution.ThreadID": "2708",
    "System.Channel": "Microsoft-Windows-Sysmon/Operational",
    "System.Computer": "DESKTOP-GH9KMB7",
    "System.Security.UserID": "S-1-5-18",
    "EventData.Data.UtcTime": "2017-10-23 17:43:16.803",
    "EventData.Data.ProcessGuid": "{fe62ad40-29d5-59ee-0000-0010a8070800}",
    "EventData.Data.ProcessId": "5740",
    "EventData.Data.Image": "C:\\Users\\admin\\AppData\\Local\\Temp\\0020abd222c640acfdd22094a0fcd19f.EXE",
    "EventData.Data.TargetFilename": "C:\\ProgramData\\Anaconda3\\Library\\bin\\pixeltool.exe",
    "EventData.Data.CreationUtcTime": "2017-09-21 14:19:37.000"
}
{
    "System.Provider.Name": "Microsoft-Windows-Sysmon",
    "System.Provider.Guid": "{5770385f-c22a-43e0-bf4c-06f5698ffbd9}",
    "System.EventID.Qualifiers": "",
    "System.EventID.text": "11",
    "System.Version": "2",
    "System.Level": "4",
    "System.Task": "11",
    "System.Opcode": "0",
    "System.Keywords": "0x8000000000000000",
    "System.TimeCreated.SystemTime": "2017-10-23 17:43:17.770819",
    "System.EventRecordID": "11058",
    "System.Correlation.ActivityID": "",
    "System.Correlation.RelatedActivityID": "",
    "System.Execution.ProcessID": "536",
    "System.Execution.ThreadID": "2708",
    "System.Channel": "Microsoft-Windows-Sysmon/Operational",
    "System.Computer": "DESKTOP-GH9KMB7",
    "System.Security.UserID": "S-1-5-18",
    "EventData.Data.UtcTime": "2017-10-23 17:43:17.756",
    "EventData.Data.ProcessGuid": "{fe62ad40-29d5-59ee-0000-0010a8070800}",
    "EventData.Data.ProcessId": "5740",
    "EventData.Data.Image": "C:\\Users\\admin\\AppData\\Local\\Temp\\0020abd222c640acfdd22094a0fcd19f.EXE",
    "EventData.Data.TargetFilename": "C:\\ProgramData\\Anaconda3\\Library\\bin\\qdbusviewer.exe",
    "EventData.Data.CreationUtcTime": "2017-09-21 14:19:45.000"
}
{
    "System.Provider.Name": "Microsoft-Windows-Sysmon",
    "System.Provider.Guid": "{5770385f-c22a-43e0-bf4c-06f5698ffbd9}",
    "System.EventID.Qualifiers": "",
    "System.EventID.text": "11",
    "System.Version": "2",
    "System.Level": "4",
    "System.Task": "11",
    "System.Opcode": "0",
    "System.Keywords": "0x8000000000000000",
    "System.TimeCreated.SystemTime": "2017-10-23 17:43:17.801514",
    "System.EventRecordID": "11059",
    "System.Correlation.ActivityID": "",
    "System.Correlation.RelatedActivityID": "",
    "System.Execution.ProcessID": "536",
    "System.Execution.ThreadID": "2708",
    "System.Channel": "Microsoft-Windows-Sysmon/Operational",
    "System.Computer": "DESKTOP-GH9KMB7",
    "System.Security.UserID": "S-1-5-18",
    "EventData.Data.UtcTime": "2017-10-23 17:43:17.787",
    "EventData.Data.ProcessGuid": "{fe62ad40-29d5-59ee-0000-0010a8070800}",
    "EventData.Data.ProcessId": "5740",
    "EventData.Data.Image": "C:\\Users\\admin\\AppData\\Local\\Temp\\0020abd222c640acfdd22094a0fcd19f.EXE",
    "EventData.Data.TargetFilename": "C:\\ProgramData\\Anaconda3\\Library\\bin\\qhelpconverter.exe",
    "EventData.Data.CreationUtcTime": "2017-09-21 14:20:17.000"
}
{
    "System.Provider.Name": "Microsoft-Windows-Sysmon",
    "System.Provider.Guid": "{5770385f-c22a-43e0-bf4c-06f5698ffbd9}",
    "System.EventID.Qualifiers": "",
    "System.EventID.text": "11",
    "System.Version": "2",
    "System.Level": "4",
    "System.Task": "11",
    "System.Opcode": "0",
    "System.Keywords": "0x8000000000000000",
    "System.TimeCreated.SystemTime": "2017-10-23 17:43:17.819019",
    "System.EventRecordID": "11060",
    "System.Correlation.ActivityID": "",
    "System.Correlation.RelatedActivityID": "",
    "System.Execution.ProcessID": "536",
    "System.Execution.ThreadID": "2708",
    "System.Channel": "Microsoft-Windows-Sysmon/Operational",
    "System.Computer": "DESKTOP-GH9KMB7",
    "System.Security.UserID": "S-1-5-18",
    "EventData.Data.UtcTime": "2017-10-23 17:43:17.803",
    "EventData.Data.ProcessGuid": "{fe62ad40-29d5-59ee-0000-0010a8070800}",
    "EventData.Data.ProcessId": "5740",
    "EventData.Data.Image": "C:\\Users\\admin\\AppData\\Local\\Temp\\0020abd222c640acfdd22094a0fcd19f.EXE",
    "EventData.Data.TargetFilename": "C:\\ProgramData\\Anaconda3\\Library\\bin\\qmleasing.exe",
    "EventData.Data.CreationUtcTime": "2017-09-21 13:59:43.000"
}
{
    "System.Provider.Name": "Microsoft-Windows-Sysmon",
    "System.Provider.Guid": "{5770385f-c22a-43e0-bf4c-06f5698ffbd9}",
    "System.EventID.Qualifiers": "",
    "System.EventID.text": "11",
    "System.Version": "2",
    "System.Level": "4",
    "System.Task": "11",
    "System.Opcode": "0",
    "System.Keywords": "0x8000000000000000",
    "System.TimeCreated.SystemTime": "2017-10-23 17:43:18.770601",
    "System.EventRecordID": "11061",
    "System.Correlation.ActivityID": "",
    "System.Correlation.RelatedActivityID": "",
    "System.Execution.ProcessID": "536",
    "System.Execution.ThreadID": "2708",
    "System.Channel": "Microsoft-Windows-Sysmon/Operational",
    "System.Computer": "DESKTOP-GH9KMB7",
    "System.Security.UserID": "S-1-5-18",
    "EventData.Data.UtcTime": "2017-10-23 17:43:18.757",
    "EventData.Data.ProcessGuid": "{fe62ad40-29d5-59ee-0000-0010a8070800}",
    "EventData.Data.ProcessId": "5740",
    "EventData.Data.Image": "C:\\Users\\admin\\AppData\\Local\\Temp\\0020abd222c640acfdd22094a0fcd19f.EXE",
    "EventData.Data.TargetFilename": "C:\\ProgramData\\Anaconda3\\Library\\bin\\QtWebProcess.exe",
    "EventData.Data.CreationUtcTime": "2017-09-21 14:19:18.000"
}
{
    "System.Provider.Name": "Microsoft-Windows-Sysmon",
    "System.Provider.Guid": "{5770385f-c22a-43e0-bf4c-06f5698ffbd9}",
    "System.EventID.Qualifiers": "",
    "System.EventID.text": "11",
    "System.Version": "2",
    "System.Level": "4",
    "System.Task": "11",
    "System.Opcode": "0",
    "System.Keywords": "0x8000000000000000",
    "System.TimeCreated.SystemTime": "2017-10-23 17:43:18.804811",
    "System.EventRecordID": "11062",
    "System.Correlation.ActivityID": "",
    "System.Correlation.RelatedActivityID": "",
    "System.Execution.ProcessID": "536",
    "System.Execution.ThreadID": "2708",
    "System.Channel": "Microsoft-Windows-Sysmon/Operational",
    "System.Computer": "DESKTOP-GH9KMB7",
    "System.Security.UserID": "S-1-5-18",
    "EventData.Data.UtcTime": "2017-10-23 17:43:18.803",
    "EventData.Data.ProcessGuid": "{fe62ad40-29d5-59ee-0000-0010a8070800}",
    "EventData.Data.ProcessId": "5740",
    "EventData.Data.Image": "C:\\Users\\admin\\AppData\\Local\\Temp\\0020abd222c640acfdd22094a0fcd19f.EXE",
    "EventData.Data.TargetFilename": "C:\\ProgramData\\Anaconda3\\Library\\bin\\testcon.exe",
    "EventData.Data.CreationUtcTime": "2017-09-21 13:57:38.000"
}
{
    "System.Provider.Name": "Microsoft-Windows-Sysmon",
    "System.Provider.Guid": "{5770385f-c22a-43e0-bf4c-06f5698ffbd9}",
    "System.EventID.Qualifiers": "",
    "System.EventID.text": "11",
    "System.Version": "2",
    "System.Level": "4",
    "System.Task": "11",
    "System.Opcode": "0",
    "System.Keywords": "0x8000000000000000",
    "System.TimeCreated.SystemTime": "2017-10-23 17:43:18.848198",
    "System.EventRecordID": "11063",
    "System.Correlation.ActivityID": "",
    "System.Correlation.RelatedActivityID": "",
    "System.Execution.ProcessID": "536",
    "System.Execution.ThreadID": "2708",
    "System.Channel": "Microsoft-Windows-Sysmon/Operational",
    "System.Computer": "DESKTOP-GH9KMB7",
    "System.Security.UserID": "S-1-5-18",
    "EventData.Data.UtcTime": "2017-10-23 17:43:18.834",
    "EventData.Data.ProcessGuid": "{fe62ad40-29d5-59ee-0000-0010a8070800}",
    "EventData.Data.ProcessId": "5740",
    "EventData.Data.Image": "C:\\Users\\admin\\AppData\\Local\\Temp\\0020abd222c640acfdd22094a0fcd19f.EXE",
    "EventData.Data.TargetFilename": "C:\\ProgramData\\Anaconda3\\Library\\bin\\wish.exe",
    "EventData.Data.CreationUtcTime": "2017-09-21 17:14:13.000"
}
{
    "System.Provider.Name": "Microsoft-Windows-Sysmon",
    "System.Provider.Guid": "{5770385f-c22a-43e0-bf4c-06f5698ffbd9}",
    "System.EventID.Qualifiers": "",
    "System.EventID.text": "11",
    "System.Version": "2",
    "System.Level": "4",
    "System.Task": "11",
    "System.Opcode": "0",
    "System.Keywords": "0x8000000000000000",
    "System.TimeCreated.SystemTime": "2017-10-23 17:43:18.854439",
    "System.EventRecordID": "11064",
    "System.Correlation.ActivityID": "",
    "System.Correlation.RelatedActivityID": "",
    "System.Execution.ProcessID": "536",
    "System.Execution.ThreadID": "2708",
    "System.Channel": "Microsoft-Windows-Sysmon/Operational",
    "System.Computer": "DESKTOP-GH9KMB7",
    "System.Security.UserID": "S-1-5-18",
    "EventData.Data.UtcTime": "2017-10-23 17:43:18.850",
    "EventData.Data.ProcessGuid": "{fe62ad40-29d5-59ee-0000-0010a8070800}",
    "EventData.Data.ProcessId": "5740",
    "EventData.Data.Image": "C:\\Users\\admin\\AppData\\Local\\Temp\\0020abd222c640acfdd22094a0fcd19f.EXE",
    "EventData.Data.TargetFilename": "C:\\ProgramData\\Anaconda3\\Library\\bin\\wish86.exe",
    "EventData.Data.CreationUtcTime": "2017-09-21 17:14:13.000"
}
{
    "System.Provider.Name": "Microsoft-Windows-Sysmon",
    "System.Provider.Guid": "{5770385f-c22a-43e0-bf4c-06f5698ffbd9}",
    "System.EventID.Qualifiers": "",
    "System.EventID.text": "11",
    "System.Version": "2",
    "System.Level": "4",
    "System.Task": "11",
    "System.Opcode": "0",
    "System.Keywords": "0x8000000000000000",
    "System.TimeCreated.SystemTime": "2017-10-23 17:43:18.865053",
    "System.EventRecordID": "11065",
    "System.Correlation.ActivityID": "",
    "System.Correlation.RelatedActivityID": "",
    "System.Execution.ProcessID": "536",
    "System.Execution.ThreadID": "2708",
    "System.Channel": "Microsoft-Windows-Sysmon/Operational",
    "System.Computer": "DESKTOP-GH9KMB7",
    "System.Security.UserID": "S-1-5-18",
    "EventData.Data.UtcTime": "2017-10-23 17:43:18.850",
    "EventData.Data.ProcessGuid": "{fe62ad40-29d5-59ee-0000-0010a8070800}",
    "EventData.Data.ProcessId": "5740",
    "EventData.Data.Image": "C:\\Users\\admin\\AppData\\Local\\Temp\\0020abd222c640acfdd22094a0fcd19f.EXE",
    "EventData.Data.TargetFilename": "C:\\ProgramData\\Anaconda3\\Library\\bin\\wish86t.exe",
    "EventData.Data.CreationUtcTime": "2017-09-21 17:14:13.000"
}
{
    "System.Provider.Name": "Microsoft-Windows-Sysmon",
    "System.Provider.Guid": "{5770385f-c22a-43e0-bf4c-06f5698ffbd9}",
    "System.EventID.Qualifiers": "",
    "System.EventID.text": "11",
    "System.Version": "2",
    "System.Level": "4",
    "System.Task": "11",
    "System.Opcode": "0",
    "System.Keywords": "0x8000000000000000",
    "System.TimeCreated.SystemTime": "2017-10-23 17:43:36.120909",
    "System.EventRecordID": "11066",
    "System.Correlation.ActivityID": "",
    "System.Correlation.RelatedActivityID": "",
    "System.Execution.ProcessID": "536",
    "System.Execution.ThreadID": "2708",
    "System.Channel": "Microsoft-Windows-Sysmon/Operational",
    "System.Computer": "DESKTOP-GH9KMB7",
    "System.Security.UserID": "S-1-5-18",
    "EventData.Data.UtcTime": "2017-10-23 17:43:36.102",
    "EventData.Data.ProcessGuid": "{fe62ad40-29d5-59ee-0000-0010a8070800}",
    "EventData.Data.ProcessId": "5740",
    "EventData.Data.Image": "C:\\Users\\admin\\AppData\\Local\\Temp\\0020abd222c640acfdd22094a0fcd19f.EXE",
    "EventData.Data.TargetFilename": "C:\\ProgramData\\Anaconda3\\pkgs\\distlib-0.2.5-py36hada7309_0\\Lib\\site-packages\\distlib\\w32.exe",
    "EventData.Data.CreationUtcTime": "2017-09-25 21:01:27.000"
}
{
    "System.Provider.Name": "Microsoft-Windows-Sysmon",
    "System.Provider.Guid": "{5770385f-c22a-43e0-bf4c-06f5698ffbd9}",
    "System.EventID.Qualifiers": "",
    "System.EventID.text": "11",
    "System.Version": "2",
    "System.Level": "4",
    "System.Task": "11",
    "System.Opcode": "0",
    "System.Keywords": "0x8000000000000000",
    "System.TimeCreated.SystemTime": "2017-10-23 17:43:36.124912",
    "System.EventRecordID": "11067",
    "System.Correlation.ActivityID": "",
    "System.Correlation.RelatedActivityID": "",
    "System.Execution.ProcessID": "536",
    "System.Execution.ThreadID": "2708",
    "System.Channel": "Microsoft-Windows-Sysmon/Operational",
    "System.Computer": "DESKTOP-GH9KMB7",
    "System.Security.UserID": "S-1-5-18",
    "EventData.Data.UtcTime": "2017-10-23 17:43:36.117",
    "EventData.Data.ProcessGuid": "{fe62ad40-29d5-59ee-0000-0010a8070800}",
    "EventData.Data.ProcessId": "5740",
    "EventData.Data.Image": "C:\\Users\\admin\\AppData\\Local\\Temp\\0020abd222c640acfdd22094a0fcd19f.EXE",
    "EventData.Data.TargetFilename": "C:\\ProgramData\\Anaconda3\\pkgs\\distlib-0.2.5-py36hada7309_0\\Lib\\site-packages\\distlib\\w64.exe",
    "EventData.Data.CreationUtcTime": "2017-09-25 21:01:27.000"
}
{
    "System.Provider.Name": "Microsoft-Windows-Sysmon",
    "System.Provider.Guid": "{5770385f-c22a-43e0-bf4c-06f5698ffbd9}",
    "System.EventID.Qualifiers": "",
    "System.EventID.text": "11",
    "System.Version": "2",
    "System.Level": "4",
    "System.Task": "11",
    "System.Opcode": "0",
    "System.Keywords": "0x8000000000000000",
    "System.TimeCreated.SystemTime": "2017-10-23 17:44:03.603996",
    "System.EventRecordID": "11068",
    "System.Correlation.ActivityID": "",
    "System.Correlation.RelatedActivityID": "",
    "System.Execution.ProcessID": "536",
    "System.Execution.ThreadID": "2708",
    "System.Channel": "Microsoft-Windows-Sysmon/Operational",
    "System.Computer": "DESKTOP-GH9KMB7",
    "System.Security.UserID": "S-1-5-18",
    "EventData.Data.UtcTime": "2017-10-23 17:44:03.588",
    "EventData.Data.ProcessGuid": "{fe62ad40-29d5-59ee-0000-0010a8070800}",
    "EventData.Data.ProcessId": "5740",
    "EventData.Data.Image": "C:\\Users\\admin\\AppData\\Local\\Temp\\0020abd222c640acfdd22094a0fcd19f.EXE",
    "EventData.Data.TargetFilename": "C:\\ProgramData\\Anaconda3\\pkgs\\python-3.6.2-h21b614c_11\\pythonw.exe",
    "EventData.Data.CreationUtcTime": "2017-09-20 21:39:09.000"
}
{
    "System.Provider.Name": "Microsoft-Windows-Sysmon",
    "System.Provider.Guid": "{5770385f-c22a-43e0-bf4c-06f5698ffbd9}",
    "System.EventID.Qualifiers": "",
    "System.EventID.text": "11",
    "System.Version": "2",
    "System.Level": "4",
    "System.Task": "11",
    "System.Opcode": "0",
    "System.Keywords": "0x8000000000000000",
    "System.TimeCreated.SystemTime": "2017-10-23 17:44:04.587568",
    "System.EventRecordID": "11069",
    "System.Correlation.ActivityID": "",
    "System.Correlation.RelatedActivityID": "",
    "System.Execution.ProcessID": "536",
    "System.Execution.ThreadID": "2708",
    "System.Channel": "Microsoft-Windows-Sysmon/Operational",
    "System.Computer": "DESKTOP-GH9KMB7",
    "System.Security.UserID": "S-1-5-18",
    "EventData.Data.UtcTime": "2017-10-23 17:44:04.573",
    "EventData.Data.ProcessGuid": "{fe62ad40-29d5-59ee-0000-0010a8070800}",
    "EventData.Data.ProcessId": "5740",
    "EventData.Data.Image": "C:\\Users\\admin\\AppData\\Local\\Temp\\0020abd222c640acfdd22094a0fcd19f.EXE",
    "EventData.Data.TargetFilename": "C:\\ProgramData\\Anaconda3\\pkgs\\python-3.6.2-h21b614c_11\\Lib\\distutils\\command\\wininst-10.0-amd64.exe",
    "EventData.Data.CreationUtcTime": "2017-07-08 04:33:27.000"
}
{
    "System.Provider.Name": "Microsoft-Windows-Sysmon",
    "System.Provider.Guid": "{5770385f-c22a-43e0-bf4c-06f5698ffbd9}",
    "System.EventID.Qualifiers": "",
    "System.EventID.text": "11",
    "System.Version": "2",
    "System.Level": "4",
    "System.Task": "11",
    "System.Opcode": "0",
    "System.Keywords": "0x8000000000000000",
    "System.TimeCreated.SystemTime": "2017-10-23 17:44:04.611919",
    "System.EventRecordID": "11070",
    "System.Correlation.ActivityID": "",
    "System.Correlation.RelatedActivityID": "",
    "System.Execution.ProcessID": "536",
    "System.Execution.ThreadID": "2708",
    "System.Channel": "Microsoft-Windows-Sysmon/Operational",
    "System.Computer": "DESKTOP-GH9KMB7",
    "System.Security.UserID": "S-1-5-18",
    "EventData.Data.UtcTime": "2017-10-23 17:44:04.588",
    "EventData.Data.ProcessGuid": "{fe62ad40-29d5-59ee-0000-0010a8070800}",
    "EventData.Data.ProcessId": "5740",
    "EventData.Data.Image": "C:\\Users\\admin\\AppData\\Local\\Temp\\0020abd222c640acfdd22094a0fcd19f.EXE",
    "EventData.Data.TargetFilename": "C:\\ProgramData\\Anaconda3\\pkgs\\python-3.6.2-h21b614c_11\\Lib\\distutils\\command\\wininst-10.0.exe",
    "EventData.Data.CreationUtcTime": "2017-07-08 04:33:27.000"
}
{
    "System.Provider.Name": "Microsoft-Windows-Sysmon",
    "System.Provider.Guid": "{5770385f-c22a-43e0-bf4c-06f5698ffbd9}",
    "System.EventID.Qualifiers": "",
    "System.EventID.text": "11",
    "System.Version": "2",
    "System.Level": "4",
    "System.Task": "11",
    "System.Opcode": "0",
    "System.Keywords": "0x8000000000000000",
    "System.TimeCreated.SystemTime": "2017-10-23 17:44:04.612089",
    "System.EventRecordID": "11071",
    "System.Correlation.ActivityID": "",
    "System.Correlation.RelatedActivityID": "",
    "System.Execution.ProcessID": "536",
    "System.Execution.ThreadID": "2708",
    "System.Channel": "Microsoft-Windows-Sysmon/Operational",
    "System.Computer": "DESKTOP-GH9KMB7",
    "System.Security.UserID": "S-1-5-18",
    "EventData.Data.UtcTime": "2017-10-23 17:44:04.604",
    "EventData.Data.ProcessGuid": "{fe62ad40-29d5-59ee-0000-0010a8070800}",
    "EventData.Data.ProcessId": "5740",
    "EventData.Data.Image": "C:\\Users\\admin\\AppData\\Local\\Temp\\0020abd222c640acfdd22094a0fcd19f.EXE",
    "EventData.Data.TargetFilename": "C:\\ProgramData\\Anaconda3\\pkgs\\python-3.6.2-h21b614c_11\\Lib\\distutils\\command\\wininst-14.0-amd64.exe",
    "EventData.Data.CreationUtcTime": "2017-07-08 04:33:27.000"
}
{
    "System.Provider.Name": "Microsoft-Windows-Sysmon",
    "System.Provider.Guid": "{5770385f-c22a-43e0-bf4c-06f5698ffbd9}",
    "System.EventID.Qualifiers": "",
    "System.EventID.text": "11",
    "System.Version": "2",
    "System.Level": "4",
    "System.Task": "11",
    "System.Opcode": "0",
    "System.Keywords": "0x8000000000000000",
    "System.TimeCreated.SystemTime": "2017-10-23 17:44:04.627960",
    "System.EventRecordID": "11072",
    "System.Correlation.ActivityID": "",
    "System.Correlation.RelatedActivityID": "",
    "System.Execution.ProcessID": "536",
    "System.Execution.ThreadID": "2708",
    "System.Channel": "Microsoft-Windows-Sysmon/Operational",
    "System.Computer": "DESKTOP-GH9KMB7",
    "System.Security.UserID": "S-1-5-18",
    "EventData.Data.UtcTime": "2017-10-23 17:44:04.604",
    "EventData.Data.ProcessGuid": "{fe62ad40-29d5-59ee-0000-0010a8070800}",
    "EventData.Data.ProcessId": "5740",
    "EventData.Data.Image": "C:\\Users\\admin\\AppData\\Local\\Temp\\0020abd222c640acfdd22094a0fcd19f.EXE",
    "EventData.Data.TargetFilename": "C:\\ProgramData\\Anaconda3\\pkgs\\python-3.6.2-h21b614c_11\\Lib\\distutils\\command\\wininst-14.0.exe",
    "EventData.Data.CreationUtcTime": "2017-07-08 04:33:27.000"
}
{
    "System.Provider.Name": "Microsoft-Windows-Sysmon",
    "System.Provider.Guid": "{5770385f-c22a-43e0-bf4c-06f5698ffbd9}",
    "System.EventID.Qualifiers": "",
    "System.EventID.text": "11",
    "System.Version": "2",
    "System.Level": "4",
    "System.Task": "11",
    "System.Opcode": "0",
    "System.Keywords": "0x8000000000000000",
    "System.TimeCreated.SystemTime": "2017-10-23 17:44:04.628090",
    "System.EventRecordID": "11073",
    "System.Correlation.ActivityID": "",
    "System.Correlation.RelatedActivityID": "",
    "System.Execution.ProcessID": "536",
    "System.Execution.ThreadID": "2708",
    "System.Channel": "Microsoft-Windows-Sysmon/Operational",
    "System.Computer": "DESKTOP-GH9KMB7",
    "System.Security.UserID": "S-1-5-18",
    "EventData.Data.UtcTime": "2017-10-23 17:44:04.619",
    "EventData.Data.ProcessGuid": "{fe62ad40-29d5-59ee-0000-0010a8070800}",
    "EventData.Data.ProcessId": "5740",
    "EventData.Data.Image": "C:\\Users\\admin\\AppData\\Local\\Temp\\0020abd222c640acfdd22094a0fcd19f.EXE",
    "EventData.Data.TargetFilename": "C:\\ProgramData\\Anaconda3\\pkgs\\python-3.6.2-h21b614c_11\\Lib\\distutils\\command\\wininst-6.0.exe",
    "EventData.Data.CreationUtcTime": "2017-07-08 04:33:27.000"
}
{
    "System.Provider.Name": "Microsoft-Windows-Sysmon",
    "System.Provider.Guid": "{5770385f-c22a-43e0-bf4c-06f5698ffbd9}",
    "System.EventID.Qualifiers": "",
    "System.EventID.text": "11",
    "System.Version": "2",
    "System.Level": "4",
    "System.Task": "11",
    "System.Opcode": "0",
    "System.Keywords": "0x8000000000000000",
    "System.TimeCreated.SystemTime": "2017-10-23 17:44:04.638861",
    "System.EventRecordID": "11074",
    "System.Correlation.ActivityID": "",
    "System.Correlation.RelatedActivityID": "",
    "System.Execution.ProcessID": "536",
    "System.Execution.ThreadID": "2708",
    "System.Channel": "Microsoft-Windows-Sysmon/Operational",
    "System.Computer": "DESKTOP-GH9KMB7",
    "System.Security.UserID": "S-1-5-18",
    "EventData.Data.UtcTime": "2017-10-23 17:44:04.619",
    "EventData.Data.ProcessGuid": "{fe62ad40-29d5-59ee-0000-0010a8070800}",
    "EventData.Data.ProcessId": "5740",
    "EventData.Data.Image": "C:\\Users\\admin\\AppData\\Local\\Temp\\0020abd222c640acfdd22094a0fcd19f.EXE",
    "EventData.Data.TargetFilename": "C:\\ProgramData\\Anaconda3\\pkgs\\python-3.6.2-h21b614c_11\\Lib\\distutils\\command\\wininst-7.1.exe",
    "EventData.Data.CreationUtcTime": "2017-07-08 04:33:27.000"
}
{
    "System.Provider.Name": "Microsoft-Windows-Sysmon",
    "System.Provider.Guid": "{5770385f-c22a-43e0-bf4c-06f5698ffbd9}",
    "System.EventID.Qualifiers": "",
    "System.EventID.text": "11",
    "System.Version": "2",
    "System.Level": "4",
    "System.Task": "11",
    "System.Opcode": "0",
    "System.Keywords": "0x8000000000000000",
    "System.TimeCreated.SystemTime": "2017-10-23 17:44:04.639009",
    "System.EventRecordID": "11075",
    "System.Correlation.ActivityID": "",
    "System.Correlation.RelatedActivityID": "",
    "System.Execution.ProcessID": "536",
    "System.Execution.ThreadID": "2708",
    "System.Channel": "Microsoft-Windows-Sysmon/Operational",
    "System.Computer": "DESKTOP-GH9KMB7",
    "System.Security.UserID": "S-1-5-18",
    "EventData.Data.UtcTime": "2017-10-23 17:44:04.635",
    "EventData.Data.ProcessGuid": "{fe62ad40-29d5-59ee-0000-0010a8070800}",
    "EventData.Data.ProcessId": "5740",
    "EventData.Data.Image": "C:\\Users\\admin\\AppData\\Local\\Temp\\0020abd222c640acfdd22094a0fcd19f.EXE",
    "EventData.Data.TargetFilename": "C:\\ProgramData\\Anaconda3\\pkgs\\python-3.6.2-h21b614c_11\\Lib\\distutils\\command\\wininst-8.0.exe",
    "EventData.Data.CreationUtcTime": "2017-07-08 04:33:27.000"
}
{
    "System.Provider.Name": "Microsoft-Windows-Sysmon",
    "System.Provider.Guid": "{5770385f-c22a-43e0-bf4c-06f5698ffbd9}",
    "System.EventID.Qualifiers": "",
    "System.EventID.text": "11",
    "System.Version": "2",
    "System.Level": "4",
    "System.Task": "11",
    "System.Opcode": "0",
    "System.Keywords": "0x8000000000000000",
    "System.TimeCreated.SystemTime": "2017-10-23 17:44:05.552177",
    "System.EventRecordID": "11076",
    "System.Correlation.ActivityID": "",
    "System.Correlation.RelatedActivityID": "",
    "System.Execution.ProcessID": "536",
    "System.Execution.ThreadID": "2708",
    "System.Channel": "Microsoft-Windows-Sysmon/Operational",
    "System.Computer": "DESKTOP-GH9KMB7",
    "System.Security.UserID": "S-1-5-18",
    "EventData.Data.UtcTime": "2017-10-23 17:44:05.542",
    "EventData.Data.ProcessGuid": "{fe62ad40-29d5-59ee-0000-0010a8070800}",
    "EventData.Data.ProcessId": "5740",
    "EventData.Data.Image": "C:\\Users\\admin\\AppData\\Local\\Temp\\0020abd222c640acfdd22094a0fcd19f.EXE",
    "EventData.Data.TargetFilename": "C:\\ProgramData\\Anaconda3\\pkgs\\python-3.6.2-h21b614c_11\\Lib\\distutils\\command\\wininst-9.0-amd64.exe",
    "EventData.Data.CreationUtcTime": "2017-07-08 04:33:27.000"
}
{
    "System.Provider.Name": "Microsoft-Windows-Sysmon",
    "System.Provider.Guid": "{5770385f-c22a-43e0-bf4c-06f5698ffbd9}",
    "System.EventID.Qualifiers": "",
    "System.EventID.text": "11",
    "System.Version": "2",
    "System.Level": "4",
    "System.Task": "11",
    "System.Opcode": "0",
    "System.Keywords": "0x8000000000000000",
    "System.TimeCreated.SystemTime": "2017-10-23 17:44:05.558933",
    "System.EventRecordID": "11077",
    "System.Correlation.ActivityID": "",
    "System.Correlation.RelatedActivityID": "",
    "System.Execution.ProcessID": "536",
    "System.Execution.ThreadID": "2708",
    "System.Channel": "Microsoft-Windows-Sysmon/Operational",
    "System.Computer": "DESKTOP-GH9KMB7",
    "System.Security.UserID": "S-1-5-18",
    "EventData.Data.UtcTime": "2017-10-23 17:44:05.557",
    "EventData.Data.ProcessGuid": "{fe62ad40-29d5-59ee-0000-0010a8070800}",
    "EventData.Data.ProcessId": "5740",
    "EventData.Data.Image": "C:\\Users\\admin\\AppData\\Local\\Temp\\0020abd222c640acfdd22094a0fcd19f.EXE",
    "EventData.Data.TargetFilename": "C:\\ProgramData\\Anaconda3\\pkgs\\python-3.6.2-h21b614c_11\\Lib\\distutils\\command\\wininst-9.0.exe",
    "EventData.Data.CreationUtcTime": "2017-07-08 04:33:27.000"
}
{
    "System.Provider.Name": "Microsoft-Windows-Sysmon",
    "System.Provider.Guid": "{5770385f-c22a-43e0-bf4c-06f5698ffbd9}",
    "System.EventID.Qualifiers": "",
    "System.EventID.text": "11",
    "System.Version": "2",
    "System.Level": "4",
    "System.Task": "11",
    "System.Opcode": "0",
    "System.Keywords": "0x8000000000000000",
    "System.TimeCreated.SystemTime": "2017-10-23 17:44:08.632338",
    "System.EventRecordID": "11078",
    "System.Correlation.ActivityID": "",
    "System.Correlation.RelatedActivityID": "",
    "System.Execution.ProcessID": "536",
    "System.Execution.ThreadID": "2708",
    "System.Channel": "Microsoft-Windows-Sysmon/Operational",
    "System.Computer": "DESKTOP-GH9KMB7",
    "System.Security.UserID": "S-1-5-18",
    "EventData.Data.UtcTime": "2017-10-23 17:44:08.620",
    "EventData.Data.ProcessGuid": "{fe62ad40-29d5-59ee-0000-0010a8070800}",
    "EventData.Data.ProcessId": "5740",
    "EventData.Data.Image": "C:\\Users\\admin\\AppData\\Local\\Temp\\0020abd222c640acfdd22094a0fcd19f.EXE",
    "EventData.Data.TargetFilename": "C:\\ProgramData\\Anaconda3\\pkgs\\pywin32-221-py36heebab90_0\\Lib\\site-packages\\pythonwin\\Pythonwin.exe",
    "EventData.Data.CreationUtcTime": "2017-09-20 14:37:16.000"
}
{
    "System.Provider.Name": "Microsoft-Windows-Sysmon",
    "System.Provider.Guid": "{5770385f-c22a-43e0-bf4c-06f5698ffbd9}",
    "System.EventID.Qualifiers": "",
    "System.EventID.text": "11",
    "System.Version": "2",
    "System.Level": "4",
    "System.Task": "11",
    "System.Opcode": "0",
    "System.Keywords": "0x8000000000000000",
    "System.TimeCreated.SystemTime": "2017-10-23 17:44:10.685606",
    "System.EventRecordID": "11079",
    "System.Correlation.ActivityID": "",
    "System.Correlation.RelatedActivityID": "",
    "System.Execution.ProcessID": "536",
    "System.Execution.ThreadID": "2708",
    "System.Channel": "Microsoft-Windows-Sysmon/Operational",
    "System.Computer": "DESKTOP-GH9KMB7",
    "System.Security.UserID": "S-1-5-18",
    "EventData.Data.UtcTime": "2017-10-23 17:44:10.667",
    "EventData.Data.ProcessGuid": "{fe62ad40-29d5-59ee-0000-0010a8070800}",
    "EventData.Data.ProcessId": "5740",
    "EventData.Data.Image": "C:\\Users\\admin\\AppData\\Local\\Temp\\0020abd222c640acfdd22094a0fcd19f.EXE",
    "EventData.Data.TargetFilename": "C:\\ProgramData\\Anaconda3\\pkgs\\qt-5.6.2-vc14h6f76a7e_12\\Library\\bin\\assistant.exe",
    "EventData.Data.CreationUtcTime": "2017-09-21 14:20:25.000"
}
{
    "System.Provider.Name": "Microsoft-Windows-Sysmon",
    "System.Provider.Guid": "{5770385f-c22a-43e0-bf4c-06f5698ffbd9}",
    "System.EventID.Qualifiers": "",
    "System.EventID.text": "11",
    "System.Version": "2",
    "System.Level": "4",
    "System.Task": "11",
    "System.Opcode": "0",
    "System.Keywords": "0x8000000000000000",
    "System.TimeCreated.SystemTime": "2017-10-23 17:44:10.689075",
    "System.EventRecordID": "11080",
    "System.Correlation.ActivityID": "",
    "System.Correlation.RelatedActivityID": "",
    "System.Execution.ProcessID": "536",
    "System.Execution.ThreadID": "2708",
    "System.Channel": "Microsoft-Windows-Sysmon/Operational",
    "System.Computer": "DESKTOP-GH9KMB7",
    "System.Security.UserID": "S-1-5-18",
    "EventData.Data.UtcTime": "2017-10-23 17:44:10.682",
    "EventData.Data.ProcessGuid": "{fe62ad40-29d5-59ee-0000-0010a8070800}",
    "EventData.Data.ProcessId": "5740",
    "EventData.Data.Image": "C:\\Users\\admin\\AppData\\Local\\Temp\\0020abd222c640acfdd22094a0fcd19f.EXE",
    "EventData.Data.TargetFilename": "C:\\ProgramData\\Anaconda3\\pkgs\\qt-5.6.2-vc14h6f76a7e_12\\Library\\bin\\designer.exe",
    "EventData.Data.CreationUtcTime": "2017-09-21 14:20:50.000"
}
