{
    "System.Provider.Name": "Microsoft-Windows-Sysmon",
    "System.Provider.Guid": "{5770385f-c22a-43e0-bf4c-06f5698ffbd9}",
    "System.EventID.Qualifiers": "",
    "System.EventID.text": "11",
    "System.Version": "2",
    "System.Level": "4",
    "System.Task": "11",
    "System.Opcode": "0",
    "System.Keywords": "0x8000000000000000",
    "System.TimeCreated.SystemTime": "2017-10-23 17:50:04.335320",
    "System.EventRecordID": "11114",
    "System.Correlation.ActivityID": "",
    "System.Correlation.RelatedActivityID": "",
    "System.Execution.ProcessID": "536",
    "System.Execution.ThreadID": "2708",
    "System.Channel": "Microsoft-Windows-Sysmon/Operational",
    "System.Computer": "DESKTOP-GH9KMB7",
    "System.Security.UserID": "S-1-5-18",
    "EventData.Data.UtcTime": "2017-10-23 17:50:04.332",
    "EventData.Data.ProcessGuid": "{fe62ad40-2a74-59ee-0000-001002860a00}",
    "EventData.Data.ProcessId": "6116",
    "EventData.Data.Image": "C:\\Program Files\\Google\\Update\\GoogleUpdate.exe",
    "EventData.Data.TargetFilename": "C:\\Users\\admin\\AppData\\Local\\Temp\\0323a77a8397c26b6785b6b528f813c0.EXE",
    "EventData.Data.CreationUtcTime": "2017-10-23 14:22:32.977"
}
{
    "System.Provider.Name": "Microsoft-Windows-Sysmon",
    "System.Provider.Guid": "{5770385f-c22a-43e0-bf4c-06f5698ffbd9}",
    "System.EventID.Qualifiers": "",
    "System.EventID.text": "11",
    "System.Version": "2",
    "System.Level": "4",
    "System.Task": "11",
    "System.Opcode": "0",
    "System.Keywords": "0x8000000000000000",
    "System.TimeCreated.SystemTime": "2017-10-23 17:50:04.369967",
    "System.EventRecordID": "11115",
    "System.Correlation.ActivityID": "",
    "System.Correlation.RelatedActivityID": "",
    "System.Execution.ProcessID": "536",
    "System.Execution.ThreadID": "2708",
    "System.Channel": "Microsoft-Windows-Sysmon/Operational",
    "System.Computer": "DESKTOP-GH9KMB7",
    "System.Security.UserID": "S-1-5-18",
    "EventData.Data.UtcTime": "2017-10-23 17:50:04.363",
    "EventData.Data.ProcessGuid": "{fe62ad40-2a74-59ee-0000-001002860a00}",
    "EventData.Data.ProcessId": "6116",
    "EventData.Data.Image": "C:\\Program Files\\Google\\Update\\GoogleUpdate.exe",
    "EventData.Data.TargetFilename": "C:\\Users\\admin\\AppData\\Local\\Temp\\045776a249f1e4296bda8889133333f1.EXE",
    "EventData.Data.CreationUtcTime": "2017-10-23 14:26:27.052"
}
{
    "System.Provider.Name": "Microsoft-Windows-Sysmon",
    "System.Provider.Guid": "{5770385f-c22a-43e0-bf4c-06f5698ffbd9}",
    "System.EventID.Qualifiers": "",
    "System.EventID.text": "11",
    "System.Version": "2",
    "System.Level": "4",
    "System.Task": "11",
    "System.Opcode": "0",
    "System.Keywords": "0x8000000000000000",
    "System.TimeCreated.SystemTime": "2017-10-23 17:50:05.331789",
    "System.EventRecordID": "11116",
    "System.Correlation.ActivityID": "",
    "System.Correlation.RelatedActivityID": "",
    "System.Execution.ProcessID": "536",
    "System.Execution.ThreadID": "2708",
    "System.Channel": "Microsoft-Windows-Sysmon/Operational",
    "System.Computer": "DESKTOP-GH9KMB7",
    "System.Security.UserID": "S-1-5-18",
    "EventData.Data.UtcTime": "2017-10-23 17:50:05.316",
    "EventData.Data.ProcessGuid": "{fe62ad40-2a74-59ee-0000-001002860a00}",
    "EventData.Data.ProcessId": "6116",
    "EventData.Data.Image": "C:\\Program Files\\Google\\Update\\GoogleUpdate.exe",
    "EventData.Data.TargetFilename": "C:\\Users\\admin\\AppData\\Local\\Temp\\09f745e43fb50866fe467ec3e7572be2.EXE",
    "EventData.Data.CreationUtcTime": "2017-10-23 14:28:48.868"
}
{
    "System.Provider.Name": "Microsoft-Windows-Sysmon",
    "System.Provider.Guid": "{5770385f-c22a-43e0-bf4c-06f5698ffbd9}",
    "System.EventID.Qualifiers": "",
    "System.EventID.text": "11",
    "System.Version": "2",
    "System.Level": "4",
    "System.Task": "11",
    "System.Opcode": "0",
    "System.Keywords": "0x8000000000000000",
    "System.TimeCreated.SystemTime": "2017-10-23 17:50:06.042475",
    "System.EventRecordID": "11117",
    "System.Correlation.ActivityID": "",
    "System.Correlation.RelatedActivityID": "",
    "System.Execution.ProcessID": "536",
    "System.Execution.ThreadID": "2708",
    "System.Channel": "Microsoft-Windows-Sysmon/Operational",
    "System.Computer": "DESKTOP-GH9KMB7",
    "System.Security.UserID": "S-1-5-18",
    "EventData.Data.UtcTime": "2017-10-23 17:50:06.037",
    "EventData.Data.ProcessGuid": "{fe62ad40-29d5-59ee-0000-0010a8070800}",
    "EventData.Data.ProcessId": "5740",
    "EventData.Data.Image": "C:\\Users\\admin\\AppData\\Local\\Temp\\0020abd222c640acfdd22094a0fcd19f.EXE",
    "EventData.Data.TargetFilename": "C:\\Users\\admin\\AppData\\Local\\Temp\\08bd4f2e9753d323cc90df2d5b642403.EXE",
    "EventData.Data.CreationUtcTime": "2017-10-23 14:27:30.773"
}
{
    "System.Provider.Name": "Microsoft-Windows-Sysmon",
    "System.Provider.Guid": "{5770385f-c22a-43e0-bf4c-06f5698ffbd9}",
    "System.EventID.Qualifiers": "",
    "System.EventID.text": "11",
    "System.Version": "2",
    "System.Level": "4",
    "System.Task": "11",
    "System.Opcode": "0",
    "System.Keywords": "0x8000000000000000",
    "System.TimeCreated.SystemTime": "2017-10-23 17:50:06.086966",
    "System.EventRecordID": "11118",
    "System.Correlation.ActivityID": "",
    "System.Correlation.RelatedActivityID": "",
    "System.Execution.ProcessID": "536",
    "System.Execution.ThreadID": "2708",
    "System.Channel": "Microsoft-Windows-Sysmon/Operational",
    "System.Computer": "DESKTOP-GH9KMB7",
    "System.Security.UserID": "S-1-5-18",
    "EventData.Data.UtcTime": "2017-10-23 17:50:06.082",
    "EventData.Data.ProcessGuid": "{fe62ad40-29d5-59ee-0000-0010a8070800}",
    "EventData.Data.ProcessId": "5740",
    "EventData.Data.Image": "C:\\Users\\admin\\AppData\\Local\\Temp\\0020abd222c640acfdd22094a0fcd19f.EXE",
    "EventData.Data.TargetFilename": "C:\\Users\\admin\\AppData\\Local\\Temp\\0d2ea1899077ecbc0cd5f7ba5ed171fc.EXE",
    "EventData.Data.CreationUtcTime": "2017-10-23 14:31:21.422"
}
{
    "System.Provider.Name": "Microsoft-Windows-Sysmon",
    "System.Provider.Guid": "{5770385f-c22a-43e0-bf4c-06f5698ffbd9}",
    "System.EventID.Qualifiers": "",
    "System.EventID.text": "11",
    "System.Version": "2",
    "System.Level": "4",
    "System.Task": "11",
    "System.Opcode": "0",
    "System.Keywords": "0x8000000000000000",
    "System.TimeCreated.SystemTime": "2017-10-23 17:50:06.114382",
    "System.EventRecordID": "11119",
    "System.Correlation.ActivityID": "",
    "System.Correlation.RelatedActivityID": "",
    "System.Execution.ProcessID": "536",
    "System.Execution.ThreadID": "2708",
    "System.Channel": "Microsoft-Windows-Sysmon/Operational",
    "System.Computer": "DESKTOP-GH9KMB7",
    "System.Security.UserID": "S-1-5-18",
    "EventData.Data.UtcTime": "2017-10-23 17:50:06.113",
    "EventData.Data.ProcessGuid": "{fe62ad40-29d5-59ee-0000-0010a8070800}",
    "EventData.Data.ProcessId": "5740",
    "EventData.Data.Image": "C:\\Users\\admin\\AppData\\Local\\Temp\\0020abd222c640acfdd22094a0fcd19f.EXE",
    "EventData.Data.TargetFilename": "C:\\Users\\admin\\AppData\\Local\\Temp\\0d590121a79505e99525912206ff139f.EXE",
    "EventData.Data.CreationUtcTime": "2017-10-23 14:33:36.711"
}
{
    "System.Provider.Name": "Microsoft-Windows-Sysmon",
    "System.Provider.Guid": "{5770385f-c22a-43e0-bf4c-06f5698ffbd9}",
    "System.EventID.Qualifiers": "",
    "System.EventID.text": "11",
    "System.Version": "2",
    "System.Level": "4",
    "System.Task": "11",
    "System.Opcode": "0",
    "System.Keywords": "0x8000000000000000",
    "System.TimeCreated.SystemTime": "2017-10-23 17:50:06.338547",
    "System.EventRecordID": "11120",
    "System.Correlation.ActivityID": "",
    "System.Correlation.RelatedActivityID": "",
    "System.Execution.ProcessID": "536",
    "System.Execution.ThreadID": "2708",
    "System.Channel": "Microsoft-Windows-Sysmon/Operational",
    "System.Computer": "DESKTOP-GH9KMB7",
    "System.Security.UserID": "S-1-5-18",
    "EventData.Data.UtcTime": "2017-10-23 17:50:06.335",
    "EventData.Data.ProcessGuid": "{fe62ad40-2a74-59ee-0000-001002860a00}",
    "EventData.Data.ProcessId": "6116",
    "EventData.Data.Image": "C:\\Program Files\\Google\\Update\\GoogleUpdate.exe",
    "EventData.Data.TargetFilename": "C:\\Users\\admin\\AppData\\Local\\Temp\\0c76171bb4c17d1bf7d3a97dde7b36e8.EXE",
    "EventData.Data.CreationUtcTime": "2017-10-23 14:30:08.126"
}
{
    "System.Provider.Name": "Microsoft-Windows-Sysmon",
    "System.Provider.Guid": "{5770385f-c22a-43e0-bf4c-06f5698ffbd9}",
    "System.EventID.Qualifiers": "",
    "System.EventID.text": "11",
    "System.Version": "2",
    "System.Level": "4",
    "System.Task": "11",
    "System.Opcode": "0",
    "System.Keywords": "0x8000000000000000",
    "System.TimeCreated.SystemTime": "2017-10-23 17:50:06.390913",
    "System.EventRecordID": "11121",
    "System.Correlation.ActivityID": "",
    "System.Correlation.RelatedActivityID": "",
    "System.Execution.ProcessID": "536",
    "System.Execution.ThreadID": "2708",
    "System.Channel": "Microsoft-Windows-Sysmon/Operational",
    "System.Computer": "DESKTOP-GH9KMB7",
    "System.Security.UserID": "S-1-5-18",
    "EventData.Data.UtcTime": "2017-10-23 17:50:06.378",
    "EventData.Data.ProcessGuid": "{fe62ad40-2a74-59ee-0000-001002860a00}",
    "EventData.Data.ProcessId": "6116",
    "EventData.Data.Image": "C:\\Program Files\\Google\\Update\\GoogleUpdate.exe",
    "EventData.Data.TargetFilename": "C:\\Users\\admin\\AppData\\Local\\Temp\\0dc8a768452d924804fc8704ebe2e469.EXE",
    "EventData.Data.CreationUtcTime": "2017-10-23 14:35:58.180"
}
{
    "System.Provider.Name": "Microsoft-Windows-Sysmon",
    "System.Provider.Guid": "{5770385f-c22a-43e0-bf4c-06f5698ffbd9}",
    "System.EventID.Qualifiers": "",
    "System.EventID.text": "11",
    "System.Version": "2",
    "System.Level": "4",
    "System.Task": "11",
    "System.Opcode": "0",
    "System.Keywords": "0x8000000000000000",
    "System.TimeCreated.SystemTime": "2017-10-23 17:50:07.153418",
    "System.EventRecordID": "11122",
    "System.Correlation.ActivityID": "",
    "System.Correlation.RelatedActivityID": "",
    "System.Execution.ProcessID": "536",
    "System.Execution.ThreadID": "2708",
    "System.Channel": "Microsoft-Windows-Sysmon/Operational",
    "System.Computer": "DESKTOP-GH9KMB7",
    "System.Security.UserID": "S-1-5-18",
    "EventData.Data.UtcTime": "2017-10-23 17:50:07.144",
    "EventData.Data.ProcessGuid": "{fe62ad40-29d5-59ee-0000-0010a8070800}",
    "EventData.Data.ProcessId": "5740",
    "EventData.Data.Image": "C:\\Users\\admin\\AppData\\Local\\Temp\\0020abd222c640acfdd22094a0fcd19f.EXE",
    "EventData.Data.TargetFilename": "C:\\Users\\admin\\AppData\\Local\\Temp\\13a83abd70b960a7c1b0d810c27bed20.EXE",
    "EventData.Data.CreationUtcTime": "2017-10-23 14:45:09.230"
}
{
    "System.Provider.Name": "Microsoft-Windows-Sysmon",
    "System.Provider.Guid": "{5770385f-c22a-43e0-bf4c-06f5698ffbd9}",
    "System.EventID.Qualifiers": "",
    "System.EventID.text": "11",
    "System.Version": "2",
    "System.Level": "4",
    "System.Task": "11",
    "System.Opcode": "0",
    "System.Keywords": "0x8000000000000000",
    "System.TimeCreated.SystemTime": "2017-10-23 17:50:07.352364",
    "System.EventRecordID": "11123",
    "System.Correlation.ActivityID": "",
    "System.Correlation.RelatedActivityID": "",
    "System.Execution.ProcessID": "536",
    "System.Execution.ThreadID": "2708",
    "System.Channel": "Microsoft-Windows-Sysmon/Operational",
    "System.Computer": "DESKTOP-GH9KMB7",
    "System.Security.UserID": "S-1-5-18",
    "EventData.Data.UtcTime": "2017-10-23 17:50:07.347",
    "EventData.Data.ProcessGuid": "{fe62ad40-2a74-59ee-0000-001002860a00}",
    "EventData.Data.ProcessId": "6116",
    "EventData.Data.Image": "C:\\Program Files\\Google\\Update\\GoogleUpdate.exe",
    "EventData.Data.TargetFilename": "C:\\Users\\admin\\AppData\\Local\\Temp\\11bf374ba514d1c9e64b82e52cab964d.EXE",
    "EventData.Data.CreationUtcTime": "2017-10-23 14:42:40.228"
}
{
    "System.Provider.Name": "Microsoft-Windows-Sysmon",
    "System.Provider.Guid": "{5770385f-c22a-43e0-bf4c-06f5698ffbd9}",
    "System.EventID.Qualifiers": "",
    "System.EventID.text": "11",
    "System.Version": "2",
    "System.Level": "4",
    "System.Task": "11",
    "System.Opcode": "0",
    "System.Keywords": "0x8000000000000000",
    "System.TimeCreated.SystemTime": "2017-10-23 17:50:07.423862",
    "System.EventRecordID": "11124",
    "System.Correlation.ActivityID": "",
    "System.Correlation.RelatedActivityID": "",
    "System.Execution.ProcessID": "536",
    "System.Execution.ThreadID": "2708",
    "System.Channel": "Microsoft-Windows-Sysmon/Operational",
    "System.Computer": "DESKTOP-GH9KMB7",
    "System.Security.UserID": "S-1-5-18",
    "EventData.Data.UtcTime": "2017-10-23 17:50:07.410",
    "EventData.Data.ProcessGuid": "{fe62ad40-2a74-59ee-0000-001002860a00}",
    "EventData.Data.ProcessId": "6116",
    "EventData.Data.Image": "C:\\Program Files\\Google\\Update\\GoogleUpdate.exe",
    "EventData.Data.TargetFilename": "C:\\Users\\admin\\AppData\\Local\\Temp\\13b522a663eff1171f99c287eb787465.EXE",
    "EventData.Data.CreationUtcTime": "2017-10-23 14:47:14.800"
}
{
    "System.Provider.Name": "Microsoft-Windows-Sysmon",
    "System.Provider.Guid": "{5770385f-c22a-43e0-bf4c-06f5698ffbd9}",
    "System.EventID.Qualifiers": "",
    "System.EventID.text": "11",
    "System.Version": "2",
    "System.Level": "4",
    "System.Task": "11",
    "System.Opcode": "0",
    "System.Keywords": "0x8000000000000000",
    "System.TimeCreated.SystemTime": "2017-10-23 17:50:08.153036",
    "System.EventRecordID": "11125",
    "System.Correlation.ActivityID": "",
    "System.Correlation.RelatedActivityID": "",
    "System.Execution.ProcessID": "536",
    "System.Execution.ThreadID": "2708",
    "System.Channel": "Microsoft-Windows-Sysmon/Operational",
    "System.Computer": "DESKTOP-GH9KMB7",
    "System.Security.UserID": "S-1-5-18",
    "EventData.Data.UtcTime": "2017-10-23 17:50:08.149",
    "EventData.Data.ProcessGuid": "{fe62ad40-29d5-59ee-0000-0010a8070800}",
    "EventData.Data.ProcessId": "5740",
    "EventData.Data.Image": "C:\\Users\\admin\\AppData\\Local\\Temp\\0020abd222c640acfdd22094a0fcd19f.EXE",
    "EventData.Data.TargetFilename": "C:\\Users\\admin\\AppData\\Local\\Temp\\14d304ebd2d9f5058f8ae0fc73098370.EXE",
    "EventData.Data.CreationUtcTime": "2017-10-23 14:52:05.897"
}
{
    "System.Provider.Name": "Microsoft-Windows-Sysmon",
    "System.Provider.Guid": "{5770385f-c22a-43e0-bf4c-06f5698ffbd9}",
    "System.EventID.Qualifiers": "",
    "System.EventID.text": "11",
    "System.Version": "2",
    "System.Level": "4",
    "System.Task": "11",
    "System.Opcode": "0",
    "System.Keywords": "0x8000000000000000",
    "System.TimeCreated.SystemTime": "2017-10-23 17:50:08.388073",
    "System.EventRecordID": "11126",
    "System.Correlation.ActivityID": "",
    "System.Correlation.RelatedActivityID": "",
    "System.Execution.ProcessID": "536",
    "System.Execution.ThreadID": "2708",
    "System.Channel": "Microsoft-Windows-Sysmon/Operational",
    "System.Computer": "DESKTOP-GH9KMB7",
    "System.Security.UserID": "S-1-5-18",
    "EventData.Data.UtcTime": "2017-10-23 17:50:08.378",
    "EventData.Data.ProcessGuid": "{fe62ad40-2a74-59ee-0000-001002860a00}",
    "EventData.Data.ProcessId": "6116",
    "EventData.Data.Image": "C:\\Program Files\\Google\\Update\\GoogleUpdate.exe",
    "EventData.Data.TargetFilename": "C:\\Users\\admin\\AppData\\Local\\Temp\\15313d67d9c1eadc042d4d989b93ab73.EXE",
    "EventData.Data.CreationUtcTime": "2017-10-23 14:53:13.506"
}
{
    "System.Provider.Name": "Microsoft-Windows-Sysmon",
    "System.Provider.Guid": "{5770385f-c22a-43e0-bf4c-06f5698ffbd9}",
    "System.EventID.Qualifiers": "",
    "System.EventID.text": "11",
    "System.Version": "2",
    "System.Level": "4",
    "System.Task": "11",
    "System.Opcode": "0",
    "System.Keywords": "0x8000000000000000",
    "System.TimeCreated.SystemTime": "2017-10-23 17:50:10.255701",
    "System.EventRecordID": "11127",
    "System.Correlation.ActivityID": "",
    "System.Correlation.RelatedActivityID": "",
    "System.Execution.ProcessID": "536",
    "System.Execution.ThreadID": "2708",
    "System.Channel": "Microsoft-Windows-Sysmon/Operational",
    "System.Computer": "DESKTOP-GH9KMB7",
    "System.Security.UserID": "S-1-5-18",
    "EventData.Data.UtcTime": "2017-10-23 17:50:10.253",
    "EventData.Data.ProcessGuid": "{fe62ad40-29d5-59ee-0000-0010a8070800}",
    "EventData.Data.ProcessId": "5740",
    "EventData.Data.Image": "C:\\Users\\admin\\AppData\\Local\\Temp\\0020abd222c640acfdd22094a0fcd19f.EXE",
    "EventData.Data.TargetFilename": "C:\\Users\\admin\\AppData\\Local\\Microsoft\\OneDrive\\OneDriveStandaloneUpdater.exe",
    "EventData.Data.CreationUtcTime": "2017-10-19 18:45:59.613"
}
{
    "System.Provider.Name": "Microsoft-Windows-Sysmon",
    "System.Provider.Guid": "{5770385f-c22a-43e0-bf4c-06f5698ffbd9}",
    "System.EventID.Qualifiers": "",
    "System.EventID.text": "11",
    "System.Version": "2",
    "System.Level": "4",
    "System.Task": "11",
    "System.Opcode": "0",
    "System.Keywords": "0x8000000000000000",
    "System.TimeCreated.SystemTime": "2017-10-23 17:50:10.485746",
    "System.EventRecordID": "11128",
    "System.Correlation.ActivityID": "",
    "System.Correlation.RelatedActivityID": "",
    "System.Execution.ProcessID": "536",
    "System.Execution.ThreadID": "2708",
    "System.Channel": "Microsoft-Windows-Sysmon/Operational",
    "System.Computer": "DESKTOP-GH9KMB7",
    "System.Security.UserID": "S-1-5-18",
    "EventData.Data.UtcTime": "2017-10-23 17:50:10.474",
    "EventData.Data.ProcessGuid": "{fe62ad40-2a74-59ee-0000-001002860a00}",
    "EventData.Data.ProcessId": "6116",
    "EventData.Data.Image": "C:\\Program Files\\Google\\Update\\GoogleUpdate.exe",
    "EventData.Data.TargetFilename": "C:\\Users\\admin\\AppData\\Local\\Microsoft\\OneDrive\\17.3.7073.1013\\FileCoAuth.exe",
    "EventData.Data.CreationUtcTime": "2017-10-20 19:26:41.020"
}
{
    "System.Provider.Name": "Microsoft-Windows-Sysmon",
    "System.Provider.Guid": "{5770385f-c22a-43e0-bf4c-06f5698ffbd9}",
    "System.EventID.Qualifiers": "",
    "System.EventID.text": "11",
    "System.Version": "2",
    "System.Level": "4",
    "System.Task": "11",
    "System.Opcode": "0",
    "System.Keywords": "0x8000000000000000",
    "System.TimeCreated.SystemTime": "2017-10-23 17:50:10.509254",
    "System.EventRecordID": "11129",
    "System.Correlation.ActivityID": "",
    "System.Correlation.RelatedActivityID": "",
    "System.Execution.ProcessID": "536",
    "System.Execution.ThreadID": "2708",
    "System.Channel": "Microsoft-Windows-Sysmon/Operational",
    "System.Computer": "DESKTOP-GH9KMB7",
    "System.Security.UserID": "S-1-5-18",
    "EventData.Data.UtcTime": "2017-10-23 17:50:10.504",
    "EventData.Data.ProcessGuid": "{fe62ad40-2a74-59ee-0000-001002860a00}",
    "EventData.Data.ProcessId": "6116",
    "EventData.Data.Image": "C:\\Program Files\\Google\\Update\\GoogleUpdate.exe",
    "EventData.Data.TargetFilename": "C:\\Users\\admin\\AppData\\Local\\Microsoft\\OneDrive\\17.3.7073.1013\\FileSyncConfig.exe",
    "EventData.Data.CreationUtcTime": "2017-10-20 19:26:42.143"
}
{
    "System.Provider.Name": "Microsoft-Windows-Sysmon",
    "System.Provider.Guid": "{5770385f-c22a-43e0-bf4c-06f5698ffbd9}",
    "System.EventID.Qualifiers": "",
    "System.EventID.text": "11",
    "System.Version": "2",
    "System.Level": "4",
    "System.Task": "11",
    "System.Opcode": "0",
    "System.Keywords": "0x8000000000000000",
    "System.TimeCreated.SystemTime": "2017-10-23 17:50:11.447296",
    "System.EventRecordID": "11130",
    "System.Correlation.ActivityID": "",
    "System.Correlation.RelatedActivityID": "",
    "System.Execution.ProcessID": "536",
    "System.Execution.ThreadID": "2708",
    "System.Channel": "Microsoft-Windows-Sysmon/Operational",
    "System.Computer": "DESKTOP-GH9KMB7",
    "System.Security.UserID": "S-1-5-18",
    "EventData.Data.UtcTime": "2017-10-23 17:50:11.441",
    "EventData.Data.ProcessGuid": "{fe62ad40-2a74-59ee-0000-001002860a00}",
    "EventData.Data.ProcessId": "6116",
    "EventData.Data.Image": "C:\\Program Files\\Google\\Update\\GoogleUpdate.exe",
    "EventData.Data.TargetFilename": "C:\\Users\\admin\\AppData\\Local\\Microsoft\\OneDrive\\17.3.7073.1013\\OneDriveSetup.exe",
    "EventData.Data.CreationUtcTime": "2017-10-20 19:28:10.695"
}
{
    "System.Provider.Name": "Microsoft-Windows-Sysmon",
    "System.Provider.Guid": "{5770385f-c22a-43e0-bf4c-06f5698ffbd9}",
    "System.EventID.Qualifiers": "",
    "System.EventID.text": "11",
    "System.Version": "2",
    "System.Level": "4",
    "System.Task": "11",
    "System.Opcode": "0",
    "System.Keywords": "0x8000000000000000",
    "System.TimeCreated.SystemTime": "2017-10-23 17:50:25.505959",
    "System.EventRecordID": "11131",
    "System.Correlation.ActivityID": "",
    "System.Correlation.RelatedActivityID": "",
    "System.Execution.ProcessID": "536",
    "System.Execution.ThreadID": "2708",
    "System.Channel": "Microsoft-Windows-Sysmon/Operational",
    "System.Computer": "DESKTOP-GH9KMB7",
    "System.Security.UserID": "S-1-5-18",
    "EventData.Data.UtcTime": "2017-10-23 17:50:25.488",
    "EventData.Data.ProcessGuid": "{fe62ad40-29d5-59ee-0000-0010a8070800}",
    "EventData.Data.ProcessId": "5740",
    "EventData.Data.Image": "C:\\Users\\admin\\AppData\\Local\\Temp\\0020abd222c640acfdd22094a0fcd19f.EXE",
    "EventData.Data.TargetFilename": "C:\\Users\\admin\\AppData\\Local\\Temp\\vmware-admin\\VMwareDnD\\527cf9e7\\AcroRdrDC1701220093_en_US.exe",
    "EventData.Data.CreationUtcTime": "2017-10-22 14:58:02.000"
}
{
    "System.Provider.Name": "Microsoft-Windows-Sysmon",
    "System.Provider.Guid": "{5770385f-c22a-43e0-bf4c-06f5698ffbd9}",
    "System.EventID.Qualifiers": "",
    "System.EventID.text": "1",
    "System.Version": "5",
    "System.Level": "4",
    "System.Task": "1",
    "System.Opcode": "0",
    "System.Keywords": "0x8000000000000000",
    "System.TimeCreated.SystemTime": "2017-10-23 17:50:28.446459",
    "System.EventRecordID": "11132",
    "System.Correlation.ActivityID": "",
    "System.Correlation.RelatedActivityID": "",
    "System.Execution.ProcessID": "536",
    "System.Execution.ThreadID": "2708",
    "System.Channel": "Microsoft-Windows-Sysmon/Operational",
    "System.Computer": "DESKTOP-GH9KMB7",
    "System.Security.UserID": "S-1-5-18",
    "EventData.Data.UtcTime": "2017-10-23 17:50:28.437",
    "EventData.Data.ProcessGuid": "{fe62ad40-2be4-59ee-0000-001073e01400}",
    "EventData.Data.ProcessId": "3188",
    "EventData.Data.Image": "C:\\Windows\\System32\\svchost.exe",
    "EventData.Data.CommandLine": "C:\\Windows\\system32\\svchost.exe -k wsappx -p",
    "EventData.Data.CurrentDirectory": "C:\\Windows\\system32\\",
    "EventData.Data.User": "NT AUTHORITY\\SYSTEM",
    "EventData.Data.LogonGuid": "{fe62ad40-297e-59ee-0000-0020e7030000}",
    "EventData.Data.LogonId": "0x00000000000003e7",
    "EventData.Data.TerminalSessionId": "0",
    "EventData.Data.IntegrityLevel": "System",
    "EventData.Data.Hashes": "MD5=15556928CB0E9F74F4036411D8CC111E,SHA256=1030CE4102DAC701FAB043E40444E8F6C96C8C04B5BD512A59E1A4999D22B38C",
    "EventData.Data.ParentProcessGuid": "{fe62ad40-297e-59ee-0000-00109a8b0000}",
    "EventData.Data.ParentProcessId": "812",
    "EventData.Data.ParentImage": "C:\\Windows\\System32\\services.exe",
    "EventData.Data.ParentCommandLine": "C:\\Windows\\system32\\services.exe"
}
{
    "System.Provider.Name": "Microsoft-Windows-Sysmon",
    "System.Provider.Guid": "{5770385f-c22a-43e0-bf4c-06f5698ffbd9}",
    "System.EventID.Qualifiers": "",
    "System.EventID.text": "11",
    "System.Version": "2",
    "System.Level": "4",
    "System.Task": "11",
    "System.Opcode": "0",
    "System.Keywords": "0x8000000000000000",
    "System.TimeCreated.SystemTime": "2017-10-23 17:50:30.067636",
    "System.EventRecordID": "11133",
    "System.Correlation.ActivityID": "",
    "System.Correlation.RelatedActivityID": "",
    "System.Execution.ProcessID": "536",
    "System.Execution.ThreadID": "2708",
    "System.Channel": "Microsoft-Windows-Sysmon/Operational",
    "System.Computer": "DESKTOP-GH9KMB7",
    "System.Security.UserID": "S-1-5-18",
    "EventData.Data.UtcTime": "2017-10-23 17:50:30.066",
    "EventData.Data.ProcessGuid": "{fe62ad40-2a74-59ee-0000-001002860a00}",
    "EventData.Data.ProcessId": "6116",
    "EventData.Data.Image": "C:\\Program Files\\Google\\Update\\GoogleUpdate.exe",
    "EventData.Data.TargetFilename": "C:\\Users\\admin\\AppData\\Local\\Temp\\vmware-admin\\VMwareDnD\\527cf9e7\\Firefox Setup 56.0.1.exe",
    "EventData.Data.CreationUtcTime": "2017-10-22 14:57:58.000"
}
{
    "System.Provider.Name": "Microsoft-Windows-Sysmon",
    "System.Provider.Guid": "{5770385f-c22a-43e0-bf4c-06f5698ffbd9}",
    "System.EventID.Qualifiers": "",
    "System.EventID.text": "11",
    "System.Version": "2",
    "System.Level": "4",
    "System.Task": "11",
    "System.Opcode": "0",
    "System.Keywords": "0x8000000000000000",
    "System.TimeCreated.SystemTime": "2017-10-23 17:50:40.970997",
    "System.EventRecordID": "11134",
    "System.Correlation.ActivityID": "",
    "System.Correlation.RelatedActivityID": "",
    "System.Execution.ProcessID": "536",
    "System.Execution.ThreadID": "2708",
    "System.Channel": "Microsoft-Windows-Sysmon/Operational",
    "System.Computer": "DESKTOP-GH9KMB7",
    "System.Security.UserID": "S-1-5-18",
    "EventData.Data.UtcTime": "2017-10-23 17:50:40.957",
    "EventData.Data.ProcessGuid": "{fe62ad40-29d5-59ee-0000-0010a8070800}",
    "EventData.Data.ProcessId": "5740",
    "EventData.Data.Image": "C:\\Users\\admin\\AppData\\Local\\Temp\\0020abd222c640acfdd22094a0fcd19f.EXE",
    "EventData.Data.TargetFilename": "C:\\Users\\admin\\AppData\\Local\\Temp\\vmware-admin\\VMwareDnD\\527cf9e7\\install_flash_player.exe",
    "EventData.Data.CreationUtcTime": "2017-10-22 14:58:03.000"
}
{
    "System.Provider.Name": "Microsoft-Windows-Sysmon",
    "System.Provider.Guid": "{5770385f-c22a-43e0-bf4c-06f5698ffbd9}",
    "System.EventID.Qualifiers": "",
    "System.EventID.text": "11",
    "System.Version": "2",
    "System.Level": "4",
    "System.Task": "11",
    "System.Opcode": "0",
    "System.Keywords": "0x8000000000000000",
    "System.TimeCreated.SystemTime": "2017-10-23 17:50:43.119545",
    "System.EventRecordID": "11135",
    "System.Correlation.ActivityID": "",
    "System.Correlation.RelatedActivityID": "",
    "System.Execution.ProcessID": "536",
    "System.Execution.ThreadID": "2708",
    "System.Channel": "Microsoft-Windows-Sysmon/Operational",
    "System.Computer": "DESKTOP-GH9KMB7",
    "System.Security.UserID": "S-1-5-18",
    "EventData.Data.UtcTime": "2017-10-23 17:50:43.113",
    "EventData.Data.ProcessGuid": "{fe62ad40-29d5-59ee-0000-0010a8070800}",
    "EventData.Data.ProcessId": "5740",
    "EventData.Data.Image": "C:\\Users\\admin\\AppData\\Local\\Temp\\0020abd222c640acfdd22094a0fcd19f.EXE",
    "EventData.Data.TargetFilename": "C:\\Users\\admin\\AppData\\Local\\Temp\\vmware-admin\\VMwareDnD\\527cf9e7\\install_flash_player_ppapi.exe",
    "EventData.Data.CreationUtcTime": "2017-10-22 14:58:03.000"
}
{
    "System.Provider.Name": "Microsoft-Windows-Sysmon",
    "System.Provider.Guid": "{5770385f-c22a-43e0-bf4c-06f5698ffbd9}",
    "System.EventID.Qualifiers": "",
    "System.EventID.text": "11",
    "System.Version": "2",
    "System.Level": "4",
    "System.Task": "11",
    "System.Opcode": "0",
    "System.Keywords": "0x8000000000000000",
    "System.TimeCreated.SystemTime": "2017-10-23 17:50:46.167133",
    "System.EventRecordID": "11136",
    "System.Correlation.ActivityID": "",
    "System.Correlation.RelatedActivityID": "",
    "System.Execution.ProcessID": "536",
    "System.Execution.ThreadID": "2708",
    "System.Channel": "Microsoft-Windows-Sysmon/Operational",
    "System.Computer": "DESKTOP-GH9KMB7",
    "System.Security.UserID": "S-1-5-18",
    "EventData.Data.UtcTime": "2017-10-23 17:50:46.160",
    "EventData.Data.ProcessGuid": "{fe62ad40-29d5-59ee-0000-0010a8070800}",
    "EventData.Data.ProcessId": "5740",
    "EventData.Data.Image": "C:\\Users\\admin\\AppData\\Local\\Temp\\0020abd222c640acfdd22094a0fcd19f.EXE",
    "EventData.Data.TargetFilename": "C:\\Users\\admin\\AppData\\Local\\Temp\\vmware-admin\\VMwareDnD\\527cf9e7\\jre-8u151-windows-i586.exe",
    "EventData.Data.CreationUtcTime": "2017-10-22 14:58:00.000"
}
{
    "System.Provider.Name": "Microsoft-Windows-Sysmon",
    "System.Provider.Guid": "{5770385f-c22a-43e0-bf4c-06f5698ffbd9}",
    "System.EventID.Qualifiers": "",
    "System.EventID.text": "1",
    "System.Version": "5",
    "System.Level": "4",
    "System.Task": "1",
    "System.Opcode": "0",
    "System.Keywords": "0x8000000000000000",
    "System.TimeCreated.SystemTime": "2017-10-23 17:51:12.409468",
    "System.EventRecordID": "11137",
    "System.Correlation.ActivityID": "",
    "System.Correlation.RelatedActivityID": "",
    "System.Execution.ProcessID": "536",
    "System.Execution.ThreadID": "2708",
    "System.Channel": "Microsoft-Windows-Sysmon/Operational",
    "System.Computer": "DESKTOP-GH9KMB7",
    "System.Security.UserID": "S-1-5-18",
    "EventData.Data.UtcTime": "2017-10-23 17:51:12.405",
    "EventData.Data.ProcessGuid": "{fe62ad40-2c10-59ee-0000-00107f4a1500}",
    "EventData.Data.ProcessId": "4648",
    "EventData.Data.Image": "C:\\Windows\\System32\\provtool.exe",
    "EventData.Data.CommandLine": "C:\\Windows\\system32\\ProvTool.exe /turn 5 /source LogonIdleTask",
    "EventData.Data.CurrentDirectory": "C:\\Windows\\system32\\",
    "EventData.Data.User": "NT AUTHORITY\\SYSTEM",
    "EventData.Data.LogonGuid": "{fe62ad40-297e-59ee-0000-0020e7030000}",
    "EventData.Data.LogonId": "0x00000000000003e7",
    "EventData.Data.TerminalSessionId": "0",
    "EventData.Data.IntegrityLevel": "System",
    "EventData.Data.Hashes": "MD5=897AF21D4F49E3BE301304EA24D2A16E,SHA256=2947B852B6D673844F5138947066151C66ED0819699499509E1674A5398C4AAC",
    "EventData.Data.ParentProcessGuid": "{fe62ad40-2980-59ee-0000-0010241d0100}",
    "EventData.Data.ParentProcessId": "1264",
    "EventData.Data.ParentImage": "C:\\Windows\\System32\\svchost.exe",
    "EventData.Data.ParentCommandLine": "C:\\Windows\\system32\\svchost.exe -k netsvcs -p"
}
{
    "System.Provider.Name": "Microsoft-Windows-Sysmon",
    "System.Provider.Guid": "{5770385f-c22a-43e0-bf4c-06f5698ffbd9}",
    "System.EventID.Qualifiers": "",
    "System.EventID.text": "1",
    "System.Version": "5",
    "System.Level": "4",
    "System.Task": "1",
    "System.Opcode": "0",
    "System.Keywords": "0x8000000000000000",
    "System.TimeCreated.SystemTime": "2017-10-23 17:51:12.429676",
    "System.EventRecordID": "11138",
    "System.Correlation.ActivityID": "",
    "System.Correlation.RelatedActivityID": "",
    "System.Execution.ProcessID": "536",
    "System.Execution.ThreadID": "2708",
    "System.Channel": "Microsoft-Windows-Sysmon/Operational",
    "System.Computer": "DESKTOP-GH9KMB7",
    "System.Security.UserID": "S-1-5-18",
    "EventData.Data.UtcTime": "2017-10-23 17:51:12.425",
    "EventData.Data.ProcessGuid": "{fe62ad40-2c10-59ee-0000-0010414b1500}",
    "EventData.Data.ProcessId": "3072",
    "EventData.Data.Image": "C:\\Windows\\System32\\taskhostw.exe",
    "EventData.Data.CommandLine": "taskhostw.exe -IntegrityCheck",
    "EventData.Data.CurrentDirectory": "C:\\Windows\\system32\\",
    "EventData.Data.User": "NT AUTHORITY\\SYSTEM",
    "EventData.Data.LogonGuid": "{fe62ad40-297e-59ee-0000-0020e7030000}",
    "EventData.Data.LogonId": "0x00000000000003e7",
    "EventData.Data.TerminalSessionId": "0",
    "EventData.Data.IntegrityLevel": "System",
    "EventData.Data.Hashes": "MD5=8BE99F1A9B787853F9B97AE6F8BD7B91,SHA256=8DDAD6B0FABE792B419E42103864F96119C078897D803B8EB4BE0DA44FD6F16E",
    "EventData.Data.ParentProcessGuid": "{fe62ad40-2980-59ee-0000-0010241d0100}",
    "EventData.Data.ParentProcessId": "1264",
    "EventData.Data.ParentImage": "C:\\Windows\\System32\\svchost.exe",
    "EventData.Data.ParentCommandLine": "C:\\Windows\\system32\\svchost.exe -k netsvcs -p"
}
{
    "System.Provider.Name": "Microsoft-Windows-Sysmon",
    "System.Provider.Guid": "{5770385f-c22a-43e0-bf4c-06f5698ffbd9}",
    "System.EventID.Qualifiers": "",
    "System.EventID.text": "1",
    "System.Version": "5",
    "System.Level": "4",
    "System.Task": "1",
    "System.Opcode": "0",
    "System.Keywords": "0x8000000000000000",
    "System.TimeCreated.SystemTime": "2017-10-23 17:51:13.250469",
    "System.EventRecordID": "11139",
    "System.Correlation.ActivityID": "",
    "System.Correlation.RelatedActivityID": "",
    "System.Execution.ProcessID": "536",
    "System.Execution.ThreadID": "2708",
    "System.Channel": "Microsoft-Windows-Sysmon/Operational",
    "System.Computer": "DESKTOP-GH9KMB7",
    "System.Security.UserID": "S-1-5-18",
    "EventData.Data.UtcTime": "2017-10-23 17:51:13.240",
    "EventData.Data.ProcessGuid": "{fe62ad40-2c11-59ee-0000-001031691500}",
    "EventData.Data.ProcessId": "2524",
    "EventData.Data.Image": "C:\\Windows\\System32\\Defrag.exe",
    "EventData.Data.CommandLine": "\"C:\\Windows\\system32\\defrag.exe\" -p 474 -s 0000065C -b C:",
    "EventData.Data.CurrentDirectory": "C:\\Windows\\system32\\",
    "EventData.Data.User": "NT AUTHORITY\\SYSTEM",
    "EventData.Data.LogonGuid": "{fe62ad40-297e-59ee-0000-0020e7030000}",
    "EventData.Data.LogonId": "0x00000000000003e7",
    "EventData.Data.TerminalSessionId": "0",
    "EventData.Data.IntegrityLevel": "System",
    "EventData.Data.Hashes": "MD5=3F1DB41DF4A7A152DAF4E4EDF0B2635F,SHA256=CE11C3E4ADA6350EA2D0C9C469F65BFB1598CFE5552ACF1714A6E14FA95CCF06",
    "EventData.Data.ParentProcessGuid": "{fe62ad40-2980-59ee-0000-0010a4100100}",
    "EventData.Data.ParentProcessId": "1140",
    "EventData.Data.ParentImage": "C:\\Windows\\System32\\svchost.exe",
    "EventData.Data.ParentCommandLine": "C:\\Windows\\System32\\svchost.exe -k LocalSystemNetworkRestricted -p"
}
