{
    "System.Provider.Name": "Microsoft-Windows-Sysmon",
    "System.Provider.Guid": "{5770385f-c22a-43e0-bf4c-06f5698ffbd9}",
    "System.EventID.Qualifiers": "",
    "System.EventID.text": "11",
    "System.Version": "2",
    "System.Level": "4",
    "System.Task": "11",
    "System.Opcode": "0",
    "System.Keywords": "0x8000000000000000",
    "System.TimeCreated.SystemTime": "2017-10-23 17:44:10.697613",
    "System.EventRecordID": "11081",
    "System.Correlation.ActivityID": "",
    "System.Correlation.RelatedActivityID": "",
    "System.Execution.ProcessID": "536",
    "System.Execution.ThreadID": "2708",
    "System.Channel": "Microsoft-Windows-Sysmon/Operational",
    "System.Computer": "DESKTOP-GH9KMB7",
    "System.Security.UserID": "S-1-5-18",
    "EventData.Data.UtcTime": "2017-10-23 17:44:10.682",
    "EventData.Data.ProcessGuid": "{fe62ad40-29d5-59ee-0000-0010a8070800}",
    "EventData.Data.ProcessId": "5740",
    "EventData.Data.Image": "C:\\Users\\admin\\AppData\\Local\\Temp\\0020abd222c640acfdd22094a0fcd19f.EXE",
    "EventData.Data.TargetFilename": "C:\\ProgramData\\Anaconda3\\pkgs\\qt-5.6.2-vc14h6f76a7e_12\\Library\\bin\\linguist.exe",
    "EventData.Data.CreationUtcTime": "2017-09-21 14:21:04.000"
}
{
    "System.Provider.Name": "Microsoft-Windows-Sysmon",
    "System.Provider.Guid": "{5770385f-c22a-43e0-bf4c-06f5698ffbd9}",
    "System.EventID.Qualifiers": "",
    "System.EventID.text": "11",
    "System.Version": "2",
    "System.Level": "4",
    "System.Task": "11",
    "System.Opcode": "0",
    "System.Keywords": "0x8000000000000000",
    "System.TimeCreated.SystemTime": "2017-10-23 17:44:10.718307",
    "System.EventRecordID": "11082",
    "System.Correlation.ActivityID": "",
    "System.Correlation.RelatedActivityID": "",
    "System.Execution.ProcessID": "536",
    "System.Execution.ThreadID": "2708",
    "System.Channel": "Microsoft-Windows-Sysmon/Operational",
    "System.Computer": "DESKTOP-GH9KMB7",
    "System.Security.UserID": "S-1-5-18",
    "EventData.Data.UtcTime": "2017-10-23 17:44:10.714",
    "EventData.Data.ProcessGuid": "{fe62ad40-29d5-59ee-0000-0010a8070800}",
    "EventData.Data.ProcessId": "5740",
    "EventData.Data.Image": "C:\\Users\\admin\\AppData\\Local\\Temp\\0020abd222c640acfdd22094a0fcd19f.EXE",
    "EventData.Data.TargetFilename": "C:\\ProgramData\\Anaconda3\\pkgs\\qt-5.6.2-vc14h6f76a7e_12\\Library\\bin\\pixeltool.exe",
    "EventData.Data.CreationUtcTime": "2017-09-21 14:19:37.000"
}
{
    "System.Provider.Name": "Microsoft-Windows-Sysmon",
    "System.Provider.Guid": "{5770385f-c22a-43e0-bf4c-06f5698ffbd9}",
    "System.EventID.Qualifiers": "",
    "System.EventID.text": "11",
    "System.Version": "2",
    "System.Level": "4",
    "System.Task": "11",
    "System.Opcode": "0",
    "System.Keywords": "0x8000000000000000",
    "System.TimeCreated.SystemTime": "2017-10-23 17:44:10.723204",
    "System.EventRecordID": "11083",
    "System.Correlation.ActivityID": "",
    "System.Correlation.RelatedActivityID": "",
    "System.Execution.ProcessID": "536",
    "System.Execution.ThreadID": "2708",
    "System.Channel": "Microsoft-Windows-Sysmon/Operational",
    "System.Computer": "DESKTOP-GH9KMB7",
    "System.Security.UserID": "S-1-5-18",
    "EventData.Data.UtcTime": "2017-10-23 17:44:10.714",
    "EventData.Data.ProcessGuid": "{fe62ad40-29d5-59ee-0000-0010a8070800}",
    "EventData.Data.ProcessId": "5740",
    "EventData.Data.Image": "C:\\Users\\admin\\AppData\\Local\\Temp\\0020abd222c640acfdd22094a0fcd19f.EXE",
    "EventData.Data.TargetFilename": "C:\\ProgramData\\Anaconda3\\pkgs\\qt-5.6.2-vc14h6f76a7e_12\\Library\\bin\\qdbusviewer.exe",
    "EventData.Data.CreationUtcTime": "2017-09-21 14:19:45.000"
}
{
    "System.Provider.Name": "Microsoft-Windows-Sysmon",
    "System.Provider.Guid": "{5770385f-c22a-43e0-bf4c-06f5698ffbd9}",
    "System.EventID.Qualifiers": "",
    "System.EventID.text": "11",
    "System.Version": "2",
    "System.Level": "4",
    "System.Task": "11",
    "System.Opcode": "0",
    "System.Keywords": "0x8000000000000000",
    "System.TimeCreated.SystemTime": "2017-10-23 17:44:10.731356",
    "System.EventRecordID": "11084",
    "System.Correlation.ActivityID": "",
    "System.Correlation.RelatedActivityID": "",
    "System.Execution.ProcessID": "536",
    "System.Execution.ThreadID": "2708",
    "System.Channel": "Microsoft-Windows-Sysmon/Operational",
    "System.Computer": "DESKTOP-GH9KMB7",
    "System.Security.UserID": "S-1-5-18",
    "EventData.Data.UtcTime": "2017-10-23 17:44:10.729",
    "EventData.Data.ProcessGuid": "{fe62ad40-29d5-59ee-0000-0010a8070800}",
    "EventData.Data.ProcessId": "5740",
    "EventData.Data.Image": "C:\\Users\\admin\\AppData\\Local\\Temp\\0020abd222c640acfdd22094a0fcd19f.EXE",
    "EventData.Data.TargetFilename": "C:\\ProgramData\\Anaconda3\\pkgs\\qt-5.6.2-vc14h6f76a7e_12\\Library\\bin\\qhelpconverter.exe",
    "EventData.Data.CreationUtcTime": "2017-09-21 14:20:17.000"
}
{
    "System.Provider.Name": "Microsoft-Windows-Sysmon",
    "System.Provider.Guid": "{5770385f-c22a-43e0-bf4c-06f5698ffbd9}",
    "System.EventID.Qualifiers": "",
    "System.EventID.text": "11",
    "System.Version": "2",
    "System.Level": "4",
    "System.Task": "11",
    "System.Opcode": "0",
    "System.Keywords": "0x8000000000000000",
    "System.TimeCreated.SystemTime": "2017-10-23 17:44:10.739853",
    "System.EventRecordID": "11085",
    "System.Correlation.ActivityID": "",
    "System.Correlation.RelatedActivityID": "",
    "System.Execution.ProcessID": "536",
    "System.Execution.ThreadID": "2708",
    "System.Channel": "Microsoft-Windows-Sysmon/Operational",
    "System.Computer": "DESKTOP-GH9KMB7",
    "System.Security.UserID": "S-1-5-18",
    "EventData.Data.UtcTime": "2017-10-23 17:44:10.729",
    "EventData.Data.ProcessGuid": "{fe62ad40-29d5-59ee-0000-0010a8070800}",
    "EventData.Data.ProcessId": "5740",
    "EventData.Data.Image": "C:\\Users\\admin\\AppData\\Local\\Temp\\0020abd222c640acfdd22094a0fcd19f.EXE",
    "EventData.Data.TargetFilename": "C:\\ProgramData\\Anaconda3\\pkgs\\qt-5.6.2-vc14h6f76a7e_12\\Library\\bin\\qmleasing.exe",
    "EventData.Data.CreationUtcTime": "2017-09-21 13:59:43.000"
}
{
    "System.Provider.Name": "Microsoft-Windows-Sysmon",
    "System.Provider.Guid": "{5770385f-c22a-43e0-bf4c-06f5698ffbd9}",
    "System.EventID.Qualifiers": "",
    "System.EventID.text": "11",
    "System.Version": "2",
    "System.Level": "4",
    "System.Task": "11",
    "System.Opcode": "0",
    "System.Keywords": "0x8000000000000000",
    "System.TimeCreated.SystemTime": "2017-10-23 17:44:10.750109",
    "System.EventRecordID": "11086",
    "System.Correlation.ActivityID": "",
    "System.Correlation.RelatedActivityID": "",
    "System.Execution.ProcessID": "536",
    "System.Execution.ThreadID": "2708",
    "System.Channel": "Microsoft-Windows-Sysmon/Operational",
    "System.Computer": "DESKTOP-GH9KMB7",
    "System.Security.UserID": "S-1-5-18",
    "EventData.Data.UtcTime": "2017-10-23 17:44:10.745",
    "EventData.Data.ProcessGuid": "{fe62ad40-29d5-59ee-0000-0010a8070800}",
    "EventData.Data.ProcessId": "5740",
    "EventData.Data.Image": "C:\\Users\\admin\\AppData\\Local\\Temp\\0020abd222c640acfdd22094a0fcd19f.EXE",
    "EventData.Data.TargetFilename": "C:\\ProgramData\\Anaconda3\\pkgs\\qt-5.6.2-vc14h6f76a7e_12\\Library\\bin\\QtWebProcess.exe",
    "EventData.Data.CreationUtcTime": "2017-09-21 14:19:18.000"
}
{
    "System.Provider.Name": "Microsoft-Windows-Sysmon",
    "System.Provider.Guid": "{5770385f-c22a-43e0-bf4c-06f5698ffbd9}",
    "System.EventID.Qualifiers": "",
    "System.EventID.text": "11",
    "System.Version": "2",
    "System.Level": "4",
    "System.Task": "11",
    "System.Opcode": "0",
    "System.Keywords": "0x8000000000000000",
    "System.TimeCreated.SystemTime": "2017-10-23 17:44:11.662296",
    "System.EventRecordID": "11087",
    "System.Correlation.ActivityID": "",
    "System.Correlation.RelatedActivityID": "",
    "System.Execution.ProcessID": "536",
    "System.Execution.ThreadID": "2708",
    "System.Channel": "Microsoft-Windows-Sysmon/Operational",
    "System.Computer": "DESKTOP-GH9KMB7",
    "System.Security.UserID": "S-1-5-18",
    "EventData.Data.UtcTime": "2017-10-23 17:44:11.653",
    "EventData.Data.ProcessGuid": "{fe62ad40-29d5-59ee-0000-0010a8070800}",
    "EventData.Data.ProcessId": "5740",
    "EventData.Data.Image": "C:\\Users\\admin\\AppData\\Local\\Temp\\0020abd222c640acfdd22094a0fcd19f.EXE",
    "EventData.Data.TargetFilename": "C:\\ProgramData\\Anaconda3\\pkgs\\qt-5.6.2-vc14h6f76a7e_12\\Library\\bin\\testcon.exe",
    "EventData.Data.CreationUtcTime": "2017-09-21 13:57:38.000"
}
{
    "System.Provider.Name": "Microsoft-Windows-Sysmon",
    "System.Provider.Guid": "{5770385f-c22a-43e0-bf4c-06f5698ffbd9}",
    "System.EventID.Qualifiers": "",
    "System.EventID.text": "1",
    "System.Version": "5",
    "System.Level": "4",
    "System.Task": "1",
    "System.Opcode": "0",
    "System.Keywords": "0x8000000000000000",
    "System.TimeCreated.SystemTime": "2017-10-23 17:44:20.250259",
    "System.EventRecordID": "11088",
    "System.Correlation.ActivityID": "",
    "System.Correlation.RelatedActivityID": "",
    "System.Execution.ProcessID": "536",
    "System.Execution.ThreadID": "2708",
    "System.Channel": "Microsoft-Windows-Sysmon/Operational",
    "System.Computer": "DESKTOP-GH9KMB7",
    "System.Security.UserID": "S-1-5-18",
    "EventData.Data.UtcTime": "2017-10-23 17:44:20.225",
    "EventData.Data.ProcessGuid": "{fe62ad40-2a74-59ee-0000-001002860a00}",
    "EventData.Data.ProcessId": "6116",
    "EventData.Data.Image": "C:\\Program Files\\Google\\Update\\GoogleUpdate.exe",
    "EventData.Data.CommandLine": "\"C:\\Program Files\\Google\\Update\\GoogleUpdate.exe\" /ua /installsource scheduler",
    "EventData.Data.CurrentDirectory": "C:\\Windows\\system32\\",
    "EventData.Data.User": "NT AUTHORITY\\SYSTEM",
    "EventData.Data.LogonGuid": "{fe62ad40-297e-59ee-0000-0020e7030000}",
    "EventData.Data.LogonId": "0x00000000000003e7",
    "EventData.Data.TerminalSessionId": "0",
    "EventData.Data.IntegrityLevel": "System",
    "EventData.Data.Hashes": "MD5=2D76E904F000AE0D3CF996F8A8E39A5E,SHA256=489FEB7BD1E72B458E61A1540C309E014DEFCD2C77439EA09DF2E8B22E0BF04D",
    "EventData.Data.ParentProcessGuid": "{fe62ad40-2980-59ee-0000-0010241d0100}",
    "EventData.Data.ParentProcessId": "1264",
    "EventData.Data.ParentImage": "C:\\Windows\\System32\\svchost.exe",
    "EventData.Data.ParentCommandLine": "C:\\Windows\\system32\\svchost.exe -k netsvcs -p"
}
{
    "System.Provider.Name": "Microsoft-Windows-Sysmon",
    "System.Provider.Guid": "{5770385f-c22a-43e0-bf4c-06f5698ffbd9}",
    "System.EventID.Qualifiers": "",
    "System.EventID.text": "1",
    "System.Version": "5",
    "System.Level": "4",
    "System.Task": "1",
    "System.Opcode": "0",
    "System.Keywords": "0x8000000000000000",
    "System.TimeCreated.SystemTime": "2017-10-23 17:44:20.269381",
    "System.EventRecordID": "11089",
    "System.Correlation.ActivityID": "",
    "System.Correlation.RelatedActivityID": "",
    "System.Execution.ProcessID": "536",
    "System.Execution.ThreadID": "2708",
    "System.Channel": "Microsoft-Windows-Sysmon/Operational",
    "System.Computer": "DESKTOP-GH9KMB7",
    "System.Security.UserID": "S-1-5-18",
    "EventData.Data.UtcTime": "2017-10-23 17:44:20.224",
    "EventData.Data.ProcessGuid": "{fe62ad40-2a74-59ee-0000-0010ed850a00}",
    "EventData.Data.ProcessId": "4588",
    "EventData.Data.Image": "C:\\Windows\\System32\\wsqmcons.exe",
    "EventData.Data.CommandLine": "C:\\Windows\\System32\\wsqmcons.exe",
    "EventData.Data.CurrentDirectory": "C:\\Windows\\system32\\",
    "EventData.Data.User": "NT AUTHORITY\\SYSTEM",
    "EventData.Data.LogonGuid": "{fe62ad40-297e-59ee-0000-0020e7030000}",
    "EventData.Data.LogonId": "0x00000000000003e7",
    "EventData.Data.TerminalSessionId": "0",
    "EventData.Data.IntegrityLevel": "System",
    "EventData.Data.Hashes": "MD5=19EA2AA4FC1A4D6977E6A345105D995F,SHA256=028186580A3DE978C19637CC062C3750F70341ACFC73118AC361C1CD5CB6B22C",
    "EventData.Data.ParentProcessGuid": "{fe62ad40-2980-59ee-0000-0010241d0100}",
    "EventData.Data.ParentProcessId": "1264",
    "EventData.Data.ParentImage": "C:\\Windows\\System32\\svchost.exe",
    "EventData.Data.ParentCommandLine": "C:\\Windows\\system32\\svchost.exe -k netsvcs -p"
}
{
    "System.Provider.Name": "Microsoft-Windows-Sysmon",
    "System.Provider.Guid": "{5770385f-c22a-43e0-bf4c-06f5698ffbd9}",
    "System.EventID.Qualifiers": "",
    "System.EventID.text": "1",
    "System.Version": "5",
    "System.Level": "4",
    "System.Task": "1",
    "System.Opcode": "0",
    "System.Keywords": "0x8000000000000000",
    "System.TimeCreated.SystemTime": "2017-10-23 17:44:20.275152",
    "System.EventRecordID": "11090",
    "System.Correlation.ActivityID": "",
    "System.Correlation.RelatedActivityID": "",
    "System.Execution.ProcessID": "536",
    "System.Execution.ThreadID": "2708",
    "System.Channel": "Microsoft-Windows-Sysmon/Operational",
    "System.Computer": "DESKTOP-GH9KMB7",
    "System.Security.UserID": "S-1-5-18",
    "EventData.Data.UtcTime": "2017-10-23 17:44:20.228",
    "EventData.Data.ProcessGuid": "{fe62ad40-2a74-59ee-0000-001025860a00}",
    "EventData.Data.ProcessId": "2664",
    "EventData.Data.Image": "C:\\Program Files\\Common Files\\Adobe\\ARM\\1.0\\AdobeARM.exe",
    "EventData.Data.CommandLine": "\"C:\\Program Files\\Common Files\\Adobe\\ARM\\1.0\\AdobeARM.exe\"",
    "EventData.Data.CurrentDirectory": "C:\\Windows\\system32\\",
    "EventData.Data.User": "DESKTOP-GH9KMB7\\admin",
    "EventData.Data.LogonGuid": "{fe62ad40-2990-59ee-0000-0020b68a0200}",
    "EventData.Data.LogonId": "0x0000000000028ab6",
    "EventData.Data.TerminalSessionId": "1",
    "EventData.Data.IntegrityLevel": "High",
    "EventData.Data.Hashes": "MD5=51B70823737E97C79E1310D44E4892BF,SHA256=19E764F5FFB7C7AAAD511109C1F10264C4C656CC2067FB2EA41879EDDC32388A",
    "EventData.Data.ParentProcessGuid": "{fe62ad40-2980-59ee-0000-0010241d0100}",
    "EventData.Data.ParentProcessId": "1264",
    "EventData.Data.ParentImage": "C:\\Windows\\System32\\svchost.exe",
    "EventData.Data.ParentCommandLine": "C:\\Windows\\system32\\svchost.exe -k netsvcs -p"
}
{
    "System.Provider.Name": "Microsoft-Windows-Sysmon",
    "System.Provider.Guid": "{5770385f-c22a-43e0-bf4c-06f5698ffbd9}",
    "System.EventID.Qualifiers": "",
    "System.EventID.text": "1",
    "System.Version": "5",
    "System.Level": "4",
    "System.Task": "1",
    "System.Opcode": "0",
    "System.Keywords": "0x8000000000000000",
    "System.TimeCreated.SystemTime": "2017-10-23 17:44:20.276096",
    "System.EventRecordID": "11091",
    "System.Correlation.ActivityID": "",
    "System.Correlation.RelatedActivityID": "",
    "System.Execution.ProcessID": "536",
    "System.Execution.ThreadID": "2708",
    "System.Channel": "Microsoft-Windows-Sysmon/Operational",
    "System.Computer": "DESKTOP-GH9KMB7",
    "System.Security.UserID": "S-1-5-18",
    "EventData.Data.UtcTime": "2017-10-23 17:44:20.252",
    "EventData.Data.ProcessGuid": "{fe62ad40-2a74-59ee-0000-001008870a00}",
    "EventData.Data.ProcessId": "4660",
    "EventData.Data.Image": "C:\\Windows\\System32\\SIHClient.exe",
    "EventData.Data.CommandLine": "C:\\Windows\\System32\\sihclient.exe",
    "EventData.Data.CurrentDirectory": "C:\\Windows\\system32\\",
    "EventData.Data.User": "NT AUTHORITY\\SYSTEM",
    "EventData.Data.LogonGuid": "{fe62ad40-297e-59ee-0000-0020e7030000}",
    "EventData.Data.LogonId": "0x00000000000003e7",
    "EventData.Data.TerminalSessionId": "0",
    "EventData.Data.IntegrityLevel": "System",
    "EventData.Data.Hashes": "MD5=71549972C127517789BAFD0D0CF48A8C,SHA256=281F8BEA0A44312557C6CBE8C0974FB60C231DBA8A91D4646FA88B58D3890C7C",
    "EventData.Data.ParentProcessGuid": "{fe62ad40-2980-59ee-0000-0010241d0100}",
    "EventData.Data.ParentProcessId": "1264",
    "EventData.Data.ParentImage": "C:\\Windows\\System32\\svchost.exe",
    "EventData.Data.ParentCommandLine": "C:\\Windows\\system32\\svchost.exe -k netsvcs -p"
}
{
    "System.Provider.Name": "Microsoft-Windows-Sysmon",
    "System.Provider.Guid": "{5770385f-c22a-43e0-bf4c-06f5698ffbd9}",
    "System.EventID.Qualifiers": "",
    "System.EventID.text": "1",
    "System.Version": "5",
    "System.Level": "4",
    "System.Task": "1",
    "System.Opcode": "0",
    "System.Keywords": "0x8000000000000000",
    "System.TimeCreated.SystemTime": "2017-10-23 17:44:20.317978",
    "System.EventRecordID": "11092",
    "System.Correlation.ActivityID": "",
    "System.Correlation.RelatedActivityID": "",
    "System.Execution.ProcessID": "536",
    "System.Execution.ThreadID": "2708",
    "System.Channel": "Microsoft-Windows-Sysmon/Operational",
    "System.Computer": "DESKTOP-GH9KMB7",
    "System.Security.UserID": "S-1-5-18",
    "EventData.Data.UtcTime": "2017-10-23 17:44:20.315",
    "EventData.Data.ProcessGuid": "{fe62ad40-2a74-59ee-0000-0010e7870a00}",
    "EventData.Data.ProcessId": "5924",
    "EventData.Data.Image": "C:\\Program Files\\Google\\Update\\GoogleUpdate.usr",
    "EventData.Data.CommandLine": "\"C:\\Program Files\\Google\\Update\\GoogleUpdate.usr\"",
    "EventData.Data.CurrentDirectory": "C:\\Windows\\system32\\",
    "EventData.Data.User": "NT AUTHORITY\\SYSTEM",
    "EventData.Data.LogonGuid": "{fe62ad40-297e-59ee-0000-0020e7030000}",
    "EventData.Data.LogonId": "0x00000000000003e7",
    "EventData.Data.TerminalSessionId": "0",
    "EventData.Data.IntegrityLevel": "System",
    "EventData.Data.Hashes": "MD5=0545A3EB959CFA4790D267BFB8C1ACA4,SHA256=69061E33ACB7587D773D05000390F9101F71DFD6EED7973B551594EAF3F04193",
    "EventData.Data.ParentProcessGuid": "{fe62ad40-2a74-59ee-0000-001002860a00}",
    "EventData.Data.ParentProcessId": "6116",
    "EventData.Data.ParentImage": "C:\\Program Files\\Google\\Update\\GoogleUpdate.exe",
    "EventData.Data.ParentCommandLine": "\"C:\\Program Files\\Google\\Update\\GoogleUpdate.exe\" /ua /installsource scheduler"
}
{
    "System.Provider.Name": "Microsoft-Windows-Sysmon",
    "System.Provider.Guid": "{5770385f-c22a-43e0-bf4c-06f5698ffbd9}",
    "System.EventID.Qualifiers": "",
    "System.EventID.text": "11",
    "System.Version": "2",
    "System.Level": "4",
    "System.Task": "11",
    "System.Opcode": "0",
    "System.Keywords": "0x8000000000000000",
    "System.TimeCreated.SystemTime": "2017-10-23 17:44:20.342625",
    "System.EventRecordID": "11093",
    "System.Correlation.ActivityID": "",
    "System.Correlation.RelatedActivityID": "",
    "System.Execution.ProcessID": "536",
    "System.Execution.ThreadID": "2708",
    "System.Channel": "Microsoft-Windows-Sysmon/Operational",
    "System.Computer": "DESKTOP-GH9KMB7",
    "System.Security.UserID": "S-1-5-18",
    "EventData.Data.UtcTime": "2017-10-23 17:44:20.339",
    "EventData.Data.ProcessGuid": "{fe62ad40-2a74-59ee-0000-001002860a00}",
    "EventData.Data.ProcessId": "6116",
    "EventData.Data.Image": "C:\\Program Files\\Google\\Update\\GoogleUpdate.exe",
    "EventData.Data.TargetFilename": "C:\\Windows\\USR_Shohdi_Photo_USR.exe",
    "EventData.Data.CreationUtcTime": "2017-10-23 17:41:41.397"
}
{
    "System.Provider.Name": "Microsoft-Windows-Sysmon",
    "System.Provider.Guid": "{5770385f-c22a-43e0-bf4c-06f5698ffbd9}",
    "System.EventID.Qualifiers": "",
    "System.EventID.text": "1",
    "System.Version": "5",
    "System.Level": "4",
    "System.Task": "1",
    "System.Opcode": "0",
    "System.Keywords": "0x8000000000000000",
    "System.TimeCreated.SystemTime": "2017-10-23 17:44:20.400719",
    "System.EventRecordID": "11094",
    "System.Correlation.ActivityID": "",
    "System.Correlation.RelatedActivityID": "",
    "System.Execution.ProcessID": "536",
    "System.Execution.ThreadID": "2708",
    "System.Channel": "Microsoft-Windows-Sysmon/Operational",
    "System.Computer": "DESKTOP-GH9KMB7",
    "System.Security.UserID": "S-1-5-18",
    "EventData.Data.UtcTime": "2017-10-23 17:44:20.375",
    "EventData.Data.ProcessGuid": "{fe62ad40-2a74-59ee-0000-0010688b0a00}",
    "EventData.Data.ProcessId": "4668",
    "EventData.Data.Image": "C:\\Program Files\\Common Files\\Adobe\\ARM\\1.0\\AdobeARM.usr",
    "EventData.Data.CommandLine": "\"C:\\Program Files\\Common Files\\Adobe\\ARM\\1.0\\AdobeARM.usr\"",
    "EventData.Data.CurrentDirectory": "C:\\Windows\\system32\\",
    "EventData.Data.User": "DESKTOP-GH9KMB7\\admin",
    "EventData.Data.LogonGuid": "{fe62ad40-2990-59ee-0000-0020b68a0200}",
    "EventData.Data.LogonId": "0x0000000000028ab6",
    "EventData.Data.TerminalSessionId": "1",
    "EventData.Data.IntegrityLevel": "High",
    "EventData.Data.Hashes": "MD5=F2FF574F6F2211D9AAAE5E82A3AD553F,SHA256=392CDC901BE6CC617E9F5C720EB0C3244F3082D63AC6CAE8BEDB029BC7069D69",
    "EventData.Data.ParentProcessGuid": "{fe62ad40-2a74-59ee-0000-001025860a00}",
    "EventData.Data.ParentProcessId": "2664",
    "EventData.Data.ParentImage": "C:\\Program Files\\Common Files\\Adobe\\ARM\\1.0\\AdobeARM.exe",
    "EventData.Data.ParentCommandLine": "\"C:\\Program Files\\Common Files\\Adobe\\ARM\\1.0\\AdobeARM.exe\""
}
{
    "System.Provider.Name": "Microsoft-Windows-Sysmon",
    "System.Provider.Guid": "{5770385f-c22a-43e0-bf4c-06f5698ffbd9}",
    "System.EventID.Qualifiers": "",
    "System.EventID.text": "1",
    "System.Version": "5",
    "System.Level": "4",
    "System.Task": "1",
    "System.Opcode": "0",
    "System.Keywords": "0x8000000000000000",
    "System.TimeCreated.SystemTime": "2017-10-23 17:44:21.071016",
    "System.EventRecordID": "11095",
    "System.Correlation.ActivityID": "",
    "System.Correlation.RelatedActivityID": "",
    "System.Execution.ProcessID": "536",
    "System.Execution.ThreadID": "2708",
    "System.Channel": "Microsoft-Windows-Sysmon/Operational",
    "System.Computer": "DESKTOP-GH9KMB7",
    "System.Security.UserID": "S-1-5-18",
    "EventData.Data.UtcTime": "2017-10-23 17:44:21.065",
    "EventData.Data.ProcessGuid": "{fe62ad40-2a75-59ee-0000-0010219f0a00}",
    "EventData.Data.ProcessId": "6092",
    "EventData.Data.Image": "C:\\Program Files\\Adobe\\Acrobat Reader DC\\Reader\\reader_sl.exe",
    "EventData.Data.CommandLine": "\"C:\\Program Files\\Adobe\\Acrobat Reader DC\\Reader\\Reader_sl.exe\"",
    "EventData.Data.CurrentDirectory": "C:\\Windows\\system32\\",
    "EventData.Data.User": "DESKTOP-GH9KMB7\\admin",
    "EventData.Data.LogonGuid": "{fe62ad40-2990-59ee-0000-0020b68a0200}",
    "EventData.Data.LogonId": "0x0000000000028ab6",
    "EventData.Data.TerminalSessionId": "1",
    "EventData.Data.IntegrityLevel": "High",
    "EventData.Data.Hashes": "MD5=EEB46B74BF3A39BE414C5BAAFEAF0C0C,SHA256=7C7B326B0641E7F92851919105F8999D5BED1C41FC7109D7C20F6C3F05E0649C",
    "EventData.Data.ParentProcessGuid": "{fe62ad40-2a74-59ee-0000-0010688b0a00}",
    "EventData.Data.ParentProcessId": "4668",
    "EventData.Data.ParentImage": "C:\\Program Files\\Common Files\\Adobe\\ARM\\1.0\\AdobeARM.usr",
    "EventData.Data.ParentCommandLine": "\"C:\\Program Files\\Common Files\\Adobe\\ARM\\1.0\\AdobeARM.usr\""
}
{
    "System.Provider.Name": "Microsoft-Windows-Sysmon",
    "System.Provider.Guid": "{5770385f-c22a-43e0-bf4c-06f5698ffbd9}",
    "System.EventID.Qualifiers": "",
    "System.EventID.text": "1",
    "System.Version": "5",
    "System.Level": "4",
    "System.Task": "1",
    "System.Opcode": "0",
    "System.Keywords": "0x8000000000000000",
    "System.TimeCreated.SystemTime": "2017-10-23 17:44:21.158230",
    "System.EventRecordID": "11096",
    "System.Correlation.ActivityID": "",
    "System.Correlation.RelatedActivityID": "",
    "System.Execution.ProcessID": "536",
    "System.Execution.ThreadID": "2708",
    "System.Channel": "Microsoft-Windows-Sysmon/Operational",
    "System.Computer": "DESKTOP-GH9KMB7",
    "System.Security.UserID": "S-1-5-18",
    "EventData.Data.UtcTime": "2017-10-23 17:44:21.155",
    "EventData.Data.ProcessGuid": "{fe62ad40-2a75-59ee-0000-00104da00a00}",
    "EventData.Data.ProcessId": "3832",
    "EventData.Data.Image": "C:\\Program Files\\Adobe\\Acrobat Reader DC\\Reader\\Reader_sl.usr",
    "EventData.Data.CommandLine": "\"C:\\Program Files\\Adobe\\Acrobat Reader DC\\Reader\\Reader_sl.usr\"",
    "EventData.Data.CurrentDirectory": "C:\\Windows\\system32\\",
    "EventData.Data.User": "DESKTOP-GH9KMB7\\admin",
    "EventData.Data.LogonGuid": "{fe62ad40-2990-59ee-0000-0020b68a0200}",
    "EventData.Data.LogonId": "0x0000000000028ab6",
    "EventData.Data.TerminalSessionId": "1",
    "EventData.Data.IntegrityLevel": "High",
    "EventData.Data.Hashes": "MD5=D0B23D1F0D1D730493CF89BE5DCBBB4E,SHA256=A8F964BB1623295131320F9A0A3817C5EA9318485C849AC5DCBF0255C9263DEA",
    "EventData.Data.ParentProcessGuid": "{fe62ad40-2a75-59ee-0000-0010219f0a00}",
    "EventData.Data.ParentProcessId": "6092",
    "EventData.Data.ParentImage": "C:\\Program Files\\Adobe\\Acrobat Reader DC\\Reader\\reader_sl.exe",
    "EventData.Data.ParentCommandLine": "\"C:\\Program Files\\Adobe\\Acrobat Reader DC\\Reader\\Reader_sl.exe\""
}
{
    "System.Provider.Name": "Microsoft-Windows-Sysmon",
    "System.Provider.Guid": "{5770385f-c22a-43e0-bf4c-06f5698ffbd9}",
    "System.EventID.Qualifiers": "",
    "System.EventID.text": "1",
    "System.Version": "5",
    "System.Level": "4",
    "System.Task": "1",
    "System.Opcode": "0",
    "System.Keywords": "0x8000000000000000",
    "System.TimeCreated.SystemTime": "2017-10-23 17:44:22.378897",
    "System.EventRecordID": "11097",
    "System.Correlation.ActivityID": "",
    "System.Correlation.RelatedActivityID": "",
    "System.Execution.ProcessID": "536",
    "System.Execution.ThreadID": "2708",
    "System.Channel": "Microsoft-Windows-Sysmon/Operational",
    "System.Computer": "DESKTOP-GH9KMB7",
    "System.Security.UserID": "S-1-5-18",
    "EventData.Data.UtcTime": "2017-10-23 17:44:22.374",
    "EventData.Data.ProcessGuid": "{fe62ad40-2a76-59ee-0000-0010f1a80a00}",
    "EventData.Data.ProcessId": "4836",
    "EventData.Data.Image": "C:\\Windows\\System32\\wbem\\WMIADAP.exe",
    "EventData.Data.CommandLine": "wmiadap.exe /F /T /R",
    "EventData.Data.CurrentDirectory": "C:\\Windows\\system32\\",
    "EventData.Data.User": "NT AUTHORITY\\SYSTEM",
    "EventData.Data.LogonGuid": "{fe62ad40-297e-59ee-0000-0020e7030000}",
    "EventData.Data.LogonId": "0x00000000000003e7",
    "EventData.Data.TerminalSessionId": "0",
    "EventData.Data.IntegrityLevel": "System",
    "EventData.Data.Hashes": "MD5=F2B8F81492DFDE01DEF40E57927ABD25,SHA256=7DEAACF1B7031400AAE903B4976E898DAA1CF3B7B619A7BCB05B83A7D0FCEC06",
    "EventData.Data.ParentProcessGuid": "{fe62ad40-2980-59ee-0000-0010241d0100}",
    "EventData.Data.ParentProcessId": "1264",
    "EventData.Data.ParentImage": "C:\\Windows\\System32\\svchost.exe",
    "EventData.Data.ParentCommandLine": "C:\\Windows\\system32\\svchost.exe -k netsvcs -p"
}
{
    "System.Provider.Name": "Microsoft-Windows-Sysmon",
    "System.Provider.Guid": "{5770385f-c22a-43e0-bf4c-06f5698ffbd9}",
    "System.EventID.Qualifiers": "",
    "System.EventID.text": "11",
    "System.Version": "2",
    "System.Level": "4",
    "System.Task": "11",
    "System.Opcode": "0",
    "System.Keywords": "0x8000000000000000",
    "System.TimeCreated.SystemTime": "2017-10-23 17:44:25.997978",
    "System.EventRecordID": "11098",
    "System.Correlation.ActivityID": "",
    "System.Correlation.RelatedActivityID": "",
    "System.Execution.ProcessID": "536",
    "System.Execution.ThreadID": "2708",
    "System.Channel": "Microsoft-Windows-Sysmon/Operational",
    "System.Computer": "DESKTOP-GH9KMB7",
    "System.Security.UserID": "S-1-5-18",
    "EventData.Data.UtcTime": "2017-10-23 17:44:25.980",
    "EventData.Data.ProcessGuid": "{fe62ad40-29d5-59ee-0000-0010a8070800}",
    "EventData.Data.ProcessId": "5740",
    "EventData.Data.Image": "C:\\Users\\admin\\AppData\\Local\\Temp\\0020abd222c640acfdd22094a0fcd19f.EXE",
    "EventData.Data.TargetFilename": "C:\\ProgramData\\Anaconda3\\pkgs\\setuptools-36.5.0-py36h7f22f53_0\\Lib\\site-packages\\setuptools\\gui-32.exe",
    "EventData.Data.CreationUtcTime": "2017-09-15 15:19:29.000"
}
{
    "System.Provider.Name": "Microsoft-Windows-Sysmon",
    "System.Provider.Guid": "{5770385f-c22a-43e0-bf4c-06f5698ffbd9}",
    "System.EventID.Qualifiers": "",
    "System.EventID.text": "11",
    "System.Version": "2",
    "System.Level": "4",
    "System.Task": "11",
    "System.Opcode": "0",
    "System.Keywords": "0x8000000000000000",
    "System.TimeCreated.SystemTime": "2017-10-23 17:44:26.005873",
    "System.EventRecordID": "11099",
    "System.Correlation.ActivityID": "",
    "System.Correlation.RelatedActivityID": "",
    "System.Execution.ProcessID": "536",
    "System.Execution.ThreadID": "2708",
    "System.Channel": "Microsoft-Windows-Sysmon/Operational",
    "System.Computer": "DESKTOP-GH9KMB7",
    "System.Security.UserID": "S-1-5-18",
    "EventData.Data.UtcTime": "2017-10-23 17:44:25.996",
    "EventData.Data.ProcessGuid": "{fe62ad40-29d5-59ee-0000-0010a8070800}",
    "EventData.Data.ProcessId": "5740",
    "EventData.Data.Image": "C:\\Users\\admin\\AppData\\Local\\Temp\\0020abd222c640acfdd22094a0fcd19f.EXE",
    "EventData.Data.TargetFilename": "C:\\ProgramData\\Anaconda3\\pkgs\\setuptools-36.5.0-py36h7f22f53_0\\Lib\\site-packages\\setuptools\\gui-64.exe",
    "EventData.Data.CreationUtcTime": "2017-09-15 15:19:29.000"
}
{
    "System.Provider.Name": "Microsoft-Windows-Sysmon",
    "System.Provider.Guid": "{5770385f-c22a-43e0-bf4c-06f5698ffbd9}",
    "System.EventID.Qualifiers": "",
    "System.EventID.text": "11",
    "System.Version": "2",
    "System.Level": "4",
    "System.Task": "11",
    "System.Opcode": "0",
    "System.Keywords": "0x8000000000000000",
    "System.TimeCreated.SystemTime": "2017-10-23 17:44:26.015608",
    "System.EventRecordID": "11100",
    "System.Correlation.ActivityID": "",
    "System.Correlation.RelatedActivityID": "",
    "System.Execution.ProcessID": "536",
    "System.Execution.ThreadID": "2708",
    "System.Channel": "Microsoft-Windows-Sysmon/Operational",
    "System.Computer": "DESKTOP-GH9KMB7",
    "System.Security.UserID": "S-1-5-18",
    "EventData.Data.UtcTime": "2017-10-23 17:44:25.996",
    "EventData.Data.ProcessGuid": "{fe62ad40-29d5-59ee-0000-0010a8070800}",
    "EventData.Data.ProcessId": "5740",
    "EventData.Data.Image": "C:\\Users\\admin\\AppData\\Local\\Temp\\0020abd222c640acfdd22094a0fcd19f.EXE",
    "EventData.Data.TargetFilename": "C:\\ProgramData\\Anaconda3\\pkgs\\setuptools-36.5.0-py36h7f22f53_0\\Lib\\site-packages\\setuptools\\gui.exe",
    "EventData.Data.CreationUtcTime": "2017-09-15 15:19:29.000"
}
{
    "System.Provider.Name": "Microsoft-Windows-Sysmon",
    "System.Provider.Guid": "{5770385f-c22a-43e0-bf4c-06f5698ffbd9}",
    "System.EventID.Qualifiers": "",
    "System.EventID.text": "11",
    "System.Version": "2",
    "System.Level": "4",
    "System.Task": "11",
    "System.Opcode": "0",
    "System.Keywords": "0x8000000000000000",
    "System.TimeCreated.SystemTime": "2017-10-23 17:44:35.594559",
    "System.EventRecordID": "11101",
    "System.Correlation.ActivityID": "",
    "System.Correlation.RelatedActivityID": "",
    "System.Execution.ProcessID": "536",
    "System.Execution.ThreadID": "2708",
    "System.Channel": "Microsoft-Windows-Sysmon/Operational",
    "System.Computer": "DESKTOP-GH9KMB7",
    "System.Security.UserID": "S-1-5-18",
    "EventData.Data.UtcTime": "2017-10-23 17:44:35.590",
    "EventData.Data.ProcessGuid": "{fe62ad40-2a74-59ee-0000-001002860a00}",
    "EventData.Data.ProcessId": "6116",
    "EventData.Data.Image": "C:\\Program Files\\Google\\Update\\GoogleUpdate.exe",
    "EventData.Data.TargetFilename": "C:\\ProgramData\\Anaconda3\\pkgs\\tk-8.6.7-vc14h051b162_1\\Library\\bin\\wish.exe",
    "EventData.Data.CreationUtcTime": "2017-09-21 17:14:13.000"
}
{
    "System.Provider.Name": "Microsoft-Windows-Sysmon",
    "System.Provider.Guid": "{5770385f-c22a-43e0-bf4c-06f5698ffbd9}",
    "System.EventID.Qualifiers": "",
    "System.EventID.text": "11",
    "System.Version": "2",
    "System.Level": "4",
    "System.Task": "11",
    "System.Opcode": "0",
    "System.Keywords": "0x8000000000000000",
    "System.TimeCreated.SystemTime": "2017-10-23 17:44:35.601219",
    "System.EventRecordID": "11102",
    "System.Correlation.ActivityID": "",
    "System.Correlation.RelatedActivityID": "",
    "System.Execution.ProcessID": "536",
    "System.Execution.ThreadID": "2708",
    "System.Channel": "Microsoft-Windows-Sysmon/Operational",
    "System.Computer": "DESKTOP-GH9KMB7",
    "System.Security.UserID": "S-1-5-18",
    "EventData.Data.UtcTime": "2017-10-23 17:44:35.590",
    "EventData.Data.ProcessGuid": "{fe62ad40-2a74-59ee-0000-001002860a00}",
    "EventData.Data.ProcessId": "6116",
    "EventData.Data.Image": "C:\\Program Files\\Google\\Update\\GoogleUpdate.exe",
    "EventData.Data.TargetFilename": "C:\\ProgramData\\Anaconda3\\pkgs\\tk-8.6.7-vc14h051b162_1\\Library\\bin\\wish86.exe",
    "EventData.Data.CreationUtcTime": "2017-09-21 17:14:13.000"
}
{
    "System.Provider.Name": "Microsoft-Windows-Sysmon",
    "System.Provider.Guid": "{5770385f-c22a-43e0-bf4c-06f5698ffbd9}",
    "System.EventID.Qualifiers": "",
    "System.EventID.text": "11",
    "System.Version": "2",
    "System.Level": "4",
    "System.Task": "11",
    "System.Opcode": "0",
    "System.Keywords": "0x8000000000000000",
    "System.TimeCreated.SystemTime": "2017-10-23 17:44:35.605471",
    "System.EventRecordID": "11103",
    "System.Correlation.ActivityID": "",
    "System.Correlation.RelatedActivityID": "",
    "System.Execution.ProcessID": "536",
    "System.Execution.ThreadID": "2708",
    "System.Channel": "Microsoft-Windows-Sysmon/Operational",
    "System.Computer": "DESKTOP-GH9KMB7",
    "System.Security.UserID": "S-1-5-18",
    "EventData.Data.UtcTime": "2017-10-23 17:44:35.590",
    "EventData.Data.ProcessGuid": "{fe62ad40-2a74-59ee-0000-001002860a00}",
    "EventData.Data.ProcessId": "6116",
    "EventData.Data.Image": "C:\\Program Files\\Google\\Update\\GoogleUpdate.exe",
    "EventData.Data.TargetFilename": "C:\\ProgramData\\Anaconda3\\pkgs\\tk-8.6.7-vc14h051b162_1\\Library\\bin\\wish86t.exe",
    "EventData.Data.CreationUtcTime": "2017-09-21 17:14:13.000"
}
{
    "System.Provider.Name": "Microsoft-Windows-Sysmon",
    "System.Provider.Guid": "{5770385f-c22a-43e0-bf4c-06f5698ffbd9}",
    "System.EventID.Qualifiers": "",
    "System.EventID.text": "1",
    "System.Version": "5",
    "System.Level": "4",
    "System.Task": "1",
    "System.Opcode": "0",
    "System.Keywords": "0x8000000000000000",
    "System.TimeCreated.SystemTime": "2017-10-23 17:44:48.703878",
    "System.EventRecordID": "11104",
    "System.Correlation.ActivityID": "",
    "System.Correlation.RelatedActivityID": "",
    "System.Execution.ProcessID": "536",
    "System.Execution.ThreadID": "2708",
    "System.Channel": "Microsoft-Windows-Sysmon/Operational",
    "System.Computer": "DESKTOP-GH9KMB7",
    "System.Security.UserID": "S-1-5-18",
    "EventData.Data.UtcTime": "2017-10-23 17:44:48.688",
    "EventData.Data.ProcessGuid": "{fe62ad40-2a90-59ee-0000-001036e00b00}",
    "EventData.Data.ProcessId": "5952",
    "EventData.Data.Image": "C:\\Windows\\System32\\RuntimeBroker.exe",
    "EventData.Data.CommandLine": "C:\\Windows\\System32\\RuntimeBroker.exe -Embedding",
    "EventData.Data.CurrentDirectory": "C:\\Windows\\system32\\",
    "EventData.Data.User": "DESKTOP-GH9KMB7\\admin",
    "EventData.Data.LogonGuid": "{fe62ad40-2990-59ee-0000-0020b68a0200}",
    "EventData.Data.LogonId": "0x0000000000028ab6",
    "EventData.Data.TerminalSessionId": "1",
    "EventData.Data.IntegrityLevel": "High",
    "EventData.Data.Hashes": "MD5=EE6C021CE9DF96EB64C1202927B99E8C,SHA256=0C3152B1B962478CFED60C526785A119172D2DB488EE753D8A6A9AAE6184DAA6",
    "EventData.Data.ParentProcessGuid": "{fe62ad40-297f-59ee-0000-0010e99e0000}",
    "EventData.Data.ParentProcessId": "960",
    "EventData.Data.ParentImage": "C:\\Windows\\System32\\svchost.exe",
    "EventData.Data.ParentCommandLine": "C:\\Windows\\system32\\svchost.exe -k DcomLaunch -p"
}
{
    "System.Provider.Name": "Microsoft-Windows-Sysmon",
    "System.Provider.Guid": "{5770385f-c22a-43e0-bf4c-06f5698ffbd9}",
    "System.EventID.Qualifiers": "",
    "System.EventID.text": "1",
    "System.Version": "5",
    "System.Level": "4",
    "System.Task": "1",
    "System.Opcode": "0",
    "System.Keywords": "0x8000000000000000",
    "System.TimeCreated.SystemTime": "2017-10-23 17:45:42.020201",
    "System.EventRecordID": "11105",
    "System.Correlation.ActivityID": "",
    "System.Correlation.RelatedActivityID": "",
    "System.Execution.ProcessID": "536",
    "System.Execution.ThreadID": "2708",
    "System.Channel": "Microsoft-Windows-Sysmon/Operational",
    "System.Computer": "DESKTOP-GH9KMB7",
    "System.Security.UserID": "S-1-5-18",
    "EventData.Data.UtcTime": "2017-10-23 17:45:42.015",
    "EventData.Data.ProcessGuid": "{fe62ad40-2ac6-59ee-0000-00105b270e00}",
    "EventData.Data.ProcessId": "4952",
    "EventData.Data.Image": "C:\\Windows\\System32\\taskhostw.exe",
    "EventData.Data.CommandLine": "taskhostw.exe Logon",
    "EventData.Data.CurrentDirectory": "C:\\Windows\\system32\\",
    "EventData.Data.User": "DESKTOP-GH9KMB7\\admin",
    "EventData.Data.LogonGuid": "{fe62ad40-2990-59ee-0000-0020b68a0200}",
    "EventData.Data.LogonId": "0x0000000000028ab6",
    "EventData.Data.TerminalSessionId": "1",
    "EventData.Data.IntegrityLevel": "High",
    "EventData.Data.Hashes": "MD5=8BE99F1A9B787853F9B97AE6F8BD7B91,SHA256=8DDAD6B0FABE792B419E42103864F96119C078897D803B8EB4BE0DA44FD6F16E",
    "EventData.Data.ParentProcessGuid": "{fe62ad40-2980-59ee-0000-0010241d0100}",
    "EventData.Data.ParentProcessId": "1264",
    "EventData.Data.ParentImage": "C:\\Windows\\System32\\svchost.exe",
    "EventData.Data.ParentCommandLine": "C:\\Windows\\system32\\svchost.exe -k netsvcs -p"
}
{
    "System.Provider.Name": "Microsoft-Windows-Sysmon",
    "System.Provider.Guid": "{5770385f-c22a-43e0-bf4c-06f5698ffbd9}",
    "System.EventID.Qualifiers": "",
    "System.EventID.text": "1",
    "System.Version": "5",
    "System.Level": "4",
    "System.Task": "1",
    "System.Opcode": "0",
    "System.Keywords": "0x8000000000000000",
    "System.TimeCreated.SystemTime": "2017-10-23 17:47:11.086697",
    "System.EventRecordID": "11106",
    "System.Correlation.ActivityID": "",
    "System.Correlation.RelatedActivityID": "",
    "System.Execution.ProcessID": "536",
    "System.Execution.ThreadID": "2708",
    "System.Channel": "Microsoft-Windows-Sysmon/Operational",
    "System.Computer": "DESKTOP-GH9KMB7",
    "System.Security.UserID": "S-1-5-18",
    "EventData.Data.UtcTime": "2017-10-23 17:47:11.082",
    "EventData.Data.ProcessGuid": "{fe62ad40-2b1f-59ee-0000-0010e8da1000}",
    "EventData.Data.ProcessId": "4200",
    "EventData.Data.Image": "C:\\Program Files\\Google\\Update\\GoogleUpdate.exe",
    "EventData.Data.CommandLine": "\"C:\\Program Files\\Google\\Update\\GoogleUpdate.exe\" /ua /installsource core",
    "EventData.Data.CurrentDirectory": "C:\\Program Files\\Google\\Update\\1.3.33.5\\",
    "EventData.Data.User": "NT AUTHORITY\\SYSTEM",
    "EventData.Data.LogonGuid": "{fe62ad40-297e-59ee-0000-0020e7030000}",
    "EventData.Data.LogonId": "0x00000000000003e7",
    "EventData.Data.TerminalSessionId": "0",
    "EventData.Data.IntegrityLevel": "System",
    "EventData.Data.Hashes": "MD5=2D76E904F000AE0D3CF996F8A8E39A5E,SHA256=489FEB7BD1E72B458E61A1540C309E014DEFCD2C77439EA09DF2E8B22E0BF04D",
    "EventData.Data.ParentProcessGuid": "{fe62ad40-299a-59ee-0000-0010be570300}",
    "EventData.Data.ParentProcessId": "3244",
    "EventData.Data.ParentImage": "C:\\Program Files\\Google\\Update\\GoogleUpdate.exe",
    "EventData.Data.ParentCommandLine": "\"C:\\Program Files\\Google\\Update\\GoogleUpdate.exe\" /c"
}
{
    "System.Provider.Name": "Microsoft-Windows-Sysmon",
    "System.Provider.Guid": "{5770385f-c22a-43e0-bf4c-06f5698ffbd9}",
    "System.EventID.Qualifiers": "",
    "System.EventID.text": "1",
    "System.Version": "5",
    "System.Level": "4",
    "System.Task": "1",
    "System.Opcode": "0",
    "System.Keywords": "0x8000000000000000",
    "System.TimeCreated.SystemTime": "2017-10-23 17:47:11.230227",
    "System.EventRecordID": "11107",
    "System.Correlation.ActivityID": "",
    "System.Correlation.RelatedActivityID": "",
    "System.Execution.ProcessID": "536",
    "System.Execution.ThreadID": "2708",
    "System.Channel": "Microsoft-Windows-Sysmon/Operational",
    "System.Computer": "DESKTOP-GH9KMB7",
    "System.Security.UserID": "S-1-5-18",
    "EventData.Data.UtcTime": "2017-10-23 17:47:11.228",
    "EventData.Data.ProcessGuid": "{fe62ad40-2b1f-59ee-0000-00107adb1000}",
    "EventData.Data.ProcessId": "4272",
    "EventData.Data.Image": "C:\\Program Files\\Google\\Update\\GoogleUpdate.usr",
    "EventData.Data.CommandLine": "\"C:\\Program Files\\Google\\Update\\GoogleUpdate.usr\"",
    "EventData.Data.CurrentDirectory": "C:\\Program Files\\Google\\Update\\1.3.33.5\\",
    "EventData.Data.User": "NT AUTHORITY\\SYSTEM",
    "EventData.Data.LogonGuid": "{fe62ad40-297e-59ee-0000-0020e7030000}",
    "EventData.Data.LogonId": "0x00000000000003e7",
    "EventData.Data.TerminalSessionId": "0",
    "EventData.Data.IntegrityLevel": "System",
    "EventData.Data.Hashes": "MD5=0545A3EB959CFA4790D267BFB8C1ACA4,SHA256=69061E33ACB7587D773D05000390F9101F71DFD6EED7973B551594EAF3F04193",
    "EventData.Data.ParentProcessGuid": "{fe62ad40-2b1f-59ee-0000-0010e8da1000}",
    "EventData.Data.ParentProcessId": "4200",
    "EventData.Data.ParentImage": "C:\\Program Files\\Google\\Update\\GoogleUpdate.exe",
    "EventData.Data.ParentCommandLine": "\"C:\\Program Files\\Google\\Update\\GoogleUpdate.exe\" /ua /installsource core"
}
{
    "System.Provider.Name": "Microsoft-Windows-Sysmon",
    "System.Provider.Guid": "{5770385f-c22a-43e0-bf4c-06f5698ffbd9}",
    "System.EventID.Qualifiers": "",
    "System.EventID.text": "11",
    "System.Version": "2",
    "System.Level": "4",
    "System.Task": "11",
    "System.Opcode": "0",
    "System.Keywords": "0x8000000000000000",
    "System.TimeCreated.SystemTime": "2017-10-23 17:49:46.565748",
    "System.EventRecordID": "11108",
    "System.Correlation.ActivityID": "",
    "System.Correlation.RelatedActivityID": "",
    "System.Execution.ProcessID": "536",
    "System.Execution.ThreadID": "2708",
    "System.Channel": "Microsoft-Windows-Sysmon/Operational",
    "System.Computer": "DESKTOP-GH9KMB7",
    "System.Security.UserID": "S-1-5-18",
    "EventData.Data.UtcTime": "2017-10-23 17:49:46.550",
    "EventData.Data.ProcessGuid": "{fe62ad40-29d5-59ee-0000-0010a8070800}",
    "EventData.Data.ProcessId": "5740",
    "EventData.Data.Image": "C:\\Users\\admin\\AppData\\Local\\Temp\\0020abd222c640acfdd22094a0fcd19f.EXE",
    "EventData.Data.TargetFilename": "C:\\ProgramData\\Oracle\\Java\\javapath_target_860390\\javaw.exe",
    "EventData.Data.CreationUtcTime": "2017-10-22 15:02:33.607"
}
{
    "System.Provider.Name": "Microsoft-Windows-Sysmon",
    "System.Provider.Guid": "{5770385f-c22a-43e0-bf4c-06f5698ffbd9}",
    "System.EventID.Qualifiers": "",
    "System.EventID.text": "11",
    "System.Version": "2",
    "System.Level": "4",
    "System.Task": "11",
    "System.Opcode": "0",
    "System.Keywords": "0x8000000000000000",
    "System.TimeCreated.SystemTime": "2017-10-23 17:49:47.699287",
    "System.EventRecordID": "11109",
    "System.Correlation.ActivityID": "",
    "System.Correlation.RelatedActivityID": "",
    "System.Execution.ProcessID": "536",
    "System.Execution.ThreadID": "2708",
    "System.Channel": "Microsoft-Windows-Sysmon/Operational",
    "System.Computer": "DESKTOP-GH9KMB7",
    "System.Security.UserID": "S-1-5-18",
    "EventData.Data.UtcTime": "2017-10-23 17:49:47.691",
    "EventData.Data.ProcessGuid": "{fe62ad40-2a74-59ee-0000-001002860a00}",
    "EventData.Data.ProcessId": "6116",
    "EventData.Data.Image": "C:\\Program Files\\Google\\Update\\GoogleUpdate.exe",
    "EventData.Data.TargetFilename": "C:\\ProgramData\\Oracle\\Java\\javapath_target_860390\\javaws.exe",
    "EventData.Data.CreationUtcTime": "2017-10-22 15:02:33.607"
}
{
    "System.Provider.Name": "Microsoft-Windows-Sysmon",
    "System.Provider.Guid": "{5770385f-c22a-43e0-bf4c-06f5698ffbd9}",
    "System.EventID.Qualifiers": "",
    "System.EventID.text": "11",
    "System.Version": "2",
    "System.Level": "4",
    "System.Task": "11",
    "System.Opcode": "0",
    "System.Keywords": "0x8000000000000000",
    "System.TimeCreated.SystemTime": "2017-10-23 17:49:49.596611",
    "System.EventRecordID": "11110",
    "System.Correlation.ActivityID": "",
    "System.Correlation.RelatedActivityID": "",
    "System.Execution.ProcessID": "536",
    "System.Execution.ThreadID": "2708",
    "System.Channel": "Microsoft-Windows-Sysmon/Operational",
    "System.Computer": "DESKTOP-GH9KMB7",
    "System.Security.UserID": "S-1-5-18",
    "EventData.Data.UtcTime": "2017-10-23 17:49:49.581",
    "EventData.Data.ProcessGuid": "{fe62ad40-29d5-59ee-0000-0010a8070800}",
    "EventData.Data.ProcessId": "5740",
    "EventData.Data.Image": "C:\\Users\\admin\\AppData\\Local\\Temp\\0020abd222c640acfdd22094a0fcd19f.EXE",
    "EventData.Data.TargetFilename": "C:\\ProgramData\\Oracle\\Java\\javapath_target_860390\\javaws.exe",
    "EventData.Data.CreationUtcTime": "2017-10-22 15:02:33.607"
}
{
    "System.Provider.Name": "Microsoft-Windows-Sysmon",
    "System.Provider.Guid": "{5770385f-c22a-43e0-bf4c-06f5698ffbd9}",
    "System.EventID.Qualifiers": "",
    "System.EventID.text": "11",
    "System.Version": "2",
    "System.Level": "4",
    "System.Task": "11",
    "System.Opcode": "0",
    "System.Keywords": "0x8000000000000000",
    "System.TimeCreated.SystemTime": "2017-10-23 17:50:01.007450",
    "System.EventRecordID": "11111",
    "System.Correlation.ActivityID": "",
    "System.Correlation.RelatedActivityID": "",
    "System.Execution.ProcessID": "536",
    "System.Execution.ThreadID": "2708",
    "System.Channel": "Microsoft-Windows-Sysmon/Operational",
    "System.Computer": "DESKTOP-GH9KMB7",
    "System.Security.UserID": "S-1-5-18",
    "EventData.Data.UtcTime": "2017-10-23 17:50:01.003",
    "EventData.Data.ProcessGuid": "{fe62ad40-29d5-59ee-0000-0010a8070800}",
    "EventData.Data.ProcessId": "5740",
    "EventData.Data.Image": "C:\\Users\\admin\\AppData\\Local\\Temp\\0020abd222c640acfdd22094a0fcd19f.EXE",
    "EventData.Data.TargetFilename": "C:\\Users\\admin\\AppData\\Local\\Microsoft\\OneDrive\\OneDrive.exe",
    "EventData.Data.CreationUtcTime": "2017-10-19 18:45:59.566"
}
{
    "System.Provider.Name": "Microsoft-Windows-Sysmon",
    "System.Provider.Guid": "{5770385f-c22a-43e0-bf4c-06f5698ffbd9}",
    "System.EventID.Qualifiers": "",
    "System.EventID.text": "11",
    "System.Version": "2",
    "System.Level": "4",
    "System.Task": "11",
    "System.Opcode": "0",
    "System.Keywords": "0x8000000000000000",
    "System.TimeCreated.SystemTime": "2017-10-23 17:50:02.007786",
    "System.EventRecordID": "11112",
    "System.Correlation.ActivityID": "",
    "System.Correlation.RelatedActivityID": "",
    "System.Execution.ProcessID": "536",
    "System.Execution.ThreadID": "2708",
    "System.Channel": "Microsoft-Windows-Sysmon/Operational",
    "System.Computer": "DESKTOP-GH9KMB7",
    "System.Security.UserID": "S-1-5-18",
    "EventData.Data.UtcTime": "2017-10-23 17:50:02.003",
    "EventData.Data.ProcessGuid": "{fe62ad40-29d5-59ee-0000-0010a8070800}",
    "EventData.Data.ProcessId": "5740",
    "EventData.Data.Image": "C:\\Users\\admin\\AppData\\Local\\Temp\\0020abd222c640acfdd22094a0fcd19f.EXE",
    "EventData.Data.TargetFilename": "C:\\Users\\admin\\AppData\\Local\\Microsoft\\OneDrive\\Update\\OneDriveSetup.exe",
    "EventData.Data.CreationUtcTime": "2017-10-20 19:28:10.679"
}
{
    "System.Provider.Name": "Microsoft-Windows-Sysmon",
    "System.Provider.Guid": "{5770385f-c22a-43e0-bf4c-06f5698ffbd9}",
    "System.EventID.Qualifiers": "",
    "System.EventID.text": "11",
    "System.Version": "2",
    "System.Level": "4",
    "System.Task": "11",
    "System.Opcode": "0",
    "System.Keywords": "0x8000000000000000",
    "System.TimeCreated.SystemTime": "2017-10-23 17:50:03.348858",
    "System.EventRecordID": "11113",
    "System.Correlation.ActivityID": "",
    "System.Correlation.RelatedActivityID": "",
    "System.Execution.ProcessID": "536",
    "System.Execution.ThreadID": "2708",
    "System.Channel": "Microsoft-Windows-Sysmon/Operational",
    "System.Computer": "DESKTOP-GH9KMB7",
    "System.Security.UserID": "S-1-5-18",
    "EventData.Data.UtcTime": "2017-10-23 17:50:03.347",
    "EventData.Data.ProcessGuid": "{fe62ad40-2a74-59ee-0000-001002860a00}",
    "EventData.Data.ProcessId": "6116",
    "EventData.Data.Image": "C:\\Program Files\\Google\\Update\\GoogleUpdate.exe",
    "EventData.Data.TargetFilename": "C:\\Users\\admin\\AppData\\Local\\Temp\\00330de8e05e858032748d448982ec88.EXE",
    "EventData.Data.CreationUtcTime": "2017-10-23 14:23:59.530"
}
