{
    "System.Provider.Name": "Microsoft-Windows-Sysmon",
    "System.Provider.Guid": "{5770385f-c22a-43e0-bf4c-06f5698ffbd9}",
    "System.EventID.Qualifiers": "",
    "System.EventID.text": "1",
    "System.Version": "5",
    "System.Level": "4",
    "System.Task": "1",
    "System.Opcode": "0",
    "System.Keywords": "0x8000000000000000",
    "System.TimeCreated.SystemTime": "2017-10-23 17:41:44.262980",
    "System.EventRecordID": "10881",
    "System.Correlation.ActivityID": "",
    "System.Correlation.RelatedActivityID": "",
    "System.Execution.ProcessID": "536",
    "System.Execution.ThreadID": "2708",
    "System.Channel": "Microsoft-Windows-Sysmon/Operational",
    "System.Computer": "DESKTOP-GH9KMB7",
    "System.Security.UserID": "S-1-5-18",
    "EventData.Data.UtcTime": "2017-10-23 17:41:44.260",
    "EventData.Data.ProcessGuid": "{fe62ad40-29d8-59ee-0000-0010ff380800}",
    "EventData.Data.ProcessId": "5932",
    "EventData.Data.Image": "C:\\Windows\\System32\\RuntimeBroker.exe",
    "EventData.Data.CommandLine": "C:\\Windows\\System32\\RuntimeBroker.exe -Embedding",
    "EventData.Data.CurrentDirectory": "C:\\Windows\\system32\\",
    "EventData.Data.User": "DESKTOP-GH9KMB7\\admin",
    "EventData.Data.LogonGuid": "{fe62ad40-2990-59ee-0000-0020b68a0200}",
    "EventData.Data.LogonId": "0x0000000000028ab6",
    "EventData.Data.TerminalSessionId": "1",
    "EventData.Data.IntegrityLevel": "High",
    "EventData.Data.Hashes": "MD5=EE6C021CE9DF96EB64C1202927B99E8C,SHA256=0C3152B1B962478CFED60C526785A119172D2DB488EE753D8A6A9AAE6184DAA6",
    "EventData.Data.ParentProcessGuid": "{fe62ad40-297f-59ee-0000-0010e99e0000}",
    "EventData.Data.ParentProcessId": "960",
    "EventData.Data.ParentImage": "C:\\Windows\\System32\\svchost.exe",
    "EventData.Data.ParentCommandLine": "C:\\Windows\\system32\\svchost.exe -k DcomLaunch -p"
}
{
    "System.Provider.Name": "Microsoft-Windows-Sysmon",
    "System.Provider.Guid": "{5770385f-c22a-43e0-bf4c-06f5698ffbd9}",
    "System.EventID.Qualifiers": "",
    "System.EventID.text": "11",
    "System.Version": "2",
    "System.Level": "4",
    "System.Task": "11",
    "System.Opcode": "0",
    "System.Keywords": "0x8000000000000000",
    "System.TimeCreated.SystemTime": "2017-10-23 17:41:44.621792",
    "System.EventRecordID": "10882",
    "System.Correlation.ActivityID": "",
    "System.Correlation.RelatedActivityID": "",
    "System.Execution.ProcessID": "536",
    "System.Execution.ThreadID": "2708",
    "System.Channel": "Microsoft-Windows-Sysmon/Operational",
    "System.Computer": "DESKTOP-GH9KMB7",
    "System.Security.UserID": "S-1-5-18",
    "EventData.Data.UtcTime": "2017-10-23 17:41:44.570",
    "EventData.Data.ProcessGuid": "{fe62ad40-29d5-59ee-0000-0010a8070800}",
    "EventData.Data.ProcessId": "5740",
    "EventData.Data.Image": "C:\\Users\\admin\\AppData\\Local\\Temp\\0020abd222c640acfdd22094a0fcd19f.EXE",
    "EventData.Data.TargetFilename": "C:\\Program Files\\Adobe\\Acrobat Reader DC\\Reader\\AcroRd32.exe",
    "EventData.Data.CreationUtcTime": "2017-07-31 22:31:50.000"
}
{
    "System.Provider.Name": "Microsoft-Windows-Sysmon",
    "System.Provider.Guid": "{5770385f-c22a-43e0-bf4c-06f5698ffbd9}",
    "System.EventID.Qualifiers": "",
    "System.EventID.text": "1",
    "System.Version": "5",
    "System.Level": "4",
    "System.Task": "1",
    "System.Opcode": "0",
    "System.Keywords": "0x8000000000000000",
    "System.TimeCreated.SystemTime": "2017-10-23 17:41:45.198473",
    "System.EventRecordID": "10883",
    "System.Correlation.ActivityID": "",
    "System.Correlation.RelatedActivityID": "",
    "System.Execution.ProcessID": "536",
    "System.Execution.ThreadID": "2708",
    "System.Channel": "Microsoft-Windows-Sysmon/Operational",
    "System.Computer": "DESKTOP-GH9KMB7",
    "System.Security.UserID": "S-1-5-18",
    "EventData.Data.UtcTime": "2017-10-23 17:41:45.196",
    "EventData.Data.ProcessGuid": "{fe62ad40-29d9-59ee-0000-0010f8550800}",
    "EventData.Data.ProcessId": "6088",
    "EventData.Data.Image": "C:\\Windows\\System32\\svchost.exe",
    "EventData.Data.CommandLine": "C:\\Windows\\System32\\svchost.exe -k netsvcs -p",
    "EventData.Data.CurrentDirectory": "C:\\Windows\\system32\\",
    "EventData.Data.User": "NT AUTHORITY\\SYSTEM",
    "EventData.Data.LogonGuid": "{fe62ad40-297e-59ee-0000-0020e7030000}",
    "EventData.Data.LogonId": "0x00000000000003e7",
    "EventData.Data.TerminalSessionId": "0",
    "EventData.Data.IntegrityLevel": "System",
    "EventData.Data.Hashes": "MD5=15556928CB0E9F74F4036411D8CC111E,SHA256=1030CE4102DAC701FAB043E40444E8F6C96C8C04B5BD512A59E1A4999D22B38C",
    "EventData.Data.ParentProcessGuid": "{fe62ad40-297e-59ee-0000-00109a8b0000}",
    "EventData.Data.ParentProcessId": "812",
    "EventData.Data.ParentImage": "C:\\Windows\\System32\\services.exe",
    "EventData.Data.ParentCommandLine": "C:\\Windows\\system32\\services.exe"
}
{
    "System.Provider.Name": "Microsoft-Windows-Sysmon",
    "System.Provider.Guid": "{5770385f-c22a-43e0-bf4c-06f5698ffbd9}",
    "System.EventID.Qualifiers": "",
    "System.EventID.text": "11",
    "System.Version": "2",
    "System.Level": "4",
    "System.Task": "11",
    "System.Opcode": "0",
    "System.Keywords": "0x8000000000000000",
    "System.TimeCreated.SystemTime": "2017-10-23 17:41:45.575869",
    "System.EventRecordID": "10884",
    "System.Correlation.ActivityID": "",
    "System.Correlation.RelatedActivityID": "",
    "System.Execution.ProcessID": "536",
    "System.Execution.ThreadID": "2708",
    "System.Channel": "Microsoft-Windows-Sysmon/Operational",
    "System.Computer": "DESKTOP-GH9KMB7",
    "System.Security.UserID": "S-1-5-18",
    "EventData.Data.UtcTime": "2017-10-23 17:41:45.571",
    "EventData.Data.ProcessGuid": "{fe62ad40-29d5-59ee-0000-0010a8070800}",
    "EventData.Data.ProcessId": "5740",
    "EventData.Data.Image": "C:\\Users\\admin\\AppData\\Local\\Temp\\0020abd222c640acfdd22094a0fcd19f.EXE",
    "EventData.Data.TargetFilename": "C:\\Program Files\\Adobe\\Acrobat Reader DC\\Reader\\AcroRd32Info.exe",
    "EventData.Data.CreationUtcTime": "2017-07-31 22:31:52.000"
}
{
    "System.Provider.Name": "Microsoft-Windows-Sysmon",
    "System.Provider.Guid": "{5770385f-c22a-43e0-bf4c-06f5698ffbd9}",
    "System.EventID.Qualifiers": "",
    "System.EventID.text": "11",
    "System.Version": "2",
    "System.Level": "4",
    "System.Task": "11",
    "System.Opcode": "0",
    "System.Keywords": "0x8000000000000000",
    "System.TimeCreated.SystemTime": "2017-10-23 17:41:45.589235",
    "System.EventRecordID": "10885",
    "System.Correlation.ActivityID": "",
    "System.Correlation.RelatedActivityID": "",
    "System.Execution.ProcessID": "536",
    "System.Execution.ThreadID": "2708",
    "System.Channel": "Microsoft-Windows-Sysmon/Operational",
    "System.Computer": "DESKTOP-GH9KMB7",
    "System.Security.UserID": "S-1-5-18",
    "EventData.Data.UtcTime": "2017-10-23 17:41:45.586",
    "EventData.Data.ProcessGuid": "{fe62ad40-29d5-59ee-0000-0010a8070800}",
    "EventData.Data.ProcessId": "5740",
    "EventData.Data.Image": "C:\\Users\\admin\\AppData\\Local\\Temp\\0020abd222c640acfdd22094a0fcd19f.EXE",
    "EventData.Data.TargetFilename": "C:\\Program Files\\Adobe\\Acrobat Reader DC\\Reader\\AcroTextExtractor.exe",
    "EventData.Data.CreationUtcTime": "2017-07-31 22:31:50.000"
}
{
    "System.Provider.Name": "Microsoft-Windows-Sysmon",
    "System.Provider.Guid": "{5770385f-c22a-43e0-bf4c-06f5698ffbd9}",
    "System.EventID.Qualifiers": "",
    "System.EventID.text": "11",
    "System.Version": "2",
    "System.Level": "4",
    "System.Task": "11",
    "System.Opcode": "0",
    "System.Keywords": "0x8000000000000000",
    "System.TimeCreated.SystemTime": "2017-10-23 17:41:45.628088",
    "System.EventRecordID": "10886",
    "System.Correlation.ActivityID": "",
    "System.Correlation.RelatedActivityID": "",
    "System.Execution.ProcessID": "536",
    "System.Execution.ThreadID": "2708",
    "System.Channel": "Microsoft-Windows-Sysmon/Operational",
    "System.Computer": "DESKTOP-GH9KMB7",
    "System.Security.UserID": "S-1-5-18",
    "EventData.Data.UtcTime": "2017-10-23 17:41:45.602",
    "EventData.Data.ProcessGuid": "{fe62ad40-29d5-59ee-0000-0010a8070800}",
    "EventData.Data.ProcessId": "5740",
    "EventData.Data.Image": "C:\\Users\\admin\\AppData\\Local\\Temp\\0020abd222c640acfdd22094a0fcd19f.EXE",
    "EventData.Data.TargetFilename": "C:\\Program Files\\Adobe\\Acrobat Reader DC\\Reader\\ADelRCP.exe",
    "EventData.Data.CreationUtcTime": "2017-07-31 22:31:50.000"
}
{
    "System.Provider.Name": "Microsoft-Windows-Sysmon",
    "System.Provider.Guid": "{5770385f-c22a-43e0-bf4c-06f5698ffbd9}",
    "System.EventID.Qualifiers": "",
    "System.EventID.text": "11",
    "System.Version": "2",
    "System.Level": "4",
    "System.Task": "11",
    "System.Opcode": "0",
    "System.Keywords": "0x8000000000000000",
    "System.TimeCreated.SystemTime": "2017-10-23 17:41:45.645079",
    "System.EventRecordID": "10887",
    "System.Correlation.ActivityID": "",
    "System.Correlation.RelatedActivityID": "",
    "System.Execution.ProcessID": "536",
    "System.Execution.ThreadID": "2708",
    "System.Channel": "Microsoft-Windows-Sysmon/Operational",
    "System.Computer": "DESKTOP-GH9KMB7",
    "System.Security.UserID": "S-1-5-18",
    "EventData.Data.UtcTime": "2017-10-23 17:41:45.634",
    "EventData.Data.ProcessGuid": "{fe62ad40-29d5-59ee-0000-0010a8070800}",
    "EventData.Data.ProcessId": "5740",
    "EventData.Data.Image": "C:\\Users\\admin\\AppData\\Local\\Temp\\0020abd222c640acfdd22094a0fcd19f.EXE",
    "EventData.Data.TargetFilename": "C:\\Program Files\\Adobe\\Acrobat Reader DC\\Reader\\AdobeCollabSync.exe",
    "EventData.Data.CreationUtcTime": "2017-07-31 22:31:50.000"
}
{
    "System.Provider.Name": "Microsoft-Windows-Sysmon",
    "System.Provider.Guid": "{5770385f-c22a-43e0-bf4c-06f5698ffbd9}",
    "System.EventID.Qualifiers": "",
    "System.EventID.text": "11",
    "System.Version": "2",
    "System.Level": "4",
    "System.Task": "11",
    "System.Opcode": "0",
    "System.Keywords": "0x8000000000000000",
    "System.TimeCreated.SystemTime": "2017-10-23 17:41:46.540314",
    "System.EventRecordID": "10888",
    "System.Correlation.ActivityID": "",
    "System.Correlation.RelatedActivityID": "",
    "System.Execution.ProcessID": "536",
    "System.Execution.ThreadID": "2708",
    "System.Channel": "Microsoft-Windows-Sysmon/Operational",
    "System.Computer": "DESKTOP-GH9KMB7",
    "System.Security.UserID": "S-1-5-18",
    "EventData.Data.UtcTime": "2017-10-23 17:41:46.524",
    "EventData.Data.ProcessGuid": "{fe62ad40-29c2-59ee-0000-0010dad90600}",
    "EventData.Data.ProcessId": "5080",
    "EventData.Data.Image": "C:\\Program Files\\Google\\Update\\GoogleUpdate.exe",
    "EventData.Data.TargetFilename": "C:\\Windows\\Temp\\GUR81FC.exe",
    "EventData.Data.CreationUtcTime": "2017-10-23 17:41:46.524"
}
{
    "System.Provider.Name": "Microsoft-Windows-Sysmon",
    "System.Provider.Guid": "{5770385f-c22a-43e0-bf4c-06f5698ffbd9}",
    "System.EventID.Qualifiers": "",
    "System.EventID.text": "11",
    "System.Version": "2",
    "System.Level": "4",
    "System.Task": "11",
    "System.Opcode": "0",
    "System.Keywords": "0x8000000000000000",
    "System.TimeCreated.SystemTime": "2017-10-23 17:41:46.588243",
    "System.EventRecordID": "10889",
    "System.Correlation.ActivityID": "",
    "System.Correlation.RelatedActivityID": "",
    "System.Execution.ProcessID": "536",
    "System.Execution.ThreadID": "2708",
    "System.Channel": "Microsoft-Windows-Sysmon/Operational",
    "System.Computer": "DESKTOP-GH9KMB7",
    "System.Security.UserID": "S-1-5-18",
    "EventData.Data.UtcTime": "2017-10-23 17:41:46.587",
    "EventData.Data.ProcessGuid": "{fe62ad40-29c2-59ee-0000-0010dad90600}",
    "EventData.Data.ProcessId": "5080",
    "EventData.Data.Image": "C:\\Program Files\\Google\\Update\\GoogleUpdate.exe",
    "EventData.Data.TargetFilename": "C:\\Windows\\Temp\\GUR81FC.exe",
    "EventData.Data.CreationUtcTime": "2017-10-23 17:41:46.524"
}
{
    "System.Provider.Name": "Microsoft-Windows-Sysmon",
    "System.Provider.Guid": "{5770385f-c22a-43e0-bf4c-06f5698ffbd9}",
    "System.EventID.Qualifiers": "",
    "System.EventID.text": "11",
    "System.Version": "2",
    "System.Level": "4",
    "System.Task": "11",
    "System.Opcode": "0",
    "System.Keywords": "0x8000000000000000",
    "System.TimeCreated.SystemTime": "2017-10-23 17:41:46.596558",
    "System.EventRecordID": "10890",
    "System.Correlation.ActivityID": "",
    "System.Correlation.RelatedActivityID": "",
    "System.Execution.ProcessID": "536",
    "System.Execution.ThreadID": "2708",
    "System.Channel": "Microsoft-Windows-Sysmon/Operational",
    "System.Computer": "DESKTOP-GH9KMB7",
    "System.Security.UserID": "S-1-5-18",
    "EventData.Data.UtcTime": "2017-10-23 17:41:46.587",
    "EventData.Data.ProcessGuid": "{fe62ad40-29d5-59ee-0000-0010a8070800}",
    "EventData.Data.ProcessId": "5740",
    "EventData.Data.Image": "C:\\Users\\admin\\AppData\\Local\\Temp\\0020abd222c640acfdd22094a0fcd19f.EXE",
    "EventData.Data.TargetFilename": "C:\\Program Files\\Adobe\\Acrobat Reader DC\\Reader\\Eula.exe",
    "EventData.Data.CreationUtcTime": "2017-07-31 22:31:52.000"
}
{
    "System.Provider.Name": "Microsoft-Windows-Sysmon",
    "System.Provider.Guid": "{5770385f-c22a-43e0-bf4c-06f5698ffbd9}",
    "System.EventID.Qualifiers": "",
    "System.EventID.text": "11",
    "System.Version": "2",
    "System.Level": "4",
    "System.Task": "11",
    "System.Opcode": "0",
    "System.Keywords": "0x8000000000000000",
    "System.TimeCreated.SystemTime": "2017-10-23 17:41:46.616089",
    "System.EventRecordID": "10891",
    "System.Correlation.ActivityID": "",
    "System.Correlation.RelatedActivityID": "",
    "System.Execution.ProcessID": "536",
    "System.Execution.ThreadID": "2708",
    "System.Channel": "Microsoft-Windows-Sysmon/Operational",
    "System.Computer": "DESKTOP-GH9KMB7",
    "System.Security.UserID": "S-1-5-18",
    "EventData.Data.UtcTime": "2017-10-23 17:41:46.602",
    "EventData.Data.ProcessGuid": "{fe62ad40-29d5-59ee-0000-0010a8070800}",
    "EventData.Data.ProcessId": "5740",
    "EventData.Data.Image": "C:\\Users\\admin\\AppData\\Local\\Temp\\0020abd222c640acfdd22094a0fcd19f.EXE",
    "EventData.Data.TargetFilename": "C:\\Program Files\\Adobe\\Acrobat Reader DC\\Reader\\reader_sl.exe",
    "EventData.Data.CreationUtcTime": "2017-07-31 22:31:52.000"
}
{
    "System.Provider.Name": "Microsoft-Windows-Sysmon",
    "System.Provider.Guid": "{5770385f-c22a-43e0-bf4c-06f5698ffbd9}",
    "System.EventID.Qualifiers": "",
    "System.EventID.text": "11",
    "System.Version": "2",
    "System.Level": "4",
    "System.Task": "11",
    "System.Opcode": "0",
    "System.Keywords": "0x8000000000000000",
    "System.TimeCreated.SystemTime": "2017-10-23 17:41:46.631836",
    "System.EventRecordID": "10892",
    "System.Correlation.ActivityID": "",
    "System.Correlation.RelatedActivityID": "",
    "System.Execution.ProcessID": "536",
    "System.Execution.ThreadID": "2708",
    "System.Channel": "Microsoft-Windows-Sysmon/Operational",
    "System.Computer": "DESKTOP-GH9KMB7",
    "System.Security.UserID": "S-1-5-18",
    "EventData.Data.UtcTime": "2017-10-23 17:41:46.618",
    "EventData.Data.ProcessGuid": "{fe62ad40-29d5-59ee-0000-0010a8070800}",
    "EventData.Data.ProcessId": "5740",
    "EventData.Data.Image": "C:\\Users\\admin\\AppData\\Local\\Temp\\0020abd222c640acfdd22094a0fcd19f.EXE",
    "EventData.Data.TargetFilename": "C:\\Program Files\\Adobe\\Acrobat Reader DC\\Reader\\wow_helper.exe",
    "EventData.Data.CreationUtcTime": "2017-07-31 22:31:50.000"
}
{
    "System.Provider.Name": "Microsoft-Windows-Sysmon",
    "System.Provider.Guid": "{5770385f-c22a-43e0-bf4c-06f5698ffbd9}",
    "System.EventID.Qualifiers": "",
    "System.EventID.text": "1",
    "System.Version": "5",
    "System.Level": "4",
    "System.Task": "1",
    "System.Opcode": "0",
    "System.Keywords": "0x8000000000000000",
    "System.TimeCreated.SystemTime": "2017-10-23 17:41:47.177023",
    "System.EventRecordID": "10893",
    "System.Correlation.ActivityID": "",
    "System.Correlation.RelatedActivityID": "",
    "System.Execution.ProcessID": "536",
    "System.Execution.ThreadID": "2708",
    "System.Channel": "Microsoft-Windows-Sysmon/Operational",
    "System.Computer": "DESKTOP-GH9KMB7",
    "System.Security.UserID": "S-1-5-18",
    "EventData.Data.UtcTime": "2017-10-23 17:41:47.174",
    "EventData.Data.ProcessGuid": "{fe62ad40-29db-59ee-0000-0010f9c70800}",
    "EventData.Data.ProcessId": "4448",
    "EventData.Data.Image": "C:\\Windows\\System32\\RuntimeBroker.exe",
    "EventData.Data.CommandLine": "C:\\Windows\\System32\\RuntimeBroker.exe -Embedding",
    "EventData.Data.CurrentDirectory": "C:\\Windows\\system32\\",
    "EventData.Data.User": "DESKTOP-GH9KMB7\\admin",
    "EventData.Data.LogonGuid": "{fe62ad40-2990-59ee-0000-0020b68a0200}",
    "EventData.Data.LogonId": "0x0000000000028ab6",
    "EventData.Data.TerminalSessionId": "1",
    "EventData.Data.IntegrityLevel": "High",
    "EventData.Data.Hashes": "MD5=EE6C021CE9DF96EB64C1202927B99E8C,SHA256=0C3152B1B962478CFED60C526785A119172D2DB488EE753D8A6A9AAE6184DAA6",
    "EventData.Data.ParentProcessGuid": "{fe62ad40-297f-59ee-0000-0010e99e0000}",
    "EventData.Data.ParentProcessId": "960",
    "EventData.Data.ParentImage": "C:\\Windows\\System32\\svchost.exe",
    "EventData.Data.ParentCommandLine": "C:\\Windows\\system32\\svchost.exe -k DcomLaunch -p"
}
{
    "System.Provider.Name": "Microsoft-Windows-Sysmon",
    "System.Provider.Guid": "{5770385f-c22a-43e0-bf4c-06f5698ffbd9}",
    "System.EventID.Qualifiers": "",
    "System.EventID.text": "11",
    "System.Version": "2",
    "System.Level": "4",
    "System.Task": "11",
    "System.Opcode": "0",
    "System.Keywords": "0x8000000000000000",
    "System.TimeCreated.SystemTime": "2017-10-23 17:41:47.617176",
    "System.EventRecordID": "10894",
    "System.Correlation.ActivityID": "",
    "System.Correlation.RelatedActivityID": "",
    "System.Execution.ProcessID": "536",
    "System.Execution.ThreadID": "2708",
    "System.Channel": "Microsoft-Windows-Sysmon/Operational",
    "System.Computer": "DESKTOP-GH9KMB7",
    "System.Security.UserID": "S-1-5-18",
    "EventData.Data.UtcTime": "2017-10-23 17:41:47.603",
    "EventData.Data.ProcessGuid": "{fe62ad40-29d5-59ee-0000-0010a8070800}",
    "EventData.Data.ProcessId": "5740",
    "EventData.Data.Image": "C:\\Users\\admin\\AppData\\Local\\Temp\\0020abd222c640acfdd22094a0fcd19f.EXE",
    "EventData.Data.TargetFilename": "C:\\Program Files\\Adobe\\Acrobat Reader DC\\Reader\\AcroCEF\\RdrCEF.exe",
    "EventData.Data.CreationUtcTime": "2017-07-31 22:31:52.000"
}
{
    "System.Provider.Name": "Microsoft-Windows-Sysmon",
    "System.Provider.Guid": "{5770385f-c22a-43e0-bf4c-06f5698ffbd9}",
    "System.EventID.Qualifiers": "",
    "System.EventID.text": "11",
    "System.Version": "2",
    "System.Level": "4",
    "System.Task": "11",
    "System.Opcode": "0",
    "System.Keywords": "0x8000000000000000",
    "System.TimeCreated.SystemTime": "2017-10-23 17:41:49.766268",
    "System.EventRecordID": "10895",
    "System.Correlation.ActivityID": "",
    "System.Correlation.RelatedActivityID": "",
    "System.Execution.ProcessID": "536",
    "System.Execution.ThreadID": "2708",
    "System.Channel": "Microsoft-Windows-Sysmon/Operational",
    "System.Computer": "DESKTOP-GH9KMB7",
    "System.Security.UserID": "S-1-5-18",
    "EventData.Data.UtcTime": "2017-10-23 17:41:49.745",
    "EventData.Data.ProcessGuid": "{fe62ad40-29d5-59ee-0000-0010a8070800}",
    "EventData.Data.ProcessId": "5740",
    "EventData.Data.Image": "C:\\Users\\admin\\AppData\\Local\\Temp\\0020abd222c640acfdd22094a0fcd19f.EXE",
    "EventData.Data.TargetFilename": "C:\\Program Files\\Adobe\\Acrobat Reader DC\\Reader\\AcroCEF\\RdrServicesUpdater.exe",
    "EventData.Data.CreationUtcTime": "2017-07-31 22:31:52.000"
}
{
    "System.Provider.Name": "Microsoft-Windows-Sysmon",
    "System.Provider.Guid": "{5770385f-c22a-43e0-bf4c-06f5698ffbd9}",
    "System.EventID.Qualifiers": "",
    "System.EventID.text": "11",
    "System.Version": "2",
    "System.Level": "4",
    "System.Task": "11",
    "System.Opcode": "0",
    "System.Keywords": "0x8000000000000000",
    "System.TimeCreated.SystemTime": "2017-10-23 17:41:52.808266",
    "System.EventRecordID": "10896",
    "System.Correlation.ActivityID": "",
    "System.Correlation.RelatedActivityID": "",
    "System.Execution.ProcessID": "536",
    "System.Execution.ThreadID": "2708",
    "System.Channel": "Microsoft-Windows-Sysmon/Operational",
    "System.Computer": "DESKTOP-GH9KMB7",
    "System.Security.UserID": "S-1-5-18",
    "EventData.Data.UtcTime": "2017-10-23 17:41:52.794",
    "EventData.Data.ProcessGuid": "{fe62ad40-29d5-59ee-0000-0010a8070800}",
    "EventData.Data.ProcessId": "5740",
    "EventData.Data.Image": "C:\\Users\\admin\\AppData\\Local\\Temp\\0020abd222c640acfdd22094a0fcd19f.EXE",
    "EventData.Data.TargetFilename": "C:\\Program Files\\Adobe\\Acrobat Reader DC\\Reader\\plug_ins\\pi_brokers\\32BitMAPIBroker.exe",
    "EventData.Data.CreationUtcTime": "2017-07-31 19:31:50.000"
}
{
    "System.Provider.Name": "Microsoft-Windows-Sysmon",
    "System.Provider.Guid": "{5770385f-c22a-43e0-bf4c-06f5698ffbd9}",
    "System.EventID.Qualifiers": "",
    "System.EventID.text": "11",
    "System.Version": "2",
    "System.Level": "4",
    "System.Task": "11",
    "System.Opcode": "0",
    "System.Keywords": "0x8000000000000000",
    "System.TimeCreated.SystemTime": "2017-10-23 17:41:56.980494",
    "System.EventRecordID": "10897",
    "System.Correlation.ActivityID": "",
    "System.Correlation.RelatedActivityID": "",
    "System.Execution.ProcessID": "536",
    "System.Execution.ThreadID": "2708",
    "System.Channel": "Microsoft-Windows-Sysmon/Operational",
    "System.Computer": "DESKTOP-GH9KMB7",
    "System.Security.UserID": "S-1-5-18",
    "EventData.Data.UtcTime": "2017-10-23 17:41:56.967",
    "EventData.Data.ProcessGuid": "{fe62ad40-29d5-59ee-0000-0010a8070800}",
    "EventData.Data.ProcessId": "5740",
    "EventData.Data.Image": "C:\\Users\\admin\\AppData\\Local\\Temp\\0020abd222c640acfdd22094a0fcd19f.EXE",
    "EventData.Data.TargetFilename": "C:\\Program Files\\Common Files\\Adobe\\ARM\\1.0\\AdobeARM.exe",
    "EventData.Data.CreationUtcTime": "2017-07-20 06:50:40.000"
}
{
    "System.Provider.Name": "Microsoft-Windows-Sysmon",
    "System.Provider.Guid": "{5770385f-c22a-43e0-bf4c-06f5698ffbd9}",
    "System.EventID.Qualifiers": "",
    "System.EventID.text": "11",
    "System.Version": "2",
    "System.Level": "4",
    "System.Task": "11",
    "System.Opcode": "0",
    "System.Keywords": "0x8000000000000000",
    "System.TimeCreated.SystemTime": "2017-10-23 17:41:57.924435",
    "System.EventRecordID": "10898",
    "System.Correlation.ActivityID": "",
    "System.Correlation.RelatedActivityID": "",
    "System.Execution.ProcessID": "536",
    "System.Execution.ThreadID": "2708",
    "System.Channel": "Microsoft-Windows-Sysmon/Operational",
    "System.Computer": "DESKTOP-GH9KMB7",
    "System.Security.UserID": "S-1-5-18",
    "EventData.Data.UtcTime": "2017-10-23 17:41:57.921",
    "EventData.Data.ProcessGuid": "{fe62ad40-29d5-59ee-0000-0010a8070800}",
    "EventData.Data.ProcessId": "5740",
    "EventData.Data.Image": "C:\\Users\\admin\\AppData\\Local\\Temp\\0020abd222c640acfdd22094a0fcd19f.EXE",
    "EventData.Data.TargetFilename": "C:\\Program Files\\Common Files\\Adobe\\ARM\\1.0\\AdobeARMHelper.exe",
    "EventData.Data.CreationUtcTime": "2017-07-20 06:50:40.000"
}
{
    "System.Provider.Name": "Microsoft-Windows-Sysmon",
    "System.Provider.Guid": "{5770385f-c22a-43e0-bf4c-06f5698ffbd9}",
    "System.EventID.Qualifiers": "",
    "System.EventID.text": "11",
    "System.Version": "2",
    "System.Level": "4",
    "System.Task": "11",
    "System.Opcode": "0",
    "System.Keywords": "0x8000000000000000",
    "System.TimeCreated.SystemTime": "2017-10-23 17:41:57.936636",
    "System.EventRecordID": "10899",
    "System.Correlation.ActivityID": "",
    "System.Correlation.RelatedActivityID": "",
    "System.Execution.ProcessID": "536",
    "System.Execution.ThreadID": "2708",
    "System.Channel": "Microsoft-Windows-Sysmon/Operational",
    "System.Computer": "DESKTOP-GH9KMB7",
    "System.Security.UserID": "S-1-5-18",
    "EventData.Data.UtcTime": "2017-10-23 17:41:57.921",
    "EventData.Data.ProcessGuid": "{fe62ad40-29d5-59ee-0000-0010a8070800}",
    "EventData.Data.ProcessId": "5740",
    "EventData.Data.Image": "C:\\Users\\admin\\AppData\\Local\\Temp\\0020abd222c640acfdd22094a0fcd19f.EXE",
    "EventData.Data.TargetFilename": "C:\\Program Files\\Common Files\\Adobe\\ARM\\1.0\\armsvc.exe",
    "EventData.Data.CreationUtcTime": "2017-07-20 06:50:40.000"
}
{
    "System.Provider.Name": "Microsoft-Windows-Sysmon",
    "System.Provider.Guid": "{5770385f-c22a-43e0-bf4c-06f5698ffbd9}",
    "System.EventID.Qualifiers": "",
    "System.EventID.text": "11",
    "System.Version": "2",
    "System.Level": "4",
    "System.Task": "11",
    "System.Opcode": "0",
    "System.Keywords": "0x8000000000000000",
    "System.TimeCreated.SystemTime": "2017-10-23 17:41:57.954294",
    "System.EventRecordID": "10900",
    "System.Correlation.ActivityID": "",
    "System.Correlation.RelatedActivityID": "",
    "System.Execution.ProcessID": "536",
    "System.Execution.ThreadID": "2708",
    "System.Channel": "Microsoft-Windows-Sysmon/Operational",
    "System.Computer": "DESKTOP-GH9KMB7",
    "System.Security.UserID": "S-1-5-18",
    "EventData.Data.UtcTime": "2017-10-23 17:41:57.952",
    "EventData.Data.ProcessGuid": "{fe62ad40-29d5-59ee-0000-0010a8070800}",
    "EventData.Data.ProcessId": "5740",
    "EventData.Data.Image": "C:\\Users\\admin\\AppData\\Local\\Temp\\0020abd222c640acfdd22094a0fcd19f.EXE",
    "EventData.Data.TargetFilename": "C:\\Program Files\\Common Files\\Java\\Java Update\\jucheck.exe",
    "EventData.Data.CreationUtcTime": "2017-09-06 00:43:14.000"
}
{
    "System.Provider.Name": "Microsoft-Windows-Sysmon",
    "System.Provider.Guid": "{5770385f-c22a-43e0-bf4c-06f5698ffbd9}",
    "System.EventID.Qualifiers": "",
    "System.EventID.text": "11",
    "System.Version": "2",
    "System.Level": "4",
    "System.Task": "11",
    "System.Opcode": "0",
    "System.Keywords": "0x8000000000000000",
    "System.TimeCreated.SystemTime": "2017-10-23 17:41:57.974268",
    "System.EventRecordID": "10901",
    "System.Correlation.ActivityID": "",
    "System.Correlation.RelatedActivityID": "",
    "System.Execution.ProcessID": "536",
    "System.Execution.ThreadID": "2708",
    "System.Channel": "Microsoft-Windows-Sysmon/Operational",
    "System.Computer": "DESKTOP-GH9KMB7",
    "System.Security.UserID": "S-1-5-18",
    "EventData.Data.UtcTime": "2017-10-23 17:41:57.968",
    "EventData.Data.ProcessGuid": "{fe62ad40-29d5-59ee-0000-0010a8070800}",
    "EventData.Data.ProcessId": "5740",
    "EventData.Data.Image": "C:\\Users\\admin\\AppData\\Local\\Temp\\0020abd222c640acfdd22094a0fcd19f.EXE",
    "EventData.Data.TargetFilename": "C:\\Program Files\\Common Files\\Java\\Java Update\\jusched.exe",
    "EventData.Data.CreationUtcTime": "2017-09-06 00:43:28.000"
}
{
    "System.Provider.Name": "Microsoft-Windows-Sysmon",
    "System.Provider.Guid": "{5770385f-c22a-43e0-bf4c-06f5698ffbd9}",
    "System.EventID.Qualifiers": "",
    "System.EventID.text": "11",
    "System.Version": "2",
    "System.Level": "4",
    "System.Task": "11",
    "System.Opcode": "0",
    "System.Keywords": "0x8000000000000000",
    "System.TimeCreated.SystemTime": "2017-10-23 17:41:57.993418",
    "System.EventRecordID": "10902",
    "System.Correlation.ActivityID": "",
    "System.Correlation.RelatedActivityID": "",
    "System.Execution.ProcessID": "536",
    "System.Execution.ThreadID": "2708",
    "System.Channel": "Microsoft-Windows-Sysmon/Operational",
    "System.Computer": "DESKTOP-GH9KMB7",
    "System.Security.UserID": "S-1-5-18",
    "EventData.Data.UtcTime": "2017-10-23 17:41:57.984",
    "EventData.Data.ProcessGuid": "{fe62ad40-29d5-59ee-0000-0010a8070800}",
    "EventData.Data.ProcessId": "5740",
    "EventData.Data.Image": "C:\\Users\\admin\\AppData\\Local\\Temp\\0020abd222c640acfdd22094a0fcd19f.EXE",
    "EventData.Data.TargetFilename": "C:\\Program Files\\Common Files\\microsoft shared\\DW\\DW20.EXE",
    "EventData.Data.CreationUtcTime": "2015-07-31 13:56:42.000"
}
{
    "System.Provider.Name": "Microsoft-Windows-Sysmon",
    "System.Provider.Guid": "{5770385f-c22a-43e0-bf4c-06f5698ffbd9}",
    "System.EventID.Qualifiers": "",
    "System.EventID.text": "11",
    "System.Version": "2",
    "System.Level": "4",
    "System.Task": "11",
    "System.Opcode": "0",
    "System.Keywords": "0x8000000000000000",
    "System.TimeCreated.SystemTime": "2017-10-23 17:41:58.968319",
    "System.EventRecordID": "10903",
    "System.Correlation.ActivityID": "",
    "System.Correlation.RelatedActivityID": "",
    "System.Execution.ProcessID": "536",
    "System.Execution.ThreadID": "2708",
    "System.Channel": "Microsoft-Windows-Sysmon/Operational",
    "System.Computer": "DESKTOP-GH9KMB7",
    "System.Security.UserID": "S-1-5-18",
    "EventData.Data.UtcTime": "2017-10-23 17:41:58.954",
    "EventData.Data.ProcessGuid": "{fe62ad40-29d5-59ee-0000-0010a8070800}",
    "EventData.Data.ProcessId": "5740",
    "EventData.Data.Image": "C:\\Users\\admin\\AppData\\Local\\Temp\\0020abd222c640acfdd22094a0fcd19f.EXE",
    "EventData.Data.TargetFilename": "C:\\Program Files\\Common Files\\microsoft shared\\DW\\DWTRIG20.EXE",
    "EventData.Data.CreationUtcTime": "2015-07-31 13:56:42.000"
}
{
    "System.Provider.Name": "Microsoft-Windows-Sysmon",
    "System.Provider.Guid": "{5770385f-c22a-43e0-bf4c-06f5698ffbd9}",
    "System.EventID.Qualifiers": "",
    "System.EventID.text": "11",
    "System.Version": "2",
    "System.Level": "4",
    "System.Task": "11",
    "System.Opcode": "0",
    "System.Keywords": "0x8000000000000000",
    "System.TimeCreated.SystemTime": "2017-10-23 17:41:58.988691",
    "System.EventRecordID": "10904",
    "System.Correlation.ActivityID": "",
    "System.Correlation.RelatedActivityID": "",
    "System.Execution.ProcessID": "536",
    "System.Execution.ThreadID": "2708",
    "System.Channel": "Microsoft-Windows-Sysmon/Operational",
    "System.Computer": "DESKTOP-GH9KMB7",
    "System.Security.UserID": "S-1-5-18",
    "EventData.Data.UtcTime": "2017-10-23 17:41:58.969",
    "EventData.Data.ProcessGuid": "{fe62ad40-29d5-59ee-0000-0010a8070800}",
    "EventData.Data.ProcessId": "5740",
    "EventData.Data.Image": "C:\\Users\\admin\\AppData\\Local\\Temp\\0020abd222c640acfdd22094a0fcd19f.EXE",
    "EventData.Data.TargetFilename": "C:\\Program Files\\Common Files\\microsoft shared\\EQUATION\\EQNEDT32.EXE",
    "EventData.Data.CreationUtcTime": "2015-07-30 07:24:12.000"
}
{
    "System.Provider.Name": "Microsoft-Windows-Sysmon",
    "System.Provider.Guid": "{5770385f-c22a-43e0-bf4c-06f5698ffbd9}",
    "System.EventID.Qualifiers": "",
    "System.EventID.text": "11",
    "System.Version": "2",
    "System.Level": "4",
    "System.Task": "11",
    "System.Opcode": "0",
    "System.Keywords": "0x8000000000000000",
    "System.TimeCreated.SystemTime": "2017-10-23 17:41:59.046251",
    "System.EventRecordID": "10905",
    "System.Correlation.ActivityID": "",
    "System.Correlation.RelatedActivityID": "",
    "System.Execution.ProcessID": "536",
    "System.Execution.ThreadID": "2708",
    "System.Channel": "Microsoft-Windows-Sysmon/Operational",
    "System.Computer": "DESKTOP-GH9KMB7",
    "System.Security.UserID": "S-1-5-18",
    "EventData.Data.UtcTime": "2017-10-23 17:41:59.031",
    "EventData.Data.ProcessGuid": "{fe62ad40-29d5-59ee-0000-0010a8070800}",
    "EventData.Data.ProcessId": "5740",
    "EventData.Data.Image": "C:\\Users\\admin\\AppData\\Local\\Temp\\0020abd222c640acfdd22094a0fcd19f.EXE",
    "EventData.Data.TargetFilename": "C:\\Program Files\\Common Files\\microsoft shared\\ink\\FlickLearningWizard.exe",
    "EventData.Data.CreationUtcTime": "2017-09-29 11:50:34.813"
}
{
    "System.Provider.Name": "Microsoft-Windows-Sysmon",
    "System.Provider.Guid": "{5770385f-c22a-43e0-bf4c-06f5698ffbd9}",
    "System.EventID.Qualifiers": "",
    "System.EventID.text": "11",
    "System.Version": "2",
    "System.Level": "4",
    "System.Task": "11",
    "System.Opcode": "0",
    "System.Keywords": "0x8000000000000000",
    "System.TimeCreated.SystemTime": "2017-10-23 17:41:59.064964",
    "System.EventRecordID": "10906",
    "System.Correlation.ActivityID": "",
    "System.Correlation.RelatedActivityID": "",
    "System.Execution.ProcessID": "536",
    "System.Execution.ThreadID": "2708",
    "System.Channel": "Microsoft-Windows-Sysmon/Operational",
    "System.Computer": "DESKTOP-GH9KMB7",
    "System.Security.UserID": "S-1-5-18",
    "EventData.Data.UtcTime": "2017-10-23 17:41:59.062",
    "EventData.Data.ProcessGuid": "{fe62ad40-29d5-59ee-0000-0010a8070800}",
    "EventData.Data.ProcessId": "5740",
    "EventData.Data.Image": "C:\\Users\\admin\\AppData\\Local\\Temp\\0020abd222c640acfdd22094a0fcd19f.EXE",
    "EventData.Data.TargetFilename": "C:\\Program Files\\Common Files\\microsoft shared\\ink\\InputPersonalization.exe",
    "EventData.Data.CreationUtcTime": "2017-09-29 11:50:34.906"
}
{
    "System.Provider.Name": "Microsoft-Windows-Sysmon",
    "System.Provider.Guid": "{5770385f-c22a-43e0-bf4c-06f5698ffbd9}",
    "System.EventID.Qualifiers": "",
    "System.EventID.text": "11",
    "System.Version": "2",
    "System.Level": "4",
    "System.Task": "11",
    "System.Opcode": "0",
    "System.Keywords": "0x8000000000000000",
    "System.TimeCreated.SystemTime": "2017-10-23 17:41:59.982950",
    "System.EventRecordID": "10907",
    "System.Correlation.ActivityID": "",
    "System.Correlation.RelatedActivityID": "",
    "System.Execution.ProcessID": "536",
    "System.Execution.ThreadID": "2708",
    "System.Channel": "Microsoft-Windows-Sysmon/Operational",
    "System.Computer": "DESKTOP-GH9KMB7",
    "System.Security.UserID": "S-1-5-18",
    "EventData.Data.UtcTime": "2017-10-23 17:41:59.970",
    "EventData.Data.ProcessGuid": "{fe62ad40-29d5-59ee-0000-0010a8070800}",
    "EventData.Data.ProcessId": "5740",
    "EventData.Data.Image": "C:\\Users\\admin\\AppData\\Local\\Temp\\0020abd222c640acfdd22094a0fcd19f.EXE",
    "EventData.Data.TargetFilename": "C:\\Program Files\\Common Files\\microsoft shared\\ink\\mip.exe",
    "EventData.Data.CreationUtcTime": "2017-09-29 11:50:34.813"
}
{
    "System.Provider.Name": "Microsoft-Windows-Sysmon",
    "System.Provider.Guid": "{5770385f-c22a-43e0-bf4c-06f5698ffbd9}",
    "System.EventID.Qualifiers": "",
    "System.EventID.text": "11",
    "System.Version": "2",
    "System.Level": "4",
    "System.Task": "11",
    "System.Opcode": "0",
    "System.Keywords": "0x8000000000000000",
    "System.TimeCreated.SystemTime": "2017-10-23 17:42:00.007076",
    "System.EventRecordID": "10908",
    "System.Correlation.ActivityID": "",
    "System.Correlation.RelatedActivityID": "",
    "System.Execution.ProcessID": "536",
    "System.Execution.ThreadID": "2708",
    "System.Channel": "Microsoft-Windows-Sysmon/Operational",
    "System.Computer": "DESKTOP-GH9KMB7",
    "System.Security.UserID": "S-1-5-18",
    "EventData.Data.UtcTime": "2017-10-23 17:42:00.000",
    "EventData.Data.ProcessGuid": "{fe62ad40-29d5-59ee-0000-0010a8070800}",
    "EventData.Data.ProcessId": "5740",
    "EventData.Data.Image": "C:\\Users\\admin\\AppData\\Local\\Temp\\0020abd222c640acfdd22094a0fcd19f.EXE",
    "EventData.Data.TargetFilename": "C:\\Program Files\\Common Files\\microsoft shared\\ink\\pipanel.exe",
    "EventData.Data.CreationUtcTime": "2017-09-29 11:50:15.859"
}
{
    "System.Provider.Name": "Microsoft-Windows-Sysmon",
    "System.Provider.Guid": "{5770385f-c22a-43e0-bf4c-06f5698ffbd9}",
    "System.EventID.Qualifiers": "",
    "System.EventID.text": "11",
    "System.Version": "2",
    "System.Level": "4",
    "System.Task": "11",
    "System.Opcode": "0",
    "System.Keywords": "0x8000000000000000",
    "System.TimeCreated.SystemTime": "2017-10-23 17:42:00.015806",
    "System.EventRecordID": "10909",
    "System.Correlation.ActivityID": "",
    "System.Correlation.RelatedActivityID": "",
    "System.Execution.ProcessID": "536",
    "System.Execution.ThreadID": "2708",
    "System.Channel": "Microsoft-Windows-Sysmon/Operational",
    "System.Computer": "DESKTOP-GH9KMB7",
    "System.Security.UserID": "S-1-5-18",
    "EventData.Data.UtcTime": "2017-10-23 17:42:00.000",
    "EventData.Data.ProcessGuid": "{fe62ad40-29d5-59ee-0000-0010a8070800}",
    "EventData.Data.ProcessId": "5740",
    "EventData.Data.Image": "C:\\Users\\admin\\AppData\\Local\\Temp\\0020abd222c640acfdd22094a0fcd19f.EXE",
    "EventData.Data.TargetFilename": "C:\\Program Files\\Common Files\\microsoft shared\\ink\\ShapeCollector.exe",
    "EventData.Data.CreationUtcTime": "2017-09-29 11:50:34.891"
}
{
    "System.Provider.Name": "Microsoft-Windows-Sysmon",
    "System.Provider.Guid": "{5770385f-c22a-43e0-bf4c-06f5698ffbd9}",
    "System.EventID.Qualifiers": "",
    "System.EventID.text": "11",
    "System.Version": "2",
    "System.Level": "4",
    "System.Task": "11",
    "System.Opcode": "0",
    "System.Keywords": "0x8000000000000000",
    "System.TimeCreated.SystemTime": "2017-10-23 17:42:00.031420",
    "System.EventRecordID": "10910",
    "System.Correlation.ActivityID": "",
    "System.Correlation.RelatedActivityID": "",
    "System.Execution.ProcessID": "536",
    "System.Execution.ThreadID": "2708",
    "System.Channel": "Microsoft-Windows-Sysmon/Operational",
    "System.Computer": "DESKTOP-GH9KMB7",
    "System.Security.UserID": "S-1-5-18",
    "EventData.Data.UtcTime": "2017-10-23 17:42:00.016",
    "EventData.Data.ProcessGuid": "{fe62ad40-29d5-59ee-0000-0010a8070800}",
    "EventData.Data.ProcessId": "5740",
    "EventData.Data.Image": "C:\\Users\\admin\\AppData\\Local\\Temp\\0020abd222c640acfdd22094a0fcd19f.EXE",
    "EventData.Data.TargetFilename": "C:\\Program Files\\Common Files\\microsoft shared\\ink\\TabTip.exe",
    "EventData.Data.CreationUtcTime": "2017-09-29 11:50:34.828"
}
{
    "System.Provider.Name": "Microsoft-Windows-Sysmon",
    "System.Provider.Guid": "{5770385f-c22a-43e0-bf4c-06f5698ffbd9}",
    "System.EventID.Qualifiers": "",
    "System.EventID.text": "11",
    "System.Version": "2",
    "System.Level": "4",
    "System.Task": "11",
    "System.Opcode": "0",
    "System.Keywords": "0x8000000000000000",
    "System.TimeCreated.SystemTime": "2017-10-23 17:42:00.061157",
    "System.EventRecordID": "10911",
    "System.Correlation.ActivityID": "",
    "System.Correlation.RelatedActivityID": "",
    "System.Execution.ProcessID": "536",
    "System.Execution.ThreadID": "2708",
    "System.Channel": "Microsoft-Windows-Sysmon/Operational",
    "System.Computer": "DESKTOP-GH9KMB7",
    "System.Security.UserID": "S-1-5-18",
    "EventData.Data.UtcTime": "2017-10-23 17:42:00.047",
    "EventData.Data.ProcessGuid": "{fe62ad40-29d5-59ee-0000-0010a8070800}",
    "EventData.Data.ProcessId": "5740",
    "EventData.Data.Image": "C:\\Users\\admin\\AppData\\Local\\Temp\\0020abd222c640acfdd22094a0fcd19f.EXE",
    "EventData.Data.TargetFilename": "C:\\Program Files\\Common Files\\microsoft shared\\MSInfo\\msinfo32.exe",
    "EventData.Data.CreationUtcTime": "2017-09-29 11:50:24.906"
}
{
    "System.Provider.Name": "Microsoft-Windows-Sysmon",
    "System.Provider.Guid": "{5770385f-c22a-43e0-bf4c-06f5698ffbd9}",
    "System.EventID.Qualifiers": "",
    "System.EventID.text": "11",
    "System.Version": "2",
    "System.Level": "4",
    "System.Task": "11",
    "System.Opcode": "0",
    "System.Keywords": "0x8000000000000000",
    "System.TimeCreated.SystemTime": "2017-10-23 17:42:00.078234",
    "System.EventRecordID": "10912",
    "System.Correlation.ActivityID": "",
    "System.Correlation.RelatedActivityID": "",
    "System.Execution.ProcessID": "536",
    "System.Execution.ThreadID": "2708",
    "System.Channel": "Microsoft-Windows-Sysmon/Operational",
    "System.Computer": "DESKTOP-GH9KMB7",
    "System.Security.UserID": "S-1-5-18",
    "EventData.Data.UtcTime": "2017-10-23 17:42:00.063",
    "EventData.Data.ProcessGuid": "{fe62ad40-29d5-59ee-0000-0010a8070800}",
    "EventData.Data.ProcessId": "5740",
    "EventData.Data.Image": "C:\\Users\\admin\\AppData\\Local\\Temp\\0020abd222c640acfdd22094a0fcd19f.EXE",
    "EventData.Data.TargetFilename": "C:\\Program Files\\Common Files\\microsoft shared\\OFFICE16\\CSISYNCCLIENT.EXE",
    "EventData.Data.CreationUtcTime": "2015-07-31 13:56:38.000"
}
{
    "System.Provider.Name": "Microsoft-Windows-Sysmon",
    "System.Provider.Guid": "{5770385f-c22a-43e0-bf4c-06f5698ffbd9}",
    "System.EventID.Qualifiers": "",
    "System.EventID.text": "11",
    "System.Version": "2",
    "System.Level": "4",
    "System.Task": "11",
    "System.Opcode": "0",
    "System.Keywords": "0x8000000000000000",
    "System.TimeCreated.SystemTime": "2017-10-23 17:42:00.995914",
    "System.EventRecordID": "10913",
    "System.Correlation.ActivityID": "",
    "System.Correlation.RelatedActivityID": "",
    "System.Execution.ProcessID": "536",
    "System.Execution.ThreadID": "2708",
    "System.Channel": "Microsoft-Windows-Sysmon/Operational",
    "System.Computer": "DESKTOP-GH9KMB7",
    "System.Security.UserID": "S-1-5-18",
    "EventData.Data.UtcTime": "2017-10-23 17:42:00.986",
    "EventData.Data.ProcessGuid": "{fe62ad40-29d5-59ee-0000-0010a8070800}",
    "EventData.Data.ProcessId": "5740",
    "EventData.Data.Image": "C:\\Users\\admin\\AppData\\Local\\Temp\\0020abd222c640acfdd22094a0fcd19f.EXE",
    "EventData.Data.TargetFilename": "C:\\Program Files\\Common Files\\microsoft shared\\OFFICE16\\FLTLDR.EXE",
    "EventData.Data.CreationUtcTime": "2015-07-31 13:56:38.000"
}
{
    "System.Provider.Name": "Microsoft-Windows-Sysmon",
    "System.Provider.Guid": "{5770385f-c22a-43e0-bf4c-06f5698ffbd9}",
    "System.EventID.Qualifiers": "",
    "System.EventID.text": "11",
    "System.Version": "2",
    "System.Level": "4",
    "System.Task": "11",
    "System.Opcode": "0",
    "System.Keywords": "0x8000000000000000",
    "System.TimeCreated.SystemTime": "2017-10-23 17:42:01.009014",
    "System.EventRecordID": "10914",
    "System.Correlation.ActivityID": "",
    "System.Correlation.RelatedActivityID": "",
    "System.Execution.ProcessID": "536",
    "System.Execution.ThreadID": "2708",
    "System.Channel": "Microsoft-Windows-Sysmon/Operational",
    "System.Computer": "DESKTOP-GH9KMB7",
    "System.Security.UserID": "S-1-5-18",
    "EventData.Data.UtcTime": "2017-10-23 17:42:01.001",
    "EventData.Data.ProcessGuid": "{fe62ad40-29d5-59ee-0000-0010a8070800}",
    "EventData.Data.ProcessId": "5740",
    "EventData.Data.Image": "C:\\Users\\admin\\AppData\\Local\\Temp\\0020abd222c640acfdd22094a0fcd19f.EXE",
    "EventData.Data.TargetFilename": "C:\\Program Files\\Common Files\\microsoft shared\\OFFICE16\\LICLUA.EXE",
    "EventData.Data.CreationUtcTime": "2015-07-31 13:56:38.000"
}
{
    "System.Provider.Name": "Microsoft-Windows-Sysmon",
    "System.Provider.Guid": "{5770385f-c22a-43e0-bf4c-06f5698ffbd9}",
    "System.EventID.Qualifiers": "",
    "System.EventID.text": "11",
    "System.Version": "2",
    "System.Level": "4",
    "System.Task": "11",
    "System.Opcode": "0",
    "System.Keywords": "0x8000000000000000",
    "System.TimeCreated.SystemTime": "2017-10-23 17:42:01.024389",
    "System.EventRecordID": "10915",
    "System.Correlation.ActivityID": "",
    "System.Correlation.RelatedActivityID": "",
    "System.Execution.ProcessID": "536",
    "System.Execution.ThreadID": "2708",
    "System.Channel": "Microsoft-Windows-Sysmon/Operational",
    "System.Computer": "DESKTOP-GH9KMB7",
    "System.Security.UserID": "S-1-5-18",
    "EventData.Data.UtcTime": "2017-10-23 17:42:01.016",
    "EventData.Data.ProcessGuid": "{fe62ad40-29d5-59ee-0000-0010a8070800}",
    "EventData.Data.ProcessId": "5740",
    "EventData.Data.Image": "C:\\Users\\admin\\AppData\\Local\\Temp\\0020abd222c640acfdd22094a0fcd19f.EXE",
    "EventData.Data.TargetFilename": "C:\\Program Files\\Common Files\\microsoft shared\\OFFICE16\\MSOICONS.EXE",
    "EventData.Data.CreationUtcTime": "2015-07-31 13:56:38.000"
}
{
    "System.Provider.Name": "Microsoft-Windows-Sysmon",
    "System.Provider.Guid": "{5770385f-c22a-43e0-bf4c-06f5698ffbd9}",
    "System.EventID.Qualifiers": "",
    "System.EventID.text": "11",
    "System.Version": "2",
    "System.Level": "4",
    "System.Task": "11",
    "System.Opcode": "0",
    "System.Keywords": "0x8000000000000000",
    "System.TimeCreated.SystemTime": "2017-10-23 17:42:01.047913",
    "System.EventRecordID": "10916",
    "System.Correlation.ActivityID": "",
    "System.Correlation.RelatedActivityID": "",
    "System.Execution.ProcessID": "536",
    "System.Execution.ThreadID": "2708",
    "System.Channel": "Microsoft-Windows-Sysmon/Operational",
    "System.Computer": "DESKTOP-GH9KMB7",
    "System.Security.UserID": "S-1-5-18",
    "EventData.Data.UtcTime": "2017-10-23 17:42:01.032",
    "EventData.Data.ProcessGuid": "{fe62ad40-29d5-59ee-0000-0010a8070800}",
    "EventData.Data.ProcessId": "5740",
    "EventData.Data.Image": "C:\\Users\\admin\\AppData\\Local\\Temp\\0020abd222c640acfdd22094a0fcd19f.EXE",
    "EventData.Data.TargetFilename": "C:\\Program Files\\Common Files\\microsoft shared\\OFFICE16\\MSOXMLED.EXE",
    "EventData.Data.CreationUtcTime": "2015-07-31 13:56:42.000"
}
{
    "System.Provider.Name": "Microsoft-Windows-Sysmon",
    "System.Provider.Guid": "{5770385f-c22a-43e0-bf4c-06f5698ffbd9}",
    "System.EventID.Qualifiers": "",
    "System.EventID.text": "11",
    "System.Version": "2",
    "System.Level": "4",
    "System.Task": "11",
    "System.Opcode": "0",
    "System.Keywords": "0x8000000000000000",
    "System.TimeCreated.SystemTime": "2017-10-23 17:42:01.059650",
    "System.EventRecordID": "10917",
    "System.Correlation.ActivityID": "",
    "System.Correlation.RelatedActivityID": "",
    "System.Execution.ProcessID": "536",
    "System.Execution.ThreadID": "2708",
    "System.Channel": "Microsoft-Windows-Sysmon/Operational",
    "System.Computer": "DESKTOP-GH9KMB7",
    "System.Security.UserID": "S-1-5-18",
    "EventData.Data.UtcTime": "2017-10-23 17:42:01.048",
    "EventData.Data.ProcessGuid": "{fe62ad40-29d5-59ee-0000-0010a8070800}",
    "EventData.Data.ProcessId": "5740",
    "EventData.Data.Image": "C:\\Users\\admin\\AppData\\Local\\Temp\\0020abd222c640acfdd22094a0fcd19f.EXE",
    "EventData.Data.TargetFilename": "C:\\Program Files\\Common Files\\microsoft shared\\OFFICE16\\Oarpmany.exe",
    "EventData.Data.CreationUtcTime": "2015-07-31 13:56:38.000"
}
{
    "System.Provider.Name": "Microsoft-Windows-Sysmon",
    "System.Provider.Guid": "{5770385f-c22a-43e0-bf4c-06f5698ffbd9}",
    "System.EventID.Qualifiers": "",
    "System.EventID.text": "11",
    "System.Version": "2",
    "System.Level": "4",
    "System.Task": "11",
    "System.Opcode": "0",
    "System.Keywords": "0x8000000000000000",
    "System.TimeCreated.SystemTime": "2017-10-23 17:42:01.070158",
    "System.EventRecordID": "10918",
    "System.Correlation.ActivityID": "",
    "System.Correlation.RelatedActivityID": "",
    "System.Execution.ProcessID": "536",
    "System.Execution.ThreadID": "2708",
    "System.Channel": "Microsoft-Windows-Sysmon/Operational",
    "System.Computer": "DESKTOP-GH9KMB7",
    "System.Security.UserID": "S-1-5-18",
    "EventData.Data.UtcTime": "2017-10-23 17:42:01.063",
    "EventData.Data.ProcessGuid": "{fe62ad40-29d5-59ee-0000-0010a8070800}",
    "EventData.Data.ProcessId": "5740",
    "EventData.Data.Image": "C:\\Users\\admin\\AppData\\Local\\Temp\\0020abd222c640acfdd22094a0fcd19f.EXE",
    "EventData.Data.TargetFilename": "C:\\Program Files\\Common Files\\microsoft shared\\OFFICE16\\OLicenseHeartbeat.exe",
    "EventData.Data.CreationUtcTime": "2015-07-31 13:56:42.000"
}
{
    "System.Provider.Name": "Microsoft-Windows-Sysmon",
    "System.Provider.Guid": "{5770385f-c22a-43e0-bf4c-06f5698ffbd9}",
    "System.EventID.Qualifiers": "",
    "System.EventID.text": "11",
    "System.Version": "2",
    "System.Level": "4",
    "System.Task": "11",
    "System.Opcode": "0",
    "System.Keywords": "0x8000000000000000",
    "System.TimeCreated.SystemTime": "2017-10-23 17:42:01.088640",
    "System.EventRecordID": "10919",
    "System.Correlation.ActivityID": "",
    "System.Correlation.RelatedActivityID": "",
    "System.Execution.ProcessID": "536",
    "System.Execution.ThreadID": "2708",
    "System.Channel": "Microsoft-Windows-Sysmon/Operational",
    "System.Computer": "DESKTOP-GH9KMB7",
    "System.Security.UserID": "S-1-5-18",
    "EventData.Data.UtcTime": "2017-10-23 17:42:01.079",
    "EventData.Data.ProcessGuid": "{fe62ad40-29d5-59ee-0000-0010a8070800}",
    "EventData.Data.ProcessId": "5740",
    "EventData.Data.Image": "C:\\Users\\admin\\AppData\\Local\\Temp\\0020abd222c640acfdd22094a0fcd19f.EXE",
    "EventData.Data.TargetFilename": "C:\\Program Files\\Common Files\\microsoft shared\\OFFICE16\\Office Setup Controller\\Setup.exe",
    "EventData.Data.CreationUtcTime": "2015-07-31 13:56:38.000"
}
