{
    "System.Provider.Name": "Microsoft-Windows-Sysmon",
    "System.Provider.Guid": "{5770385f-c22a-43e0-bf4c-06f5698ffbd9}",
    "System.EventID.Qualifiers": "",
    "System.EventID.text": "1",
    "System.Version": "5",
    "System.Level": "4",
    "System.Task": "1",
    "System.Opcode": "0",
    "System.Keywords": "0x8000000000000000",
    "System.TimeCreated.SystemTime": "2017-10-23 19:07:29.819944",
    "System.EventRecordID": "11052",
    "System.Correlation.ActivityID": "",
    "System.Correlation.RelatedActivityID": "",
    "System.Execution.ProcessID": "624",
    "System.Execution.ThreadID": "2792",
    "System.Channel": "Microsoft-Windows-Sysmon/Operational",
    "System.Computer": "DESKTOP-GH9KMB7",
    "System.Security.UserID": "S-1-5-18",
    "EventData.Data.UtcTime": "2017-10-23 19:07:29.806",
    "EventData.Data.ProcessGuid": "{fe62ad40-3df1-59ee-0000-0010ba220b00}",
    "EventData.Data.ProcessId": "6044",
    "EventData.Data.Image": "C:\\Windows\\System32\\svchost.exe",
    "EventData.Data.CommandLine": "C:\\Windows\\system32\\svchost.exe -k wsappx -p",
    "EventData.Data.CurrentDirectory": "C:\\Windows\\system32\\",
    "EventData.Data.User": "NT AUTHORITY\\SYSTEM",
    "EventData.Data.LogonGuid": "{fe62ad40-3b8c-59ee-0000-0020e7030000}",
    "EventData.Data.LogonId": "0x00000000000003e7",
    "EventData.Data.TerminalSessionId": "0",
    "EventData.Data.IntegrityLevel": "System",
    "EventData.Data.Hashes": "MD5=15556928CB0E9F74F4036411D8CC111E,SHA256=1030CE4102DAC701FAB043E40444E8F6C96C8C04B5BD512A59E1A4999D22B38C",
    "EventData.Data.ParentProcessGuid": "{fe62ad40-3b8c-59ee-0000-00109d8b0000}",
    "EventData.Data.ParentProcessId": "812",
    "EventData.Data.ParentImage": "C:\\Windows\\System32\\services.exe",
    "EventData.Data.ParentCommandLine": "C:\\Windows\\system32\\services.exe"
}
{
    "System.Provider.Name": "Microsoft-Windows-Sysmon",
    "System.Provider.Guid": "{5770385f-c22a-43e0-bf4c-06f5698ffbd9}",
    "System.EventID.Qualifiers": "",
    "System.EventID.text": "1",
    "System.Version": "5",
    "System.Level": "4",
    "System.Task": "1",
    "System.Opcode": "0",
    "System.Keywords": "0x8000000000000000",
    "System.TimeCreated.SystemTime": "2017-10-23 19:08:01.899408",
    "System.EventRecordID": "11053",
    "System.Correlation.ActivityID": "",
    "System.Correlation.RelatedActivityID": "",
    "System.Execution.ProcessID": "624",
    "System.Execution.ThreadID": "2792",
    "System.Channel": "Microsoft-Windows-Sysmon/Operational",
    "System.Computer": "DESKTOP-GH9KMB7",
    "System.Security.UserID": "S-1-5-18",
    "EventData.Data.UtcTime": "2017-10-23 19:08:01.892",
    "EventData.Data.ProcessGuid": "{fe62ad40-3e11-59ee-0000-0010bb320b00}",
    "EventData.Data.ProcessId": "3028",
    "EventData.Data.Image": "C:\\Windows\\System32\\provtool.exe",
    "EventData.Data.CommandLine": "C:\\Windows\\system32\\ProvTool.exe /turn 5 /source LogonIdleTask",
    "EventData.Data.CurrentDirectory": "C:\\Windows\\system32\\",
    "EventData.Data.User": "NT AUTHORITY\\SYSTEM",
    "EventData.Data.LogonGuid": "{fe62ad40-3b8c-59ee-0000-0020e7030000}",
    "EventData.Data.LogonId": "0x00000000000003e7",
    "EventData.Data.TerminalSessionId": "0",
    "EventData.Data.IntegrityLevel": "System",
    "EventData.Data.Hashes": "MD5=897AF21D4F49E3BE301304EA24D2A16E,SHA256=2947B852B6D673844F5138947066151C66ED0819699499509E1674A5398C4AAC",
    "EventData.Data.ParentProcessGuid": "{fe62ad40-3b8f-59ee-0000-0010331c0100}",
    "EventData.Data.ParentProcessId": "1220",
    "EventData.Data.ParentImage": "C:\\Windows\\System32\\svchost.exe",
    "EventData.Data.ParentCommandLine": "C:\\Windows\\system32\\svchost.exe -k netsvcs -p"
}
{
    "System.Provider.Name": "Microsoft-Windows-Sysmon",
    "System.Provider.Guid": "{5770385f-c22a-43e0-bf4c-06f5698ffbd9}",
    "System.EventID.Qualifiers": "",
    "System.EventID.text": "1",
    "System.Version": "5",
    "System.Level": "4",
    "System.Task": "1",
    "System.Opcode": "0",
    "System.Keywords": "0x8000000000000000",
    "System.TimeCreated.SystemTime": "2017-10-23 19:08:01.907784",
    "System.EventRecordID": "11054",
    "System.Correlation.ActivityID": "",
    "System.Correlation.RelatedActivityID": "",
    "System.Execution.ProcessID": "624",
    "System.Execution.ThreadID": "2792",
    "System.Channel": "Microsoft-Windows-Sysmon/Operational",
    "System.Computer": "DESKTOP-GH9KMB7",
    "System.Security.UserID": "S-1-5-18",
    "EventData.Data.UtcTime": "2017-10-23 19:08:01.906",
    "EventData.Data.ProcessGuid": "{fe62ad40-3e11-59ee-0000-001069330b00}",
    "EventData.Data.ProcessId": "3036",
    "EventData.Data.Image": "C:\\Windows\\System32\\taskhostw.exe",
    "EventData.Data.CommandLine": "taskhostw.exe -IntegrityCheck",
    "EventData.Data.CurrentDirectory": "C:\\Windows\\system32\\",
    "EventData.Data.User": "NT AUTHORITY\\SYSTEM",
    "EventData.Data.LogonGuid": "{fe62ad40-3b8c-59ee-0000-0020e7030000}",
    "EventData.Data.LogonId": "0x00000000000003e7",
    "EventData.Data.TerminalSessionId": "0",
    "EventData.Data.IntegrityLevel": "System",
    "EventData.Data.Hashes": "MD5=8BE99F1A9B787853F9B97AE6F8BD7B91,SHA256=8DDAD6B0FABE792B419E42103864F96119C078897D803B8EB4BE0DA44FD6F16E",
    "EventData.Data.ParentProcessGuid": "{fe62ad40-3b8f-59ee-0000-0010331c0100}",
    "EventData.Data.ParentProcessId": "1220",
    "EventData.Data.ParentImage": "C:\\Windows\\System32\\svchost.exe",
    "EventData.Data.ParentCommandLine": "C:\\Windows\\system32\\svchost.exe -k netsvcs -p"
}
{
    "System.Provider.Name": "Microsoft-Windows-Sysmon",
    "System.Provider.Guid": "{5770385f-c22a-43e0-bf4c-06f5698ffbd9}",
    "System.EventID.Qualifiers": "",
    "System.EventID.text": "1",
    "System.Version": "5",
    "System.Level": "4",
    "System.Task": "1",
    "System.Opcode": "0",
    "System.Keywords": "0x8000000000000000",
    "System.TimeCreated.SystemTime": "2017-10-23 19:08:02.364319",
    "System.EventRecordID": "11055",
    "System.Correlation.ActivityID": "",
    "System.Correlation.RelatedActivityID": "",
    "System.Execution.ProcessID": "624",
    "System.Execution.ThreadID": "2792",
    "System.Channel": "Microsoft-Windows-Sysmon/Operational",
    "System.Computer": "DESKTOP-GH9KMB7",
    "System.Security.UserID": "S-1-5-18",
    "EventData.Data.UtcTime": "2017-10-23 19:08:02.361",
    "EventData.Data.ProcessGuid": "{fe62ad40-3e12-59ee-0000-0010f64c0b00}",
    "EventData.Data.ProcessId": "3012",
    "EventData.Data.Image": "C:\\Windows\\System32\\Defrag.exe",
    "EventData.Data.CommandLine": "\"C:\\Windows\\system32\\defrag.exe\" -p 464 -s 0000065C -b C:",
    "EventData.Data.CurrentDirectory": "C:\\Windows\\system32\\",
    "EventData.Data.User": "NT AUTHORITY\\SYSTEM",
    "EventData.Data.LogonGuid": "{fe62ad40-3b8c-59ee-0000-0020e7030000}",
    "EventData.Data.LogonId": "0x00000000000003e7",
    "EventData.Data.TerminalSessionId": "0",
    "EventData.Data.IntegrityLevel": "System",
    "EventData.Data.Hashes": "MD5=3F1DB41DF4A7A152DAF4E4EDF0B2635F,SHA256=CE11C3E4ADA6350EA2D0C9C469F65BFB1598CFE5552ACF1714A6E14FA95CCF06",
    "EventData.Data.ParentProcessGuid": "{fe62ad40-3b8f-59ee-0000-001035100100}",
    "EventData.Data.ParentProcessId": "1124",
    "EventData.Data.ParentImage": "C:\\Windows\\System32\\svchost.exe",
    "EventData.Data.ParentCommandLine": "C:\\Windows\\System32\\svchost.exe -k LocalSystemNetworkRestricted -p"
}
