{
    "System.Provider.Name": "Microsoft-Windows-Sysmon",
    "System.Provider.Guid": "{5770385f-c22a-43e0-bf4c-06f5698ffbd9}",
    "System.EventID.Qualifiers": "",
    "System.EventID.text": "1",
    "System.Version": "5",
    "System.Level": "4",
    "System.Task": "1",
    "System.Opcode": "0",
    "System.Keywords": "0x8000000000000000",
    "System.TimeCreated.SystemTime": "2017-10-23 20:35:03.027411",
    "System.EventRecordID": "11021",
    "System.Correlation.ActivityID": "",
    "System.Correlation.RelatedActivityID": "",
    "System.Execution.ProcessID": "2016",
    "System.Execution.ThreadID": "3384",
    "System.Channel": "Microsoft-Windows-Sysmon/Operational",
    "System.Computer": "DESKTOP-GH9KMB7",
    "System.Security.UserID": "S-1-5-18",
    "EventData.Data.UtcTime": "2017-10-23 20:35:02.939",
    "EventData.Data.ProcessGuid": "{fe62ad40-5276-59ee-0000-0010e8b90700}",
    "EventData.Data.ProcessId": "5676",
    "EventData.Data.Image": "C:\\Windows\\System32\\reg.exe",
    "EventData.Data.CommandLine": "REG  QUERY \"HKLM\\System\\CurrentControlSet\\Control\\Lsa\" /v LimitBlankPasswordUse",
    "EventData.Data.CurrentDirectory": "Z:\\malware.scripts\\",
    "EventData.Data.User": "DESKTOP-GH9KMB7\\admin",
    "EventData.Data.LogonGuid": "{fe62ad40-5239-59ee-0000-0020116b0200}",
    "EventData.Data.LogonId": "0x0000000000026b11",
    "EventData.Data.TerminalSessionId": "1",
    "EventData.Data.IntegrityLevel": "High",
    "EventData.Data.Hashes": "MD5=EDE11E768487C6FEFC1287E5CB653662,SHA256=405A70C2B6081E6FED2A4BAB7B0C233FFF022ACBBB3D2CC92CB8876D052DB9E4",
    "EventData.Data.ParentProcessGuid": "{fe62ad40-5276-59ee-0000-001037b90700}",
    "EventData.Data.ParentProcessId": "5664",
    "EventData.Data.ParentImage": "C:\\Windows\\System32\\cmd.exe",
    "EventData.Data.ParentCommandLine": "C:\\Windows\\system32\\cmd.exe /c REG QUERY \"HKLM\\System\\CurrentControlSet\\Control\\Lsa\" /v LimitBlankPasswordUse | FIND /I \"LIMITBLANKPASSWORDUSE\""
}
{
    "System.Provider.Name": "Microsoft-Windows-Sysmon",
    "System.Provider.Guid": "{5770385f-c22a-43e0-bf4c-06f5698ffbd9}",
    "System.EventID.Qualifiers": "",
    "System.EventID.text": "1",
    "System.Version": "5",
    "System.Level": "4",
    "System.Task": "1",
    "System.Opcode": "0",
    "System.Keywords": "0x8000000000000000",
    "System.TimeCreated.SystemTime": "2017-10-23 20:35:03.058081",
    "System.EventRecordID": "11022",
    "System.Correlation.ActivityID": "",
    "System.Correlation.RelatedActivityID": "",
    "System.Execution.ProcessID": "2016",
    "System.Execution.ThreadID": "3384",
    "System.Channel": "Microsoft-Windows-Sysmon/Operational",
    "System.Computer": "DESKTOP-GH9KMB7",
    "System.Security.UserID": "S-1-5-18",
    "EventData.Data.UtcTime": "2017-10-23 20:35:03.013",
    "EventData.Data.ProcessGuid": "{fe62ad40-5277-59ee-0000-001041ba0700}",
    "EventData.Data.ProcessId": "5684",
    "EventData.Data.Image": "C:\\Windows\\System32\\find.exe",
    "EventData.Data.CommandLine": "FIND  /I \"LIMITBLANKPASSWORDUSE\"",
    "EventData.Data.CurrentDirectory": "Z:\\malware.scripts\\",
    "EventData.Data.User": "DESKTOP-GH9KMB7\\admin",
    "EventData.Data.LogonGuid": "{fe62ad40-5239-59ee-0000-0020116b0200}",
    "EventData.Data.LogonId": "0x0000000000026b11",
    "EventData.Data.TerminalSessionId": "1",
    "EventData.Data.IntegrityLevel": "High",
    "EventData.Data.Hashes": "MD5=7B77266A870E8E64F55F87601675E83B,SHA256=6B78ED0BB79EAFBFCAC09D9A7BDC61657B1EA0E04D3B7E19411FD21426171B89",
    "EventData.Data.ParentProcessGuid": "{fe62ad40-5276-59ee-0000-001037b90700}",
    "EventData.Data.ParentProcessId": "5664",
    "EventData.Data.ParentImage": "C:\\Windows\\System32\\cmd.exe",
    "EventData.Data.ParentCommandLine": "C:\\Windows\\system32\\cmd.exe /c REG QUERY \"HKLM\\System\\CurrentControlSet\\Control\\Lsa\" /v LimitBlankPasswordUse | FIND /I \"LIMITBLANKPASSWORDUSE\""
}
{
    "System.Provider.Name": "Microsoft-Windows-Sysmon",
    "System.Provider.Guid": "{5770385f-c22a-43e0-bf4c-06f5698ffbd9}",
    "System.EventID.Qualifiers": "",
    "System.EventID.text": "1",
    "System.Version": "5",
    "System.Level": "4",
    "System.Task": "1",
    "System.Opcode": "0",
    "System.Keywords": "0x8000000000000000",
    "System.TimeCreated.SystemTime": "2017-10-23 20:35:03.103575",
    "System.EventRecordID": "11023",
    "System.Correlation.ActivityID": "",
    "System.Correlation.RelatedActivityID": "",
    "System.Execution.ProcessID": "2016",
    "System.Execution.ThreadID": "3384",
    "System.Channel": "Microsoft-Windows-Sysmon/Operational",
    "System.Computer": "DESKTOP-GH9KMB7",
    "System.Security.UserID": "S-1-5-18",
    "EventData.Data.UtcTime": "2017-10-23 20:35:03.100",
    "EventData.Data.ProcessGuid": "{fe62ad40-5277-59ee-0000-001091bb0700}",
    "EventData.Data.ProcessId": "5700",
    "EventData.Data.Image": "C:\\Windows\\System32\\cmd.exe",
    "EventData.Data.CommandLine": "C:\\Windows\\system32\\cmd.exe  /S /D /c\" ECHO\"",
    "EventData.Data.CurrentDirectory": "Z:\\malware.scripts\\",
    "EventData.Data.User": "DESKTOP-GH9KMB7\\admin",
    "EventData.Data.LogonGuid": "{fe62ad40-5239-59ee-0000-0020116b0200}",
    "EventData.Data.LogonId": "0x0000000000026b11",
    "EventData.Data.TerminalSessionId": "1",
    "EventData.Data.IntegrityLevel": "High",
    "EventData.Data.Hashes": "MD5=8FAFBE3C23E2BE4D6A3C063118B9A4F2,SHA256=4C3EA4C44AAB74350355C419826B8C9E6172C3BD8F0BB5817ECF7BE50B629051",
    "EventData.Data.ParentProcessGuid": "{fe62ad40-5274-59ee-0000-0010849a0700}",
    "EventData.Data.ParentProcessId": "5516",
    "EventData.Data.ParentImage": "C:\\Windows\\System32\\cmd.exe",
    "EventData.Data.ParentCommandLine": "C:\\Windows\\system32\\cmd.exe  /K Z:\\malware.scripts\\MALWARE_LOGGER.CMD  Z:\\MALWARE\\0023fffbed9facf67b2ee5b675c5d165"
}
{
    "System.Provider.Name": "Microsoft-Windows-Sysmon",
    "System.Provider.Guid": "{5770385f-c22a-43e0-bf4c-06f5698ffbd9}",
    "System.EventID.Qualifiers": "",
    "System.EventID.text": "1",
    "System.Version": "5",
    "System.Level": "4",
    "System.Task": "1",
    "System.Opcode": "0",
    "System.Keywords": "0x8000000000000000",
    "System.TimeCreated.SystemTime": "2017-10-23 20:35:03.187756",
    "System.EventRecordID": "11024",
    "System.Correlation.ActivityID": "",
    "System.Correlation.RelatedActivityID": "",
    "System.Execution.ProcessID": "2016",
    "System.Execution.ThreadID": "3384",
    "System.Channel": "Microsoft-Windows-Sysmon/Operational",
    "System.Computer": "DESKTOP-GH9KMB7",
    "System.Security.UserID": "S-1-5-18",
    "EventData.Data.UtcTime": "2017-10-23 20:35:03.114",
    "EventData.Data.ProcessGuid": "{fe62ad40-5277-59ee-0000-001009bc0700}",
    "EventData.Data.ProcessId": "5712",
    "EventData.Data.Image": "C:\\Windows\\System32\\net.exe",
    "EventData.Data.CommandLine": "NET  USER admin *",
    "EventData.Data.CurrentDirectory": "Z:\\malware.scripts\\",
    "EventData.Data.User": "DESKTOP-GH9KMB7\\admin",
    "EventData.Data.LogonGuid": "{fe62ad40-5239-59ee-0000-0020116b0200}",
    "EventData.Data.LogonId": "0x0000000000026b11",
    "EventData.Data.TerminalSessionId": "1",
    "EventData.Data.IntegrityLevel": "High",
    "EventData.Data.Hashes": "MD5=8055B288B1F39855014A68BEC31D8E6D,SHA256=08F791037FD70209FD599C4F35088A7332DADFA6BE92D073C243C5CC79FEFE66",
    "EventData.Data.ParentProcessGuid": "{fe62ad40-5274-59ee-0000-0010849a0700}",
    "EventData.Data.ParentProcessId": "5516",
    "EventData.Data.ParentImage": "C:\\Windows\\System32\\cmd.exe",
    "EventData.Data.ParentCommandLine": "C:\\Windows\\system32\\cmd.exe  /K Z:\\malware.scripts\\MALWARE_LOGGER.CMD  Z:\\MALWARE\\0023fffbed9facf67b2ee5b675c5d165"
}
{
    "System.Provider.Name": "Microsoft-Windows-Sysmon",
    "System.Provider.Guid": "{5770385f-c22a-43e0-bf4c-06f5698ffbd9}",
    "System.EventID.Qualifiers": "",
    "System.EventID.text": "1",
    "System.Version": "5",
    "System.Level": "4",
    "System.Task": "1",
    "System.Opcode": "0",
    "System.Keywords": "0x8000000000000000",
    "System.TimeCreated.SystemTime": "2017-10-23 20:35:03.243319",
    "System.EventRecordID": "11025",
    "System.Correlation.ActivityID": "",
    "System.Correlation.RelatedActivityID": "",
    "System.Execution.ProcessID": "2016",
    "System.Execution.ThreadID": "3384",
    "System.Channel": "Microsoft-Windows-Sysmon/Operational",
    "System.Computer": "DESKTOP-GH9KMB7",
    "System.Security.UserID": "S-1-5-18",
    "EventData.Data.UtcTime": "2017-10-23 20:35:03.228",
    "EventData.Data.ProcessGuid": "{fe62ad40-5277-59ee-0000-001006bd0700}",
    "EventData.Data.ProcessId": "5724",
    "EventData.Data.Image": "C:\\Windows\\System32\\net1.exe",
    "EventData.Data.CommandLine": "C:\\Windows\\system32\\net1  USER admin *",
    "EventData.Data.CurrentDirectory": "Z:\\malware.scripts\\",
    "EventData.Data.User": "DESKTOP-GH9KMB7\\admin",
    "EventData.Data.LogonGuid": "{fe62ad40-5239-59ee-0000-0020116b0200}",
    "EventData.Data.LogonId": "0x0000000000026b11",
    "EventData.Data.TerminalSessionId": "1",
    "EventData.Data.IntegrityLevel": "High",
    "EventData.Data.Hashes": "MD5=9C911EE188F19891CD6BFFB67D0E3904,SHA256=524061B58841210842F52B7863E51953FCFF343B8C2FF46DFE9C8329BB439D46",
    "EventData.Data.ParentProcessGuid": "{fe62ad40-5277-59ee-0000-001009bc0700}",
    "EventData.Data.ParentProcessId": "5712",
    "EventData.Data.ParentImage": "C:\\Windows\\System32\\net.exe",
    "EventData.Data.ParentCommandLine": "NET  USER admin *"
}
{
    "System.Provider.Name": "Microsoft-Windows-Sysmon",
    "System.Provider.Guid": "{5770385f-c22a-43e0-bf4c-06f5698ffbd9}",
    "System.EventID.Qualifiers": "",
    "System.EventID.text": "1",
    "System.Version": "5",
    "System.Level": "4",
    "System.Task": "1",
    "System.Opcode": "0",
    "System.Keywords": "0x8000000000000000",
    "System.TimeCreated.SystemTime": "2017-10-23 20:35:03.546143",
    "System.EventRecordID": "11026",
    "System.Correlation.ActivityID": "",
    "System.Correlation.RelatedActivityID": "",
    "System.Execution.ProcessID": "2016",
    "System.Execution.ThreadID": "3384",
    "System.Channel": "Microsoft-Windows-Sysmon/Operational",
    "System.Computer": "DESKTOP-GH9KMB7",
    "System.Security.UserID": "S-1-5-18",
    "EventData.Data.UtcTime": "2017-10-23 20:35:03.524",
    "EventData.Data.ProcessGuid": "{fe62ad40-5277-59ee-0000-00105cbf0700}",
    "EventData.Data.ProcessId": "5740",
    "EventData.Data.Image": "C:\\Windows\\System32\\wevtutil.exe",
    "EventData.Data.CommandLine": "WEVTUTIL  CL Microsoft-Windows-Sysmon/Operational",
    "EventData.Data.CurrentDirectory": "Z:\\malware.scripts\\",
    "EventData.Data.User": "DESKTOP-GH9KMB7\\admin",
    "EventData.Data.LogonGuid": "{fe62ad40-5239-59ee-0000-0020116b0200}",
    "EventData.Data.LogonId": "0x0000000000026b11",
    "EventData.Data.TerminalSessionId": "1",
    "EventData.Data.IntegrityLevel": "High",
    "EventData.Data.Hashes": "MD5=EAFAE23B0E85D03B78D304D52CD984DC,SHA256=C4618DC5B1F77D075B473AE838604ACDDE73787BAAB28370BD3EFA8E6F70DC07",
    "EventData.Data.ParentProcessGuid": "{fe62ad40-5274-59ee-0000-0010849a0700}",
    "EventData.Data.ParentProcessId": "5516",
    "EventData.Data.ParentImage": "C:\\Windows\\System32\\cmd.exe",
    "EventData.Data.ParentCommandLine": "C:\\Windows\\system32\\cmd.exe  /K Z:\\malware.scripts\\MALWARE_LOGGER.CMD  Z:\\MALWARE\\0023fffbed9facf67b2ee5b675c5d165"
}
{
    "System.Provider.Name": "Microsoft-Windows-Sysmon",
    "System.Provider.Guid": "{5770385f-c22a-43e0-bf4c-06f5698ffbd9}",
    "System.EventID.Qualifiers": "",
    "System.EventID.text": "11",
    "System.Version": "2",
    "System.Level": "4",
    "System.Task": "11",
    "System.Opcode": "0",
    "System.Keywords": "0x8000000000000000",
    "System.TimeCreated.SystemTime": "2017-10-23 20:35:03.807341",
    "System.EventRecordID": "11027",
    "System.Correlation.ActivityID": "",
    "System.Correlation.RelatedActivityID": "",
    "System.Execution.ProcessID": "2016",
    "System.Execution.ThreadID": "3384",
    "System.Channel": "Microsoft-Windows-Sysmon/Operational",
    "System.Computer": "DESKTOP-GH9KMB7",
    "System.Security.UserID": "S-1-5-18",
    "EventData.Data.UtcTime": "2017-10-23 20:35:03.791",
    "EventData.Data.ProcessGuid": "{fe62ad40-5274-59ee-0000-0010849a0700}",
    "EventData.Data.ProcessId": "5516",
    "EventData.Data.Image": "C:\\Windows\\system32\\cmd.exe",
    "EventData.Data.TargetFilename": "C:\\Users\\admin\\AppData\\Local\\Temp\\0023fffbed9facf67b2ee5b675c5d165.EXE",
    "EventData.Data.CreationUtcTime": "2017-10-23 20:35:03.791"
}
{
    "System.Provider.Name": "Microsoft-Windows-Sysmon",
    "System.Provider.Guid": "{5770385f-c22a-43e0-bf4c-06f5698ffbd9}",
    "System.EventID.Qualifiers": "",
    "System.EventID.text": "1",
    "System.Version": "5",
    "System.Level": "4",
    "System.Task": "1",
    "System.Opcode": "0",
    "System.Keywords": "0x8000000000000000",
    "System.TimeCreated.SystemTime": "2017-10-23 20:35:03.824228",
    "System.EventRecordID": "11028",
    "System.Correlation.ActivityID": "",
    "System.Correlation.RelatedActivityID": "",
    "System.Execution.ProcessID": "2016",
    "System.Execution.ThreadID": "3384",
    "System.Channel": "Microsoft-Windows-Sysmon/Operational",
    "System.Computer": "DESKTOP-GH9KMB7",
    "System.Security.UserID": "S-1-5-18",
    "EventData.Data.UtcTime": "2017-10-23 20:35:03.819",
    "EventData.Data.ProcessGuid": "{fe62ad40-5277-59ee-0000-00100ec10700}",
    "EventData.Data.ProcessId": "5752",
    "EventData.Data.Image": "C:\\Windows\\System32\\cmd.exe",
    "EventData.Data.CommandLine": "C:\\Windows\\system32\\cmd.exe  /S /D /c\" ECHO\"",
    "EventData.Data.CurrentDirectory": "Z:\\malware.scripts\\",
    "EventData.Data.User": "DESKTOP-GH9KMB7\\admin",
    "EventData.Data.LogonGuid": "{fe62ad40-5239-59ee-0000-0020116b0200}",
    "EventData.Data.LogonId": "0x0000000000026b11",
    "EventData.Data.TerminalSessionId": "1",
    "EventData.Data.IntegrityLevel": "High",
    "EventData.Data.Hashes": "MD5=8FAFBE3C23E2BE4D6A3C063118B9A4F2,SHA256=4C3EA4C44AAB74350355C419826B8C9E6172C3BD8F0BB5817ECF7BE50B629051",
    "EventData.Data.ParentProcessGuid": "{fe62ad40-5274-59ee-0000-0010849a0700}",
    "EventData.Data.ParentProcessId": "5516",
    "EventData.Data.ParentImage": "C:\\Windows\\System32\\cmd.exe",
    "EventData.Data.ParentCommandLine": "C:\\Windows\\system32\\cmd.exe  /K Z:\\malware.scripts\\MALWARE_LOGGER.CMD  Z:\\MALWARE\\0023fffbed9facf67b2ee5b675c5d165"
}
{
    "System.Provider.Name": "Microsoft-Windows-Sysmon",
    "System.Provider.Guid": "{5770385f-c22a-43e0-bf4c-06f5698ffbd9}",
    "System.EventID.Qualifiers": "",
    "System.EventID.text": "1",
    "System.Version": "5",
    "System.Level": "4",
    "System.Task": "1",
    "System.Opcode": "0",
    "System.Keywords": "0x8000000000000000",
    "System.TimeCreated.SystemTime": "2017-10-23 20:35:03.847242",
    "System.EventRecordID": "11029",
    "System.Correlation.ActivityID": "",
    "System.Correlation.RelatedActivityID": "",
    "System.Execution.ProcessID": "2016",
    "System.Execution.ThreadID": "3384",
    "System.Channel": "Microsoft-Windows-Sysmon/Operational",
    "System.Computer": "DESKTOP-GH9KMB7",
    "System.Security.UserID": "S-1-5-18",
    "EventData.Data.UtcTime": "2017-10-23 20:35:03.844",
    "EventData.Data.ProcessGuid": "{fe62ad40-5277-59ee-0000-0010c4c10700}",
    "EventData.Data.ProcessId": "5764",
    "EventData.Data.Image": "C:\\Windows\\System32\\runas.exe",
    "EventData.Data.CommandLine": "RUNAS  /USER:admin \"C:\\Users\\admin\\AppData\\Local\\Temp\\0023fffbed9facf67b2ee5b675c5d165.EXE\"",
    "EventData.Data.CurrentDirectory": "Z:\\malware.scripts\\",
    "EventData.Data.User": "DESKTOP-GH9KMB7\\admin",
    "EventData.Data.LogonGuid": "{fe62ad40-5239-59ee-0000-0020116b0200}",
    "EventData.Data.LogonId": "0x0000000000026b11",
    "EventData.Data.TerminalSessionId": "1",
    "EventData.Data.IntegrityLevel": "High",
    "EventData.Data.Hashes": "MD5=8FE7844F70527F4B7683CE766C7CB9E4,SHA256=FFAA3419EF66FBC0649C958FAC3E3FFACA229AA70C61D310968A0F5CA4DA522B",
    "EventData.Data.ParentProcessGuid": "{fe62ad40-5274-59ee-0000-0010849a0700}",
    "EventData.Data.ParentProcessId": "5516",
    "EventData.Data.ParentImage": "C:\\Windows\\System32\\cmd.exe",
    "EventData.Data.ParentCommandLine": "C:\\Windows\\system32\\cmd.exe  /K Z:\\malware.scripts\\MALWARE_LOGGER.CMD  Z:\\MALWARE\\0023fffbed9facf67b2ee5b675c5d165"
}
{
    "System.Provider.Name": "Microsoft-Windows-Sysmon",
    "System.Provider.Guid": "{5770385f-c22a-43e0-bf4c-06f5698ffbd9}",
    "System.EventID.Qualifiers": "",
    "System.EventID.text": "1",
    "System.Version": "5",
    "System.Level": "4",
    "System.Task": "1",
    "System.Opcode": "0",
    "System.Keywords": "0x8000000000000000",
    "System.TimeCreated.SystemTime": "2017-10-23 20:35:04.260010",
    "System.EventRecordID": "11030",
    "System.Correlation.ActivityID": "",
    "System.Correlation.RelatedActivityID": "",
    "System.Execution.ProcessID": "2016",
    "System.Execution.ThreadID": "3384",
    "System.Channel": "Microsoft-Windows-Sysmon/Operational",
    "System.Computer": "DESKTOP-GH9KMB7",
    "System.Security.UserID": "S-1-5-18",
    "EventData.Data.UtcTime": "2017-10-23 20:35:04.257",
    "EventData.Data.ProcessGuid": "{fe62ad40-5278-59ee-0000-00104cc70700}",
    "EventData.Data.ProcessId": "5820",
    "EventData.Data.Image": "C:\\Users\\admin\\AppData\\Local\\Temp\\0023fffbed9facf67b2ee5b675c5d165.EXE",
    "EventData.Data.CommandLine": "C:\\Users\\admin\\AppData\\Local\\Temp\\0023fffbed9facf67b2ee5b675c5d165.EXE",
    "EventData.Data.CurrentDirectory": "C:\\Windows\\system32\\",
    "EventData.Data.User": "DESKTOP-GH9KMB7\\admin",
    "EventData.Data.LogonGuid": "{fe62ad40-5278-59ee-0000-002019c40700}",
    "EventData.Data.LogonId": "0x000000000007c419",
    "EventData.Data.TerminalSessionId": "1",
    "EventData.Data.IntegrityLevel": "High",
    "EventData.Data.Hashes": "MD5=0023FFFBED9FACF67B2EE5B675C5D165,SHA256=A60B45929CF497D185D05B09B384B768D617AE422040AE90C9EAE76B369430CC",
    "EventData.Data.ParentProcessGuid": "{fe62ad40-5277-59ee-0000-0010c4c10700}",
    "EventData.Data.ParentProcessId": "5764",
    "EventData.Data.ParentImage": "C:\\Windows\\System32\\runas.exe",
    "EventData.Data.ParentCommandLine": "RUNAS  /USER:admin \"C:\\Users\\admin\\AppData\\Local\\Temp\\0023fffbed9facf67b2ee5b675c5d165.EXE\""
}
{
    "System.Provider.Name": "Microsoft-Windows-Sysmon",
    "System.Provider.Guid": "{5770385f-c22a-43e0-bf4c-06f5698ffbd9}",
    "System.EventID.Qualifiers": "",
    "System.EventID.text": "1",
    "System.Version": "5",
    "System.Level": "4",
    "System.Task": "1",
    "System.Opcode": "0",
    "System.Keywords": "0x8000000000000000",
    "System.TimeCreated.SystemTime": "2017-10-23 20:35:04.540163",
    "System.EventRecordID": "11031",
    "System.Correlation.ActivityID": "",
    "System.Correlation.RelatedActivityID": "",
    "System.Execution.ProcessID": "2016",
    "System.Execution.ThreadID": "3384",
    "System.Channel": "Microsoft-Windows-Sysmon/Operational",
    "System.Computer": "DESKTOP-GH9KMB7",
    "System.Security.UserID": "S-1-5-18",
    "EventData.Data.UtcTime": "2017-10-23 20:35:04.536",
    "EventData.Data.ProcessGuid": "{fe62ad40-5278-59ee-0000-0010d4ca0700}",
    "EventData.Data.ProcessId": "5836",
    "EventData.Data.Image": "C:\\Windows\\System32\\PING.EXE",
    "EventData.Data.CommandLine": "PING  -t localhost -n 600",
    "EventData.Data.CurrentDirectory": "Z:\\malware.scripts\\",
    "EventData.Data.User": "DESKTOP-GH9KMB7\\admin",
    "EventData.Data.LogonGuid": "{fe62ad40-5239-59ee-0000-0020116b0200}",
    "EventData.Data.LogonId": "0x0000000000026b11",
    "EventData.Data.TerminalSessionId": "1",
    "EventData.Data.IntegrityLevel": "High",
    "EventData.Data.Hashes": "MD5=44AB2C101160C2C85DEAE761DE892C98,SHA256=C9B49DBF091BC66D6AEE677269C613AEDA0952DDBD113E21A6D9553C3E374D0F",
    "EventData.Data.ParentProcessGuid": "{fe62ad40-5274-59ee-0000-0010849a0700}",
    "EventData.Data.ParentProcessId": "5516",
    "EventData.Data.ParentImage": "C:\\Windows\\System32\\cmd.exe",
    "EventData.Data.ParentCommandLine": "C:\\Windows\\system32\\cmd.exe  /K Z:\\malware.scripts\\MALWARE_LOGGER.CMD  Z:\\MALWARE\\0023fffbed9facf67b2ee5b675c5d165"
}
{
    "System.Provider.Name": "Microsoft-Windows-Sysmon",
    "System.Provider.Guid": "{5770385f-c22a-43e0-bf4c-06f5698ffbd9}",
    "System.EventID.Qualifiers": "",
    "System.EventID.text": "1",
    "System.Version": "5",
    "System.Level": "4",
    "System.Task": "1",
    "System.Opcode": "0",
    "System.Keywords": "0x8000000000000000",
    "System.TimeCreated.SystemTime": "2017-10-23 20:35:06.589434",
    "System.EventRecordID": "11032",
    "System.Correlation.ActivityID": "",
    "System.Correlation.RelatedActivityID": "",
    "System.Execution.ProcessID": "2016",
    "System.Execution.ThreadID": "3384",
    "System.Channel": "Microsoft-Windows-Sysmon/Operational",
    "System.Computer": "DESKTOP-GH9KMB7",
    "System.Security.UserID": "S-1-5-18",
    "EventData.Data.UtcTime": "2017-10-23 20:35:06.587",
    "EventData.Data.ProcessGuid": "{fe62ad40-527a-59ee-0000-00102cd80700}",
    "EventData.Data.ProcessId": "5880",
    "EventData.Data.Image": "C:\\Windows\\System32\\RuntimeBroker.exe",
    "EventData.Data.CommandLine": "C:\\Windows\\System32\\RuntimeBroker.exe -Embedding",
    "EventData.Data.CurrentDirectory": "C:\\Windows\\system32\\",
    "EventData.Data.User": "DESKTOP-GH9KMB7\\admin",
    "EventData.Data.LogonGuid": "{fe62ad40-5239-59ee-0000-0020116b0200}",
    "EventData.Data.LogonId": "0x0000000000026b11",
    "EventData.Data.TerminalSessionId": "1",
    "EventData.Data.IntegrityLevel": "High",
    "EventData.Data.Hashes": "MD5=EE6C021CE9DF96EB64C1202927B99E8C,SHA256=0C3152B1B962478CFED60C526785A119172D2DB488EE753D8A6A9AAE6184DAA6",
    "EventData.Data.ParentProcessGuid": "{fe62ad40-522f-59ee-0000-0010ab9d0000}",
    "EventData.Data.ParentProcessId": "920",
    "EventData.Data.ParentImage": "C:\\Windows\\System32\\svchost.exe",
    "EventData.Data.ParentCommandLine": "C:\\Windows\\system32\\svchost.exe -k DcomLaunch -p"
}
{
    "System.Provider.Name": "Microsoft-Windows-Sysmon",
    "System.Provider.Guid": "{5770385f-c22a-43e0-bf4c-06f5698ffbd9}",
    "System.EventID.Qualifiers": "",
    "System.EventID.text": "1",
    "System.Version": "5",
    "System.Level": "4",
    "System.Task": "1",
    "System.Opcode": "0",
    "System.Keywords": "0x8000000000000000",
    "System.TimeCreated.SystemTime": "2017-10-23 20:35:07.650528",
    "System.EventRecordID": "11033",
    "System.Correlation.ActivityID": "",
    "System.Correlation.RelatedActivityID": "",
    "System.Execution.ProcessID": "2016",
    "System.Execution.ThreadID": "3384",
    "System.Channel": "Microsoft-Windows-Sysmon/Operational",
    "System.Computer": "DESKTOP-GH9KMB7",
    "System.Security.UserID": "S-1-5-18",
    "EventData.Data.UtcTime": "2017-10-23 20:35:07.644",
    "EventData.Data.ProcessGuid": "{fe62ad40-527b-59ee-0000-0010f0e60700}",
    "EventData.Data.ProcessId": "5940",
    "EventData.Data.Image": "C:\\Windows\\System32\\RuntimeBroker.exe",
    "EventData.Data.CommandLine": "C:\\Windows\\System32\\RuntimeBroker.exe -Embedding",
    "EventData.Data.CurrentDirectory": "C:\\Windows\\system32\\",
    "EventData.Data.User": "DESKTOP-GH9KMB7\\admin",
    "EventData.Data.LogonGuid": "{fe62ad40-5239-59ee-0000-0020116b0200}",
    "EventData.Data.LogonId": "0x0000000000026b11",
    "EventData.Data.TerminalSessionId": "1",
    "EventData.Data.IntegrityLevel": "High",
    "EventData.Data.Hashes": "MD5=EE6C021CE9DF96EB64C1202927B99E8C,SHA256=0C3152B1B962478CFED60C526785A119172D2DB488EE753D8A6A9AAE6184DAA6",
    "EventData.Data.ParentProcessGuid": "{fe62ad40-522f-59ee-0000-0010ab9d0000}",
    "EventData.Data.ParentProcessId": "920",
    "EventData.Data.ParentImage": "C:\\Windows\\System32\\svchost.exe",
    "EventData.Data.ParentCommandLine": "C:\\Windows\\system32\\svchost.exe -k DcomLaunch -p"
}
{
    "System.Provider.Name": "Microsoft-Windows-Sysmon",
    "System.Provider.Guid": "{5770385f-c22a-43e0-bf4c-06f5698ffbd9}",
    "System.EventID.Qualifiers": "",
    "System.EventID.text": "1",
    "System.Version": "5",
    "System.Level": "4",
    "System.Task": "1",
    "System.Opcode": "0",
    "System.Keywords": "0x8000000000000000",
    "System.TimeCreated.SystemTime": "2017-10-23 20:35:08.089073",
    "System.EventRecordID": "11034",
    "System.Correlation.ActivityID": "",
    "System.Correlation.RelatedActivityID": "",
    "System.Execution.ProcessID": "2016",
    "System.Execution.ThreadID": "3384",
    "System.Channel": "Microsoft-Windows-Sysmon/Operational",
    "System.Computer": "DESKTOP-GH9KMB7",
    "System.Security.UserID": "S-1-5-18",
    "EventData.Data.UtcTime": "2017-10-23 20:35:08.086",
    "EventData.Data.ProcessGuid": "{fe62ad40-527c-59ee-0000-0010fff30700}",
    "EventData.Data.ProcessId": "5980",
    "EventData.Data.Image": "C:\\Windows\\System32\\svchost.exe",
    "EventData.Data.CommandLine": "C:\\Windows\\System32\\svchost.exe -k netsvcs -p",
    "EventData.Data.CurrentDirectory": "C:\\Windows\\system32\\",
    "EventData.Data.User": "NT AUTHORITY\\SYSTEM",
    "EventData.Data.LogonGuid": "{fe62ad40-522f-59ee-0000-0020e7030000}",
    "EventData.Data.LogonId": "0x00000000000003e7",
    "EventData.Data.TerminalSessionId": "0",
    "EventData.Data.IntegrityLevel": "System",
    "EventData.Data.Hashes": "MD5=15556928CB0E9F74F4036411D8CC111E,SHA256=1030CE4102DAC701FAB043E40444E8F6C96C8C04B5BD512A59E1A4999D22B38C",
    "EventData.Data.ParentProcessGuid": "{fe62ad40-522f-59ee-0000-0010928b0000}",
    "EventData.Data.ParentProcessId": "812",
    "EventData.Data.ParentImage": "C:\\Windows\\System32\\services.exe",
    "EventData.Data.ParentCommandLine": "C:\\Windows\\system32\\services.exe"
}
{
    "System.Provider.Name": "Microsoft-Windows-Sysmon",
    "System.Provider.Guid": "{5770385f-c22a-43e0-bf4c-06f5698ffbd9}",
    "System.EventID.Qualifiers": "",
    "System.EventID.text": "1",
    "System.Version": "5",
    "System.Level": "4",
    "System.Task": "1",
    "System.Opcode": "0",
    "System.Keywords": "0x8000000000000000",
    "System.TimeCreated.SystemTime": "2017-10-23 20:35:09.769436",
    "System.EventRecordID": "11035",
    "System.Correlation.ActivityID": "",
    "System.Correlation.RelatedActivityID": "",
    "System.Execution.ProcessID": "2016",
    "System.Execution.ThreadID": "3384",
    "System.Channel": "Microsoft-Windows-Sysmon/Operational",
    "System.Computer": "DESKTOP-GH9KMB7",
    "System.Security.UserID": "S-1-5-18",
    "EventData.Data.UtcTime": "2017-10-23 20:35:09.766",
    "EventData.Data.ProcessGuid": "{fe62ad40-527d-59ee-0000-0010e21b0800}",
    "EventData.Data.ProcessId": "6060",
    "EventData.Data.Image": "C:\\Windows\\System32\\RuntimeBroker.exe",
    "EventData.Data.CommandLine": "C:\\Windows\\System32\\RuntimeBroker.exe -Embedding",
    "EventData.Data.CurrentDirectory": "C:\\Windows\\system32\\",
    "EventData.Data.User": "DESKTOP-GH9KMB7\\admin",
    "EventData.Data.LogonGuid": "{fe62ad40-5239-59ee-0000-0020116b0200}",
    "EventData.Data.LogonId": "0x0000000000026b11",
    "EventData.Data.TerminalSessionId": "1",
    "EventData.Data.IntegrityLevel": "High",
    "EventData.Data.Hashes": "MD5=EE6C021CE9DF96EB64C1202927B99E8C,SHA256=0C3152B1B962478CFED60C526785A119172D2DB488EE753D8A6A9AAE6184DAA6",
    "EventData.Data.ParentProcessGuid": "{fe62ad40-522f-59ee-0000-0010ab9d0000}",
    "EventData.Data.ParentProcessId": "920",
    "EventData.Data.ParentImage": "C:\\Windows\\System32\\svchost.exe",
    "EventData.Data.ParentCommandLine": "C:\\Windows\\system32\\svchost.exe -k DcomLaunch -p"
}
{
    "System.Provider.Name": "Microsoft-Windows-Sysmon",
    "System.Provider.Guid": "{5770385f-c22a-43e0-bf4c-06f5698ffbd9}",
    "System.EventID.Qualifiers": "",
    "System.EventID.text": "11",
    "System.Version": "2",
    "System.Level": "4",
    "System.Task": "11",
    "System.Opcode": "0",
    "System.Keywords": "0x8000000000000000",
    "System.TimeCreated.SystemTime": "2017-10-23 20:35:38.960258",
    "System.EventRecordID": "11036",
    "System.Correlation.ActivityID": "",
    "System.Correlation.RelatedActivityID": "",
    "System.Execution.ProcessID": "2016",
    "System.Execution.ThreadID": "3384",
    "System.Channel": "Microsoft-Windows-Sysmon/Operational",
    "System.Computer": "DESKTOP-GH9KMB7",
    "System.Security.UserID": "S-1-5-18",
    "EventData.Data.UtcTime": "2017-10-23 20:35:38.954",
    "EventData.Data.ProcessGuid": "{fe62ad40-5231-59ee-0000-0010d7150100}",
    "EventData.Data.ProcessId": "1232",
    "EventData.Data.Image": "C:\\Windows\\system32\\svchost.exe",
    "EventData.Data.TargetFilename": "C:\\Windows\\System32\\WDI\\LogFiles\\StartupInfo\\S-1-5-21-3209329216-718732076-2032004554-1001_StartupInfo2.xml",
    "EventData.Data.CreationUtcTime": "2017-10-19 18:50:51.057"
}
{
    "System.Provider.Name": "Microsoft-Windows-Sysmon",
    "System.Provider.Guid": "{5770385f-c22a-43e0-bf4c-06f5698ffbd9}",
    "System.EventID.Qualifiers": "",
    "System.EventID.text": "1",
    "System.Version": "5",
    "System.Level": "4",
    "System.Task": "1",
    "System.Opcode": "0",
    "System.Keywords": "0x8000000000000000",
    "System.TimeCreated.SystemTime": "2017-10-23 20:35:42.710529",
    "System.EventRecordID": "11037",
    "System.Correlation.ActivityID": "",
    "System.Correlation.RelatedActivityID": "",
    "System.Execution.ProcessID": "2016",
    "System.Execution.ThreadID": "3384",
    "System.Channel": "Microsoft-Windows-Sysmon/Operational",
    "System.Computer": "DESKTOP-GH9KMB7",
    "System.Security.UserID": "S-1-5-18",
    "EventData.Data.UtcTime": "2017-10-23 20:35:42.700",
    "EventData.Data.ProcessGuid": "{fe62ad40-529e-59ee-0000-0010666b0800}",
    "EventData.Data.ProcessId": "2760",
    "EventData.Data.Image": "C:\\Program Files\\Google\\Update\\GoogleUpdate.exe",
    "EventData.Data.CommandLine": "\"C:\\Program Files\\Google\\Update\\GoogleUpdate.exe\" /svc",
    "EventData.Data.CurrentDirectory": "C:\\Windows\\system32\\",
    "EventData.Data.User": "NT AUTHORITY\\SYSTEM",
    "EventData.Data.LogonGuid": "{fe62ad40-522f-59ee-0000-0020e7030000}",
    "EventData.Data.LogonId": "0x00000000000003e7",
    "EventData.Data.TerminalSessionId": "0",
    "EventData.Data.IntegrityLevel": "System",
    "EventData.Data.Hashes": "MD5=0545A3EB959CFA4790D267BFB8C1ACA4,SHA256=69061E33ACB7587D773D05000390F9101F71DFD6EED7973B551594EAF3F04193",
    "EventData.Data.ParentProcessGuid": "{fe62ad40-522f-59ee-0000-0010928b0000}",
    "EventData.Data.ParentProcessId": "812",
    "EventData.Data.ParentImage": "C:\\Windows\\System32\\services.exe",
    "EventData.Data.ParentCommandLine": "C:\\Windows\\system32\\services.exe"
}
{
    "System.Provider.Name": "Microsoft-Windows-Sysmon",
    "System.Provider.Guid": "{5770385f-c22a-43e0-bf4c-06f5698ffbd9}",
    "System.EventID.Qualifiers": "",
    "System.EventID.text": "1",
    "System.Version": "5",
    "System.Level": "4",
    "System.Task": "1",
    "System.Opcode": "0",
    "System.Keywords": "0x8000000000000000",
    "System.TimeCreated.SystemTime": "2017-10-23 20:35:56.382330",
    "System.EventRecordID": "11038",
    "System.Correlation.ActivityID": "",
    "System.Correlation.RelatedActivityID": "",
    "System.Execution.ProcessID": "2016",
    "System.Execution.ThreadID": "3384",
    "System.Channel": "Microsoft-Windows-Sysmon/Operational",
    "System.Computer": "DESKTOP-GH9KMB7",
    "System.Security.UserID": "S-1-5-18",
    "EventData.Data.UtcTime": "2017-10-23 20:35:56.379",
    "EventData.Data.ProcessGuid": "{fe62ad40-52ac-59ee-0000-00101b800800}",
    "EventData.Data.ProcessId": "2308",
    "EventData.Data.Image": "C:\\Windows\\System32\\svchost.exe",
    "EventData.Data.CommandLine": "C:\\Windows\\System32\\svchost.exe -k NetworkService -p",
    "EventData.Data.CurrentDirectory": "C:\\Windows\\system32\\",
    "EventData.Data.User": "NT AUTHORITY\\NETWORK SERVICE",
    "EventData.Data.LogonGuid": "{fe62ad40-5230-59ee-0000-0020e4030000}",
    "EventData.Data.LogonId": "0x00000000000003e4",
    "EventData.Data.TerminalSessionId": "0",
    "EventData.Data.IntegrityLevel": "System",
    "EventData.Data.Hashes": "MD5=15556928CB0E9F74F4036411D8CC111E,SHA256=1030CE4102DAC701FAB043E40444E8F6C96C8C04B5BD512A59E1A4999D22B38C",
    "EventData.Data.ParentProcessGuid": "{fe62ad40-522f-59ee-0000-0010928b0000}",
    "EventData.Data.ParentProcessId": "812",
    "EventData.Data.ParentImage": "C:\\Windows\\System32\\services.exe",
    "EventData.Data.ParentCommandLine": "C:\\Windows\\system32\\services.exe"
}
{
    "System.Provider.Name": "Microsoft-Windows-Sysmon",
    "System.Provider.Guid": "{5770385f-c22a-43e0-bf4c-06f5698ffbd9}",
    "System.EventID.Qualifiers": "",
    "System.EventID.text": "1",
    "System.Version": "5",
    "System.Level": "4",
    "System.Task": "1",
    "System.Opcode": "0",
    "System.Keywords": "0x8000000000000000",
    "System.TimeCreated.SystemTime": "2017-10-23 20:37:56.287336",
    "System.EventRecordID": "11039",
    "System.Correlation.ActivityID": "",
    "System.Correlation.RelatedActivityID": "",
    "System.Execution.ProcessID": "2016",
    "System.Execution.ThreadID": "3384",
    "System.Channel": "Microsoft-Windows-Sysmon/Operational",
    "System.Computer": "DESKTOP-GH9KMB7",
    "System.Security.UserID": "S-1-5-18",
    "EventData.Data.UtcTime": "2017-10-23 20:37:56.283",
    "EventData.Data.ProcessGuid": "{fe62ad40-5324-59ee-0000-0010b2200900}",
    "EventData.Data.ProcessId": "5876",
    "EventData.Data.Image": "C:\\Windows\\System32\\wbem\\WMIADAP.exe",
    "EventData.Data.CommandLine": "wmiadap.exe /F /T /R",
    "EventData.Data.CurrentDirectory": "C:\\Windows\\system32\\",
    "EventData.Data.User": "NT AUTHORITY\\SYSTEM",
    "EventData.Data.LogonGuid": "{fe62ad40-522f-59ee-0000-0020e7030000}",
    "EventData.Data.LogonId": "0x00000000000003e7",
    "EventData.Data.TerminalSessionId": "0",
    "EventData.Data.IntegrityLevel": "System",
    "EventData.Data.Hashes": "MD5=F2B8F81492DFDE01DEF40E57927ABD25,SHA256=7DEAACF1B7031400AAE903B4976E898DAA1CF3B7B619A7BCB05B83A7D0FCEC06",
    "EventData.Data.ParentProcessGuid": "{fe62ad40-5230-59ee-0000-0010140f0100}",
    "EventData.Data.ParentProcessId": "1120",
    "EventData.Data.ParentImage": "C:\\Windows\\System32\\svchost.exe",
    "EventData.Data.ParentCommandLine": "C:\\Windows\\system32\\svchost.exe -k netsvcs -p"
}
{
    "System.Provider.Name": "Microsoft-Windows-Sysmon",
    "System.Provider.Guid": "{5770385f-c22a-43e0-bf4c-06f5698ffbd9}",
    "System.EventID.Qualifiers": "",
    "System.EventID.text": "1",
    "System.Version": "5",
    "System.Level": "4",
    "System.Task": "1",
    "System.Opcode": "0",
    "System.Keywords": "0x8000000000000000",
    "System.TimeCreated.SystemTime": "2017-10-23 20:37:57.565731",
    "System.EventRecordID": "11040",
    "System.Correlation.ActivityID": "",
    "System.Correlation.RelatedActivityID": "",
    "System.Execution.ProcessID": "2016",
    "System.Execution.ThreadID": "3384",
    "System.Channel": "Microsoft-Windows-Sysmon/Operational",
    "System.Computer": "DESKTOP-GH9KMB7",
    "System.Security.UserID": "S-1-5-18",
    "EventData.Data.UtcTime": "2017-10-23 20:37:57.557",
    "EventData.Data.ProcessGuid": "{fe62ad40-5325-59ee-0000-0010592e0900}",
    "EventData.Data.ProcessId": "6088",
    "EventData.Data.Image": "C:\\Windows\\System32\\RuntimeBroker.exe",
    "EventData.Data.CommandLine": "C:\\Windows\\System32\\RuntimeBroker.exe -Embedding",
    "EventData.Data.CurrentDirectory": "C:\\Windows\\system32\\",
    "EventData.Data.User": "DESKTOP-GH9KMB7\\admin",
    "EventData.Data.LogonGuid": "{fe62ad40-5239-59ee-0000-0020116b0200}",
    "EventData.Data.LogonId": "0x0000000000026b11",
    "EventData.Data.TerminalSessionId": "1",
    "EventData.Data.IntegrityLevel": "High",
    "EventData.Data.Hashes": "MD5=EE6C021CE9DF96EB64C1202927B99E8C,SHA256=0C3152B1B962478CFED60C526785A119172D2DB488EE753D8A6A9AAE6184DAA6",
    "EventData.Data.ParentProcessGuid": "{fe62ad40-522f-59ee-0000-0010ab9d0000}",
    "EventData.Data.ParentProcessId": "920",
    "EventData.Data.ParentImage": "C:\\Windows\\System32\\svchost.exe",
    "EventData.Data.ParentCommandLine": "C:\\Windows\\system32\\svchost.exe -k DcomLaunch -p"
}
{
    "System.Provider.Name": "Microsoft-Windows-Sysmon",
    "System.Provider.Guid": "{5770385f-c22a-43e0-bf4c-06f5698ffbd9}",
    "System.EventID.Qualifiers": "",
    "System.EventID.text": "1",
    "System.Version": "5",
    "System.Level": "4",
    "System.Task": "1",
    "System.Opcode": "0",
    "System.Keywords": "0x8000000000000000",
    "System.TimeCreated.SystemTime": "2017-10-23 20:39:04.321630",
    "System.EventRecordID": "11041",
    "System.Correlation.ActivityID": "",
    "System.Correlation.RelatedActivityID": "",
    "System.Execution.ProcessID": "2016",
    "System.Execution.ThreadID": "3384",
    "System.Channel": "Microsoft-Windows-Sysmon/Operational",
    "System.Computer": "DESKTOP-GH9KMB7",
    "System.Security.UserID": "S-1-5-18",
    "EventData.Data.UtcTime": "2017-10-23 20:39:04.318",
    "EventData.Data.ProcessGuid": "{fe62ad40-5368-59ee-0000-0010af530900}",
    "EventData.Data.ProcessId": "5004",
    "EventData.Data.Image": "C:\\Windows\\System32\\taskhostw.exe",
    "EventData.Data.CommandLine": "taskhostw.exe Logon",
    "EventData.Data.CurrentDirectory": "C:\\Windows\\system32\\",
    "EventData.Data.User": "DESKTOP-GH9KMB7\\admin",
    "EventData.Data.LogonGuid": "{fe62ad40-5239-59ee-0000-0020116b0200}",
    "EventData.Data.LogonId": "0x0000000000026b11",
    "EventData.Data.TerminalSessionId": "1",
    "EventData.Data.IntegrityLevel": "High",
    "EventData.Data.Hashes": "MD5=8BE99F1A9B787853F9B97AE6F8BD7B91,SHA256=8DDAD6B0FABE792B419E42103864F96119C078897D803B8EB4BE0DA44FD6F16E",
    "EventData.Data.ParentProcessGuid": "{fe62ad40-5230-59ee-0000-0010140f0100}",
    "EventData.Data.ParentProcessId": "1120",
    "EventData.Data.ParentImage": "C:\\Windows\\System32\\svchost.exe",
    "EventData.Data.ParentCommandLine": "C:\\Windows\\system32\\svchost.exe -k netsvcs -p"
}
{
    "System.Provider.Name": "Microsoft-Windows-Sysmon",
    "System.Provider.Guid": "{5770385f-c22a-43e0-bf4c-06f5698ffbd9}",
    "System.EventID.Qualifiers": "",
    "System.EventID.text": "1",
    "System.Version": "5",
    "System.Level": "4",
    "System.Task": "1",
    "System.Opcode": "0",
    "System.Keywords": "0x8000000000000000",
    "System.TimeCreated.SystemTime": "2017-10-23 20:41:55.206747",
    "System.EventRecordID": "11042",
    "System.Correlation.ActivityID": "",
    "System.Correlation.RelatedActivityID": "",
    "System.Execution.ProcessID": "2016",
    "System.Execution.ThreadID": "3384",
    "System.Channel": "Microsoft-Windows-Sysmon/Operational",
    "System.Computer": "DESKTOP-GH9KMB7",
    "System.Security.UserID": "S-1-5-18",
    "EventData.Data.UtcTime": "2017-10-23 20:41:55.201",
    "EventData.Data.ProcessGuid": "{fe62ad40-5413-59ee-0000-0010970b0a00}",
    "EventData.Data.ProcessId": "5244",
    "EventData.Data.Image": "C:\\Windows\\System32\\wsqmcons.exe",
    "EventData.Data.CommandLine": "C:\\Windows\\System32\\wsqmcons.exe",
    "EventData.Data.CurrentDirectory": "C:\\Windows\\system32\\",
    "EventData.Data.User": "NT AUTHORITY\\SYSTEM",
    "EventData.Data.LogonGuid": "{fe62ad40-522f-59ee-0000-0020e7030000}",
    "EventData.Data.LogonId": "0x00000000000003e7",
    "EventData.Data.TerminalSessionId": "0",
    "EventData.Data.IntegrityLevel": "System",
    "EventData.Data.Hashes": "MD5=19EA2AA4FC1A4D6977E6A345105D995F,SHA256=028186580A3DE978C19637CC062C3750F70341ACFC73118AC361C1CD5CB6B22C",
    "EventData.Data.ParentProcessGuid": "{fe62ad40-5230-59ee-0000-0010140f0100}",
    "EventData.Data.ParentProcessId": "1120",
    "EventData.Data.ParentImage": "C:\\Windows\\System32\\svchost.exe",
    "EventData.Data.ParentCommandLine": "C:\\Windows\\system32\\svchost.exe -k netsvcs -p"
}
{
    "System.Provider.Name": "Microsoft-Windows-Sysmon",
    "System.Provider.Guid": "{5770385f-c22a-43e0-bf4c-06f5698ffbd9}",
    "System.EventID.Qualifiers": "",
    "System.EventID.text": "1",
    "System.Version": "5",
    "System.Level": "4",
    "System.Task": "1",
    "System.Opcode": "0",
    "System.Keywords": "0x8000000000000000",
    "System.TimeCreated.SystemTime": "2017-10-23 20:41:55.222176",
    "System.EventRecordID": "11043",
    "System.Correlation.ActivityID": "",
    "System.Correlation.RelatedActivityID": "",
    "System.Execution.ProcessID": "2016",
    "System.Execution.ThreadID": "3384",
    "System.Channel": "Microsoft-Windows-Sysmon/Operational",
    "System.Computer": "DESKTOP-GH9KMB7",
    "System.Security.UserID": "S-1-5-18",
    "EventData.Data.UtcTime": "2017-10-23 20:41:55.201",
    "EventData.Data.ProcessGuid": "{fe62ad40-5413-59ee-0000-0010580b0a00}",
    "EventData.Data.ProcessId": "2800",
    "EventData.Data.Image": "C:\\Program Files\\Common Files\\Adobe\\ARM\\1.0\\AdobeARM.exe",
    "EventData.Data.CommandLine": "\"C:\\Program Files\\Common Files\\Adobe\\ARM\\1.0\\AdobeARM.exe\"",
    "EventData.Data.CurrentDirectory": "C:\\Windows\\system32\\",
    "EventData.Data.User": "DESKTOP-GH9KMB7\\admin",
    "EventData.Data.LogonGuid": "{fe62ad40-5239-59ee-0000-0020116b0200}",
    "EventData.Data.LogonId": "0x0000000000026b11",
    "EventData.Data.TerminalSessionId": "1",
    "EventData.Data.IntegrityLevel": "High",
    "EventData.Data.Hashes": "MD5=F2FF574F6F2211D9AAAE5E82A3AD553F,SHA256=392CDC901BE6CC617E9F5C720EB0C3244F3082D63AC6CAE8BEDB029BC7069D69",
    "EventData.Data.ParentProcessGuid": "{fe62ad40-5230-59ee-0000-0010140f0100}",
    "EventData.Data.ParentProcessId": "1120",
    "EventData.Data.ParentImage": "C:\\Windows\\System32\\svchost.exe",
    "EventData.Data.ParentCommandLine": "C:\\Windows\\system32\\svchost.exe -k netsvcs -p"
}
{
    "System.Provider.Name": "Microsoft-Windows-Sysmon",
    "System.Provider.Guid": "{5770385f-c22a-43e0-bf4c-06f5698ffbd9}",
    "System.EventID.Qualifiers": "",
    "System.EventID.text": "1",
    "System.Version": "5",
    "System.Level": "4",
    "System.Task": "1",
    "System.Opcode": "0",
    "System.Keywords": "0x8000000000000000",
    "System.TimeCreated.SystemTime": "2017-10-23 20:41:55.235298",
    "System.EventRecordID": "11044",
    "System.Correlation.ActivityID": "",
    "System.Correlation.RelatedActivityID": "",
    "System.Execution.ProcessID": "2016",
    "System.Execution.ThreadID": "3384",
    "System.Channel": "Microsoft-Windows-Sysmon/Operational",
    "System.Computer": "DESKTOP-GH9KMB7",
    "System.Security.UserID": "S-1-5-18",
    "EventData.Data.UtcTime": "2017-10-23 20:41:55.230",
    "EventData.Data.ProcessGuid": "{fe62ad40-5413-59ee-0000-00106f0c0a00}",
    "EventData.Data.ProcessId": "5960",
    "EventData.Data.Image": "C:\\Windows\\System32\\SIHClient.exe",
    "EventData.Data.CommandLine": "C:\\Windows\\System32\\sihclient.exe",
    "EventData.Data.CurrentDirectory": "C:\\Windows\\system32\\",
    "EventData.Data.User": "NT AUTHORITY\\SYSTEM",
    "EventData.Data.LogonGuid": "{fe62ad40-522f-59ee-0000-0020e7030000}",
    "EventData.Data.LogonId": "0x00000000000003e7",
    "EventData.Data.TerminalSessionId": "0",
    "EventData.Data.IntegrityLevel": "System",
    "EventData.Data.Hashes": "MD5=71549972C127517789BAFD0D0CF48A8C,SHA256=281F8BEA0A44312557C6CBE8C0974FB60C231DBA8A91D4646FA88B58D3890C7C",
    "EventData.Data.ParentProcessGuid": "{fe62ad40-5230-59ee-0000-0010140f0100}",
    "EventData.Data.ParentProcessId": "1120",
    "EventData.Data.ParentImage": "C:\\Windows\\System32\\svchost.exe",
    "EventData.Data.ParentCommandLine": "C:\\Windows\\system32\\svchost.exe -k netsvcs -p"
}
{
    "System.Provider.Name": "Microsoft-Windows-Sysmon",
    "System.Provider.Guid": "{5770385f-c22a-43e0-bf4c-06f5698ffbd9}",
    "System.EventID.Qualifiers": "",
    "System.EventID.text": "1",
    "System.Version": "5",
    "System.Level": "4",
    "System.Task": "1",
    "System.Opcode": "0",
    "System.Keywords": "0x8000000000000000",
    "System.TimeCreated.SystemTime": "2017-10-23 20:41:55.480200",
    "System.EventRecordID": "11045",
    "System.Correlation.ActivityID": "",
    "System.Correlation.RelatedActivityID": "",
    "System.Execution.ProcessID": "2016",
    "System.Execution.ThreadID": "3384",
    "System.Channel": "Microsoft-Windows-Sysmon/Operational",
    "System.Computer": "DESKTOP-GH9KMB7",
    "System.Security.UserID": "S-1-5-18",
    "EventData.Data.UtcTime": "2017-10-23 20:41:55.474",
    "EventData.Data.ProcessGuid": "{fe62ad40-5413-59ee-0000-0010bb190a00}",
    "EventData.Data.ProcessId": "2900",
    "EventData.Data.Image": "C:\\Program Files\\Adobe\\Acrobat Reader DC\\Reader\\reader_sl.exe",
    "EventData.Data.CommandLine": "\"C:\\Program Files\\Adobe\\Acrobat Reader DC\\Reader\\Reader_sl.exe\"",
    "EventData.Data.CurrentDirectory": "C:\\Windows\\system32\\",
    "EventData.Data.User": "DESKTOP-GH9KMB7\\admin",
    "EventData.Data.LogonGuid": "{fe62ad40-5239-59ee-0000-0020116b0200}",
    "EventData.Data.LogonId": "0x0000000000026b11",
    "EventData.Data.TerminalSessionId": "1",
    "EventData.Data.IntegrityLevel": "High",
    "EventData.Data.Hashes": "MD5=D0B23D1F0D1D730493CF89BE5DCBBB4E,SHA256=A8F964BB1623295131320F9A0A3817C5EA9318485C849AC5DCBF0255C9263DEA",
    "EventData.Data.ParentProcessGuid": "{fe62ad40-5413-59ee-0000-0010580b0a00}",
    "EventData.Data.ParentProcessId": "2800",
    "EventData.Data.ParentImage": "C:\\Program Files\\Common Files\\Adobe\\ARM\\1.0\\AdobeARM.exe",
    "EventData.Data.ParentCommandLine": "\"C:\\Program Files\\Common Files\\Adobe\\ARM\\1.0\\AdobeARM.exe\""
}
{
    "System.Provider.Name": "Microsoft-Windows-Sysmon",
    "System.Provider.Guid": "{5770385f-c22a-43e0-bf4c-06f5698ffbd9}",
    "System.EventID.Qualifiers": "",
    "System.EventID.text": "1",
    "System.Version": "5",
    "System.Level": "4",
    "System.Task": "1",
    "System.Opcode": "0",
    "System.Keywords": "0x8000000000000000",
    "System.TimeCreated.SystemTime": "2017-10-23 20:43:59.154852",
    "System.EventRecordID": "11046",
    "System.Correlation.ActivityID": "",
    "System.Correlation.RelatedActivityID": "",
    "System.Execution.ProcessID": "2016",
    "System.Execution.ThreadID": "3384",
    "System.Channel": "Microsoft-Windows-Sysmon/Operational",
    "System.Computer": "DESKTOP-GH9KMB7",
    "System.Security.UserID": "S-1-5-18",
    "EventData.Data.UtcTime": "2017-10-23 20:43:59.146",
    "EventData.Data.ProcessGuid": "{fe62ad40-548f-59ee-0000-001083d00a00}",
    "EventData.Data.ProcessId": "2160",
    "EventData.Data.Image": "C:\\Windows\\System32\\svchost.exe",
    "EventData.Data.CommandLine": "C:\\Windows\\system32\\svchost.exe -k wsappx -p",
    "EventData.Data.CurrentDirectory": "C:\\Windows\\system32\\",
    "EventData.Data.User": "NT AUTHORITY\\SYSTEM",
    "EventData.Data.LogonGuid": "{fe62ad40-522f-59ee-0000-0020e7030000}",
    "EventData.Data.LogonId": "0x00000000000003e7",
    "EventData.Data.TerminalSessionId": "0",
    "EventData.Data.IntegrityLevel": "System",
    "EventData.Data.Hashes": "MD5=15556928CB0E9F74F4036411D8CC111E,SHA256=1030CE4102DAC701FAB043E40444E8F6C96C8C04B5BD512A59E1A4999D22B38C",
    "EventData.Data.ParentProcessGuid": "{fe62ad40-522f-59ee-0000-0010928b0000}",
    "EventData.Data.ParentProcessId": "812",
    "EventData.Data.ParentImage": "C:\\Windows\\System32\\services.exe",
    "EventData.Data.ParentCommandLine": "C:\\Windows\\system32\\services.exe"
}
{
    "System.Provider.Name": "Microsoft-Windows-Sysmon",
    "System.Provider.Guid": "{5770385f-c22a-43e0-bf4c-06f5698ffbd9}",
    "System.EventID.Qualifiers": "",
    "System.EventID.text": "1",
    "System.Version": "5",
    "System.Level": "4",
    "System.Task": "1",
    "System.Opcode": "0",
    "System.Keywords": "0x8000000000000000",
    "System.TimeCreated.SystemTime": "2017-10-23 20:44:05.668056",
    "System.EventRecordID": "11047",
    "System.Correlation.ActivityID": "",
    "System.Correlation.RelatedActivityID": "",
    "System.Execution.ProcessID": "2016",
    "System.Execution.ThreadID": "3384",
    "System.Channel": "Microsoft-Windows-Sysmon/Operational",
    "System.Computer": "DESKTOP-GH9KMB7",
    "System.Security.UserID": "S-1-5-18",
    "EventData.Data.UtcTime": "2017-10-23 20:44:05.662",
    "EventData.Data.ProcessGuid": "{fe62ad40-5495-59ee-0000-001012d60a00}",
    "EventData.Data.ProcessId": "3692",
    "EventData.Data.Image": "C:\\Windows\\System32\\provtool.exe",
    "EventData.Data.CommandLine": "C:\\Windows\\system32\\ProvTool.exe /turn 5 /source LogonIdleTask",
    "EventData.Data.CurrentDirectory": "C:\\Windows\\system32\\",
    "EventData.Data.User": "NT AUTHORITY\\SYSTEM",
    "EventData.Data.LogonGuid": "{fe62ad40-522f-59ee-0000-0020e7030000}",
    "EventData.Data.LogonId": "0x00000000000003e7",
    "EventData.Data.TerminalSessionId": "0",
    "EventData.Data.IntegrityLevel": "System",
    "EventData.Data.Hashes": "MD5=897AF21D4F49E3BE301304EA24D2A16E,SHA256=2947B852B6D673844F5138947066151C66ED0819699499509E1674A5398C4AAC",
    "EventData.Data.ParentProcessGuid": "{fe62ad40-5230-59ee-0000-0010140f0100}",
    "EventData.Data.ParentProcessId": "1120",
    "EventData.Data.ParentImage": "C:\\Windows\\System32\\svchost.exe",
    "EventData.Data.ParentCommandLine": "C:\\Windows\\system32\\svchost.exe -k netsvcs -p"
}
