{
    "System.Provider.Name": "Microsoft-Windows-Sysmon",
    "System.Provider.Guid": "{5770385f-c22a-43e0-bf4c-06f5698ffbd9}",
    "System.EventID.Qualifiers": "",
    "System.EventID.text": "1",
    "System.Version": "5",
    "System.Level": "4",
    "System.Task": "1",
    "System.Opcode": "0",
    "System.Keywords": "0x8000000000000000",
    "System.TimeCreated.SystemTime": "2017-10-23 20:25:57.986794",
    "System.EventRecordID": "11048",
    "System.Correlation.ActivityID": "",
    "System.Correlation.RelatedActivityID": "",
    "System.Execution.ProcessID": "536",
    "System.Execution.ThreadID": "2752",
    "System.Channel": "Microsoft-Windows-Sysmon/Operational",
    "System.Computer": "DESKTOP-GH9KMB7",
    "System.Security.UserID": "S-1-5-18",
    "EventData.Data.UtcTime": "2017-10-23 20:25:57.982",
    "EventData.Data.ProcessGuid": "{fe62ad40-5055-59ee-0000-001030170900}",
    "EventData.Data.ProcessId": "4364",
    "EventData.Data.Image": "C:\\Windows\\System32\\wbem\\WMIADAP.exe",
    "EventData.Data.CommandLine": "wmiadap.exe /F /T /R",
    "EventData.Data.CurrentDirectory": "C:\\Windows\\system32\\",
    "EventData.Data.User": "NT AUTHORITY\\SYSTEM",
    "EventData.Data.LogonGuid": "{fe62ad40-4f57-59ee-0000-0020e7030000}",
    "EventData.Data.LogonId": "0x00000000000003e7",
    "EventData.Data.TerminalSessionId": "0",
    "EventData.Data.IntegrityLevel": "System",
    "EventData.Data.Hashes": "MD5=F2B8F81492DFDE01DEF40E57927ABD25,SHA256=7DEAACF1B7031400AAE903B4976E898DAA1CF3B7B619A7BCB05B83A7D0FCEC06",
    "EventData.Data.ParentProcessGuid": "{fe62ad40-4f5a-59ee-0000-001047130100}",
    "EventData.Data.ParentProcessId": "1176",
    "EventData.Data.ParentImage": "C:\\Windows\\System32\\svchost.exe",
    "EventData.Data.ParentCommandLine": "C:\\Windows\\system32\\svchost.exe -k netsvcs -p"
}
{
    "System.Provider.Name": "Microsoft-Windows-Sysmon",
    "System.Provider.Guid": "{5770385f-c22a-43e0-bf4c-06f5698ffbd9}",
    "System.EventID.Qualifiers": "",
    "System.EventID.text": "1",
    "System.Version": "5",
    "System.Level": "4",
    "System.Task": "1",
    "System.Opcode": "0",
    "System.Keywords": "0x8000000000000000",
    "System.TimeCreated.SystemTime": "2017-10-23 20:25:59.227589",
    "System.EventRecordID": "11049",
    "System.Correlation.ActivityID": "",
    "System.Correlation.RelatedActivityID": "",
    "System.Execution.ProcessID": "536",
    "System.Execution.ThreadID": "2752",
    "System.Channel": "Microsoft-Windows-Sysmon/Operational",
    "System.Computer": "DESKTOP-GH9KMB7",
    "System.Security.UserID": "S-1-5-18",
    "EventData.Data.UtcTime": "2017-10-23 20:25:59.223",
    "EventData.Data.ProcessGuid": "{fe62ad40-5057-59ee-0000-00108c240900}",
    "EventData.Data.ProcessId": "6032",
    "EventData.Data.Image": "C:\\Windows\\System32\\RuntimeBroker.exe",
    "EventData.Data.CommandLine": "C:\\Windows\\System32\\RuntimeBroker.exe -Embedding",
    "EventData.Data.CurrentDirectory": "C:\\Windows\\system32\\",
    "EventData.Data.User": "DESKTOP-GH9KMB7\\admin",
    "EventData.Data.LogonGuid": "{fe62ad40-4f6c-59ee-0000-0020c1830200}",
    "EventData.Data.LogonId": "0x00000000000283c1",
    "EventData.Data.TerminalSessionId": "1",
    "EventData.Data.IntegrityLevel": "High",
    "EventData.Data.Hashes": "MD5=EE6C021CE9DF96EB64C1202927B99E8C,SHA256=0C3152B1B962478CFED60C526785A119172D2DB488EE753D8A6A9AAE6184DAA6",
    "EventData.Data.ParentProcessGuid": "{fe62ad40-4f58-59ee-0000-00101f9e0000}",
    "EventData.Data.ParentProcessId": "956",
    "EventData.Data.ParentImage": "C:\\Windows\\System32\\svchost.exe",
    "EventData.Data.ParentCommandLine": "C:\\Windows\\system32\\svchost.exe -k DcomLaunch -p"
}
{
    "System.Provider.Name": "Microsoft-Windows-Sysmon",
    "System.Provider.Guid": "{5770385f-c22a-43e0-bf4c-06f5698ffbd9}",
    "System.EventID.Qualifiers": "",
    "System.EventID.text": "1",
    "System.Version": "5",
    "System.Level": "4",
    "System.Task": "1",
    "System.Opcode": "0",
    "System.Keywords": "0x8000000000000000",
    "System.TimeCreated.SystemTime": "2017-10-23 20:27:14.332184",
    "System.EventRecordID": "11050",
    "System.Correlation.ActivityID": "",
    "System.Correlation.RelatedActivityID": "",
    "System.Execution.ProcessID": "536",
    "System.Execution.ThreadID": "2752",
    "System.Channel": "Microsoft-Windows-Sysmon/Operational",
    "System.Computer": "DESKTOP-GH9KMB7",
    "System.Security.UserID": "S-1-5-18",
    "EventData.Data.UtcTime": "2017-10-23 20:27:14.325",
    "EventData.Data.ProcessGuid": "{fe62ad40-50a2-59ee-0000-0010f6480900}",
    "EventData.Data.ProcessId": "3712",
    "EventData.Data.Image": "C:\\Windows\\System32\\taskhostw.exe",
    "EventData.Data.CommandLine": "taskhostw.exe Logon",
    "EventData.Data.CurrentDirectory": "C:\\Windows\\system32\\",
    "EventData.Data.User": "DESKTOP-GH9KMB7\\admin",
    "EventData.Data.LogonGuid": "{fe62ad40-4f6c-59ee-0000-0020c1830200}",
    "EventData.Data.LogonId": "0x00000000000283c1",
    "EventData.Data.TerminalSessionId": "1",
    "EventData.Data.IntegrityLevel": "High",
    "EventData.Data.Hashes": "MD5=8BE99F1A9B787853F9B97AE6F8BD7B91,SHA256=8DDAD6B0FABE792B419E42103864F96119C078897D803B8EB4BE0DA44FD6F16E",
    "EventData.Data.ParentProcessGuid": "{fe62ad40-4f5a-59ee-0000-001047130100}",
    "EventData.Data.ParentProcessId": "1176",
    "EventData.Data.ParentImage": "C:\\Windows\\System32\\svchost.exe",
    "EventData.Data.ParentCommandLine": "C:\\Windows\\system32\\svchost.exe -k netsvcs -p"
}
{
    "System.Provider.Name": "Microsoft-Windows-Sysmon",
    "System.Provider.Guid": "{5770385f-c22a-43e0-bf4c-06f5698ffbd9}",
    "System.EventID.Qualifiers": "",
    "System.EventID.text": "1",
    "System.Version": "5",
    "System.Level": "4",
    "System.Task": "1",
    "System.Opcode": "0",
    "System.Keywords": "0x8000000000000000",
    "System.TimeCreated.SystemTime": "2017-10-23 20:28:53.429853",
    "System.EventRecordID": "11051",
    "System.Correlation.ActivityID": "",
    "System.Correlation.RelatedActivityID": "",
    "System.Execution.ProcessID": "536",
    "System.Execution.ThreadID": "2752",
    "System.Channel": "Microsoft-Windows-Sysmon/Operational",
    "System.Computer": "DESKTOP-GH9KMB7",
    "System.Security.UserID": "S-1-5-18",
    "EventData.Data.UtcTime": "2017-10-23 20:28:53.408",
    "EventData.Data.ProcessGuid": "{fe62ad40-5105-59ee-0000-001033a50900}",
    "EventData.Data.ProcessId": "6028",
    "EventData.Data.Image": "C:\\Windows\\System32\\wsqmcons.exe",
    "EventData.Data.CommandLine": "C:\\Windows\\System32\\wsqmcons.exe",
    "EventData.Data.CurrentDirectory": "C:\\Windows\\system32\\",
    "EventData.Data.User": "NT AUTHORITY\\SYSTEM",
    "EventData.Data.LogonGuid": "{fe62ad40-4f57-59ee-0000-0020e7030000}",
    "EventData.Data.LogonId": "0x00000000000003e7",
    "EventData.Data.TerminalSessionId": "0",
    "EventData.Data.IntegrityLevel": "System",
    "EventData.Data.Hashes": "MD5=19EA2AA4FC1A4D6977E6A345105D995F,SHA256=028186580A3DE978C19637CC062C3750F70341ACFC73118AC361C1CD5CB6B22C",
    "EventData.Data.ParentProcessGuid": "{fe62ad40-4f5a-59ee-0000-001047130100}",
    "EventData.Data.ParentProcessId": "1176",
    "EventData.Data.ParentImage": "C:\\Windows\\System32\\svchost.exe",
    "EventData.Data.ParentCommandLine": "C:\\Windows\\system32\\svchost.exe -k netsvcs -p"
}
{
    "System.Provider.Name": "Microsoft-Windows-Sysmon",
    "System.Provider.Guid": "{5770385f-c22a-43e0-bf4c-06f5698ffbd9}",
    "System.EventID.Qualifiers": "",
    "System.EventID.text": "1",
    "System.Version": "5",
    "System.Level": "4",
    "System.Task": "1",
    "System.Opcode": "0",
    "System.Keywords": "0x8000000000000000",
    "System.TimeCreated.SystemTime": "2017-10-23 20:28:53.433773",
    "System.EventRecordID": "11052",
    "System.Correlation.ActivityID": "",
    "System.Correlation.RelatedActivityID": "",
    "System.Execution.ProcessID": "536",
    "System.Execution.ThreadID": "2752",
    "System.Channel": "Microsoft-Windows-Sysmon/Operational",
    "System.Computer": "DESKTOP-GH9KMB7",
    "System.Security.UserID": "S-1-5-18",
    "EventData.Data.UtcTime": "2017-10-23 20:28:53.409",
    "EventData.Data.ProcessGuid": "{fe62ad40-5105-59ee-0000-00102fa50900}",
    "EventData.Data.ProcessId": "192",
    "EventData.Data.Image": "C:\\Program Files\\Common Files\\Adobe\\ARM\\1.0\\AdobeARM.exe",
    "EventData.Data.CommandLine": "\"C:\\Program Files\\Common Files\\Adobe\\ARM\\1.0\\AdobeARM.exe\"",
    "EventData.Data.CurrentDirectory": "C:\\Windows\\system32\\",
    "EventData.Data.User": "DESKTOP-GH9KMB7\\admin",
    "EventData.Data.LogonGuid": "{fe62ad40-4f6c-59ee-0000-0020c1830200}",
    "EventData.Data.LogonId": "0x00000000000283c1",
    "EventData.Data.TerminalSessionId": "1",
    "EventData.Data.IntegrityLevel": "High",
    "EventData.Data.Hashes": "MD5=F2FF574F6F2211D9AAAE5E82A3AD553F,SHA256=392CDC901BE6CC617E9F5C720EB0C3244F3082D63AC6CAE8BEDB029BC7069D69",
    "EventData.Data.ParentProcessGuid": "{fe62ad40-4f5a-59ee-0000-001047130100}",
    "EventData.Data.ParentProcessId": "1176",
    "EventData.Data.ParentImage": "C:\\Windows\\System32\\svchost.exe",
    "EventData.Data.ParentCommandLine": "C:\\Windows\\system32\\svchost.exe -k netsvcs -p"
}
{
    "System.Provider.Name": "Microsoft-Windows-Sysmon",
    "System.Provider.Guid": "{5770385f-c22a-43e0-bf4c-06f5698ffbd9}",
    "System.EventID.Qualifiers": "",
    "System.EventID.text": "1",
    "System.Version": "5",
    "System.Level": "4",
    "System.Task": "1",
    "System.Opcode": "0",
    "System.Keywords": "0x8000000000000000",
    "System.TimeCreated.SystemTime": "2017-10-23 20:28:53.443560",
    "System.EventRecordID": "11053",
    "System.Correlation.ActivityID": "",
    "System.Correlation.RelatedActivityID": "",
    "System.Execution.ProcessID": "536",
    "System.Execution.ThreadID": "2752",
    "System.Channel": "Microsoft-Windows-Sysmon/Operational",
    "System.Computer": "DESKTOP-GH9KMB7",
    "System.Security.UserID": "S-1-5-18",
    "EventData.Data.UtcTime": "2017-10-23 20:28:53.437",
    "EventData.Data.ProcessGuid": "{fe62ad40-5105-59ee-0000-00105aa60900}",
    "EventData.Data.ProcessId": "6088",
    "EventData.Data.Image": "C:\\Windows\\System32\\SIHClient.exe",
    "EventData.Data.CommandLine": "C:\\Windows\\System32\\sihclient.exe",
    "EventData.Data.CurrentDirectory": "C:\\Windows\\system32\\",
    "EventData.Data.User": "NT AUTHORITY\\SYSTEM",
    "EventData.Data.LogonGuid": "{fe62ad40-4f57-59ee-0000-0020e7030000}",
    "EventData.Data.LogonId": "0x00000000000003e7",
    "EventData.Data.TerminalSessionId": "0",
    "EventData.Data.IntegrityLevel": "System",
    "EventData.Data.Hashes": "MD5=71549972C127517789BAFD0D0CF48A8C,SHA256=281F8BEA0A44312557C6CBE8C0974FB60C231DBA8A91D4646FA88B58D3890C7C",
    "EventData.Data.ParentProcessGuid": "{fe62ad40-4f5a-59ee-0000-001047130100}",
    "EventData.Data.ParentProcessId": "1176",
    "EventData.Data.ParentImage": "C:\\Windows\\System32\\svchost.exe",
    "EventData.Data.ParentCommandLine": "C:\\Windows\\system32\\svchost.exe -k netsvcs -p"
}
{
    "System.Provider.Name": "Microsoft-Windows-Sysmon",
    "System.Provider.Guid": "{5770385f-c22a-43e0-bf4c-06f5698ffbd9}",
    "System.EventID.Qualifiers": "",
    "System.EventID.text": "1",
    "System.Version": "5",
    "System.Level": "4",
    "System.Task": "1",
    "System.Opcode": "0",
    "System.Keywords": "0x8000000000000000",
    "System.TimeCreated.SystemTime": "2017-10-23 20:28:53.657463",
    "System.EventRecordID": "11054",
    "System.Correlation.ActivityID": "",
    "System.Correlation.RelatedActivityID": "",
    "System.Execution.ProcessID": "536",
    "System.Execution.ThreadID": "2752",
    "System.Channel": "Microsoft-Windows-Sysmon/Operational",
    "System.Computer": "DESKTOP-GH9KMB7",
    "System.Security.UserID": "S-1-5-18",
    "EventData.Data.UtcTime": "2017-10-23 20:28:53.654",
    "EventData.Data.ProcessGuid": "{fe62ad40-5105-59ee-0000-00103ab40900}",
    "EventData.Data.ProcessId": "3248",
    "EventData.Data.Image": "C:\\Program Files\\Adobe\\Acrobat Reader DC\\Reader\\reader_sl.exe",
    "EventData.Data.CommandLine": "\"C:\\Program Files\\Adobe\\Acrobat Reader DC\\Reader\\Reader_sl.exe\"",
    "EventData.Data.CurrentDirectory": "C:\\Windows\\system32\\",
    "EventData.Data.User": "DESKTOP-GH9KMB7\\admin",
    "EventData.Data.LogonGuid": "{fe62ad40-4f6c-59ee-0000-0020c1830200}",
    "EventData.Data.LogonId": "0x00000000000283c1",
    "EventData.Data.TerminalSessionId": "1",
    "EventData.Data.IntegrityLevel": "High",
    "EventData.Data.Hashes": "MD5=D0B23D1F0D1D730493CF89BE5DCBBB4E,SHA256=A8F964BB1623295131320F9A0A3817C5EA9318485C849AC5DCBF0255C9263DEA",
    "EventData.Data.ParentProcessGuid": "{fe62ad40-5105-59ee-0000-00102fa50900}",
    "EventData.Data.ParentProcessId": "192",
    "EventData.Data.ParentImage": "C:\\Program Files\\Common Files\\Adobe\\ARM\\1.0\\AdobeARM.exe",
    "EventData.Data.ParentCommandLine": "\"C:\\Program Files\\Common Files\\Adobe\\ARM\\1.0\\AdobeARM.exe\""
}
{
    "System.Provider.Name": "Microsoft-Windows-Sysmon",
    "System.Provider.Guid": "{5770385f-c22a-43e0-bf4c-06f5698ffbd9}",
    "System.EventID.Qualifiers": "",
    "System.EventID.text": "1",
    "System.Version": "5",
    "System.Level": "4",
    "System.Task": "1",
    "System.Opcode": "0",
    "System.Keywords": "0x8000000000000000",
    "System.TimeCreated.SystemTime": "2017-10-23 20:30:24.701675",
    "System.EventRecordID": "11055",
    "System.Correlation.ActivityID": "",
    "System.Correlation.RelatedActivityID": "",
    "System.Execution.ProcessID": "536",
    "System.Execution.ThreadID": "2752",
    "System.Channel": "Microsoft-Windows-Sysmon/Operational",
    "System.Computer": "DESKTOP-GH9KMB7",
    "System.Security.UserID": "S-1-5-18",
    "EventData.Data.UtcTime": "2017-10-23 20:30:24.698",
    "EventData.Data.ProcessGuid": "{fe62ad40-5160-59ee-0000-0010abd20900}",
    "EventData.Data.ProcessId": "3064",
    "EventData.Data.Image": "C:\\Program Files\\Google\\Update\\GoogleUpdate.exe",
    "EventData.Data.CommandLine": "\"C:\\Program Files\\Google\\Update\\GoogleUpdate.exe\" /ua /installsource core",
    "EventData.Data.CurrentDirectory": "C:\\Program Files\\Google\\Update\\1.3.33.5\\",
    "EventData.Data.User": "NT AUTHORITY\\SYSTEM",
    "EventData.Data.LogonGuid": "{fe62ad40-4f57-59ee-0000-0020e7030000}",
    "EventData.Data.LogonId": "0x00000000000003e7",
    "EventData.Data.TerminalSessionId": "0",
    "EventData.Data.IntegrityLevel": "System",
    "EventData.Data.Hashes": "MD5=0545A3EB959CFA4790D267BFB8C1ACA4,SHA256=69061E33ACB7587D773D05000390F9101F71DFD6EED7973B551594EAF3F04193",
    "EventData.Data.ParentProcessGuid": "{fe62ad40-4f77-59ee-0000-0010a4530300}",
    "EventData.Data.ParentProcessId": "3232",
    "EventData.Data.ParentImage": "C:\\Program Files\\Google\\Update\\GoogleUpdate.exe",
    "EventData.Data.ParentCommandLine": "\"C:\\Program Files\\Google\\Update\\GoogleUpdate.exe\" /c"
}
{
    "System.Provider.Name": "Microsoft-Windows-Sysmon",
    "System.Provider.Guid": "{5770385f-c22a-43e0-bf4c-06f5698ffbd9}",
    "System.EventID.Qualifiers": "",
    "System.EventID.text": "1",
    "System.Version": "5",
    "System.Level": "4",
    "System.Task": "1",
    "System.Opcode": "0",
    "System.Keywords": "0x8000000000000000",
    "System.TimeCreated.SystemTime": "2017-10-23 20:30:58.698017",
    "System.EventRecordID": "11056",
    "System.Correlation.ActivityID": "",
    "System.Correlation.RelatedActivityID": "",
    "System.Execution.ProcessID": "536",
    "System.Execution.ThreadID": "2752",
    "System.Channel": "Microsoft-Windows-Sysmon/Operational",
    "System.Computer": "DESKTOP-GH9KMB7",
    "System.Security.UserID": "S-1-5-18",
    "EventData.Data.UtcTime": "2017-10-23 20:30:58.695",
    "EventData.Data.ProcessGuid": "{fe62ad40-5182-59ee-0000-00103deb0900}",
    "EventData.Data.ProcessId": "4120",
    "EventData.Data.Image": "C:\\Program Files\\Google\\Update\\GoogleUpdate.exe",
    "EventData.Data.CommandLine": "\"C:\\Program Files\\Google\\Update\\GoogleUpdate.exe\" /svc",
    "EventData.Data.CurrentDirectory": "C:\\Windows\\system32\\",
    "EventData.Data.User": "NT AUTHORITY\\SYSTEM",
    "EventData.Data.LogonGuid": "{fe62ad40-4f57-59ee-0000-0020e7030000}",
    "EventData.Data.LogonId": "0x00000000000003e7",
    "EventData.Data.TerminalSessionId": "0",
    "EventData.Data.IntegrityLevel": "System",
    "EventData.Data.Hashes": "MD5=0545A3EB959CFA4790D267BFB8C1ACA4,SHA256=69061E33ACB7587D773D05000390F9101F71DFD6EED7973B551594EAF3F04193",
    "EventData.Data.ParentProcessGuid": "{fe62ad40-4f57-59ee-0000-0010958b0000}",
    "EventData.Data.ParentProcessId": "808",
    "EventData.Data.ParentImage": "C:\\Windows\\System32\\services.exe",
    "EventData.Data.ParentCommandLine": "C:\\Windows\\system32\\services.exe"
}
{
    "System.Provider.Name": "Microsoft-Windows-Sysmon",
    "System.Provider.Guid": "{5770385f-c22a-43e0-bf4c-06f5698ffbd9}",
    "System.EventID.Qualifiers": "",
    "System.EventID.text": "1",
    "System.Version": "5",
    "System.Level": "4",
    "System.Task": "1",
    "System.Opcode": "0",
    "System.Keywords": "0x8000000000000000",
    "System.TimeCreated.SystemTime": "2017-10-23 20:32:00.860336",
    "System.EventRecordID": "11057",
    "System.Correlation.ActivityID": "",
    "System.Correlation.RelatedActivityID": "",
    "System.Execution.ProcessID": "536",
    "System.Execution.ThreadID": "2752",
    "System.Channel": "Microsoft-Windows-Sysmon/Operational",
    "System.Computer": "DESKTOP-GH9KMB7",
    "System.Security.UserID": "S-1-5-18",
    "EventData.Data.UtcTime": "2017-10-23 20:32:00.853",
    "EventData.Data.ProcessGuid": "{fe62ad40-51c0-59ee-0000-001000750a00}",
    "EventData.Data.ProcessId": "4964",
    "EventData.Data.Image": "C:\\Windows\\System32\\svchost.exe",
    "EventData.Data.CommandLine": "C:\\Windows\\system32\\svchost.exe -k wsappx -p",
    "EventData.Data.CurrentDirectory": "C:\\Windows\\system32\\",
    "EventData.Data.User": "NT AUTHORITY\\SYSTEM",
    "EventData.Data.LogonGuid": "{fe62ad40-4f57-59ee-0000-0020e7030000}",
    "EventData.Data.LogonId": "0x00000000000003e7",
    "EventData.Data.TerminalSessionId": "0",
    "EventData.Data.IntegrityLevel": "System",
    "EventData.Data.Hashes": "MD5=15556928CB0E9F74F4036411D8CC111E,SHA256=1030CE4102DAC701FAB043E40444E8F6C96C8C04B5BD512A59E1A4999D22B38C",
    "EventData.Data.ParentProcessGuid": "{fe62ad40-4f57-59ee-0000-0010958b0000}",
    "EventData.Data.ParentProcessId": "808",
    "EventData.Data.ParentImage": "C:\\Windows\\System32\\services.exe",
    "EventData.Data.ParentCommandLine": "C:\\Windows\\system32\\services.exe"
}
{
    "System.Provider.Name": "Microsoft-Windows-Sysmon",
    "System.Provider.Guid": "{5770385f-c22a-43e0-bf4c-06f5698ffbd9}",
    "System.EventID.Qualifiers": "",
    "System.EventID.text": "1",
    "System.Version": "5",
    "System.Level": "4",
    "System.Task": "1",
    "System.Opcode": "0",
    "System.Keywords": "0x8000000000000000",
    "System.TimeCreated.SystemTime": "2017-10-23 20:32:16.631319",
    "System.EventRecordID": "11058",
    "System.Correlation.ActivityID": "",
    "System.Correlation.RelatedActivityID": "",
    "System.Execution.ProcessID": "536",
    "System.Execution.ThreadID": "2752",
    "System.Channel": "Microsoft-Windows-Sysmon/Operational",
    "System.Computer": "DESKTOP-GH9KMB7",
    "System.Security.UserID": "S-1-5-18",
    "EventData.Data.UtcTime": "2017-10-23 20:32:16.627",
    "EventData.Data.ProcessGuid": "{fe62ad40-51d0-59ee-0000-0010ac7b0a00}",
    "EventData.Data.ProcessId": "4744",
    "EventData.Data.Image": "C:\\Windows\\System32\\provtool.exe",
    "EventData.Data.CommandLine": "C:\\Windows\\system32\\ProvTool.exe /turn 5 /source LogonIdleTask",
    "EventData.Data.CurrentDirectory": "C:\\Windows\\system32\\",
    "EventData.Data.User": "NT AUTHORITY\\SYSTEM",
    "EventData.Data.LogonGuid": "{fe62ad40-4f57-59ee-0000-0020e7030000}",
    "EventData.Data.LogonId": "0x00000000000003e7",
    "EventData.Data.TerminalSessionId": "0",
    "EventData.Data.IntegrityLevel": "System",
    "EventData.Data.Hashes": "MD5=897AF21D4F49E3BE301304EA24D2A16E,SHA256=2947B852B6D673844F5138947066151C66ED0819699499509E1674A5398C4AAC",
    "EventData.Data.ParentProcessGuid": "{fe62ad40-4f5a-59ee-0000-001047130100}",
    "EventData.Data.ParentProcessId": "1176",
    "EventData.Data.ParentImage": "C:\\Windows\\System32\\svchost.exe",
    "EventData.Data.ParentCommandLine": "C:\\Windows\\system32\\svchost.exe -k netsvcs -p"
}
{
    "System.Provider.Name": "Microsoft-Windows-Sysmon",
    "System.Provider.Guid": "{5770385f-c22a-43e0-bf4c-06f5698ffbd9}",
    "System.EventID.Qualifiers": "",
    "System.EventID.text": "1",
    "System.Version": "5",
    "System.Level": "4",
    "System.Task": "1",
    "System.Opcode": "0",
    "System.Keywords": "0x8000000000000000",
    "System.TimeCreated.SystemTime": "2017-10-23 20:32:16.640415",
    "System.EventRecordID": "11059",
    "System.Correlation.ActivityID": "",
    "System.Correlation.RelatedActivityID": "",
    "System.Execution.ProcessID": "536",
    "System.Execution.ThreadID": "2752",
    "System.Channel": "Microsoft-Windows-Sysmon/Operational",
    "System.Computer": "DESKTOP-GH9KMB7",
    "System.Security.UserID": "S-1-5-18",
    "EventData.Data.UtcTime": "2017-10-23 20:32:16.637",
    "EventData.Data.ProcessGuid": "{fe62ad40-51d0-59ee-0000-00104d7c0a00}",
    "EventData.Data.ProcessId": "4736",
    "EventData.Data.Image": "C:\\Windows\\System32\\taskhostw.exe",
    "EventData.Data.CommandLine": "taskhostw.exe -IntegrityCheck",
    "EventData.Data.CurrentDirectory": "C:\\Windows\\system32\\",
    "EventData.Data.User": "NT AUTHORITY\\SYSTEM",
    "EventData.Data.LogonGuid": "{fe62ad40-4f57-59ee-0000-0020e7030000}",
    "EventData.Data.LogonId": "0x00000000000003e7",
    "EventData.Data.TerminalSessionId": "0",
    "EventData.Data.IntegrityLevel": "System",
    "EventData.Data.Hashes": "MD5=8BE99F1A9B787853F9B97AE6F8BD7B91,SHA256=8DDAD6B0FABE792B419E42103864F96119C078897D803B8EB4BE0DA44FD6F16E",
    "EventData.Data.ParentProcessGuid": "{fe62ad40-4f5a-59ee-0000-001047130100}",
    "EventData.Data.ParentProcessId": "1176",
    "EventData.Data.ParentImage": "C:\\Windows\\System32\\svchost.exe",
    "EventData.Data.ParentCommandLine": "C:\\Windows\\system32\\svchost.exe -k netsvcs -p"
}
{
    "System.Provider.Name": "Microsoft-Windows-Sysmon",
    "System.Provider.Guid": "{5770385f-c22a-43e0-bf4c-06f5698ffbd9}",
    "System.EventID.Qualifiers": "",
    "System.EventID.text": "1",
    "System.Version": "5",
    "System.Level": "4",
    "System.Task": "1",
    "System.Opcode": "0",
    "System.Keywords": "0x8000000000000000",
    "System.TimeCreated.SystemTime": "2017-10-23 20:32:17.107906",
    "System.EventRecordID": "11060",
    "System.Correlation.ActivityID": "",
    "System.Correlation.RelatedActivityID": "",
    "System.Execution.ProcessID": "536",
    "System.Execution.ThreadID": "2752",
    "System.Channel": "Microsoft-Windows-Sysmon/Operational",
    "System.Computer": "DESKTOP-GH9KMB7",
    "System.Security.UserID": "S-1-5-18",
    "EventData.Data.UtcTime": "2017-10-23 20:32:17.104",
    "EventData.Data.ProcessGuid": "{fe62ad40-51d1-59ee-0000-0010d6950a00}",
    "EventData.Data.ProcessId": "2496",
    "EventData.Data.Image": "C:\\Windows\\System32\\Defrag.exe",
    "EventData.Data.CommandLine": "\"C:\\Windows\\system32\\defrag.exe\" -p 464 -s 00000654 -b C:",
    "EventData.Data.CurrentDirectory": "C:\\Windows\\system32\\",
    "EventData.Data.User": "NT AUTHORITY\\SYSTEM",
    "EventData.Data.LogonGuid": "{fe62ad40-4f57-59ee-0000-0020e7030000}",
    "EventData.Data.LogonId": "0x00000000000003e7",
    "EventData.Data.TerminalSessionId": "0",
    "EventData.Data.IntegrityLevel": "System",
    "EventData.Data.Hashes": "MD5=3F1DB41DF4A7A152DAF4E4EDF0B2635F,SHA256=CE11C3E4ADA6350EA2D0C9C469F65BFB1598CFE5552ACF1714A6E14FA95CCF06",
    "EventData.Data.ParentProcessGuid": "{fe62ad40-4f5a-59ee-0000-0010c80f0100}",
    "EventData.Data.ParentProcessId": "1124",
    "EventData.Data.ParentImage": "C:\\Windows\\System32\\svchost.exe",
    "EventData.Data.ParentCommandLine": "C:\\Windows\\System32\\svchost.exe -k LocalSystemNetworkRestricted -p"
}
