{
    "System.Provider.Name": "Microsoft-Windows-Sysmon",
    "System.Provider.Guid": "{5770385f-c22a-43e0-bf4c-06f5698ffbd9}",
    "System.EventID.Qualifiers": "",
    "System.EventID.text": "1",
    "System.Version": "5",
    "System.Level": "4",
    "System.Task": "1",
    "System.Opcode": "0",
    "System.Keywords": "0x8000000000000000",
    "System.TimeCreated.SystemTime": "2017-10-23 21:08:42.847410",
    "System.EventRecordID": "11023",
    "System.Correlation.ActivityID": "",
    "System.Correlation.RelatedActivityID": "",
    "System.Execution.ProcessID": "1964",
    "System.Execution.ThreadID": "2688",
    "System.Channel": "Microsoft-Windows-Sysmon/Operational",
    "System.Computer": "DESKTOP-GH9KMB7",
    "System.Security.UserID": "S-1-5-18",
    "EventData.Data.UtcTime": "2017-10-23 21:08:42.843",
    "EventData.Data.ProcessGuid": "{fe62ad40-5a5a-59ee-0000-001030fe0700}",
    "EventData.Data.ProcessId": "5828",
    "EventData.Data.Image": "C:\\Windows\\System32\\reg.exe",
    "EventData.Data.CommandLine": "REG  QUERY \"HKLM\\System\\CurrentControlSet\\Control\\Lsa\" /v LimitBlankPasswordUse",
    "EventData.Data.CurrentDirectory": "Z:\\malware.scripts\\",
    "EventData.Data.User": "DESKTOP-GH9KMB7\\admin",
    "EventData.Data.LogonGuid": "{fe62ad40-5a42-59ee-0000-0020e71b0300}",
    "EventData.Data.LogonId": "0x0000000000031be7",
    "EventData.Data.TerminalSessionId": "1",
    "EventData.Data.IntegrityLevel": "High",
    "EventData.Data.Hashes": "MD5=EDE11E768487C6FEFC1287E5CB653662,SHA256=405A70C2B6081E6FED2A4BAB7B0C233FFF022ACBBB3D2CC92CB8876D052DB9E4",
    "EventData.Data.ParentProcessGuid": "{fe62ad40-5a59-59ee-0000-00108ede0700}",
    "EventData.Data.ParentProcessId": "5668",
    "EventData.Data.ParentImage": "C:\\Windows\\System32\\cmd.exe",
    "EventData.Data.ParentCommandLine": "C:\\Windows\\system32\\cmd.exe  /K Z:\\malware.scripts\\MALWARE_LOGGER.CMD  Z:\\MALWARE\\0024bf3f28918a0a0e1c33995f68dfec"
}
{
    "System.Provider.Name": "Microsoft-Windows-Sysmon",
    "System.Provider.Guid": "{5770385f-c22a-43e0-bf4c-06f5698ffbd9}",
    "System.EventID.Qualifiers": "",
    "System.EventID.text": "1",
    "System.Version": "5",
    "System.Level": "4",
    "System.Task": "1",
    "System.Opcode": "0",
    "System.Keywords": "0x8000000000000000",
    "System.TimeCreated.SystemTime": "2017-10-23 21:08:42.869944",
    "System.EventRecordID": "11024",
    "System.Correlation.ActivityID": "",
    "System.Correlation.RelatedActivityID": "",
    "System.Execution.ProcessID": "1964",
    "System.Execution.ThreadID": "2688",
    "System.Channel": "Microsoft-Windows-Sysmon/Operational",
    "System.Computer": "DESKTOP-GH9KMB7",
    "System.Security.UserID": "S-1-5-18",
    "EventData.Data.UtcTime": "2017-10-23 21:08:42.864",
    "EventData.Data.ProcessGuid": "{fe62ad40-5a5a-59ee-0000-001091ff0700}",
    "EventData.Data.ProcessId": "5840",
    "EventData.Data.Image": "C:\\Windows\\System32\\cmd.exe",
    "EventData.Data.CommandLine": "C:\\Windows\\system32\\cmd.exe /c REG QUERY \"HKLM\\System\\CurrentControlSet\\Control\\Lsa\" /v LimitBlankPasswordUse | FIND /I \"LIMITBLANKPASSWORDUSE\"",
    "EventData.Data.CurrentDirectory": "Z:\\malware.scripts\\",
    "EventData.Data.User": "DESKTOP-GH9KMB7\\admin",
    "EventData.Data.LogonGuid": "{fe62ad40-5a42-59ee-0000-0020e71b0300}",
    "EventData.Data.LogonId": "0x0000000000031be7",
    "EventData.Data.TerminalSessionId": "1",
    "EventData.Data.IntegrityLevel": "High",
    "EventData.Data.Hashes": "MD5=8FAFBE3C23E2BE4D6A3C063118B9A4F2,SHA256=4C3EA4C44AAB74350355C419826B8C9E6172C3BD8F0BB5817ECF7BE50B629051",
    "EventData.Data.ParentProcessGuid": "{fe62ad40-5a59-59ee-0000-00108ede0700}",
    "EventData.Data.ParentProcessId": "5668",
    "EventData.Data.ParentImage": "C:\\Windows\\System32\\cmd.exe",
    "EventData.Data.ParentCommandLine": "C:\\Windows\\system32\\cmd.exe  /K Z:\\malware.scripts\\MALWARE_LOGGER.CMD  Z:\\MALWARE\\0024bf3f28918a0a0e1c33995f68dfec"
}
{
    "System.Provider.Name": "Microsoft-Windows-Sysmon",
    "System.Provider.Guid": "{5770385f-c22a-43e0-bf4c-06f5698ffbd9}",
    "System.EventID.Qualifiers": "",
    "System.EventID.text": "1",
    "System.Version": "5",
    "System.Level": "4",
    "System.Task": "1",
    "System.Opcode": "0",
    "System.Keywords": "0x8000000000000000",
    "System.TimeCreated.SystemTime": "2017-10-23 21:08:42.878788",
    "System.EventRecordID": "11025",
    "System.Correlation.ActivityID": "",
    "System.Correlation.RelatedActivityID": "",
    "System.Execution.ProcessID": "1964",
    "System.Execution.ThreadID": "2688",
    "System.Channel": "Microsoft-Windows-Sysmon/Operational",
    "System.Computer": "DESKTOP-GH9KMB7",
    "System.Security.UserID": "S-1-5-18",
    "EventData.Data.UtcTime": "2017-10-23 21:08:42.877",
    "EventData.Data.ProcessGuid": "{fe62ad40-5a5a-59ee-0000-001041000800}",
    "EventData.Data.ProcessId": "5852",
    "EventData.Data.Image": "C:\\Windows\\System32\\reg.exe",
    "EventData.Data.CommandLine": "REG  QUERY \"HKLM\\System\\CurrentControlSet\\Control\\Lsa\" /v LimitBlankPasswordUse",
    "EventData.Data.CurrentDirectory": "Z:\\malware.scripts\\",
    "EventData.Data.User": "DESKTOP-GH9KMB7\\admin",
    "EventData.Data.LogonGuid": "{fe62ad40-5a42-59ee-0000-0020e71b0300}",
    "EventData.Data.LogonId": "0x0000000000031be7",
    "EventData.Data.TerminalSessionId": "1",
    "EventData.Data.IntegrityLevel": "High",
    "EventData.Data.Hashes": "MD5=EDE11E768487C6FEFC1287E5CB653662,SHA256=405A70C2B6081E6FED2A4BAB7B0C233FFF022ACBBB3D2CC92CB8876D052DB9E4",
    "EventData.Data.ParentProcessGuid": "{fe62ad40-5a5a-59ee-0000-001091ff0700}",
    "EventData.Data.ParentProcessId": "5840",
    "EventData.Data.ParentImage": "C:\\Windows\\System32\\cmd.exe",
    "EventData.Data.ParentCommandLine": "C:\\Windows\\system32\\cmd.exe /c REG QUERY \"HKLM\\System\\CurrentControlSet\\Control\\Lsa\" /v LimitBlankPasswordUse | FIND /I \"LIMITBLANKPASSWORDUSE\""
}
{
    "System.Provider.Name": "Microsoft-Windows-Sysmon",
    "System.Provider.Guid": "{5770385f-c22a-43e0-bf4c-06f5698ffbd9}",
    "System.EventID.Qualifiers": "",
    "System.EventID.text": "1",
    "System.Version": "5",
    "System.Level": "4",
    "System.Task": "1",
    "System.Opcode": "0",
    "System.Keywords": "0x8000000000000000",
    "System.TimeCreated.SystemTime": "2017-10-23 21:08:42.893955",
    "System.EventRecordID": "11026",
    "System.Correlation.ActivityID": "",
    "System.Correlation.RelatedActivityID": "",
    "System.Execution.ProcessID": "1964",
    "System.Execution.ThreadID": "2688",
    "System.Channel": "Microsoft-Windows-Sysmon/Operational",
    "System.Computer": "DESKTOP-GH9KMB7",
    "System.Security.UserID": "S-1-5-18",
    "EventData.Data.UtcTime": "2017-10-23 21:08:42.892",
    "EventData.Data.ProcessGuid": "{fe62ad40-5a5a-59ee-0000-0010b6000800}",
    "EventData.Data.ProcessId": "5860",
    "EventData.Data.Image": "C:\\Windows\\System32\\find.exe",
    "EventData.Data.CommandLine": "FIND  /I \"LIMITBLANKPASSWORDUSE\"",
    "EventData.Data.CurrentDirectory": "Z:\\malware.scripts\\",
    "EventData.Data.User": "DESKTOP-GH9KMB7\\admin",
    "EventData.Data.LogonGuid": "{fe62ad40-5a42-59ee-0000-0020e71b0300}",
    "EventData.Data.LogonId": "0x0000000000031be7",
    "EventData.Data.TerminalSessionId": "1",
    "EventData.Data.IntegrityLevel": "High",
    "EventData.Data.Hashes": "MD5=7B77266A870E8E64F55F87601675E83B,SHA256=6B78ED0BB79EAFBFCAC09D9A7BDC61657B1EA0E04D3B7E19411FD21426171B89",
    "EventData.Data.ParentProcessGuid": "{fe62ad40-5a5a-59ee-0000-001091ff0700}",
    "EventData.Data.ParentProcessId": "5840",
    "EventData.Data.ParentImage": "C:\\Windows\\System32\\cmd.exe",
    "EventData.Data.ParentCommandLine": "C:\\Windows\\system32\\cmd.exe /c REG QUERY \"HKLM\\System\\CurrentControlSet\\Control\\Lsa\" /v LimitBlankPasswordUse | FIND /I \"LIMITBLANKPASSWORDUSE\""
}
{
    "System.Provider.Name": "Microsoft-Windows-Sysmon",
    "System.Provider.Guid": "{5770385f-c22a-43e0-bf4c-06f5698ffbd9}",
    "System.EventID.Qualifiers": "",
    "System.EventID.text": "1",
    "System.Version": "5",
    "System.Level": "4",
    "System.Task": "1",
    "System.Opcode": "0",
    "System.Keywords": "0x8000000000000000",
    "System.TimeCreated.SystemTime": "2017-10-23 21:08:42.936979",
    "System.EventRecordID": "11027",
    "System.Correlation.ActivityID": "",
    "System.Correlation.RelatedActivityID": "",
    "System.Execution.ProcessID": "1964",
    "System.Execution.ThreadID": "2688",
    "System.Channel": "Microsoft-Windows-Sysmon/Operational",
    "System.Computer": "DESKTOP-GH9KMB7",
    "System.Security.UserID": "S-1-5-18",
    "EventData.Data.UtcTime": "2017-10-23 21:08:42.933",
    "EventData.Data.ProcessGuid": "{fe62ad40-5a5a-59ee-0000-0010de010800}",
    "EventData.Data.ProcessId": "5876",
    "EventData.Data.Image": "C:\\Windows\\System32\\cmd.exe",
    "EventData.Data.CommandLine": "C:\\Windows\\system32\\cmd.exe  /S /D /c\" ECHO\"",
    "EventData.Data.CurrentDirectory": "Z:\\malware.scripts\\",
    "EventData.Data.User": "DESKTOP-GH9KMB7\\admin",
    "EventData.Data.LogonGuid": "{fe62ad40-5a42-59ee-0000-0020e71b0300}",
    "EventData.Data.LogonId": "0x0000000000031be7",
    "EventData.Data.TerminalSessionId": "1",
    "EventData.Data.IntegrityLevel": "High",
    "EventData.Data.Hashes": "MD5=8FAFBE3C23E2BE4D6A3C063118B9A4F2,SHA256=4C3EA4C44AAB74350355C419826B8C9E6172C3BD8F0BB5817ECF7BE50B629051",
    "EventData.Data.ParentProcessGuid": "{fe62ad40-5a59-59ee-0000-00108ede0700}",
    "EventData.Data.ParentProcessId": "5668",
    "EventData.Data.ParentImage": "C:\\Windows\\System32\\cmd.exe",
    "EventData.Data.ParentCommandLine": "C:\\Windows\\system32\\cmd.exe  /K Z:\\malware.scripts\\MALWARE_LOGGER.CMD  Z:\\MALWARE\\0024bf3f28918a0a0e1c33995f68dfec"
}
{
    "System.Provider.Name": "Microsoft-Windows-Sysmon",
    "System.Provider.Guid": "{5770385f-c22a-43e0-bf4c-06f5698ffbd9}",
    "System.EventID.Qualifiers": "",
    "System.EventID.text": "1",
    "System.Version": "5",
    "System.Level": "4",
    "System.Task": "1",
    "System.Opcode": "0",
    "System.Keywords": "0x8000000000000000",
    "System.TimeCreated.SystemTime": "2017-10-23 21:08:42.974113",
    "System.EventRecordID": "11028",
    "System.Correlation.ActivityID": "",
    "System.Correlation.RelatedActivityID": "",
    "System.Execution.ProcessID": "1964",
    "System.Execution.ThreadID": "2688",
    "System.Channel": "Microsoft-Windows-Sysmon/Operational",
    "System.Computer": "DESKTOP-GH9KMB7",
    "System.Security.UserID": "S-1-5-18",
    "EventData.Data.UtcTime": "2017-10-23 21:08:42.968",
    "EventData.Data.ProcessGuid": "{fe62ad40-5a5a-59ee-0000-00109a020800}",
    "EventData.Data.ProcessId": "5888",
    "EventData.Data.Image": "C:\\Windows\\System32\\net.exe",
    "EventData.Data.CommandLine": "NET  USER admin *",
    "EventData.Data.CurrentDirectory": "Z:\\malware.scripts\\",
    "EventData.Data.User": "DESKTOP-GH9KMB7\\admin",
    "EventData.Data.LogonGuid": "{fe62ad40-5a42-59ee-0000-0020e71b0300}",
    "EventData.Data.LogonId": "0x0000000000031be7",
    "EventData.Data.TerminalSessionId": "1",
    "EventData.Data.IntegrityLevel": "High",
    "EventData.Data.Hashes": "MD5=8055B288B1F39855014A68BEC31D8E6D,SHA256=08F791037FD70209FD599C4F35088A7332DADFA6BE92D073C243C5CC79FEFE66",
    "EventData.Data.ParentProcessGuid": "{fe62ad40-5a59-59ee-0000-00108ede0700}",
    "EventData.Data.ParentProcessId": "5668",
    "EventData.Data.ParentImage": "C:\\Windows\\System32\\cmd.exe",
    "EventData.Data.ParentCommandLine": "C:\\Windows\\system32\\cmd.exe  /K Z:\\malware.scripts\\MALWARE_LOGGER.CMD  Z:\\MALWARE\\0024bf3f28918a0a0e1c33995f68dfec"
}
{
    "System.Provider.Name": "Microsoft-Windows-Sysmon",
    "System.Provider.Guid": "{5770385f-c22a-43e0-bf4c-06f5698ffbd9}",
    "System.EventID.Qualifiers": "",
    "System.EventID.text": "1",
    "System.Version": "5",
    "System.Level": "4",
    "System.Task": "1",
    "System.Opcode": "0",
    "System.Keywords": "0x8000000000000000",
    "System.TimeCreated.SystemTime": "2017-10-23 21:08:43.015270",
    "System.EventRecordID": "11029",
    "System.Correlation.ActivityID": "",
    "System.Correlation.RelatedActivityID": "",
    "System.Execution.ProcessID": "1964",
    "System.Execution.ThreadID": "2688",
    "System.Channel": "Microsoft-Windows-Sysmon/Operational",
    "System.Computer": "DESKTOP-GH9KMB7",
    "System.Security.UserID": "S-1-5-18",
    "EventData.Data.UtcTime": "2017-10-23 21:08:43.009",
    "EventData.Data.ProcessGuid": "{fe62ad40-5a5b-59ee-0000-00105a030800}",
    "EventData.Data.ProcessId": "5900",
    "EventData.Data.Image": "C:\\Windows\\System32\\net1.exe",
    "EventData.Data.CommandLine": "C:\\Windows\\system32\\net1  USER admin *",
    "EventData.Data.CurrentDirectory": "Z:\\malware.scripts\\",
    "EventData.Data.User": "DESKTOP-GH9KMB7\\admin",
    "EventData.Data.LogonGuid": "{fe62ad40-5a42-59ee-0000-0020e71b0300}",
    "EventData.Data.LogonId": "0x0000000000031be7",
    "EventData.Data.TerminalSessionId": "1",
    "EventData.Data.IntegrityLevel": "High",
    "EventData.Data.Hashes": "MD5=9C911EE188F19891CD6BFFB67D0E3904,SHA256=524061B58841210842F52B7863E51953FCFF343B8C2FF46DFE9C8329BB439D46",
    "EventData.Data.ParentProcessGuid": "{fe62ad40-5a5a-59ee-0000-00109a020800}",
    "EventData.Data.ParentProcessId": "5888",
    "EventData.Data.ParentImage": "C:\\Windows\\System32\\net.exe",
    "EventData.Data.ParentCommandLine": "NET  USER admin *"
}
{
    "System.Provider.Name": "Microsoft-Windows-Sysmon",
    "System.Provider.Guid": "{5770385f-c22a-43e0-bf4c-06f5698ffbd9}",
    "System.EventID.Qualifiers": "",
    "System.EventID.text": "1",
    "System.Version": "5",
    "System.Level": "4",
    "System.Task": "1",
    "System.Opcode": "0",
    "System.Keywords": "0x8000000000000000",
    "System.TimeCreated.SystemTime": "2017-10-23 21:08:43.190022",
    "System.EventRecordID": "11030",
    "System.Correlation.ActivityID": "",
    "System.Correlation.RelatedActivityID": "",
    "System.Execution.ProcessID": "1964",
    "System.Execution.ThreadID": "2688",
    "System.Channel": "Microsoft-Windows-Sysmon/Operational",
    "System.Computer": "DESKTOP-GH9KMB7",
    "System.Security.UserID": "S-1-5-18",
    "EventData.Data.UtcTime": "2017-10-23 21:08:43.175",
    "EventData.Data.ProcessGuid": "{fe62ad40-5a5b-59ee-0000-0010df050800}",
    "EventData.Data.ProcessId": "5932",
    "EventData.Data.Image": "C:\\Windows\\System32\\wevtutil.exe",
    "EventData.Data.CommandLine": "WEVTUTIL  CL Microsoft-Windows-Sysmon/Operational",
    "EventData.Data.CurrentDirectory": "Z:\\malware.scripts\\",
    "EventData.Data.User": "DESKTOP-GH9KMB7\\admin",
    "EventData.Data.LogonGuid": "{fe62ad40-5a42-59ee-0000-0020e71b0300}",
    "EventData.Data.LogonId": "0x0000000000031be7",
    "EventData.Data.TerminalSessionId": "1",
    "EventData.Data.IntegrityLevel": "High",
    "EventData.Data.Hashes": "MD5=EAFAE23B0E85D03B78D304D52CD984DC,SHA256=C4618DC5B1F77D075B473AE838604ACDDE73787BAAB28370BD3EFA8E6F70DC07",
    "EventData.Data.ParentProcessGuid": "{fe62ad40-5a59-59ee-0000-00108ede0700}",
    "EventData.Data.ParentProcessId": "5668",
    "EventData.Data.ParentImage": "C:\\Windows\\System32\\cmd.exe",
    "EventData.Data.ParentCommandLine": "C:\\Windows\\system32\\cmd.exe  /K Z:\\malware.scripts\\MALWARE_LOGGER.CMD  Z:\\MALWARE\\0024bf3f28918a0a0e1c33995f68dfec"
}
{
    "System.Provider.Name": "Microsoft-Windows-Sysmon",
    "System.Provider.Guid": "{5770385f-c22a-43e0-bf4c-06f5698ffbd9}",
    "System.EventID.Qualifiers": "",
    "System.EventID.text": "11",
    "System.Version": "2",
    "System.Level": "4",
    "System.Task": "11",
    "System.Opcode": "0",
    "System.Keywords": "0x8000000000000000",
    "System.TimeCreated.SystemTime": "2017-10-23 21:08:43.290428",
    "System.EventRecordID": "11031",
    "System.Correlation.ActivityID": "",
    "System.Correlation.RelatedActivityID": "",
    "System.Execution.ProcessID": "1964",
    "System.Execution.ThreadID": "2688",
    "System.Channel": "Microsoft-Windows-Sysmon/Operational",
    "System.Computer": "DESKTOP-GH9KMB7",
    "System.Security.UserID": "S-1-5-18",
    "EventData.Data.UtcTime": "2017-10-23 21:08:43.270",
    "EventData.Data.ProcessGuid": "{fe62ad40-5a59-59ee-0000-00108ede0700}",
    "EventData.Data.ProcessId": "5668",
    "EventData.Data.Image": "C:\\Windows\\system32\\cmd.exe",
    "EventData.Data.TargetFilename": "C:\\Users\\admin\\AppData\\Local\\Temp\\0024bf3f28918a0a0e1c33995f68dfec.EXE",
    "EventData.Data.CreationUtcTime": "2017-10-23 21:08:43.270"
}
{
    "System.Provider.Name": "Microsoft-Windows-Sysmon",
    "System.Provider.Guid": "{5770385f-c22a-43e0-bf4c-06f5698ffbd9}",
    "System.EventID.Qualifiers": "",
    "System.EventID.text": "1",
    "System.Version": "5",
    "System.Level": "4",
    "System.Task": "1",
    "System.Opcode": "0",
    "System.Keywords": "0x8000000000000000",
    "System.TimeCreated.SystemTime": "2017-10-23 21:08:43.297270",
    "System.EventRecordID": "11032",
    "System.Correlation.ActivityID": "",
    "System.Correlation.RelatedActivityID": "",
    "System.Execution.ProcessID": "1964",
    "System.Execution.ThreadID": "2688",
    "System.Channel": "Microsoft-Windows-Sysmon/Operational",
    "System.Computer": "DESKTOP-GH9KMB7",
    "System.Security.UserID": "S-1-5-18",
    "EventData.Data.UtcTime": "2017-10-23 21:08:43.293",
    "EventData.Data.ProcessGuid": "{fe62ad40-5a5b-59ee-0000-0010f10b0800}",
    "EventData.Data.ProcessId": "5952",
    "EventData.Data.Image": "C:\\Windows\\System32\\cmd.exe",
    "EventData.Data.CommandLine": "C:\\Windows\\system32\\cmd.exe  /S /D /c\" ECHO\"",
    "EventData.Data.CurrentDirectory": "Z:\\malware.scripts\\",
    "EventData.Data.User": "DESKTOP-GH9KMB7\\admin",
    "EventData.Data.LogonGuid": "{fe62ad40-5a42-59ee-0000-0020e71b0300}",
    "EventData.Data.LogonId": "0x0000000000031be7",
    "EventData.Data.TerminalSessionId": "1",
    "EventData.Data.IntegrityLevel": "High",
    "EventData.Data.Hashes": "MD5=8FAFBE3C23E2BE4D6A3C063118B9A4F2,SHA256=4C3EA4C44AAB74350355C419826B8C9E6172C3BD8F0BB5817ECF7BE50B629051",
    "EventData.Data.ParentProcessGuid": "{fe62ad40-5a59-59ee-0000-00108ede0700}",
    "EventData.Data.ParentProcessId": "5668",
    "EventData.Data.ParentImage": "C:\\Windows\\System32\\cmd.exe",
    "EventData.Data.ParentCommandLine": "C:\\Windows\\system32\\cmd.exe  /K Z:\\malware.scripts\\MALWARE_LOGGER.CMD  Z:\\MALWARE\\0024bf3f28918a0a0e1c33995f68dfec"
}
{
    "System.Provider.Name": "Microsoft-Windows-Sysmon",
    "System.Provider.Guid": "{5770385f-c22a-43e0-bf4c-06f5698ffbd9}",
    "System.EventID.Qualifiers": "",
    "System.EventID.text": "1",
    "System.Version": "5",
    "System.Level": "4",
    "System.Task": "1",
    "System.Opcode": "0",
    "System.Keywords": "0x8000000000000000",
    "System.TimeCreated.SystemTime": "2017-10-23 21:08:43.308371",
    "System.EventRecordID": "11033",
    "System.Correlation.ActivityID": "",
    "System.Correlation.RelatedActivityID": "",
    "System.Execution.ProcessID": "1964",
    "System.Execution.ThreadID": "2688",
    "System.Channel": "Microsoft-Windows-Sysmon/Operational",
    "System.Computer": "DESKTOP-GH9KMB7",
    "System.Security.UserID": "S-1-5-18",
    "EventData.Data.UtcTime": "2017-10-23 21:08:43.305",
    "EventData.Data.ProcessGuid": "{fe62ad40-5a5b-59ee-0000-00108c0c0800}",
    "EventData.Data.ProcessId": "5964",
    "EventData.Data.Image": "C:\\Windows\\System32\\runas.exe",
    "EventData.Data.CommandLine": "RUNAS  /USER:admin \"C:\\Users\\admin\\AppData\\Local\\Temp\\0024bf3f28918a0a0e1c33995f68dfec.EXE\"",
    "EventData.Data.CurrentDirectory": "Z:\\malware.scripts\\",
    "EventData.Data.User": "DESKTOP-GH9KMB7\\admin",
    "EventData.Data.LogonGuid": "{fe62ad40-5a42-59ee-0000-0020e71b0300}",
    "EventData.Data.LogonId": "0x0000000000031be7",
    "EventData.Data.TerminalSessionId": "1",
    "EventData.Data.IntegrityLevel": "High",
    "EventData.Data.Hashes": "MD5=8FE7844F70527F4B7683CE766C7CB9E4,SHA256=FFAA3419EF66FBC0649C958FAC3E3FFACA229AA70C61D310968A0F5CA4DA522B",
    "EventData.Data.ParentProcessGuid": "{fe62ad40-5a59-59ee-0000-00108ede0700}",
    "EventData.Data.ParentProcessId": "5668",
    "EventData.Data.ParentImage": "C:\\Windows\\System32\\cmd.exe",
    "EventData.Data.ParentCommandLine": "C:\\Windows\\system32\\cmd.exe  /K Z:\\malware.scripts\\MALWARE_LOGGER.CMD  Z:\\MALWARE\\0024bf3f28918a0a0e1c33995f68dfec"
}
{
    "System.Provider.Name": "Microsoft-Windows-Sysmon",
    "System.Provider.Guid": "{5770385f-c22a-43e0-bf4c-06f5698ffbd9}",
    "System.EventID.Qualifiers": "",
    "System.EventID.text": "1",
    "System.Version": "5",
    "System.Level": "4",
    "System.Task": "1",
    "System.Opcode": "0",
    "System.Keywords": "0x8000000000000000",
    "System.TimeCreated.SystemTime": "2017-10-23 21:08:43.552004",
    "System.EventRecordID": "11034",
    "System.Correlation.ActivityID": "",
    "System.Correlation.RelatedActivityID": "",
    "System.Execution.ProcessID": "1964",
    "System.Execution.ThreadID": "2688",
    "System.Channel": "Microsoft-Windows-Sysmon/Operational",
    "System.Computer": "DESKTOP-GH9KMB7",
    "System.Security.UserID": "S-1-5-18",
    "EventData.Data.UtcTime": "2017-10-23 21:08:43.549",
    "EventData.Data.ProcessGuid": "{fe62ad40-5a5b-59ee-0000-001049120800}",
    "EventData.Data.ProcessId": "6016",
    "EventData.Data.Image": "C:\\Users\\admin\\AppData\\Local\\Temp\\0024bf3f28918a0a0e1c33995f68dfec.EXE",
    "EventData.Data.CommandLine": "C:\\Users\\admin\\AppData\\Local\\Temp\\0024bf3f28918a0a0e1c33995f68dfec.EXE",
    "EventData.Data.CurrentDirectory": "C:\\Windows\\system32\\",
    "EventData.Data.User": "DESKTOP-GH9KMB7\\admin",
    "EventData.Data.LogonGuid": "{fe62ad40-5a5b-59ee-0000-00208a0f0800}",
    "EventData.Data.LogonId": "0x0000000000080f8a",
    "EventData.Data.TerminalSessionId": "1",
    "EventData.Data.IntegrityLevel": "High",
    "EventData.Data.Hashes": "MD5=0024BF3F28918A0A0E1C33995F68DFEC,SHA256=79988DECBD7335D9F45FFDC55CA0633B305A8921C2614CF14491D838F91E7310",
    "EventData.Data.ParentProcessGuid": "{fe62ad40-5a5b-59ee-0000-00108c0c0800}",
    "EventData.Data.ParentProcessId": "5964",
    "EventData.Data.ParentImage": "C:\\Windows\\System32\\runas.exe",
    "EventData.Data.ParentCommandLine": "RUNAS  /USER:admin \"C:\\Users\\admin\\AppData\\Local\\Temp\\0024bf3f28918a0a0e1c33995f68dfec.EXE\""
}
{
    "System.Provider.Name": "Microsoft-Windows-Sysmon",
    "System.Provider.Guid": "{5770385f-c22a-43e0-bf4c-06f5698ffbd9}",
    "System.EventID.Qualifiers": "",
    "System.EventID.text": "8",
    "System.Version": "2",
    "System.Level": "4",
    "System.Task": "8",
    "System.Opcode": "0",
    "System.Keywords": "0x8000000000000000",
    "System.TimeCreated.SystemTime": "2017-10-23 21:08:43.626007",
    "System.EventRecordID": "11035",
    "System.Correlation.ActivityID": "",
    "System.Correlation.RelatedActivityID": "",
    "System.Execution.ProcessID": "1964",
    "System.Execution.ThreadID": "2688",
    "System.Channel": "Microsoft-Windows-Sysmon/Operational",
    "System.Computer": "DESKTOP-GH9KMB7",
    "System.Security.UserID": "S-1-5-18",
    "EventData.Data.UtcTime": "2017-10-23 21:08:43.614",
    "EventData.Data.SourceProcessGuid": "{fe62ad40-5a5b-59ee-0000-001049120800}",
    "EventData.Data.SourceProcessId": "6016",
    "EventData.Data.SourceImage": "C:\\Users\\admin\\AppData\\Local\\Temp\\0024bf3f28918a0a0e1c33995f68dfec.EXE",
    "EventData.Data.TargetProcessGuid": "{fe62ad40-5a38-59ee-0000-001047810000}",
    "EventData.Data.TargetProcessId": "736",
    "EventData.Data.TargetImage": "C:\\Windows\\System32\\winlogon.exe",
    "EventData.Data.NewThreadId": "6028",
    "EventData.Data.StartAddress": "0x7F82206A",
    "EventData.Data.StartModule": "",
    "EventData.Data.StartFunction": ""
}
{
    "System.Provider.Name": "Microsoft-Windows-Sysmon",
    "System.Provider.Guid": "{5770385f-c22a-43e0-bf4c-06f5698ffbd9}",
    "System.EventID.Qualifiers": "",
    "System.EventID.text": "12",
    "System.Version": "2",
    "System.Level": "4",
    "System.Task": "12",
    "System.Opcode": "0",
    "System.Keywords": "0x8000000000000000",
    "System.TimeCreated.SystemTime": "2017-10-23 21:08:43.628704",
    "System.EventRecordID": "11036",
    "System.Correlation.ActivityID": "",
    "System.Correlation.RelatedActivityID": "",
    "System.Execution.ProcessID": "1964",
    "System.Execution.ThreadID": "2688",
    "System.Channel": "Microsoft-Windows-Sysmon/Operational",
    "System.Computer": "DESKTOP-GH9KMB7",
    "System.Security.UserID": "S-1-5-18",
    "EventData.Data.EventType": "CreateKey",
    "EventData.Data.UtcTime": "2017-10-23 21:08:43.614",
    "EventData.Data.ProcessGuid": "{fe62ad40-5a38-59ee-0000-001047810000}",
    "EventData.Data.ProcessId": "736",
    "EventData.Data.Image": "C:\\Windows\\system32\\winlogon.exe",
    "EventData.Data.TargetObject": "HKLM\\System\\CurrentControlSet\\Services\\SharedAccess\\Parameters\\FirewallPolicy\\StandardProfile\\AuthorizedApplications\\List"
}
{
    "System.Provider.Name": "Microsoft-Windows-Sysmon",
    "System.Provider.Guid": "{5770385f-c22a-43e0-bf4c-06f5698ffbd9}",
    "System.EventID.Qualifiers": "",
    "System.EventID.text": "13",
    "System.Version": "2",
    "System.Level": "4",
    "System.Task": "13",
    "System.Opcode": "0",
    "System.Keywords": "0x8000000000000000",
    "System.TimeCreated.SystemTime": "2017-10-23 21:08:43.629103",
    "System.EventRecordID": "11037",
    "System.Correlation.ActivityID": "",
    "System.Correlation.RelatedActivityID": "",
    "System.Execution.ProcessID": "1964",
    "System.Execution.ThreadID": "2688",
    "System.Channel": "Microsoft-Windows-Sysmon/Operational",
    "System.Computer": "DESKTOP-GH9KMB7",
    "System.Security.UserID": "S-1-5-18",
    "EventData.Data.EventType": "SetValue",
    "EventData.Data.UtcTime": "2017-10-23 21:08:43.614",
    "EventData.Data.ProcessGuid": "{fe62ad40-5a38-59ee-0000-001047810000}",
    "EventData.Data.ProcessId": "736",
    "EventData.Data.Image": "C:\\Windows\\system32\\winlogon.exe",
    "EventData.Data.TargetObject": "HKLM\\System\\CurrentControlSet\\Services\\SharedAccess\\Parameters\\FirewallPolicy\\StandardProfile\\AuthorizedApplications\\List\\C:\\Windows\\system32\\winlogon.exe",
    "EventData.Data.Details": "C:\\Windows\\system32\\winlogon.exe:*:enabled:@shell32.dll,-1"
}
{
    "System.Provider.Name": "Microsoft-Windows-Sysmon",
    "System.Provider.Guid": "{5770385f-c22a-43e0-bf4c-06f5698ffbd9}",
    "System.EventID.Qualifiers": "",
    "System.EventID.text": "1",
    "System.Version": "5",
    "System.Level": "4",
    "System.Task": "1",
    "System.Opcode": "0",
    "System.Keywords": "0x8000000000000000",
    "System.TimeCreated.SystemTime": "2017-10-23 21:08:43.670294",
    "System.EventRecordID": "11038",
    "System.Correlation.ActivityID": "",
    "System.Correlation.RelatedActivityID": "",
    "System.Execution.ProcessID": "1964",
    "System.Execution.ThreadID": "2688",
    "System.Channel": "Microsoft-Windows-Sysmon/Operational",
    "System.Computer": "DESKTOP-GH9KMB7",
    "System.Security.UserID": "S-1-5-18",
    "EventData.Data.UtcTime": "2017-10-23 21:08:43.667",
    "EventData.Data.ProcessGuid": "{fe62ad40-5a5b-59ee-0000-0010fd150800}",
    "EventData.Data.ProcessId": "6036",
    "EventData.Data.Image": "C:\\Windows\\System32\\PING.EXE",
    "EventData.Data.CommandLine": "PING  -t localhost -n 600",
    "EventData.Data.CurrentDirectory": "Z:\\malware.scripts\\",
    "EventData.Data.User": "DESKTOP-GH9KMB7\\admin",
    "EventData.Data.LogonGuid": "{fe62ad40-5a42-59ee-0000-0020e71b0300}",
    "EventData.Data.LogonId": "0x0000000000031be7",
    "EventData.Data.TerminalSessionId": "1",
    "EventData.Data.IntegrityLevel": "High",
    "EventData.Data.Hashes": "MD5=44AB2C101160C2C85DEAE761DE892C98,SHA256=C9B49DBF091BC66D6AEE677269C613AEDA0952DDBD113E21A6D9553C3E374D0F",
    "EventData.Data.ParentProcessGuid": "{fe62ad40-5a59-59ee-0000-00108ede0700}",
    "EventData.Data.ParentProcessId": "5668",
    "EventData.Data.ParentImage": "C:\\Windows\\System32\\cmd.exe",
    "EventData.Data.ParentCommandLine": "C:\\Windows\\system32\\cmd.exe  /K Z:\\malware.scripts\\MALWARE_LOGGER.CMD  Z:\\MALWARE\\0024bf3f28918a0a0e1c33995f68dfec"
}
{
    "System.Provider.Name": "Microsoft-Windows-Sysmon",
    "System.Provider.Guid": "{5770385f-c22a-43e0-bf4c-06f5698ffbd9}",
    "System.EventID.Qualifiers": "",
    "System.EventID.text": "1",
    "System.Version": "5",
    "System.Level": "4",
    "System.Task": "1",
    "System.Opcode": "0",
    "System.Keywords": "0x8000000000000000",
    "System.TimeCreated.SystemTime": "2017-10-23 21:09:11.356688",
    "System.EventRecordID": "11039",
    "System.Correlation.ActivityID": "",
    "System.Correlation.RelatedActivityID": "",
    "System.Execution.ProcessID": "1964",
    "System.Execution.ThreadID": "2688",
    "System.Channel": "Microsoft-Windows-Sysmon/Operational",
    "System.Computer": "DESKTOP-GH9KMB7",
    "System.Security.UserID": "S-1-5-18",
    "EventData.Data.UtcTime": "2017-10-23 21:09:11.354",
    "EventData.Data.ProcessGuid": "{fe62ad40-5a77-59ee-0000-001081440800}",
    "EventData.Data.ProcessId": "2764",
    "EventData.Data.Image": "C:\\Program Files\\Google\\Update\\GoogleUpdate.exe",
    "EventData.Data.CommandLine": "\"C:\\Program Files\\Google\\Update\\GoogleUpdate.exe\" /svc",
    "EventData.Data.CurrentDirectory": "C:\\Windows\\system32\\",
    "EventData.Data.User": "NT AUTHORITY\\SYSTEM",
    "EventData.Data.LogonGuid": "{fe62ad40-5a38-59ee-0000-0020e7030000}",
    "EventData.Data.LogonId": "0x00000000000003e7",
    "EventData.Data.TerminalSessionId": "0",
    "EventData.Data.IntegrityLevel": "System",
    "EventData.Data.Hashes": "MD5=0545A3EB959CFA4790D267BFB8C1ACA4,SHA256=69061E33ACB7587D773D05000390F9101F71DFD6EED7973B551594EAF3F04193",
    "EventData.Data.ParentProcessGuid": "{fe62ad40-5a38-59ee-0000-0010e7860000}",
    "EventData.Data.ParentProcessId": "808",
    "EventData.Data.ParentImage": "C:\\Windows\\System32\\services.exe",
    "EventData.Data.ParentCommandLine": "C:\\Windows\\system32\\services.exe"
}
{
    "System.Provider.Name": "Microsoft-Windows-Sysmon",
    "System.Provider.Guid": "{5770385f-c22a-43e0-bf4c-06f5698ffbd9}",
    "System.EventID.Qualifiers": "",
    "System.EventID.text": "11",
    "System.Version": "2",
    "System.Level": "4",
    "System.Task": "11",
    "System.Opcode": "0",
    "System.Keywords": "0x8000000000000000",
    "System.TimeCreated.SystemTime": "2017-10-23 21:09:52.817549",
    "System.EventRecordID": "11040",
    "System.Correlation.ActivityID": "",
    "System.Correlation.RelatedActivityID": "",
    "System.Execution.ProcessID": "1964",
    "System.Execution.ThreadID": "2688",
    "System.Channel": "Microsoft-Windows-Sysmon/Operational",
    "System.Computer": "DESKTOP-GH9KMB7",
    "System.Security.UserID": "S-1-5-18",
    "EventData.Data.UtcTime": "2017-10-23 21:09:52.812",
    "EventData.Data.ProcessGuid": "{fe62ad40-5a39-59ee-0000-0010500c0100}",
    "EventData.Data.ProcessId": "1156",
    "EventData.Data.Image": "C:\\Windows\\system32\\svchost.exe",
    "EventData.Data.TargetFilename": "C:\\Windows\\System32\\WDI\\LogFiles\\StartupInfo\\S-1-5-21-3209329216-718732076-2032004554-1001_StartupInfo2.xml",
    "EventData.Data.CreationUtcTime": "2017-10-19 18:50:51.057"
}
{
    "System.Provider.Name": "Microsoft-Windows-Sysmon",
    "System.Provider.Guid": "{5770385f-c22a-43e0-bf4c-06f5698ffbd9}",
    "System.EventID.Qualifiers": "",
    "System.EventID.text": "1",
    "System.Version": "5",
    "System.Level": "4",
    "System.Task": "1",
    "System.Opcode": "0",
    "System.Keywords": "0x8000000000000000",
    "System.TimeCreated.SystemTime": "2017-10-23 21:10:12.031437",
    "System.EventRecordID": "11041",
    "System.Correlation.ActivityID": "",
    "System.Correlation.RelatedActivityID": "",
    "System.Execution.ProcessID": "1964",
    "System.Execution.ThreadID": "2688",
    "System.Channel": "Microsoft-Windows-Sysmon/Operational",
    "System.Computer": "DESKTOP-GH9KMB7",
    "System.Security.UserID": "S-1-5-18",
    "EventData.Data.UtcTime": "2017-10-23 21:10:12.026",
    "EventData.Data.ProcessGuid": "{fe62ad40-5ab4-59ee-0000-0010857a0800}",
    "EventData.Data.ProcessId": "3976",
    "EventData.Data.Image": "C:\\Program Files\\Google\\Update\\GoogleUpdate.exe",
    "EventData.Data.CommandLine": "\"C:\\Program Files\\Google\\Update\\GoogleUpdate.exe\" /svc",
    "EventData.Data.CurrentDirectory": "C:\\Windows\\system32\\",
    "EventData.Data.User": "NT AUTHORITY\\SYSTEM",
    "EventData.Data.LogonGuid": "{fe62ad40-5a38-59ee-0000-0020e7030000}",
    "EventData.Data.LogonId": "0x00000000000003e7",
    "EventData.Data.TerminalSessionId": "0",
    "EventData.Data.IntegrityLevel": "System",
    "EventData.Data.Hashes": "MD5=0545A3EB959CFA4790D267BFB8C1ACA4,SHA256=69061E33ACB7587D773D05000390F9101F71DFD6EED7973B551594EAF3F04193",
    "EventData.Data.ParentProcessGuid": "{fe62ad40-5a38-59ee-0000-0010e7860000}",
    "EventData.Data.ParentProcessId": "808",
    "EventData.Data.ParentImage": "C:\\Windows\\System32\\services.exe",
    "EventData.Data.ParentCommandLine": "C:\\Windows\\system32\\services.exe"
}
{
    "System.Provider.Name": "Microsoft-Windows-Sysmon",
    "System.Provider.Guid": "{5770385f-c22a-43e0-bf4c-06f5698ffbd9}",
    "System.EventID.Qualifiers": "",
    "System.EventID.text": "1",
    "System.Version": "5",
    "System.Level": "4",
    "System.Task": "1",
    "System.Opcode": "0",
    "System.Keywords": "0x8000000000000000",
    "System.TimeCreated.SystemTime": "2017-10-23 21:10:12.104006",
    "System.EventRecordID": "11042",
    "System.Correlation.ActivityID": "",
    "System.Correlation.RelatedActivityID": "",
    "System.Execution.ProcessID": "1964",
    "System.Execution.ThreadID": "2688",
    "System.Channel": "Microsoft-Windows-Sysmon/Operational",
    "System.Computer": "DESKTOP-GH9KMB7",
    "System.Security.UserID": "S-1-5-18",
    "EventData.Data.UtcTime": "2017-10-23 21:10:12.102",
    "EventData.Data.ProcessGuid": "{fe62ad40-5ab4-59ee-0000-0010ff7f0800}",
    "EventData.Data.ProcessId": "4468",
    "EventData.Data.Image": "C:\\Program Files\\Google\\Update\\GoogleUpdate.exe",
    "EventData.Data.CommandLine": "\"C:\\Program Files\\Google\\Update\\GoogleUpdate.exe\" /c",
    "EventData.Data.CurrentDirectory": "C:\\Program Files\\Google\\Update\\1.3.33.5\\",
    "EventData.Data.User": "NT AUTHORITY\\SYSTEM",
    "EventData.Data.LogonGuid": "{fe62ad40-5a38-59ee-0000-0020e7030000}",
    "EventData.Data.LogonId": "0x00000000000003e7",
    "EventData.Data.TerminalSessionId": "0",
    "EventData.Data.IntegrityLevel": "System",
    "EventData.Data.Hashes": "MD5=0545A3EB959CFA4790D267BFB8C1ACA4,SHA256=69061E33ACB7587D773D05000390F9101F71DFD6EED7973B551594EAF3F04193",
    "EventData.Data.ParentProcessGuid": "{fe62ad40-5ab4-59ee-0000-0010857a0800}",
    "EventData.Data.ParentProcessId": "3976",
    "EventData.Data.ParentImage": "C:\\Program Files\\Google\\Update\\GoogleUpdate.exe",
    "EventData.Data.ParentCommandLine": "\"C:\\Program Files\\Google\\Update\\GoogleUpdate.exe\" /svc"
}
{
    "System.Provider.Name": "Microsoft-Windows-Sysmon",
    "System.Provider.Guid": "{5770385f-c22a-43e0-bf4c-06f5698ffbd9}",
    "System.EventID.Qualifiers": "",
    "System.EventID.text": "1",
    "System.Version": "5",
    "System.Level": "4",
    "System.Task": "1",
    "System.Opcode": "0",
    "System.Keywords": "0x8000000000000000",
    "System.TimeCreated.SystemTime": "2017-10-23 21:10:12.208645",
    "System.EventRecordID": "11043",
    "System.Correlation.ActivityID": "",
    "System.Correlation.RelatedActivityID": "",
    "System.Execution.ProcessID": "1964",
    "System.Execution.ThreadID": "2688",
    "System.Channel": "Microsoft-Windows-Sysmon/Operational",
    "System.Computer": "DESKTOP-GH9KMB7",
    "System.Security.UserID": "S-1-5-18",
    "EventData.Data.UtcTime": "2017-10-23 21:10:12.205",
    "EventData.Data.ProcessGuid": "{fe62ad40-5ab4-59ee-0000-0010f0840800}",
    "EventData.Data.ProcessId": "4440",
    "EventData.Data.Image": "C:\\Windows\\System32\\svchost.exe",
    "EventData.Data.CommandLine": "C:\\Windows\\System32\\svchost.exe -k NetworkService -p",
    "EventData.Data.CurrentDirectory": "C:\\Windows\\system32\\",
    "EventData.Data.User": "NT AUTHORITY\\NETWORK SERVICE",
    "EventData.Data.LogonGuid": "{fe62ad40-5a38-59ee-0000-0020e4030000}",
    "EventData.Data.LogonId": "0x00000000000003e4",
    "EventData.Data.TerminalSessionId": "0",
    "EventData.Data.IntegrityLevel": "System",
    "EventData.Data.Hashes": "MD5=15556928CB0E9F74F4036411D8CC111E,SHA256=1030CE4102DAC701FAB043E40444E8F6C96C8C04B5BD512A59E1A4999D22B38C",
    "EventData.Data.ParentProcessGuid": "{fe62ad40-5a38-59ee-0000-0010e7860000}",
    "EventData.Data.ParentProcessId": "808",
    "EventData.Data.ParentImage": "C:\\Windows\\System32\\services.exe",
    "EventData.Data.ParentCommandLine": "C:\\Windows\\system32\\services.exe"
}
{
    "System.Provider.Name": "Microsoft-Windows-Sysmon",
    "System.Provider.Guid": "{5770385f-c22a-43e0-bf4c-06f5698ffbd9}",
    "System.EventID.Qualifiers": "",
    "System.EventID.text": "1",
    "System.Version": "5",
    "System.Level": "4",
    "System.Task": "1",
    "System.Opcode": "0",
    "System.Keywords": "0x8000000000000000",
    "System.TimeCreated.SystemTime": "2017-10-23 21:12:12.183525",
    "System.EventRecordID": "11044",
    "System.Correlation.ActivityID": "",
    "System.Correlation.RelatedActivityID": "",
    "System.Execution.ProcessID": "1964",
    "System.Execution.ThreadID": "2688",
    "System.Channel": "Microsoft-Windows-Sysmon/Operational",
    "System.Computer": "DESKTOP-GH9KMB7",
    "System.Security.UserID": "S-1-5-18",
    "EventData.Data.UtcTime": "2017-10-23 21:12:12.178",
    "EventData.Data.ProcessGuid": "{fe62ad40-5b2c-59ee-0000-001052250900}",
    "EventData.Data.ProcessId": "5928",
    "EventData.Data.Image": "C:\\Windows\\System32\\wbem\\WMIADAP.exe",
    "EventData.Data.CommandLine": "wmiadap.exe /F /T /R",
    "EventData.Data.CurrentDirectory": "C:\\Windows\\system32\\",
    "EventData.Data.User": "NT AUTHORITY\\SYSTEM",
    "EventData.Data.LogonGuid": "{fe62ad40-5a38-59ee-0000-0020e7030000}",
    "EventData.Data.LogonId": "0x00000000000003e7",
    "EventData.Data.TerminalSessionId": "0",
    "EventData.Data.IntegrityLevel": "System",
    "EventData.Data.Hashes": "MD5=F2B8F81492DFDE01DEF40E57927ABD25,SHA256=7DEAACF1B7031400AAE903B4976E898DAA1CF3B7B619A7BCB05B83A7D0FCEC06",
    "EventData.Data.ParentProcessGuid": "{fe62ad40-5a39-59ee-0000-00105b0b0100}",
    "EventData.Data.ParentProcessId": "1140",
    "EventData.Data.ParentImage": "C:\\Windows\\System32\\svchost.exe",
    "EventData.Data.ParentCommandLine": "C:\\Windows\\system32\\svchost.exe -k netsvcs -p"
}
{
    "System.Provider.Name": "Microsoft-Windows-Sysmon",
    "System.Provider.Guid": "{5770385f-c22a-43e0-bf4c-06f5698ffbd9}",
    "System.EventID.Qualifiers": "",
    "System.EventID.text": "1",
    "System.Version": "5",
    "System.Level": "4",
    "System.Task": "1",
    "System.Opcode": "0",
    "System.Keywords": "0x8000000000000000",
    "System.TimeCreated.SystemTime": "2017-10-23 21:12:13.446096",
    "System.EventRecordID": "11045",
    "System.Correlation.ActivityID": "",
    "System.Correlation.RelatedActivityID": "",
    "System.Execution.ProcessID": "1964",
    "System.Execution.ThreadID": "2688",
    "System.Channel": "Microsoft-Windows-Sysmon/Operational",
    "System.Computer": "DESKTOP-GH9KMB7",
    "System.Security.UserID": "S-1-5-18",
    "EventData.Data.UtcTime": "2017-10-23 21:12:13.444",
    "EventData.Data.ProcessGuid": "{fe62ad40-5b2d-59ee-0000-0010dd320900}",
    "EventData.Data.ProcessId": "4232",
    "EventData.Data.Image": "C:\\Windows\\System32\\RuntimeBroker.exe",
    "EventData.Data.CommandLine": "C:\\Windows\\System32\\RuntimeBroker.exe -Embedding",
    "EventData.Data.CurrentDirectory": "C:\\Windows\\system32\\",
    "EventData.Data.User": "DESKTOP-GH9KMB7\\admin",
    "EventData.Data.LogonGuid": "{fe62ad40-5a42-59ee-0000-0020e71b0300}",
    "EventData.Data.LogonId": "0x0000000000031be7",
    "EventData.Data.TerminalSessionId": "1",
    "EventData.Data.IntegrityLevel": "High",
    "EventData.Data.Hashes": "MD5=EE6C021CE9DF96EB64C1202927B99E8C,SHA256=0C3152B1B962478CFED60C526785A119172D2DB488EE753D8A6A9AAE6184DAA6",
    "EventData.Data.ParentProcessGuid": "{fe62ad40-5a38-59ee-0000-00108c980000}",
    "EventData.Data.ParentProcessId": "916",
    "EventData.Data.ParentImage": "C:\\Windows\\System32\\svchost.exe",
    "EventData.Data.ParentCommandLine": "C:\\Windows\\system32\\svchost.exe -k DcomLaunch -p"
}
{
    "System.Provider.Name": "Microsoft-Windows-Sysmon",
    "System.Provider.Guid": "{5770385f-c22a-43e0-bf4c-06f5698ffbd9}",
    "System.EventID.Qualifiers": "",
    "System.EventID.text": "1",
    "System.Version": "5",
    "System.Level": "4",
    "System.Task": "1",
    "System.Opcode": "0",
    "System.Keywords": "0x8000000000000000",
    "System.TimeCreated.SystemTime": "2017-10-23 21:13:11.678980",
    "System.EventRecordID": "11046",
    "System.Correlation.ActivityID": "",
    "System.Correlation.RelatedActivityID": "",
    "System.Execution.ProcessID": "1964",
    "System.Execution.ThreadID": "2688",
    "System.Channel": "Microsoft-Windows-Sysmon/Operational",
    "System.Computer": "DESKTOP-GH9KMB7",
    "System.Security.UserID": "S-1-5-18",
    "EventData.Data.UtcTime": "2017-10-23 21:13:11.665",
    "EventData.Data.ProcessGuid": "{fe62ad40-5b67-59ee-0000-0010137f0900}",
    "EventData.Data.ProcessId": "4976",
    "EventData.Data.Image": "C:\\Windows\\System32\\wsqmcons.exe",
    "EventData.Data.CommandLine": "C:\\Windows\\System32\\wsqmcons.exe",
    "EventData.Data.CurrentDirectory": "C:\\Windows\\system32\\",
    "EventData.Data.User": "NT AUTHORITY\\SYSTEM",
    "EventData.Data.LogonGuid": "{fe62ad40-5a38-59ee-0000-0020e7030000}",
    "EventData.Data.LogonId": "0x00000000000003e7",
    "EventData.Data.TerminalSessionId": "0",
    "EventData.Data.IntegrityLevel": "System",
    "EventData.Data.Hashes": "MD5=19EA2AA4FC1A4D6977E6A345105D995F,SHA256=028186580A3DE978C19637CC062C3750F70341ACFC73118AC361C1CD5CB6B22C",
    "EventData.Data.ParentProcessGuid": "{fe62ad40-5a39-59ee-0000-00105b0b0100}",
    "EventData.Data.ParentProcessId": "1140",
    "EventData.Data.ParentImage": "C:\\Windows\\System32\\svchost.exe",
    "EventData.Data.ParentCommandLine": "C:\\Windows\\system32\\svchost.exe -k netsvcs -p"
}
{
    "System.Provider.Name": "Microsoft-Windows-Sysmon",
    "System.Provider.Guid": "{5770385f-c22a-43e0-bf4c-06f5698ffbd9}",
    "System.EventID.Qualifiers": "",
    "System.EventID.text": "1",
    "System.Version": "5",
    "System.Level": "4",
    "System.Task": "1",
    "System.Opcode": "0",
    "System.Keywords": "0x8000000000000000",
    "System.TimeCreated.SystemTime": "2017-10-23 21:13:11.696451",
    "System.EventRecordID": "11047",
    "System.Correlation.ActivityID": "",
    "System.Correlation.RelatedActivityID": "",
    "System.Execution.ProcessID": "1964",
    "System.Execution.ThreadID": "2688",
    "System.Channel": "Microsoft-Windows-Sysmon/Operational",
    "System.Computer": "DESKTOP-GH9KMB7",
    "System.Security.UserID": "S-1-5-18",
    "EventData.Data.UtcTime": "2017-10-23 21:13:11.684",
    "EventData.Data.ProcessGuid": "{fe62ad40-5b67-59ee-0000-0010e27f0900}",
    "EventData.Data.ProcessId": "4948",
    "EventData.Data.Image": "C:\\Windows\\System32\\SIHClient.exe",
    "EventData.Data.CommandLine": "C:\\Windows\\System32\\sihclient.exe",
    "EventData.Data.CurrentDirectory": "C:\\Windows\\system32\\",
    "EventData.Data.User": "NT AUTHORITY\\SYSTEM",
    "EventData.Data.LogonGuid": "{fe62ad40-5a38-59ee-0000-0020e7030000}",
    "EventData.Data.LogonId": "0x00000000000003e7",
    "EventData.Data.TerminalSessionId": "0",
    "EventData.Data.IntegrityLevel": "System",
    "EventData.Data.Hashes": "MD5=71549972C127517789BAFD0D0CF48A8C,SHA256=281F8BEA0A44312557C6CBE8C0974FB60C231DBA8A91D4646FA88B58D3890C7C",
    "EventData.Data.ParentProcessGuid": "{fe62ad40-5a39-59ee-0000-00105b0b0100}",
    "EventData.Data.ParentProcessId": "1140",
    "EventData.Data.ParentImage": "C:\\Windows\\System32\\svchost.exe",
    "EventData.Data.ParentCommandLine": "C:\\Windows\\system32\\svchost.exe -k netsvcs -p"
}
{
    "System.Provider.Name": "Microsoft-Windows-Sysmon",
    "System.Provider.Guid": "{5770385f-c22a-43e0-bf4c-06f5698ffbd9}",
    "System.EventID.Qualifiers": "",
    "System.EventID.text": "1",
    "System.Version": "5",
    "System.Level": "4",
    "System.Task": "1",
    "System.Opcode": "0",
    "System.Keywords": "0x8000000000000000",
    "System.TimeCreated.SystemTime": "2017-10-23 21:13:11.710217",
    "System.EventRecordID": "11048",
    "System.Correlation.ActivityID": "",
    "System.Correlation.RelatedActivityID": "",
    "System.Execution.ProcessID": "1964",
    "System.Execution.ThreadID": "2688",
    "System.Channel": "Microsoft-Windows-Sysmon/Operational",
    "System.Computer": "DESKTOP-GH9KMB7",
    "System.Security.UserID": "S-1-5-18",
    "EventData.Data.UtcTime": "2017-10-23 21:13:11.672",
    "EventData.Data.ProcessGuid": "{fe62ad40-5b67-59ee-0000-00102a7f0900}",
    "EventData.Data.ProcessId": "5008",
    "EventData.Data.Image": "C:\\Program Files\\Common Files\\Adobe\\ARM\\1.0\\AdobeARM.exe",
    "EventData.Data.CommandLine": "\"C:\\Program Files\\Common Files\\Adobe\\ARM\\1.0\\AdobeARM.exe\"",
    "EventData.Data.CurrentDirectory": "C:\\Windows\\system32\\",
    "EventData.Data.User": "DESKTOP-GH9KMB7\\admin",
    "EventData.Data.LogonGuid": "{fe62ad40-5a42-59ee-0000-0020e71b0300}",
    "EventData.Data.LogonId": "0x0000000000031be7",
    "EventData.Data.TerminalSessionId": "1",
    "EventData.Data.IntegrityLevel": "High",
    "EventData.Data.Hashes": "MD5=F2FF574F6F2211D9AAAE5E82A3AD553F,SHA256=392CDC901BE6CC617E9F5C720EB0C3244F3082D63AC6CAE8BEDB029BC7069D69",
    "EventData.Data.ParentProcessGuid": "{fe62ad40-5a39-59ee-0000-00105b0b0100}",
    "EventData.Data.ParentProcessId": "1140",
    "EventData.Data.ParentImage": "C:\\Windows\\System32\\svchost.exe",
    "EventData.Data.ParentCommandLine": "C:\\Windows\\system32\\svchost.exe -k netsvcs -p"
}
{
    "System.Provider.Name": "Microsoft-Windows-Sysmon",
    "System.Provider.Guid": "{5770385f-c22a-43e0-bf4c-06f5698ffbd9}",
    "System.EventID.Qualifiers": "",
    "System.EventID.text": "1",
    "System.Version": "5",
    "System.Level": "4",
    "System.Task": "1",
    "System.Opcode": "0",
    "System.Keywords": "0x8000000000000000",
    "System.TimeCreated.SystemTime": "2017-10-23 21:13:12.002920",
    "System.EventRecordID": "11049",
    "System.Correlation.ActivityID": "",
    "System.Correlation.RelatedActivityID": "",
    "System.Execution.ProcessID": "1964",
    "System.Execution.ThreadID": "2688",
    "System.Channel": "Microsoft-Windows-Sysmon/Operational",
    "System.Computer": "DESKTOP-GH9KMB7",
    "System.Security.UserID": "S-1-5-18",
    "EventData.Data.UtcTime": "2017-10-23 21:13:12.000",
    "EventData.Data.ProcessGuid": "{fe62ad40-5b68-59ee-0000-0010688e0900}",
    "EventData.Data.ProcessId": "828",
    "EventData.Data.Image": "C:\\Program Files\\Adobe\\Acrobat Reader DC\\Reader\\reader_sl.exe",
    "EventData.Data.CommandLine": "\"C:\\Program Files\\Adobe\\Acrobat Reader DC\\Reader\\Reader_sl.exe\"",
    "EventData.Data.CurrentDirectory": "C:\\Windows\\system32\\",
    "EventData.Data.User": "DESKTOP-GH9KMB7\\admin",
    "EventData.Data.LogonGuid": "{fe62ad40-5a42-59ee-0000-0020e71b0300}",
    "EventData.Data.LogonId": "0x0000000000031be7",
    "EventData.Data.TerminalSessionId": "1",
    "EventData.Data.IntegrityLevel": "High",
    "EventData.Data.Hashes": "MD5=D0B23D1F0D1D730493CF89BE5DCBBB4E,SHA256=A8F964BB1623295131320F9A0A3817C5EA9318485C849AC5DCBF0255C9263DEA",
    "EventData.Data.ParentProcessGuid": "{fe62ad40-5b67-59ee-0000-00102a7f0900}",
    "EventData.Data.ParentProcessId": "5008",
    "EventData.Data.ParentImage": "C:\\Program Files\\Common Files\\Adobe\\ARM\\1.0\\AdobeARM.exe",
    "EventData.Data.ParentCommandLine": "\"C:\\Program Files\\Common Files\\Adobe\\ARM\\1.0\\AdobeARM.exe\""
}
