{
    "System.Provider.Name": "Microsoft-Windows-Sysmon", 
    "System.Provider.Guid": "{5770385f-c22a-43e0-bf4c-06f5698ffbd9}", 
    "System.EventID.Qualifiers": "", 
    "System.EventID.text": "1", 
    "System.Version": "5", 
    "System.Level": "4", 
    "System.Task": "1", 
    "System.Opcode": "0", 
    "System.Keywords": "0x8000000000000000", 
    "System.TimeCreated.SystemTime": "2018-03-21 01:32:35.404480", 
    "System.EventRecordID": "10419", 
    "System.Correlation.ActivityID": "", 
    "System.Correlation.RelatedActivityID": "", 
    "System.Execution.ProcessID": "2076", 
    "System.Execution.ThreadID": "5048", 
    "System.Channel": "Microsoft-Windows-Sysmon/Operational", 
    "System.Computer": "DESKTOP-66GAIL5", 
    "System.Security.UserID": "S-1-5-18", 
    "EventData.Data.UtcTime": "2018-03-21 01:32:35.400", 
    "EventData.Data.ProcessGuid": "{fcff22d0-b633-5ab1-0000-00104d4dcb04}", 
    "EventData.Data.ProcessId": "1096", 
    "EventData.Data.Image": "C:\\Windows\\System32\\reg.exe", 
    "EventData.Data.FileVersion": "10.0.15063.0 (WinBuild.160101.0800)", 
    "EventData.Data.Description": "Outil de Registre de la console", 
    "EventData.Data.Product": "Syst\u00e8me d\u2019exploitation Microsoft\u00ae Windows\u00ae", 
    "EventData.Data.Company": "Microsoft Corporation", 
    "EventData.Data.CommandLine": "reg  delete HKEY_CURRENT_USER\\Software\\Microsoft\\Windows\\CurrentVersion\\Explorer /va", 
    "EventData.Data.CurrentDirectory": "C:\\Users\\ngatilio\\Desktop\\", 
    "EventData.Data.User": "DESKTOP-66GAIL5\\ngatilio", 
    "EventData.Data.LogonGuid": "{fcff22d0-0bd6-5a8b-0000-0020adee0100}", 
    "EventData.Data.LogonId": "0x000000000001eead", 
    "EventData.Data.TerminalSessionId": "1", 
    "EventData.Data.IntegrityLevel": "Medium", 
    "EventData.Data.Hashes": "MD5=7CEA8A7BE20E9B35D21E1995EBAF7352,SHA256=E0E01D87AE1B9E6F5246D95BFFB2EE58F8A2FBD720AD94FA596863DED915EF5E", 
    "EventData.Data.ParentProcessGuid": "{fcff22d0-9db6-5ab1-0000-001049b59e04}", 
    "EventData.Data.ParentProcessId": "5596", 
    "EventData.Data.ParentImage": "C:\\Windows\\System32\\cmd.exe", 
    "EventData.Data.ParentCommandLine": "C:\\Windows\\system32\\cmd.exe"
}

{
    "System.Provider.Name": "Microsoft-Windows-Sysmon", 
    "System.Provider.Guid": "{5770385f-c22a-43e0-bf4c-06f5698ffbd9}", 
    "System.EventID.Qualifiers": "", 
    "System.EventID.text": "5", 
    "System.Version": "3", 
    "System.Level": "4", 
    "System.Task": "5", 
    "System.Opcode": "0", 
    "System.Keywords": "0x8000000000000000", 
    "System.TimeCreated.SystemTime": "2018-03-21 01:43:56.558764", 
    "System.EventRecordID": "10525", 
    "System.Correlation.ActivityID": "", 
    "System.Correlation.RelatedActivityID": "", 
    "System.Execution.ProcessID": "2076", 
    "System.Execution.ThreadID": "5048", 
    "System.Channel": "Microsoft-Windows-Sysmon/Operational", 
    "System.Computer": "DESKTOP-66GAIL5", 
    "System.Security.UserID": "S-1-5-18", 
    "EventData.Data.UtcTime": "2018-03-21 01:43:56.551", 
    "EventData.Data.ProcessGuid": "{fcff22d0-b8dc-5ab1-0000-00106cf3db04}", 
    "EventData.Data.ProcessId": "2276", 
    "EventData.Data.Image": "C:\\Users\\ngatilio\\Desktop\\john179\\run\\john.exe"
}

{
    "System.Provider.Name": "Microsoft-Windows-Sysmon", 
    "System.Provider.Guid": "{5770385f-c22a-43e0-bf4c-06f5698ffbd9}", 
    "System.EventID.Qualifiers": "", 
    "System.EventID.text": "1", 
    "System.Version": "5", 
    "System.Level": "4", 
    "System.Task": "1", 
    "System.Opcode": "0", 
    "System.Keywords": "0x8000000000000000", 
    "System.TimeCreated.SystemTime": "2018-03-21 01:50:39.084370", 
    "System.EventRecordID": "10563", 
    "System.Correlation.ActivityID": "", 
    "System.Correlation.RelatedActivityID": "", 
    "System.Execution.ProcessID": "2076", 
    "System.Execution.ThreadID": "5048", 
    "System.Channel": "Microsoft-Windows-Sysmon/Operational", 
    "System.Computer": "DESKTOP-66GAIL5", 
    "System.Security.UserID": "S-1-5-18", 
    "EventData.Data.UtcTime": "2018-03-21 01:50:39.082", 
    "EventData.Data.ProcessGuid": "{fcff22d0-ba6f-5ab1-0000-001040c9de04}", 
    "EventData.Data.ProcessId": "5956", 
    "EventData.Data.Image": "C:\\Users\\ngatilio\\Desktop\\john179\\run\\unshadow.exe", 
    "EventData.Data.FileVersion": "?", 
    "EventData.Data.Description": "?", 
    "EventData.Data.Product": "?", 
    "EventData.Data.Company": "?", 
    "EventData.Data.CommandLine": "unshadow", 
    "EventData.Data.CurrentDirectory": "C:\\Users\\ngatilio\\Desktop\\john179\\run\\", 
    "EventData.Data.User": "DESKTOP-66GAIL5\\ngatilio", 
    "EventData.Data.LogonGuid": "{fcff22d0-0bd6-5a8b-0000-0020adee0100}", 
    "EventData.Data.LogonId": "0x000000000001eead", 
    "EventData.Data.TerminalSessionId": "1", 
    "EventData.Data.IntegrityLevel": "Medium", 
    "EventData.Data.Hashes": "MD5=80667DE1C5FA0563A6D36FD45DFACA99,SHA256=B59354FBA01BFE82391B2CD06EB940A7757A21728E86DFB7D919B348C4CAE7E3", 
    "EventData.Data.ParentProcessGuid": "{fcff22d0-9db6-5ab1-0000-001049b59e04}", 
    "EventData.Data.ParentProcessId": "5596", 
    "EventData.Data.ParentImage": "C:\\Windows\\System32\\cmd.exe", 
    "EventData.Data.ParentCommandLine": "C:\\Windows\\system32\\cmd.exe"
}

{
    "System.Provider.Name": "Microsoft-Windows-Sysmon", 
    "System.Provider.Guid": "{5770385f-c22a-43e0-bf4c-06f5698ffbd9}", 
    "System.EventID.Qualifiers": "", 
    "System.EventID.text": "1", 
    "System.Version": "5", 
    "System.Level": "4", 
    "System.Task": "1", 
    "System.Opcode": "0", 
    "System.Keywords": "0x8000000000000000", 
    "System.TimeCreated.SystemTime": "2018-03-21 01:52:10.868059", 
    "System.EventRecordID": "10617", 
    "System.Correlation.ActivityID": "", 
    "System.Correlation.RelatedActivityID": "", 
    "System.Execution.ProcessID": "2076", 
    "System.Execution.ThreadID": "5048", 
    "System.Channel": "Microsoft-Windows-Sysmon/Operational", 
    "System.Computer": "DESKTOP-66GAIL5", 
    "System.Security.UserID": "S-1-5-18", 
    "EventData.Data.UtcTime": "2018-03-21 01:52:10.838", 
    "EventData.Data.ProcessGuid": "{fcff22d0-baca-5ab1-0000-00104c65df04}", 
    "EventData.Data.ProcessId": "4184", 
    "EventData.Data.Image": "C:\\Users\\ngatilio\\Desktop\\Mimikatz\\soft\\Win32\\mimikatz.exe", 
    "EventData.Data.FileVersion": "2.1.1.0", 
    "EventData.Data.Description": "mimikatz for Windows", 
    "EventData.Data.Product": "mimikatz", 
    "EventData.Data.Company": "gentilkiwi (Benjamin DELPY)", 
    "EventData.Data.CommandLine": "mimikatz", 
    "EventData.Data.CurrentDirectory": "C:\\Users\\ngatilio\\Desktop\\Mimikatz\\soft\\Win32\\", 
    "EventData.Data.User": "DESKTOP-66GAIL5\\ngatilio", 
    "EventData.Data.LogonGuid": "{fcff22d0-0bd6-5a8b-0000-0020adee0100}", 
    "EventData.Data.LogonId": "0x000000000001eead", 
    "EventData.Data.TerminalSessionId": "1", 
    "EventData.Data.IntegrityLevel": "Medium", 
    "EventData.Data.Hashes": "MD5=CD507FB8F4C1151095A33F6DD720CADB,SHA256=24B8B24E1D2DD638BDC9B89B7DEEF95D1DDFDF379393F03724E8B139680FD3F5", 
    "EventData.Data.ParentProcessGuid": "{fcff22d0-9db6-5ab1-0000-001049b59e04}", 
    "EventData.Data.ParentProcessId": "5596", 
    "EventData.Data.ParentImage": "C:\\Windows\\System32\\cmd.exe", 
    "EventData.Data.ParentCommandLine": "C:\\Windows\\system32\\cmd.exe"
}

{
    "System.Provider.Name": "Microsoft-Windows-Sysmon", 
    "System.Provider.Guid": "{5770385f-c22a-43e0-bf4c-06f5698ffbd9}", 
    "System.EventID.Qualifiers": "", 
    "System.EventID.text": "1", 
    "System.Version": "5", 
    "System.Level": "4", 
    "System.Task": "1", 
    "System.Opcode": "0", 
    "System.Keywords": "0x8000000000000000", 
    "System.TimeCreated.SystemTime": "2018-03-21 02:14:00.429996", 
    "System.EventRecordID": "10728", 
    "System.Correlation.ActivityID": "", 
    "System.Correlation.RelatedActivityID": "", 
    "System.Execution.ProcessID": "2076", 
    "System.Execution.ThreadID": "5048", 
    "System.Channel": "Microsoft-Windows-Sysmon/Operational", 
    "System.Computer": "DESKTOP-66GAIL5", 
    "System.Security.UserID": "S-1-5-18", 
    "EventData.Data.UtcTime": "2018-03-21 02:14:00.336", 
    "EventData.Data.ProcessGuid": "{fcff22d0-bfe8-5ab1-0000-00102286e704}", 
    "EventData.Data.ProcessId": "3064", 
    "EventData.Data.Image": "C:\\Users\\ngatilio\\Desktop\\winratx86.exe", 
    "EventData.Data.FileVersion": "2.2.14", 
    "EventData.Data.Description": "ApacheBench command line utility", 
    "EventData.Data.Product": "Apache HTTP Server", 
    "EventData.Data.Company": "Apache Software Foundation", 
    "EventData.Data.CommandLine": "C:\\Users\\ngatilio\\Desktop\\winratx86.EXE", 
    "EventData.Data.CurrentDirectory": "C:\\Windows\\system32\\", 
    "EventData.Data.User": "DESKTOP-66GAIL5\\ngatilio", 
    "EventData.Data.LogonGuid": "{fcff22d0-0bd6-5a8b-0000-0020adee0100}", 
    "EventData.Data.LogonId": "0x000000000001eead", 
    "EventData.Data.TerminalSessionId": "1", 
    "EventData.Data.IntegrityLevel": "Medium", 
    "EventData.Data.Hashes": "MD5=ABF1BEC35CC5AFD6624CC25B27AEF9C7,SHA256=418D123C826534848268616A2D05A80D787C5C3723E297B0C6A88EC75EF60161", 
    "EventData.Data.ParentProcessGuid": "{fcff22d0-0bce-5a8b-0000-0010cd0a0100}", 
    "EventData.Data.ParentProcessId": "1164", 
    "EventData.Data.ParentImage": "C:\\Windows\\System32\\svchost.exe", 
    "EventData.Data.ParentCommandLine": "C:\\Windows\\system32\\svchost.exe -k netsvcs"
}

{
    "System.EventID.text": "Process Create (1)",
    "System.TimeCreated.SystemTime": "2017-10-25 04:41:16.506704",
    "EventData.Data.Image": "C:\\Windows\\System32\\wbem\\WMIADAP.exe",
    "EventData.Data.CommandLine": "wmiadap.exe /F /T /R",
    "EventData.Data.ProcessGuid": "{fe62ad40-15ec-59f0-0000-001003060e00}",
    "EventData.Data.ProcessId": "2680",
    "EventData.Data.LogonGuid": "{fe62ad40-1500-59f0-0000-0020e7030000}",
    "EventData.Data.ParentImage": "C:\\Windows\\System32\\svchost.exe",
    "EventData.Data.ParentProcessGuid": "{fe62ad40-1501-59f0-0000-0010f60b0100}",
    "EventData.Data.ParentProcessId": "1148",
    "EventData.Data.Hashes": "MD5=F2B8F81492DFDE01DEF40E57927ABD25,SHA256=7DEAACF1B7031400AAE903B4976E898DAA1CF3B7B619A7BCB05B83A7D0FCEC06"
}

{
    "System.EventID.text": "Process Create (1)",
    "System.TimeCreated.SystemTime": "2017-10-25 04:38:02.176884",
    "EventData.Data.Image": "C:\\Windows\\System32\\wevtutil.exe",
    "EventData.Data.CommandLine": "WEVTUTIL  CL Microsoft-Windows-Sysmon/Operational",
    "EventData.Data.ProcessGuid": "{fe62ad40-152a-59f0-0000-001038c90900}",
    "EventData.Data.ProcessId": "4412",
    "EventData.Data.LogonGuid": "{fe62ad40-1509-59f0-0000-0020e6560300}",
    "EventData.Data.ParentImage": "C:\\Windows\\System32\\cmd.exe",
    "EventData.Data.ParentProcessGuid": "{fe62ad40-151f-59f0-0000-001075970900}",
    "EventData.Data.ParentProcessId": "5960",
    "EventData.Data.Hashes": "MD5=EAFAE23B0E85D03B78D304D52CD984DC,SHA256=C4618DC5B1F77D075B473AE838604ACDDE73787BAAB28370BD3EFA8E6F70DC07"
}

{
    "System.EventID.text": "Process Create (1)",
    "System.TimeCreated.SystemTime": "2017-10-25 04:38:02.288061",
    "EventData.Data.Image": "C:\\Users\\admin\\AppData\\Local\\Temp\\0024a6ba7d2ac5f385fd6cbe82410626.EXE",
    "EventData.Data.CommandLine": "\"C:\\Users\\admin\\AppData\\Local\\Temp\\0024a6ba7d2ac5f385fd6cbe82410626.EXE\"",
    "EventData.Data.ProcessGuid": "{fe62ad40-152a-59f0-0000-001090ca0900}",
    "EventData.Data.ProcessId": "2808",
    "EventData.Data.LogonGuid": "{fe62ad40-1509-59f0-0000-0020e6560300}",
    "EventData.Data.ParentImage": "C:\\Windows\\System32\\cmd.exe",
    "EventData.Data.ParentProcessGuid": "{fe62ad40-151f-59f0-0000-001075970900}",
    "EventData.Data.ParentProcessId": "5960",
    "EventData.Data.Hashes": "MD5=0024A6BA7D2AC5F385FD6CBE82410626,SHA256=A1A55A3CC7642F8B4B2A1CCAE021D92ADD7D7EBD73B354F52AC851A3274F4D56"
}

{
    "System.EventID.text": "File Create (11)",
    "System.TimeCreated.SystemTime": "2017-10-25 04:38:02.650509",
    "EventData.Data.TargetFilename": "C:\\Users\\admin\\KWIAYAMw\\XYkgwUUo.exe"
}
{
    "System.EventID.text": "Registry Value Set (13)",
    "System.TimeCreated.SystemTime": "2017-10-25 04:38:02.741766",
    "EventData.Data.TargetObject": "HKU\\S-1-5-21-3209329216-718732076-2032004554-1001\\Software\\Microsoft\\Windows\\CurrentVersion\\Run\\XYkgwUUo.exe",
    "EventData.Data.Details": "C:\\Users\\admin\\KWIAYAMw\\XYkgwUUo.exe"
}
{
    "System.EventID.text": "File Create (11)",
    "System.TimeCreated.SystemTime": "2017-10-25 04:38:02.741852",
    "EventData.Data.TargetFilename": "C:\\ProgramData\\JAsIssEI\\EUgUgAYs.exe"
}
{
    "System.EventID.text": "Registry Value Set (13)",
    "System.TimeCreated.SystemTime": "2017-10-25 04:38:02.780207",
    "EventData.Data.TargetObject": "HKLM\\SOFTWARE\\Microsoft\\Windows\\CurrentVersion\\Run\\EUgUgAYs.exe",
    "EventData.Data.Details": "C:\\ProgramData\\JAsIssEI\\EUgUgAYs.exe"
}
{
    "System.EventID.text": "File Create (11)",
    "System.TimeCreated.SystemTime": "2017-10-25 04:38:02.824522",
    "EventData.Data.TargetFilename": "C:\\ProgramData\\pykEMEsI\\ykAYMkMA.exe"
}
{
    "System.EventID.text": "File Create (11)",
    "System.TimeCreated.SystemTime": "2017-10-25 04:38:03.175264",
    "EventData.Data.TargetFilename": "C:\\Users\\admin\\AppData\\Local\\Temp\\CecQYwow.bat"
}
{
    "System.EventID.text": "File Create (11)",
    "System.TimeCreated.SystemTime": "2017-10-25 04:38:03.255856",
    "EventData.Data.TargetFilename": "C:\\Users\\admin\\AppData\\Local\\Temp\\kAAYskIs.bat"
}
{
    "System.EventID.text": "Process Terminated (5)",
    "System.TimeCreated.SystemTime": "2017-10-25 04:38:03.290678"
}
{
    "System.EventID.text": "Process Create (1)",
    "System.TimeCreated.SystemTime": "2017-10-25 04:38:03.255703",
    "EventData.Data.Image": "C:\\Windows\\System32\\reg.exe",
    "EventData.Data.CommandLine": "reg add HKLM\\SOFTWARE\\Microsoft\\Windows\\CurrentVersion\\Policies\\System /v EnableLUA /d 0 /t REG_DWORD /f",
    "EventData.Data.ProcessGuid": "{fe62ad40-152b-59f0-0000-0010b4d80900}",
    "EventData.Data.ProcessId": "4228",
    "EventData.Data.LogonGuid": "{fe62ad40-1509-59f0-0000-0020e6560300}",
    "EventData.Data.ParentImage": "C:\\Users\\admin\\AppData\\Local\\Temp\\0024a6ba7d2ac5f385fd6cbe82410626.EXE",
    "EventData.Data.ParentProcessGuid": "{fe62ad40-152a-59f0-0000-001090ca0900}",
    "EventData.Data.ParentProcessId": "2808",
    "EventData.Data.Hashes": "MD5=EDE11E768487C6FEFC1287E5CB653662,SHA256=405A70C2B6081E6FED2A4BAB7B0C233FFF022ACBBB3D2CC92CB8876D052DB9E4"
}
{
    "System.EventID.text": "Registry Value Set (13)",
    "System.TimeCreated.SystemTime": "2017-10-25 04:38:03.361948",
    "EventData.Data.TargetObject": "HKLM\\SOFTWARE\\Microsoft\\Windows\\CurrentVersion\\Policies\\System\\EnableLUA",
    "EventData.Data.Details": "DWORD (0x00000000)"
}
{
    "System.EventID.text": "Process Create (1)",
    "System.TimeCreated.SystemTime": "2017-10-25 04:38:02.668285",
    "EventData.Data.Image": "C:\\Users\\admin\\KWIAYAMw\\XYkgwUUo.exe",
    "EventData.Data.CommandLine": "\"C:\\Users\\admin\\KWIAYAMw\\XYkgwUUo.exe\"",
    "EventData.Data.ProcessGuid": "{fe62ad40-152a-59f0-0000-0010b5ce0900}",
    "EventData.Data.ProcessId": "2960",
    "EventData.Data.LogonGuid": "{fe62ad40-1509-59f0-0000-0020e6560300}",
    "EventData.Data.ParentImage": "C:\\Users\\admin\\AppData\\Local\\Temp\\0024a6ba7d2ac5f385fd6cbe82410626.EXE",
    "EventData.Data.ParentProcessGuid": "{fe62ad40-152a-59f0-0000-001090ca0900}",
    "EventData.Data.ParentProcessId": "2808",
    "EventData.Data.Hashes": "MD5=1144BA95A5B7B50D7F9E14D79BC97C77,SHA256=64AEB49630418A492705015412B7E93E0F8CC2331D3C5A679D6A017C4B539C7D"
}
{
    "System.EventID.text": "Registry Value Set (13)",
    "System.TimeCreated.SystemTime": "2017-10-25 04:38:02.919535",
    "EventData.Data.TargetObject": "HKU\\S-1-5-21-3209329216-718732076-2032004554-1001\\Software\\Microsoft\\Windows\\CurrentVersion\\Run\\XYkgwUUo.exe",
    "EventData.Data.Details": "C:\\Users\\admin\\KWIAYAMw\\XYkgwUUo.exe"
}
{
    "System.EventID.text": "Network Connection (3)",
    "System.TimeCreated.SystemTime": "2017-10-25 04:38:11.847906",
    "EventData.Data.Protocol": "tcp",
    "EventData.Data.SourceIp": "192.168.50.146",
    "EventData.Data.SourcePort": "49705",
    "EventData.Data.DestinationIp": "172.217.3.206",
    "EventData.Data.DestinationPort": "80"
}
{
    "System.EventID.text": "Network Connection (3)",
    "System.TimeCreated.SystemTime": "2017-10-25 04:40:06.414991",
    "EventData.Data.Protocol": "tcp",
    "EventData.Data.SourceIp": "192.168.50.146",
    "EventData.Data.SourcePort": "49718",
    "EventData.Data.DestinationIp": "172.217.9.206",
    "EventData.Data.DestinationPort": "80"
}
{
    "System.EventID.text": "Network Connection (3)",
    "System.TimeCreated.SystemTime": "2017-10-25 04:42:02.430090",
    "EventData.Data.Protocol": "tcp",
    "EventData.Data.SourceIp": "192.168.50.146",
    "EventData.Data.SourcePort": "49720",
    "EventData.Data.DestinationIp": "172.217.3.206",
    "EventData.Data.DestinationPort": "80"
}
{
    "System.EventID.text": "Process Create (1)",
    "System.TimeCreated.SystemTime": "2017-10-25 04:38:02.778309",
    "EventData.Data.Image": "C:\\ProgramData\\JAsIssEI\\EUgUgAYs.exe",
    "EventData.Data.CommandLine": "\"C:\\ProgramData\\JAsIssEI\\EUgUgAYs.exe\"",
    "EventData.Data.ProcessGuid": "{fe62ad40-152a-59f0-0000-001059d00900}",
    "EventData.Data.ProcessId": "2920",
    "EventData.Data.LogonGuid": "{fe62ad40-1509-59f0-0000-0020e6560300}",
    "EventData.Data.ParentImage": "C:\\Users\\admin\\AppData\\Local\\Temp\\0024a6ba7d2ac5f385fd6cbe82410626.EXE",
    "EventData.Data.ParentProcessGuid": "{fe62ad40-152a-59f0-0000-001090ca0900}",
    "EventData.Data.ParentProcessId": "2808",
    "EventData.Data.Hashes": "MD5=485577648D9FBA07D9D8AA09B7BBBAFB,SHA256=40E16F0624A37253006406CD4C6B9B7435A16E37F5EBEA07A9BCCBF76C32A24C"
}
{
    "System.EventID.text": "Registry Value Set (13)",
    "System.TimeCreated.SystemTime": "2017-10-25 04:38:03.052374",
    "EventData.Data.TargetObject": "HKLM\\SOFTWARE\\Microsoft\\Windows\\CurrentVersion\\Run\\EUgUgAYs.exe",
    "EventData.Data.Details": "C:\\ProgramData\\JAsIssEI\\EUgUgAYs.exe"
}
{
    "System.EventID.text": "Network Connection (3)",
    "System.TimeCreated.SystemTime": "2017-10-25 04:38:11.847935",
    "EventData.Data.Protocol": "tcp",
    "EventData.Data.SourceIp": "192.168.50.146",
    "EventData.Data.SourcePort": "49706",
    "EventData.Data.DestinationIp": "172.217.3.206",
    "EventData.Data.DestinationPort": "80"
}
{
    "System.EventID.text": "Network Connection (3)",
    "System.TimeCreated.SystemTime": "2017-10-25 04:39:33.135576",
    "EventData.Data.Protocol": "tcp",
    "EventData.Data.SourceIp": "192.168.50.146",
    "EventData.Data.SourcePort": "49716",
    "EventData.Data.DestinationIp": "172.217.3.206",
    "EventData.Data.DestinationPort": "80"
}
{
    "System.EventID.text": "Network Connection (3)",
    "System.TimeCreated.SystemTime": "2017-10-25 04:41:00.809771",
    "EventData.Data.Protocol": "tcp",
    "EventData.Data.SourceIp": "192.168.50.146",
    "EventData.Data.SourcePort": "49719",
    "EventData.Data.DestinationIp": "172.217.3.174",
    "EventData.Data.DestinationPort": "80"
}
{
    "System.EventID.text": "Network Connection (3)",
    "System.TimeCreated.SystemTime": "2017-10-25 04:42:56.249491",
    "EventData.Data.Protocol": "tcp",
    "EventData.Data.SourceIp": "192.168.50.146",
    "EventData.Data.SourcePort": "49721",
    "EventData.Data.DestinationIp": "172.217.9.206",
    "EventData.Data.DestinationPort": "80"
}

{
    "System.EventID.text": "Process Create (1)",
    "System.TimeCreated.SystemTime": "2017-10-25 04:38:03.176697",
    "EventData.Data.Image": "C:\\Windows\\System32\\cmd.exe",
    "EventData.Data.CommandLine": "C:\\Windows\\system32\\cmd.exe /c \"C:\\Users\\admin\\AppData\\Local\\Temp\\0024a6ba7d2ac5f385fd6cbe82410626.EXE \"",
    "EventData.Data.ProcessGuid": "{fe62ad40-152b-59f0-0000-001085d50900}",
    "EventData.Data.ProcessId": "4692",
    "EventData.Data.LogonGuid": "{fe62ad40-1509-59f0-0000-0020e6560300}",
    "EventData.Data.ParentImage": "C:\\Users\\admin\\AppData\\Local\\Temp\\0024a6ba7d2ac5f385fd6cbe82410626.EXE",
    "EventData.Data.ParentProcessGuid": "{fe62ad40-152a-59f0-0000-001090ca0900}",
    "EventData.Data.ParentProcessId": "2808",
    "EventData.Data.Hashes": "MD5=8FAFBE3C23E2BE4D6A3C063118B9A4F2,SHA256=4C3EA4C44AAB74350355C419826B8C9E6172C3BD8F0BB5817ECF7BE50B629051"
}

{
    "System.EventID.text": "Process Create (1)",
    "System.TimeCreated.SystemTime": "2017-10-25 04:38:03.202597",
    "EventData.Data.Image": "C:\\Users\\admin\\AppData\\Local\\Temp\\0024a6ba7d2ac5f385fd6cbe82410626.EXE",
    "EventData.Data.CommandLine": "\"C:\\Users\\admin\\AppData\\Local\\Temp\\0024a6ba7d2ac5f385fd6cbe82410626.EXE \"",
    "EventData.Data.ProcessGuid": "{fe62ad40-152b-59f0-0000-00102ed70900}",
    "EventData.Data.ProcessId": "3972",
    "EventData.Data.LogonGuid": "{fe62ad40-1509-59f0-0000-0020e6560300}",
    "EventData.Data.ParentImage": "C:\\Windows\\System32\\cmd.exe",
    "EventData.Data.ParentProcessGuid": "{fe62ad40-152b-59f0-0000-001085d50900}",
    "EventData.Data.ParentProcessId": "4692",
    "EventData.Data.Hashes": "MD5=0024A6BA7D2AC5F385FD6CBE82410626,SHA256=A1A55A3CC7642F8B4B2A1CCAE021D92ADD7D7EBD73B354F52AC851A3274F4D56"
}
{
    "System.EventID.text": "File Create (11)",
    "System.TimeCreated.SystemTime": "2017-10-25 04:38:03.489883",
    "EventData.Data.TargetFilename": "C:\\Users\\admin\\AppData\\Local\\Temp\\pwwQcwMw.bat"
}

{
    "System.EventID.text": "File Create (11)",
    "System.TimeCreated.SystemTime": "2017-10-25 04:38:03.566738",
    "EventData.Data.TargetFilename": "C:\\Users\\admin\\AppData\\Local\\Temp\\DwYEEgIc.bat"
}
{
    "System.EventID.text": "Process Terminated (5)",
    "System.TimeCreated.SystemTime": "2017-10-25 04:38:03.599289"
}
{
    "System.EventID.text": "Process Create (1)",
    "System.TimeCreated.SystemTime": "2017-10-25 04:38:03.566628",
    "EventData.Data.Image": "C:\\Windows\\System32\\reg.exe",
    "EventData.Data.CommandLine": "reg add HKLM\\SOFTWARE\\Microsoft\\Windows\\CurrentVersion\\Policies\\System /v EnableLUA /d 0 /t REG_DWORD /f",
    "EventData.Data.ProcessGuid": "{fe62ad40-152b-59f0-0000-001035e60900}",
    "EventData.Data.ProcessId": "2376",
    "EventData.Data.LogonGuid": "{fe62ad40-1509-59f0-0000-0020e6560300}",
    "EventData.Data.ParentImage": "C:\\Users\\admin\\AppData\\Local\\Temp\\0024a6ba7d2ac5f385fd6cbe82410626.EXE",
    "EventData.Data.ParentProcessGuid": "{fe62ad40-152b-59f0-0000-00102ed70900}",
    "EventData.Data.ParentProcessId": "3972",
    "EventData.Data.Hashes": "MD5=EDE11E768487C6FEFC1287E5CB653662,SHA256=405A70C2B6081E6FED2A4BAB7B0C233FFF022ACBBB3D2CC92CB8876D052DB9E4"
}
{
    "System.EventID.text": "Registry Value Set (13)",
    "System.TimeCreated.SystemTime": "2017-10-25 04:38:03.682877",
    "EventData.Data.TargetObject": "HKLM\\SOFTWARE\\Microsoft\\Windows\\CurrentVersion\\Policies\\System\\EnableLUA",
    "EventData.Data.Details": "DWORD (0x00000000)"
}
{
    "System.EventID.text": "Process Create (1)",
    "System.TimeCreated.SystemTime": "2017-10-25 04:38:03.568268",
    "EventData.Data.Image": "C:\\Windows\\System32\\cmd.exe",
    "EventData.Data.CommandLine": "C:\\Windows\\system32\\cmd.exe /c \"\"C:\\Users\\admin\\AppData\\Local\\Temp\\DwYEEgIc.bat\" \"C:\\Users\\admin\\AppData\\Local\\Temp\\0024a6ba7d2ac5f385fd6cbe82410626.EXE\"\"",
    "EventData.Data.ProcessGuid": "{fe62ad40-152b-59f0-0000-001065e60900}",
    "EventData.Data.ProcessId": "5212",
    "EventData.Data.LogonGuid": "{fe62ad40-1509-59f0-0000-0020e6560300}",
    "EventData.Data.ParentImage": "C:\\Users\\admin\\AppData\\Local\\Temp\\0024a6ba7d2ac5f385fd6cbe82410626.EXE",
    "EventData.Data.ParentProcessGuid": "{fe62ad40-152b-59f0-0000-00102ed70900}",
    "EventData.Data.ParentProcessId": "3972",
    "EventData.Data.Hashes": "MD5=8FAFBE3C23E2BE4D6A3C063118B9A4F2,SHA256=4C3EA4C44AAB74350355C419826B8C9E6172C3BD8F0BB5817ECF7BE50B629051"
}
{
    "System.EventID.text": "File Create (11)",
    "System.TimeCreated.SystemTime": "2017-10-25 04:38:03.704824",
    "EventData.Data.TargetFilename": "C:\\Users\\admin\\AppData\\Local\\Temp\\file.vbs"
}
{
    "System.EventID.text": "Process Create (1)",
    "System.TimeCreated.SystemTime": "2017-10-25 04:38:03.710381",
    "EventData.Data.Image": "C:\\Windows\\System32\\cscript.exe",
    "EventData.Data.CommandLine": "cscript  C:\\Users\\admin\\AppData\\Local\\Temp/file.vbs",
    "EventData.Data.ProcessGuid": "{fe62ad40-152b-59f0-0000-001049f10900}",
    "EventData.Data.ProcessId": "5620",
    "EventData.Data.LogonGuid": "{fe62ad40-1509-59f0-0000-0020e6560300}",
    "EventData.Data.ParentImage": "C:\\Windows\\System32\\cmd.exe",
    "EventData.Data.ParentProcessGuid": "{fe62ad40-152b-59f0-0000-001065e60900}",
    "EventData.Data.ParentProcessId": "5212",
    "EventData.Data.Hashes": "MD5=103334EAB95F4D3A4E427F0627767292,SHA256=6BEEF60ACC61520B63B34A63166BFA1A82E9DA1EBFF736B547D9A64DE55DB637"
}
{
    "System.EventID.text": "Process Create (1)",
    "System.TimeCreated.SystemTime": "2017-10-25 04:38:02.428625",
    "EventData.Data.Image": "C:\\Windows\\System32\\timeout.exe",
    "EventData.Data.CommandLine": "TIMEOUT  /T 300",
    "EventData.Data.ProcessGuid": "{fe62ad40-152a-59f0-0000-0010dacc0900}",
    "EventData.Data.ProcessId": "2968",
    "EventData.Data.LogonGuid": "{fe62ad40-1509-59f0-0000-0020e6560300}",
    "EventData.Data.ParentImage": "C:\\Windows\\System32\\cmd.exe",
    "EventData.Data.ParentProcessGuid": "{fe62ad40-151f-59f0-0000-001075970900}",
    "EventData.Data.ParentProcessId": "5960",
    "EventData.Data.Hashes": "MD5=F2E867EF618CDEB4664AEFA78C9BC797,SHA256=35A2D2FC8F5B0BAF4DBC489ACD24229C0092FF56DEF50AA3E0043626BC25117F"
}
{
    "System.EventID.text": "Registry Value Set (13)",
    "System.TimeCreated.SystemTime": "2017-10-25 04:38:02.839771",
    "EventData.Data.TargetObject": "HKLM\\System\\CurrentControlSet\\Services\\PsAcgUUU\\Start",
    "EventData.Data.Details": "DWORD (0x00000002)"
}
{
    "System.EventID.text": "Registry Value Set (13)",
    "System.TimeCreated.SystemTime": "2017-10-25 04:38:02.840509",
    "EventData.Data.TargetObject": "HKLM\\System\\CurrentControlSet\\Services\\PsAcgUUU\\ImagePath",
    "EventData.Data.Details": "C:\\ProgramData\\pykEMEsI\\ykAYMkMA.exe"
}
{
    "System.EventID.text": "Process Create (1)",
    "System.TimeCreated.SystemTime": "2017-10-25 04:39:19.688406",
    "EventData.Data.Image": "C:\\Windows\\System32\\svchost.exe",
    "EventData.Data.CommandLine": "C:\\Windows\\System32\\svchost.exe -k NetworkService -p",
    "EventData.Data.ProcessGuid": "{fe62ad40-1577-59f0-0000-0010483b0d00}",
    "EventData.Data.ProcessId": "2584",
    "EventData.Data.LogonGuid": "{fe62ad40-1500-59f0-0000-0020e4030000}",
    "EventData.Data.ParentImage": "C:\\Windows\\System32\\services.exe",
    "EventData.Data.ParentProcessGuid": "{fe62ad40-1500-59f0-0000-00107c870000}",
    "EventData.Data.ParentProcessId": "812",
    "EventData.Data.Hashes": "MD5=15556928CB0E9F74F4036411D8CC111E,SHA256=1030CE4102DAC701FAB043E40444E8F6C96C8C04B5BD512A59E1A4999D22B38C"
}
{
    "System.EventID.text": "Process Create (1)",
    "System.TimeCreated.SystemTime": "2017-10-25 04:38:02.870890",
    "EventData.Data.Image": "C:\\ProgramData\\pykEMEsI\\ykAYMkMA.exe",
    "EventData.Data.CommandLine": "C:\\ProgramData\\pykEMEsI\\ykAYMkMA.exe",
    "EventData.Data.ProcessGuid": "{fe62ad40-152a-59f0-0000-0010e9d10900}",
    "EventData.Data.ProcessId": "2900",
    "EventData.Data.LogonGuid": "{fe62ad40-1500-59f0-0000-0020e7030000}",
    "EventData.Data.ParentImage": "C:\\Windows\\System32\\services.exe",
    "EventData.Data.ParentProcessGuid": "{fe62ad40-1500-59f0-0000-00107c870000}",
    "EventData.Data.ParentProcessId": "812",
    "EventData.Data.Hashes": "MD5=2CF2B35AE30EE4612878030C9F40BA4A,SHA256=606EC836D65ED3BF137594A63CC3D9F5677D116C1C5EF99F768109215F9ECDAB"
}
{
    "System.EventID.text": "Registry Value Set (13)",
    "System.TimeCreated.SystemTime": "2017-10-25 04:38:03.168686",
    "EventData.Data.TargetObject": "HKLM\\SOFTWARE\\Microsoft\\Windows\\CurrentVersion\\Run\\EUgUgAYs.exe",
    "EventData.Data.Details": "C:\\ProgramData\\JAsIssEI\\EUgUgAYs.exe"
}
{
    "System.EventID.text": "Registry Value Set (13)",
    "System.TimeCreated.SystemTime": "2017-10-25 04:39:16.697636",
    "EventData.Data.TargetObject": "HKLM\\SOFTWARE\\Microsoft\\Windows\\CurrentVersion\\Run\\EUgUgAYs.exe",
    "EventData.Data.Details": "C:\\ProgramData\\JAsIssEI\\EUgUgAYs.exe"
}
{
    "System.EventID.text": "Registry Value Set (13)",
    "System.TimeCreated.SystemTime": "2017-10-25 04:40:31.585112",
    "EventData.Data.TargetObject": "HKLM\\SOFTWARE\\Microsoft\\Windows\\CurrentVersion\\Run\\EUgUgAYs.exe",
    "EventData.Data.Details": "C:\\ProgramData\\JAsIssEI\\EUgUgAYs.exe"
}
{
    "System.EventID.text": "Registry Value Set (13)",
    "System.TimeCreated.SystemTime": "2017-10-25 04:41:47.948687",
    "EventData.Data.TargetObject": "HKLM\\SOFTWARE\\Microsoft\\Windows\\CurrentVersion\\Run\\EUgUgAYs.exe",
    "EventData.Data.Details": "C:\\ProgramData\\JAsIssEI\\EUgUgAYs.exe"
}