<Event xmlns='http://schemas.microsoft.com/win/2004/08/events/event'>
        <System>
            <Provider Name='Microsoft-Windows-Sysmon'
                      Guid='{5770385f-c22a-43e0-bf4c-06f5698ffbd9}'/>
            <EventID>3</EventID>
            <Version>5</Version>
            <Level>4</Level>
            <Task>3</Task>
            <Opcode>0</Opcode>
            <Keywords>0x8000000000000000</Keywords>
            <TimeCreated SystemTime='2022-04-17T13:22:15.9035623Z'/>
            <EventRecordID>45</EventRecordID>
            <Correlation/>
            <Execution ProcessID='11132' ThreadID='4936'/>
            <Channel>Microsoft-Windows-Sysmon/Operational</Channel>
            <Computer>N6</Computer>
            <Security UserID='S-1-5-18'/>
        </System>
        <EventData>
            <Data Name='RuleName'>-</Data>
            <Data Name='UtcTime'>2022-04-17 13:22:13.221</Data>
            <Data Name='ProcessGuid'>{f03562c7-122c-625c-2f15-000000004e00}</Data>
            <Data Name='ProcessId'>8564</Data>
            <Data Name='Image'>C:\Program Files (x86)\Google\Chrome\Application\chrome.exe</Data>
            <Data Name='User'>N6\vklevlanyk</Data>
            <Data Name='Protocol'>udp</Data>
            <Data Name='Initiated'>false</Data>
            <Data Name='SourceIsIpv6'>false</Data>
            <Data Name='SourceIp'>192.168.0.113</Data>
            <Data Name='SourceHostname'>N6.Home</Data>
            <Data Name='SourcePort'>56121</Data>
            <Data Name='SourcePortName'>-</Data>
            <Data Name='DestinationIsIpv6'>false</Data>
            <Data Name='DestinationIp'>192.168.0.105</Data>
            <Data Name='DestinationHostname'>-</Data>
            <Data Name='DestinationPort'>35291</Data>
            <Data Name='DestinationPortName'>-</Data>
        </EventData>
    </Event>
    <Event xmlns='http://schemas.microsoft.com/win/2004/08/events/event'>
        <System>
            <Provider Name='Microsoft-Windows-Sysmon'
                      Guid='{5770385f-c22a-43e0-bf4c-06f5698ffbd9}'/>
            <EventID>3</EventID>
            <Version>5</Version>
            <Level>4</Level>
            <Task>3</Task>
            <Opcode>0</Opcode>
            <Keywords>0x8000000000000000</Keywords>
            <TimeCreated SystemTime='2022-04-17T13:22:15.9035285Z'/>
            <EventRecordID>44</EventRecordID>
            <Correlation/>
            <Execution ProcessID='11132' ThreadID='4936'/>
            <Channel>Microsoft-Windows-Sysmon/Operational</Channel>
            <Computer>N6</Computer>
            <Security UserID='S-1-5-18'/>
        </System>
        <EventData>
            <Data Name='RuleName'>-</Data>
            <Data Name='UtcTime'>2022-04-17 13:22:13.215</Data>
            <Data Name='ProcessGuid'>{f03562c7-122c-625c-2f15-000000004e00}</Data>
            <Data Name='ProcessId'>8564</Data>
            <Data Name='Image'>C:\Program Files (x86)\Google\Chrome\Application\chrome.exe</Data>
            <Data Name='User'>N6\vklevlanyk</Data>
            <Data Name='Protocol'>udp</Data>
            <Data Name='Initiated'>true</Data>
            <Data Name='SourceIsIpv6'>false</Data>
            <Data Name='SourceIp'>192.168.0.113</Data>
            <Data Name='SourceHostname'>N6.Home</Data>
            <Data Name='SourcePort'>56121</Data>
            <Data Name='SourcePortName'>-</Data>
            <Data Name='DestinationIsIpv6'>false</Data>
            <Data Name='DestinationIp'>239.255.255.250</Data>
            <Data Name='DestinationHostname'>-</Data>
            <Data Name='DestinationPort'>1900</Data>
            <Data Name='DestinationPortName'>ssdp</Data>
        </EventData>
    </Event>
    <Event xmlns='http://schemas.microsoft.com/win/2004/08/events/event'>
        <System>
            <Provider Name='Microsoft-Windows-Sysmon'
                      Guid='{5770385f-c22a-43e0-bf4c-06f5698ffbd9}'/>
            <EventID>3</EventID>
            <Version>5</Version>
            <Level>4</Level>
            <Task>3</Task>
            <Opcode>0</Opcode>
            <Keywords>0x8000000000000000</Keywords>
            <TimeCreated SystemTime='2022-04-17T13:22:15.9034826Z'/>
            <EventRecordID>43</EventRecordID>
            <Correlation/>
            <Execution ProcessID='11132' ThreadID='4936'/>
            <Channel>Microsoft-Windows-Sysmon/Operational</Channel>
            <Computer>N6</Computer>
            <Security UserID='S-1-5-18'/>
        </System>
        <EventData>
            <Data Name='RuleName'>-</Data>
            <Data Name='UtcTime'>2022-04-17 13:22:13.215</Data>
            <Data Name='ProcessGuid'>{f03562c7-122c-625c-2f15-000000004e00}</Data>
            <Data Name='ProcessId'>8564</Data>
            <Data Name='Image'>C:\Program Files (x86)\Google\Chrome\Application\chrome.exe</Data>
            <Data Name='User'>N6\vklevlanyk</Data>
            <Data Name='Protocol'>udp</Data>
            <Data Name='Initiated'>true</Data>
            <Data Name='SourceIsIpv6'>false</Data>
            <Data Name='SourceIp'>192.168.0.95</Data>
            <Data Name='SourceHostname'>N6</Data>
            <Data Name='SourcePort'>56120</Data>
            <Data Name='SourcePortName'>-</Data>
            <Data Name='DestinationIsIpv6'>false</Data>
            <Data Name='DestinationIp'>239.255.255.250</Data>
            <Data Name='DestinationHostname'>-</Data>
            <Data Name='DestinationPort'>1900</Data>
            <Data Name='DestinationPortName'>ssdp</Data>
        </EventData>
    </Event>
    <Event xmlns='http://schemas.microsoft.com/win/2004/08/events/event'>
        <System>
            <Provider Name='Microsoft-Windows-Sysmon'
                      Guid='{5770385f-c22a-43e0-bf4c-06f5698ffbd9}'/>
            <EventID>5</EventID>
            <Version>3</Version>
            <Level>4</Level>
            <Task>5</Task>
            <Opcode>0</Opcode>
            <Keywords>0x8000000000000000</Keywords>
            <TimeCreated SystemTime='2022-04-17T13:22:15.8129980Z'/>
            <EventRecordID>42</EventRecordID>
            <Correlation/>
            <Execution ProcessID='11132' ThreadID='9816'/>
            <Channel>Microsoft-Windows-Sysmon/Operational</Channel>
            <Computer>N6</Computer>
            <Security UserID='S-1-5-18'/>
        </System>
        <EventData>
            <Data Name='RuleName'>-</Data>
            <Data Name='UtcTime'>2022-04-17 13:22:15.811</Data>
            <Data Name='ProcessGuid'>{f03562c7-147e-625c-9c15-000000004e00}</Data>
            <Data Name='ProcessId'>2960</Data>
            <Data Name='Image'>C:\Windows\System32\dllhost.exe</Data>
            <Data Name='User'>N6\vklevlanyk</Data>
        </EventData>
    </Event>
    <Event xmlns='http://schemas.microsoft.com/win/2004/08/events/event'>
        <System>
            <Provider Name='Microsoft-Windows-Sysmon'
                      Guid='{5770385f-c22a-43e0-bf4c-06f5698ffbd9}'/>
            <EventID>1</EventID>
            <Version>5</Version>
            <Level>4</Level>
            <Task>1</Task>
            <Opcode>0</Opcode>
            <Keywords>0x8000000000000000</Keywords>
            <TimeCreated SystemTime='2022-04-17T13:22:14.3097037Z'/>
            <EventRecordID>41</EventRecordID>
            <Correlation/>
            <Execution ProcessID='11132' ThreadID='9816'/>
            <Channel>Microsoft-Windows-Sysmon/Operational</Channel>
            <Computer>N6</Computer>
            <Security UserID='S-1-5-18'/>
        </System>
        <EventData>
            <Data Name='RuleName'>-</Data>
            <Data Name='UtcTime'>2022-04-17 13:22:14.258</Data>
            <Data Name='ProcessGuid'>{f03562c7-1486-625c-a015-000000004e00}</Data>
            <Data Name='ProcessId'>1436</Data>
            <Data Name='Image'>C:\Program Files (x86)\Google\Chrome\Application\chrome.exe</Data>
            <Data Name='FileVersion'>100.0.4896.88</Data>
            <Data Name='Description'>Google Chrome</Data>
            <Data Name='Product'>Google Chrome</Data>
            <Data Name='Company'>Google LLC</Data>
            <Data Name='OriginalFileName'>chrome.exe</Data>
            <Data Name='CommandLine'>"C:\Program Files (x86)\Google\Chrome\Application\chrome.exe"
                --type=utility --utility-sub-type=data_decoder.mojom.DataDecoderService --lang=en-US
                --service-sandbox-type=service --mojo-platform-channel-handle=7424
                --field-trial-handle=1740,i,17810624587649863403,11440549074176292568,131072
                /prefetch:8
            </Data>
            <Data Name='CurrentDirectory'>C:\Program Files
                (x86)\Google\Chrome\Application\100.0.4896.88\
            </Data>
            <Data Name='User'>N6\vklevlanyk</Data>
            <Data Name='LogonGuid'>{f03562c7-d938-625b-2d3d-d20700000000}</Data>
            <Data Name='LogonId'>0x7d23d2d</Data>
            <Data Name='TerminalSessionId'>4</Data>
            <Data Name='IntegrityLevel'>Low</Data>
            <Data Name='Hashes'>
                SHA256=E775078CD17E40277D9E6FEBF0B63D6320D4797098493E83F476DF41AE4D564C
            </Data>
            <Data Name='ParentProcessGuid'>{f03562c7-122c-625c-2f15-000000004e00}</Data>
            <Data Name='ParentProcessId'>8564</Data>
            <Data Name='ParentImage'>C:\Program Files (x86)\Google\Chrome\Application\chrome.exe
            </Data>
            <Data Name='ParentCommandLine'>"C:\Program Files
                (x86)\Google\Chrome\Application\chrome.exe"
            </Data>
            <Data Name='ParentUser'>N6\vklevlanyk</Data>
        </EventData>
    </Event>
    <Event xmlns='http://schemas.microsoft.com/win/2004/08/events/event'>
        <System>
            <Provider Name='Microsoft-Windows-Sysmon'
                      Guid='{5770385f-c22a-43e0-bf4c-06f5698ffbd9}'/>
            <EventID>5</EventID>
            <Version>3</Version>
            <Level>4</Level>
            <Task>5</Task>
            <Opcode>0</Opcode>
            <Keywords>0x8000000000000000</Keywords>
            <TimeCreated SystemTime='2022-04-17T13:22:11.5795222Z'/>
            <EventRecordID>40</EventRecordID>
            <Correlation/>
            <Execution ProcessID='11132' ThreadID='9816'/>
            <Channel>Microsoft-Windows-Sysmon/Operational</Channel>
            <Computer>N6</Computer>
            <Security UserID='S-1-5-18'/>
        </System>
        <EventData>
            <Data Name='RuleName'>-</Data>
            <Data Name='UtcTime'>2022-04-17 13:22:11.579</Data>
            <Data Name='ProcessGuid'>{f03562c7-1481-625c-9e15-000000004e00}</Data>
            <Data Name='ProcessId'>12980</Data>
            <Data Name='Image'>C:\Windows\System32\notepad.exe</Data>
            <Data Name='User'>N6\vklevlanyk</Data>
        </EventData>
    </Event>
    <Event xmlns='http://schemas.microsoft.com/win/2004/08/events/event'>
        <System>
            <Provider Name='Microsoft-Windows-Sysmon'
                      Guid='{5770385f-c22a-43e0-bf4c-06f5698ffbd9}'/>
            <EventID>3</EventID>
            <Version>5</Version>
            <Level>4</Level>
            <Task>3</Task>
            <Opcode>0</Opcode>
            <Keywords>0x8000000000000000</Keywords>
            <TimeCreated SystemTime='2022-04-17T13:22:10.9749076Z'/>
            <EventRecordID>39</EventRecordID>
            <Correlation/>
            <Execution ProcessID='11132' ThreadID='4936'/>
            <Channel>Microsoft-Windows-Sysmon/Operational</Channel>
            <Computer>N6</Computer>
            <Security UserID='S-1-5-18'/>
        </System>
        <EventData>
            <Data Name='RuleName'>-</Data>
            <Data Name='UtcTime'>2022-04-17 13:22:08.878</Data>
            <Data Name='ProcessGuid'>{f03562c7-5a33-6256-eb03-000000000000}</Data>
            <Data Name='ProcessId'>4</Data>
            <Data Name='Image'>System</Data>
            <Data Name='User'>NT AUTHORITY\SYSTEM</Data>
            <Data Name='Protocol'>udp</Data>
            <Data Name='Initiated'>false</Data>
            <Data Name='SourceIsIpv6'>false</Data>
            <Data Name='SourceIp'>192.168.0.255</Data>
            <Data Name='SourceHostname'>-</Data>
            <Data Name='SourcePort'>137</Data>
            <Data Name='SourcePortName'>netbios-ns</Data>
            <Data Name='DestinationIsIpv6'>false</Data>
            <Data Name='DestinationIp'>192.168.0.113</Data>
            <Data Name='DestinationHostname'>N6.Home</Data>
            <Data Name='DestinationPort'>137</Data>
            <Data Name='DestinationPortName'>netbios-ns</Data>
        </EventData>
    </Event>
    <Event xmlns='http://schemas.microsoft.com/win/2004/08/events/event'>
        <System>
            <Provider Name='Microsoft-Windows-Sysmon'
                      Guid='{5770385f-c22a-43e0-bf4c-06f5698ffbd9}'/>
            <EventID>3</EventID>
            <Version>5</Version>
            <Level>4</Level>
            <Task>3</Task>
            <Opcode>0</Opcode>
            <Keywords>0x8000000000000000</Keywords>
            <TimeCreated SystemTime='2022-04-17T13:22:10.9748756Z'/>
            <EventRecordID>38</EventRecordID>
            <Correlation/>
            <Execution ProcessID='11132' ThreadID='4936'/>
            <Channel>Microsoft-Windows-Sysmon/Operational</Channel>
            <Computer>N6</Computer>
            <Security UserID='S-1-5-18'/>
        </System>
        <EventData>
            <Data Name='RuleName'>-</Data>
            <Data Name='UtcTime'>2022-04-17 13:22:08.877</Data>
            <Data Name='ProcessGuid'>{f03562c7-5a33-6256-eb03-000000000000}</Data>
            <Data Name='ProcessId'>4</Data>
            <Data Name='Image'>System</Data>
            <Data Name='User'>NT AUTHORITY\SYSTEM</Data>
            <Data Name='Protocol'>udp</Data>
            <Data Name='Initiated'>true</Data>
            <Data Name='SourceIsIpv6'>false</Data>
            <Data Name='SourceIp'>192.168.0.113</Data>
            <Data Name='SourceHostname'>N6.Home</Data>
            <Data Name='SourcePort'>137</Data>
            <Data Name='SourcePortName'>netbios-ns</Data>
            <Data Name='DestinationIsIpv6'>false</Data>
            <Data Name='DestinationIp'>192.168.0.255</Data>
            <Data Name='DestinationHostname'>-</Data>
            <Data Name='DestinationPort'>137</Data>
            <Data Name='DestinationPortName'>netbios-ns</Data>
        </EventData>
    </Event>
    <Event xmlns='http://schemas.microsoft.com/win/2004/08/events/event'>
        <System>
            <Provider Name='Microsoft-Windows-Sysmon'
                      Guid='{5770385f-c22a-43e0-bf4c-06f5698ffbd9}'/>
            <EventID>1</EventID>
            <Version>5</Version>
            <Level>4</Level>
            <Task>1</Task>
            <Opcode>0</Opcode>
            <Keywords>0x8000000000000000</Keywords>
            <TimeCreated SystemTime='2022-04-17T13:22:09.4589817Z'/>
            <EventRecordID>37</EventRecordID>
            <Correlation/>
            <Execution ProcessID='11132' ThreadID='9816'/>
            <Channel>Microsoft-Windows-Sysmon/Operational</Channel>
            <Computer>N6</Computer>
            <Security UserID='S-1-5-18'/>
        </System>
        <EventData>
            <Data Name='RuleName'>-</Data>
            <Data Name='UtcTime'>2022-04-17 13:22:09.453</Data>
            <Data Name='ProcessGuid'>{f03562c7-1481-625c-9f15-000000004e00}</Data>
            <Data Name='ProcessId'>11060</Data>
            <Data Name='Image'>C:\Windows\System32\SearchProtocolHost.exe</Data>
            <Data Name='FileVersion'>7.0.19041.1620 (WinBuild.160101.0800)</Data>
            <Data Name='Description'>Microsoft Windows Search Protocol Host</Data>
            <Data Name='Product'>Windows® Search</Data>
            <Data Name='Company'>Microsoft Corporation</Data>
            <Data Name='OriginalFileName'>SearchProtocolHost.exe</Data>
            <Data Name='CommandLine'>"C:\WINDOWS\system32\SearchProtocolHost.exe"
                Global\UsGthrFltPipeMssGthrPipe_S-1-5-21-393072776-1733975334-4166171790-100313_
                Global\UsGthrCtrlFltPipeMssGthrPipe_S-1-5-21-393072776-1733975334-4166171790-100313
                1 -2147483646 "Software\Microsoft\Windows Search" "Mozilla/4.0 (compatible; MSIE
                6.0; Windows NT; MS Search 4.0 Robot)"
                "C:\ProgramData\Microsoft\Search\Data\Temp\usgthrsvc" "DownLevelDaemon" "1"
            </Data>
            <Data Name='CurrentDirectory'>C:\WINDOWS\system32\</Data>
            <Data Name='User'>N6\vklevlanyk</Data>
            <Data Name='LogonGuid'>{f03562c7-d938-625b-2d3d-d20700000000}</Data>
            <Data Name='LogonId'>0x7d23d2d</Data>
            <Data Name='TerminalSessionId'>4</Data>
            <Data Name='IntegrityLevel'>Medium</Data>
            <Data Name='Hashes'>
                SHA256=7297E82A25A4ED4F967766C6FE2DA8DEAA2293AC5C3D82308EDDC154CA0A0203
            </Data>
            <Data Name='ParentProcessGuid'>{f03562c7-d62d-6259-cc11-000000004e00}</Data>
            <Data Name='ParentProcessId'>6948</Data>
            <Data Name='ParentImage'>C:\Windows\System32\SearchIndexer.exe</Data>
            <Data Name='ParentCommandLine'>C:\WINDOWS\system32\SearchIndexer.exe /Embedding</Data>
            <Data Name='ParentUser'>NT AUTHORITY\SYSTEM</Data>
        </EventData>
    </Event>
    <Event xmlns='http://schemas.microsoft.com/win/2004/08/events/event'>
        <System>
            <Provider Name='Microsoft-Windows-Sysmon'
                      Guid='{5770385f-c22a-43e0-bf4c-06f5698ffbd9}'/>
            <EventID>1</EventID>
            <Version>5</Version>
            <Level>4</Level>
            <Task>1</Task>
            <Opcode>0</Opcode>
            <Keywords>0x8000000000000000</Keywords>
            <TimeCreated SystemTime='2022-04-17T13:22:09.2472562Z'/>
            <EventRecordID>36</EventRecordID>
            <Correlation/>
            <Execution ProcessID='11132' ThreadID='9816'/>
            <Channel>Microsoft-Windows-Sysmon/Operational</Channel>
            <Computer>N6</Computer>
            <Security UserID='S-1-5-18'/>
        </System>
        <EventData>
            <Data Name='RuleName'>-</Data>
            <Data Name='UtcTime'>2022-04-17 13:22:09.243</Data>
            <Data Name='ProcessGuid'>{f03562c7-1481-625c-9e15-000000004e00}</Data>
            <Data Name='ProcessId'>12980</Data>
            <Data Name='Image'>C:\Windows\System32\notepad.exe</Data>
            <Data Name='FileVersion'>10.0.19041.1566 (WinBuild.160101.0800)</Data>
            <Data Name='Description'>Notepad</Data>
            <Data Name='Product'>Microsoft® Windows® Operating System</Data>
            <Data Name='Company'>Microsoft Corporation</Data>
            <Data Name='OriginalFileName'>NOTEPAD.EXE</Data>
            <Data Name='CommandLine'>"C:\WINDOWS\system32\NOTEPAD.EXE"
                C:\Users\vklevlanyk\Desktop\10.txt
            </Data>
            <Data Name='CurrentDirectory'>C:\Users\vklevlanyk\Desktop\</Data>
            <Data Name='User'>N6\vklevlanyk</Data>
            <Data Name='LogonGuid'>{f03562c7-d938-625b-2d3d-d20700000000}</Data>
            <Data Name='LogonId'>0x7d23d2d</Data>
            <Data Name='TerminalSessionId'>4</Data>
            <Data Name='IntegrityLevel'>Medium</Data>
            <Data Name='Hashes'>
                SHA256=371106996A6FF4700C8BFBFBC6D4E6F39CFA5C6691EDC15223F680B49E5B0657
            </Data>
            <Data Name='ParentProcessGuid'>{f03562c7-d939-625b-8a12-000000004e00}</Data>
            <Data Name='ParentProcessId'>8964</Data>
            <Data Name='ParentImage'>C:\Windows\explorer.exe</Data>
            <Data Name='ParentCommandLine'>C:\WINDOWS\Explorer.EXE</Data>
            <Data Name='ParentUser'>N6\vklevlanyk</Data>
        </EventData>
    </Event>
    <Event xmlns='http://schemas.microsoft.com/win/2004/08/events/event'>
        <System>
            <Provider Name='Microsoft-Windows-Sysmon'
                      Guid='{5770385f-c22a-43e0-bf4c-06f5698ffbd9}'/>
            <EventID>1</EventID>
            <Version>5</Version>
            <Level>4</Level>
            <Task>1</Task>
            <Opcode>0</Opcode>
            <Keywords>0x8000000000000000</Keywords>
            <TimeCreated SystemTime='2022-04-17T13:22:08.4019371Z'/>
            <EventRecordID>35</EventRecordID>
            <Correlation/>
            <Execution ProcessID='11132' ThreadID='9816'/>
            <Channel>Microsoft-Windows-Sysmon/Operational</Channel>
            <Computer>N6</Computer>
            <Security UserID='S-1-5-18'/>
        </System>
        <EventData>
            <Data Name='RuleName'>-</Data>
            <Data Name='UtcTime'>2022-04-17 13:22:08.396</Data>
            <Data Name='ProcessGuid'>{f03562c7-1480-625c-9d15-000000004e00}</Data>
            <Data Name='ProcessId'>16748</Data>
            <Data Name='Image'>C:\Windows\System32\SearchFilterHost.exe</Data>
            <Data Name='FileVersion'>7.0.19041.1620 (WinBuild.160101.0800)</Data>
            <Data Name='Description'>Microsoft Windows Search Filter Host</Data>
            <Data Name='Product'>Windows® Search</Data>
            <Data Name='Company'>Microsoft Corporation</Data>
            <Data Name='OriginalFileName'>SearchFilterHost.exe</Data>
            <Data Name='CommandLine'>"C:\WINDOWS\system32\SearchFilterHost.exe" 0 808 812 820 8192
                816 792
            </Data>
            <Data Name='CurrentDirectory'>C:\WINDOWS\system32\</Data>
            <Data Name='User'>NT AUTHORITY\SYSTEM</Data>
            <Data Name='LogonGuid'>{f03562c7-5a35-6256-e703-000000000000}</Data>
            <Data Name='LogonId'>0x3e7</Data>
            <Data Name='TerminalSessionId'>0</Data>
            <Data Name='IntegrityLevel'>Medium</Data>
            <Data Name='Hashes'>
                SHA256=3E43B8605B1B2495FE90A43856AA9A63030955936A828BE395578CBB6F2864F4
            </Data>
            <Data Name='ParentProcessGuid'>{f03562c7-d62d-6259-cc11-000000004e00}</Data>
            <Data Name='ParentProcessId'>6948</Data>
            <Data Name='ParentImage'>C:\Windows\System32\SearchIndexer.exe</Data>
            <Data Name='ParentCommandLine'>C:\WINDOWS\system32\SearchIndexer.exe /Embedding</Data>
            <Data Name='ParentUser'>NT AUTHORITY\SYSTEM</Data>
        </EventData>
    </Event>
    <Event xmlns='http://schemas.microsoft.com/win/2004/08/events/event'>
        <System>
            <Provider Name='Microsoft-Windows-Sysmon'
                      Guid='{5770385f-c22a-43e0-bf4c-06f5698ffbd9}'/>
            <EventID>3</EventID>
            <Version>5</Version>
            <Level>4</Level>
            <Task>3</Task>
            <Opcode>0</Opcode>
            <Keywords>0x8000000000000000</Keywords>
            <TimeCreated SystemTime='2022-04-17T13:22:07.9012793Z'/>
            <EventRecordID>34</EventRecordID>
            <Correlation/>
            <Execution ProcessID='11132' ThreadID='4936'/>
            <Channel>Microsoft-Windows-Sysmon/Operational</Channel>
            <Computer>N6</Computer>
            <Security UserID='S-1-5-18'/>
        </System>
        <EventData>
            <Data Name='RuleName'>-</Data>
            <Data Name='UtcTime'>2022-04-17 13:22:06.612</Data>
            <Data Name='ProcessGuid'>{f03562c7-5a33-6256-eb03-000000000000}</Data>
            <Data Name='ProcessId'>4</Data>
            <Data Name='Image'>System</Data>
            <Data Name='User'>NT AUTHORITY\SYSTEM</Data>
            <Data Name='Protocol'>udp</Data>
            <Data Name='Initiated'>false</Data>
            <Data Name='SourceIsIpv6'>false</Data>
            <Data Name='SourceIp'>192.168.0.255</Data>
            <Data Name='SourceHostname'>-</Data>
            <Data Name='SourcePort'>137</Data>
            <Data Name='SourcePortName'>netbios-ns</Data>
            <Data Name='DestinationIsIpv6'>false</Data>
            <Data Name='DestinationIp'>192.168.0.95</Data>
            <Data Name='DestinationHostname'>N6</Data>
            <Data Name='DestinationPort'>137</Data>
            <Data Name='DestinationPortName'>netbios-ns</Data>
        </EventData>
    </Event>
    <Event xmlns='http://schemas.microsoft.com/win/2004/08/events/event'>
        <System>
            <Provider Name='Microsoft-Windows-Sysmon'
                      Guid='{5770385f-c22a-43e0-bf4c-06f5698ffbd9}'/>
            <EventID>3</EventID>
            <Version>5</Version>
            <Level>4</Level>
            <Task>3</Task>
            <Opcode>0</Opcode>
            <Keywords>0x8000000000000000</Keywords>
            <TimeCreated SystemTime='2022-04-17T13:22:07.9012511Z'/>
            <EventRecordID>33</EventRecordID>
            <Correlation/>
            <Execution ProcessID='11132' ThreadID='4936'/>
            <Channel>Microsoft-Windows-Sysmon/Operational</Channel>
            <Computer>N6</Computer>
            <Security UserID='S-1-5-18'/>
        </System>
        <EventData>
            <Data Name='RuleName'>-</Data>
            <Data Name='UtcTime'>2022-04-17 13:22:06.612</Data>
            <Data Name='ProcessGuid'>{f03562c7-5a33-6256-eb03-000000000000}</Data>
            <Data Name='ProcessId'>4</Data>
            <Data Name='Image'>System</Data>
            <Data Name='User'>NT AUTHORITY\SYSTEM</Data>
            <Data Name='Protocol'>udp</Data>
            <Data Name='Initiated'>true</Data>
            <Data Name='SourceIsIpv6'>false</Data>
            <Data Name='SourceIp'>192.168.0.95</Data>
            <Data Name='SourceHostname'>N6</Data>
            <Data Name='SourcePort'>137</Data>
            <Data Name='SourcePortName'>netbios-ns</Data>
            <Data Name='DestinationIsIpv6'>false</Data>
            <Data Name='DestinationIp'>192.168.0.255</Data>
            <Data Name='DestinationHostname'>-</Data>
            <Data Name='DestinationPort'>137</Data>
            <Data Name='DestinationPortName'>netbios-ns</Data>
        </EventData>
    </Event>
    <Event xmlns='http://schemas.microsoft.com/win/2004/08/events/event'>
        <System>
            <Provider Name='Microsoft-Windows-Sysmon'
                      Guid='{5770385f-c22a-43e0-bf4c-06f5698ffbd9}'/>
            <EventID>5</EventID>
            <Version>3</Version>
            <Level>4</Level>
            <Task>5</Task>
            <Opcode>0</Opcode>
            <Keywords>0x8000000000000000</Keywords>
            <TimeCreated SystemTime='2022-04-17T13:22:07.6714190Z'/>
            <EventRecordID>32</EventRecordID>
            <Correlation/>
            <Execution ProcessID='11132' ThreadID='9816'/>
            <Channel>Microsoft-Windows-Sysmon/Operational</Channel>
            <Computer>N6</Computer>
            <Security UserID='S-1-5-18'/>
        </System>
        <EventData>
            <Data Name='RuleName'>-</Data>
            <Data Name='UtcTime'>2022-04-17 13:22:07.670</Data>
            <Data Name='ProcessGuid'>{f03562c7-13d8-625c-8615-000000004e00}</Data>
            <Data Name='ProcessId'>4220</Data>
            <Data Name='Image'>C:\Windows\System32\SearchFilterHost.exe</Data>
            <Data Name='User'>NT AUTHORITY\SYSTEM</Data>
        </EventData>
    </Event>
    <Event xmlns='http://schemas.microsoft.com/win/2004/08/events/event'>
        <System>
            <Provider Name='Microsoft-Windows-Sysmon'
                      Guid='{5770385f-c22a-43e0-bf4c-06f5698ffbd9}'/>
            <EventID>3</EventID>
            <Version>5</Version>
            <Level>4</Level>
            <Task>3</Task>
            <Opcode>0</Opcode>
            <Keywords>0x8000000000000000</Keywords>
            <TimeCreated SystemTime='2022-04-17T13:22:06.8778459Z'/>
            <EventRecordID>31</EventRecordID>
            <Correlation/>
            <Execution ProcessID='11132' ThreadID='4936'/>
            <Channel>Microsoft-Windows-Sysmon/Operational</Channel>
            <Computer>N6</Computer>
            <Security UserID='S-1-5-18'/>
        </System>
        <EventData>
            <Data Name='RuleName'>-</Data>
            <Data Name='UtcTime'>2022-04-17 13:22:03.730</Data>
            <Data Name='ProcessGuid'>{f03562c7-122c-625c-3215-000000004e00}</Data>
            <Data Name='ProcessId'>10684</Data>
            <Data Name='Image'>C:\Program Files (x86)\Google\Chrome\Application\chrome.exe</Data>
            <Data Name='User'>N6\vklevlanyk</Data>
            <Data Name='Protocol'>tcp</Data>
            <Data Name='Initiated'>true</Data>
            <Data Name='SourceIsIpv6'>false</Data>
            <Data Name='SourceIp'>192.168.0.113</Data>
            <Data Name='SourceHostname'>N6.Home</Data>
            <Data Name='SourcePort'>54849</Data>
            <Data Name='SourcePortName'>-</Data>
            <Data Name='DestinationIsIpv6'>false</Data>
            <Data Name='DestinationIp'>192.168.0.105</Data>
            <Data Name='DestinationHostname'>-</Data>
            <Data Name='DestinationPort'>8009</Data>
            <Data Name='DestinationPortName'>-</Data>
        </EventData>
    </Event>
    <Event xmlns='http://schemas.microsoft.com/win/2004/08/events/event'>
        <System>
            <Provider Name='Microsoft-Windows-Sysmon'
                      Guid='{5770385f-c22a-43e0-bf4c-06f5698ffbd9}'/>
            <EventID>3</EventID>
            <Version>5</Version>
            <Level>4</Level>
            <Task>3</Task>
            <Opcode>0</Opcode>
            <Keywords>0x8000000000000000</Keywords>
            <TimeCreated SystemTime='2022-04-17T13:22:06.8778255Z'/>
            <EventRecordID>30</EventRecordID>
            <Correlation/>
            <Execution ProcessID='11132' ThreadID='4936'/>
            <Channel>Microsoft-Windows-Sysmon/Operational</Channel>
            <Computer>N6</Computer>
            <Security UserID='S-1-5-18'/>
        </System>
        <EventData>
            <Data Name='RuleName'>-</Data>
            <Data Name='UtcTime'>2022-04-17 13:22:03.720</Data>
            <Data Name='ProcessGuid'>{f03562c7-122c-625c-3215-000000004e00}</Data>
            <Data Name='ProcessId'>10684</Data>
            <Data Name='Image'>C:\Program Files (x86)\Google\Chrome\Application\chrome.exe</Data>
            <Data Name='User'>N6\vklevlanyk</Data>
            <Data Name='Protocol'>tcp</Data>
            <Data Name='Initiated'>true</Data>
            <Data Name='SourceIsIpv6'>false</Data>
            <Data Name='SourceIp'>192.168.0.113</Data>
            <Data Name='SourceHostname'>N6.Home</Data>
            <Data Name='SourcePort'>54846</Data>
            <Data Name='SourcePortName'>-</Data>
            <Data Name='DestinationIsIpv6'>false</Data>
            <Data Name='DestinationIp'>192.168.0.105</Data>
            <Data Name='DestinationHostname'>-</Data>
            <Data Name='DestinationPort'>8009</Data>
            <Data Name='DestinationPortName'>-</Data>
        </EventData>
    </Event>
    <Event xmlns='http://schemas.microsoft.com/win/2004/08/events/event'>
        <System>
            <Provider Name='Microsoft-Windows-Sysmon'
                      Guid='{5770385f-c22a-43e0-bf4c-06f5698ffbd9}'/>
            <EventID>1</EventID>
            <Version>5</Version>
            <Level>4</Level>
            <Task>1</Task>
            <Opcode>0</Opcode>
            <Keywords>0x8000000000000000</Keywords>
            <TimeCreated SystemTime='2022-04-17T13:22:06.6184397Z'/>
            <EventRecordID>29</EventRecordID>
            <Correlation/>
            <Execution ProcessID='11132' ThreadID='9816'/>
            <Channel>Microsoft-Windows-Sysmon/Operational</Channel>
            <Computer>N6</Computer>
            <Security UserID='S-1-5-18'/>
        </System>
        <EventData>
            <Data Name='RuleName'>-</Data>
            <Data Name='UtcTime'>2022-04-17 13:22:06.615</Data>
            <Data Name='ProcessGuid'>{f03562c7-147e-625c-9c15-000000004e00}</Data>
            <Data Name='ProcessId'>2960</Data>
            <Data Name='Image'>C:\Windows\System32\dllhost.exe</Data>
            <Data Name='FileVersion'>10.0.19041.546 (WinBuild.160101.0800)</Data>
            <Data Name='Description'>COM Surrogate</Data>
            <Data Name='Product'>Microsoft® Windows® Operating System</Data>
            <Data Name='Company'>Microsoft Corporation</Data>
            <Data Name='OriginalFileName'>dllhost.exe</Data>
            <Data Name='CommandLine'>C:\WINDOWS\system32\DllHost.exe
                /Processid:{AB8902B4-09CA-4BB6-B78D-A8F59079A8D5}
            </Data>
            <Data Name='CurrentDirectory'>C:\WINDOWS\system32\</Data>
            <Data Name='User'>N6\vklevlanyk</Data>
            <Data Name='LogonGuid'>{f03562c7-d938-625b-2d3d-d20700000000}</Data>
            <Data Name='LogonId'>0x7d23d2d</Data>
            <Data Name='TerminalSessionId'>4</Data>
            <Data Name='IntegrityLevel'>Medium</Data>
            <Data Name='Hashes'>
                SHA256=E7FC40B41AA8B83841A0B96D169EAF0800AA784733E636935374D56536253F10
            </Data>
            <Data Name='ParentProcessGuid'>{f03562c7-5a35-6256-0d00-000000004e00}</Data>
            <Data Name='ParentProcessId'>1164</Data>
            <Data Name='ParentImage'>C:\Windows\System32\svchost.exe</Data>
            <Data Name='ParentCommandLine'>C:\WINDOWS\system32\svchost.exe -k DcomLaunch -p</Data>
            <Data Name='ParentUser'>NT AUTHORITY\SYSTEM</Data>
        </EventData>
    </Event>
    <Event xmlns='http://schemas.microsoft.com/win/2004/08/events/event'>
        <System>
            <Provider Name='Microsoft-Windows-Sysmon'
                      Guid='{5770385f-c22a-43e0-bf4c-06f5698ffbd9}'/>
            <EventID>3</EventID>
            <Version>5</Version>
            <Level>4</Level>
            <Task>3</Task>
            <Opcode>0</Opcode>
            <Keywords>0x8000000000000000</Keywords>
            <TimeCreated SystemTime='2022-04-17T13:22:03.8075969Z'/>
            <EventRecordID>28</EventRecordID>
            <Correlation/>
            <Execution ProcessID='11132' ThreadID='4936'/>
            <Channel>Microsoft-Windows-Sysmon/Operational</Channel>
            <Computer>N6</Computer>
            <Security UserID='S-1-5-18'/>
        </System>
        <EventData>
            <Data Name='RuleName'>-</Data>
            <Data Name='UtcTime'>2022-04-17 13:22:01.685</Data>
            <Data Name='ProcessGuid'>{f03562c7-5a33-6256-eb03-000000000000}</Data>
            <Data Name='ProcessId'>4</Data>
            <Data Name='Image'>System</Data>
            <Data Name='User'>NT AUTHORITY\SYSTEM</Data>
            <Data Name='Protocol'>udp</Data>
            <Data Name='Initiated'>true</Data>
            <Data Name='SourceIsIpv6'>false</Data>
            <Data Name='SourceIp'>192.168.0.113</Data>
            <Data Name='SourceHostname'>N6.Home</Data>
            <Data Name='SourcePort'>137</Data>
            <Data Name='SourcePortName'>netbios-ns</Data>
            <Data Name='DestinationIsIpv6'>false</Data>
            <Data Name='DestinationIp'>192.168.0.105</Data>
            <Data Name='DestinationHostname'>-</Data>
            <Data Name='DestinationPort'>137</Data>
            <Data Name='DestinationPortName'>netbios-ns</Data>
        </EventData>
    </Event>
    <Event xmlns='http://schemas.microsoft.com/win/2004/08/events/event'>
        <System>
            <Provider Name='Microsoft-Windows-Sysmon'
                      Guid='{5770385f-c22a-43e0-bf4c-06f5698ffbd9}'/>
            <EventID>3</EventID>
            <Version>5</Version>
            <Level>4</Level>
            <Task>3</Task>
            <Opcode>0</Opcode>
            <Keywords>0x8000000000000000</Keywords>
            <TimeCreated SystemTime='2022-04-17T13:22:03.8075853Z'/>
            <EventRecordID>27</EventRecordID>
            <Correlation/>
            <Execution ProcessID='11132' ThreadID='4936'/>
            <Channel>Microsoft-Windows-Sysmon/Operational</Channel>
            <Computer>N6</Computer>
            <Security UserID='S-1-5-18'/>
        </System>
        <EventData>
            <Data Name='RuleName'>-</Data>
            <Data Name='UtcTime'>2022-04-17 13:22:01.675</Data>
            <Data Name='ProcessGuid'>{f03562c7-5a33-6256-eb03-000000000000}</Data>
            <Data Name='ProcessId'>4</Data>
            <Data Name='Image'>System</Data>
            <Data Name='User'>NT AUTHORITY\SYSTEM</Data>
            <Data Name='Protocol'>udp</Data>
            <Data Name='Initiated'>true</Data>
            <Data Name='SourceIsIpv6'>false</Data>
            <Data Name='SourceIp'>192.168.0.95</Data>
            <Data Name='SourceHostname'>N6</Data>
            <Data Name='SourcePort'>137</Data>
            <Data Name='SourcePortName'>netbios-ns</Data>
            <Data Name='DestinationIsIpv6'>false</Data>
            <Data Name='DestinationIp'>192.168.0.105</Data>
            <Data Name='DestinationHostname'>-</Data>
            <Data Name='DestinationPort'>137</Data>
            <Data Name='DestinationPortName'>netbios-ns</Data>
        </EventData>
    </Event>
    <Event xmlns='http://schemas.microsoft.com/win/2004/08/events/event'>
        <System>
            <Provider Name='Microsoft-Windows-Sysmon'
                      Guid='{5770385f-c22a-43e0-bf4c-06f5698ffbd9}'/>
            <EventID>3</EventID>
            <Version>5</Version>
            <Level>4</Level>
            <Task>3</Task>
            <Opcode>0</Opcode>
            <Keywords>0x8000000000000000</Keywords>
            <TimeCreated SystemTime='2022-04-17T13:22:02.7780181Z'/>
            <EventRecordID>26</EventRecordID>
            <Correlation/>
            <Execution ProcessID='11132' ThreadID='4936'/>
            <Channel>Microsoft-Windows-Sysmon/Operational</Channel>
            <Computer>N6</Computer>
            <Security UserID='S-1-5-18'/>
        </System>
        <EventData>
            <Data Name='RuleName'>-</Data>
            <Data Name='UtcTime'>2022-04-17 13:22:00.694</Data>
            <Data Name='ProcessGuid'>{f03562c7-5a33-6256-eb03-000000000000}</Data>
            <Data Name='ProcessId'>4</Data>
            <Data Name='Image'>System</Data>
            <Data Name='User'>NT AUTHORITY\SYSTEM</Data>
            <Data Name='Protocol'>udp</Data>
            <Data Name='Initiated'>true</Data>
            <Data Name='SourceIsIpv6'>false</Data>
            <Data Name='SourceIp'>192.168.0.113</Data>
            <Data Name='SourceHostname'>N6.Home</Data>
            <Data Name='SourcePort'>137</Data>
            <Data Name='SourcePortName'>netbios-ns</Data>
            <Data Name='DestinationIsIpv6'>false</Data>
            <Data Name='DestinationIp'>224.0.0.251</Data>
            <Data Name='DestinationHostname'>-</Data>
            <Data Name='DestinationPort'>137</Data>
            <Data Name='DestinationPortName'>netbios-ns</Data>
        </EventData>
    </Event>
    <Event xmlns='http://schemas.microsoft.com/win/2004/08/events/event'>
        <System>
            <Provider Name='Microsoft-Windows-Sysmon'
                      Guid='{5770385f-c22a-43e0-bf4c-06f5698ffbd9}'/>
            <EventID>3</EventID>
            <Version>5</Version>
            <Level>4</Level>
            <Task>3</Task>
            <Opcode>0</Opcode>
            <Keywords>0x8000000000000000</Keywords>
            <TimeCreated SystemTime='2022-04-17T13:22:02.7780020Z'/>
            <EventRecordID>25</EventRecordID>
            <Correlation/>
            <Execution ProcessID='11132' ThreadID='4936'/>
            <Channel>Microsoft-Windows-Sysmon/Operational</Channel>
            <Computer>N6</Computer>
            <Security UserID='S-1-5-18'/>
        </System>
        <EventData>
            <Data Name='RuleName'>-</Data>
            <Data Name='UtcTime'>2022-04-17 13:22:00.685</Data>
            <Data Name='ProcessGuid'>{f03562c7-5a33-6256-eb03-000000000000}</Data>
            <Data Name='ProcessId'>4</Data>
            <Data Name='Image'>System</Data>
            <Data Name='User'>NT AUTHORITY\SYSTEM</Data>
            <Data Name='Protocol'>udp</Data>
            <Data Name='Initiated'>true</Data>
            <Data Name='SourceIsIpv6'>false</Data>
            <Data Name='SourceIp'>192.168.0.113</Data>
            <Data Name='SourceHostname'>N6.Home</Data>
            <Data Name='SourcePort'>137</Data>
            <Data Name='SourcePortName'>netbios-ns</Data>
            <Data Name='DestinationIsIpv6'>false</Data>
            <Data Name='DestinationIp'>192.168.0.104</Data>
            <Data Name='DestinationHostname'>-</Data>
            <Data Name='DestinationPort'>137</Data>
            <Data Name='DestinationPortName'>netbios-ns</Data>
        </EventData>
    </Event>
    <Event xmlns='http://schemas.microsoft.com/win/2004/08/events/event'>
        <System>
            <Provider Name='Microsoft-Windows-Sysmon'
                      Guid='{5770385f-c22a-43e0-bf4c-06f5698ffbd9}'/>
            <EventID>3</EventID>
            <Version>5</Version>
            <Level>4</Level>
            <Task>3</Task>
            <Opcode>0</Opcode>
            <Keywords>0x8000000000000000</Keywords>
            <TimeCreated SystemTime='2022-04-17T13:22:02.7779845Z'/>
            <EventRecordID>24</EventRecordID>
            <Correlation/>
            <Execution ProcessID='11132' ThreadID='4936'/>
            <Channel>Microsoft-Windows-Sysmon/Operational</Channel>
            <Computer>N6</Computer>
            <Security UserID='S-1-5-18'/>
        </System>
        <EventData>
            <Data Name='RuleName'>-</Data>
            <Data Name='UtcTime'>2022-04-17 13:22:00.674</Data>
            <Data Name='ProcessGuid'>{f03562c7-5a33-6256-eb03-000000000000}</Data>
            <Data Name='ProcessId'>4</Data>
            <Data Name='Image'>System</Data>
            <Data Name='User'>NT AUTHORITY\SYSTEM</Data>
            <Data Name='Protocol'>udp</Data>
            <Data Name='Initiated'>true</Data>
            <Data Name='SourceIsIpv6'>false</Data>
            <Data Name='SourceIp'>192.168.0.95</Data>
            <Data Name='SourceHostname'>N6</Data>
            <Data Name='SourcePort'>137</Data>
            <Data Name='SourcePortName'>netbios-ns</Data>
            <Data Name='DestinationIsIpv6'>false</Data>
            <Data Name='DestinationIp'>192.168.0.104</Data>
            <Data Name='DestinationHostname'>-</Data>
            <Data Name='DestinationPort'>137</Data>
            <Data Name='DestinationPortName'>netbios-ns</Data>
        </EventData>
    </Event>
    <Event xmlns='http://schemas.microsoft.com/win/2004/08/events/event'>
        <System>
            <Provider Name='Microsoft-Windows-Sysmon'
                      Guid='{5770385f-c22a-43e0-bf4c-06f5698ffbd9}'/>
            <EventID>3</EventID>
            <Version>5</Version>
            <Level>4</Level>
            <Task>3</Task>
            <Opcode>0</Opcode>
            <Keywords>0x8000000000000000</Keywords>
            <TimeCreated SystemTime='2022-04-17T13:22:02.7779548Z'/>
            <EventRecordID>23</EventRecordID>
            <Correlation/>
            <Execution ProcessID='11132' ThreadID='4936'/>
            <Channel>Microsoft-Windows-Sysmon/Operational</Channel>
            <Computer>N6</Computer>
            <Security UserID='S-1-5-18'/>
        </System>
        <EventData>
            <Data Name='RuleName'>-</Data>
            <Data Name='UtcTime'>2022-04-17 13:22:00.674</Data>
            <Data Name='ProcessGuid'>{f03562c7-5a33-6256-eb03-000000000000}</Data>
            <Data Name='ProcessId'>4</Data>
            <Data Name='Image'>System</Data>
            <Data Name='User'>NT AUTHORITY\SYSTEM</Data>
            <Data Name='Protocol'>udp</Data>
            <Data Name='Initiated'>true</Data>
            <Data Name='SourceIsIpv6'>false</Data>
            <Data Name='SourceIp'>192.168.0.95</Data>
            <Data Name='SourceHostname'>N6</Data>
            <Data Name='SourcePort'>137</Data>
            <Data Name='SourcePortName'>netbios-ns</Data>
            <Data Name='DestinationIsIpv6'>false</Data>
            <Data Name='DestinationIp'>224.0.0.251</Data>
            <Data Name='DestinationHostname'>-</Data>
            <Data Name='DestinationPort'>137</Data>
            <Data Name='DestinationPortName'>netbios-ns</Data>
        </EventData>
    </Event>
    <Event xmlns='http://schemas.microsoft.com/win/2004/08/events/event'>
        <System>
            <Provider Name='Microsoft-Windows-Sysmon'
                      Guid='{5770385f-c22a-43e0-bf4c-06f5698ffbd9}'/>
            <EventID>3</EventID>
            <Version>5</Version>
            <Level>4</Level>
            <Task>3</Task>
            <Opcode>0</Opcode>
            <Keywords>0x8000000000000000</Keywords>
            <TimeCreated SystemTime='2022-04-17T13:22:01.7365418Z'/>
            <EventRecordID>22</EventRecordID>
            <Correlation/>
            <Execution ProcessID='11132' ThreadID='4936'/>
            <Channel>Microsoft-Windows-Sysmon/Operational</Channel>
            <Computer>N6</Computer>
            <Security UserID='S-1-5-18'/>
        </System>
        <EventData>
            <Data Name='RuleName'>-</Data>
            <Data Name='UtcTime'>2022-04-17 13:21:59.742</Data>
            <Data Name='ProcessGuid'>{f03562c7-122c-625c-2f15-000000004e00}</Data>
            <Data Name='ProcessId'>8564</Data>
            <Data Name='Image'>C:\Program Files (x86)\Google\Chrome\Application\chrome.exe</Data>
            <Data Name='User'>N6\vklevlanyk</Data>
            <Data Name='Protocol'>udp</Data>
            <Data Name='Initiated'>false</Data>
            <Data Name='SourceIsIpv6'>false</Data>
            <Data Name='SourceIp'>224.0.0.251</Data>
            <Data Name='SourceHostname'>-</Data>
            <Data Name='SourcePort'>5353</Data>
            <Data Name='SourcePortName'>-</Data>
            <Data Name='DestinationIsIpv6'>false</Data>
            <Data Name='DestinationIp'>192.168.0.105</Data>
            <Data Name='DestinationHostname'>-</Data>
            <Data Name='DestinationPort'>5353</Data>
            <Data Name='DestinationPortName'>-</Data>
        </EventData>
    </Event>
    <Event xmlns='http://schemas.microsoft.com/win/2004/08/events/event'>
        <System>
            <Provider Name='Microsoft-Windows-Sysmon'
                      Guid='{5770385f-c22a-43e0-bf4c-06f5698ffbd9}'/>
            <EventID>3</EventID>
            <Version>5</Version>
            <Level>4</Level>
            <Task>3</Task>
            <Opcode>0</Opcode>
            <Keywords>0x8000000000000000</Keywords>
            <TimeCreated SystemTime='2022-04-17T13:22:01.7365013Z'/>
            <EventRecordID>21</EventRecordID>
            <Correlation/>
            <Execution ProcessID='11132' ThreadID='4936'/>
            <Channel>Microsoft-Windows-Sysmon/Operational</Channel>
            <Computer>N6</Computer>
            <Security UserID='S-1-5-18'/>
        </System>
        <EventData>
            <Data Name='RuleName'>-</Data>
            <Data Name='UtcTime'>2022-04-17 13:21:59.742</Data>
            <Data Name='ProcessGuid'>{f03562c7-5a36-6256-2f00-000000004e00}</Data>
            <Data Name='ProcessId'>2708</Data>
            <Data Name='Image'>C:\Windows\System32\svchost.exe</Data>
            <Data Name='User'>NT AUTHORITY\NETWORK SERVICE</Data>
            <Data Name='Protocol'>udp</Data>
            <Data Name='Initiated'>false</Data>
            <Data Name='SourceIsIpv6'>false</Data>
            <Data Name='SourceIp'>224.0.0.251</Data>
            <Data Name='SourceHostname'>-</Data>
            <Data Name='SourcePort'>5353</Data>
            <Data Name='SourcePortName'>-</Data>
            <Data Name='DestinationIsIpv6'>false</Data>
            <Data Name='DestinationIp'>192.168.0.105</Data>
            <Data Name='DestinationHostname'>-</Data>
            <Data Name='DestinationPort'>5353</Data>
            <Data Name='DestinationPortName'>-</Data>
        </EventData>
    </Event>
    <Event xmlns='http://schemas.microsoft.com/win/2004/08/events/event'>
        <System>
            <Provider Name='Microsoft-Windows-Sysmon'
                      Guid='{5770385f-c22a-43e0-bf4c-06f5698ffbd9}'/>
            <EventID>3</EventID>
            <Version>5</Version>
            <Level>4</Level>
            <Task>3</Task>
            <Opcode>0</Opcode>
            <Keywords>0x8000000000000000</Keywords>
            <TimeCreated SystemTime='2022-04-17T13:22:00.7041956Z'/>
            <EventRecordID>20</EventRecordID>
            <Correlation/>
            <Execution ProcessID='11132' ThreadID='4936'/>
            <Channel>Microsoft-Windows-Sysmon/Operational</Channel>
            <Computer>N6</Computer>
            <Security UserID='S-1-5-18'/>
        </System>
        <EventData>
            <Data Name='RuleName'>-</Data>
            <Data Name='UtcTime'>2022-04-17 13:21:58.892</Data>
            <Data Name='ProcessGuid'>{f03562c7-122c-625c-2f15-000000004e00}</Data>
            <Data Name='ProcessId'>8564</Data>
            <Data Name='Image'>C:\Program Files (x86)\Google\Chrome\Application\chrome.exe</Data>
            <Data Name='User'>N6\vklevlanyk</Data>
            <Data Name='Protocol'>udp</Data>
            <Data Name='Initiated'>false</Data>
            <Data Name='SourceIsIpv6'>true</Data>
            <Data Name='SourceIp'>ff02:0:0:0:0:0:0:fb</Data>
            <Data Name='SourceHostname'>-</Data>
            <Data Name='SourcePort'>5353</Data>
            <Data Name='SourcePortName'>-</Data>
            <Data Name='DestinationIsIpv6'>true</Data>
            <Data Name='DestinationIp'>fe80:0:0:0:1832:cc95:3ef1:46c</Data>
            <Data Name='DestinationHostname'>-</Data>
            <Data Name='DestinationPort'>5353</Data>
            <Data Name='DestinationPortName'>-</Data>
        </EventData>
    </Event>
    