<Event xmlns='http://schemas.microsoft.com/win/2004/08/events/event'>
        <System>
            <Provider Name='Microsoft-Windows-Sysmon'
                      Guid='{5770385f-c22a-43e0-bf4c-06f5698ffbd9}'/>
            <EventID>3</EventID>
            <Version>5</Version>
            <Level>4</Level>
            <Task>3</Task>
            <Opcode>0</Opcode>
            <Keywords>0x8000000000000000</Keywords>
            <TimeCreated SystemTime='2022-04-17T13:22:58.7971481Z'/>
            <EventRecordID>97</EventRecordID>
            <Correlation/>
            <Execution ProcessID='11132' ThreadID='4936'/>
            <Channel>Microsoft-Windows-Sysmon/Operational</Channel>
            <Computer>N6</Computer>
            <Security UserID='S-1-5-18'/>
        </System>
        <EventData>
            <Data Name='RuleName'>-</Data>
            <Data Name='UtcTime'>2022-04-17 13:22:57.015</Data>
            <Data Name='ProcessGuid'>{f03562c7-122c-625c-3215-000000004e00}</Data>
            <Data Name='ProcessId'>10684</Data>
            <Data Name='Image'>C:\Program Files (x86)\Google\Chrome\Application\chrome.exe</Data>
            <Data Name='User'>N6\vklevlanyk</Data>
            <Data Name='Protocol'>udp</Data>
            <Data Name='Initiated'>true</Data>
            <Data Name='SourceIsIpv6'>false</Data>
            <Data Name='SourceIp'>192.168.0.113</Data>
            <Data Name='SourceHostname'>N6.Home</Data>
            <Data Name='SourcePort'>59708</Data>
            <Data Name='SourcePortName'>-</Data>
            <Data Name='DestinationIsIpv6'>false</Data>
            <Data Name='DestinationIp'>142.251.37.99</Data>
            <Data Name='DestinationHostname'>-</Data>
            <Data Name='DestinationPort'>443</Data>
            <Data Name='DestinationPortName'>https</Data>
        </EventData>
    </Event>
    <Event xmlns='http://schemas.microsoft.com/win/2004/08/events/event'>
        <System>
            <Provider Name='Microsoft-Windows-Sysmon'
                      Guid='{5770385f-c22a-43e0-bf4c-06f5698ffbd9}'/>
            <EventID>3</EventID>
            <Version>5</Version>
            <Level>4</Level>
            <Task>3</Task>
            <Opcode>0</Opcode>
            <Keywords>0x8000000000000000</Keywords>
            <TimeCreated SystemTime='2022-04-17T13:22:58.7971432Z'/>
            <EventRecordID>96</EventRecordID>
            <Correlation/>
            <Execution ProcessID='11132' ThreadID='4936'/>
            <Channel>Microsoft-Windows-Sysmon/Operational</Channel>
            <Computer>N6</Computer>
            <Security UserID='S-1-5-18'/>
        </System>
        <EventData>
            <Data Name='RuleName'>-</Data>
            <Data Name='UtcTime'>2022-04-17 13:22:56.905</Data>
            <Data Name='ProcessGuid'>{f03562c7-122c-625c-3215-000000004e00}</Data>
            <Data Name='ProcessId'>10684</Data>
            <Data Name='Image'>C:\Program Files (x86)\Google\Chrome\Application\chrome.exe</Data>
            <Data Name='User'>N6\vklevlanyk</Data>
            <Data Name='Protocol'>tcp</Data>
            <Data Name='Initiated'>true</Data>
            <Data Name='SourceIsIpv6'>false</Data>
            <Data Name='SourceIp'>192.168.0.113</Data>
            <Data Name='SourceHostname'>N6.Home</Data>
            <Data Name='SourcePort'>54868</Data>
            <Data Name='SourcePortName'>-</Data>
            <Data Name='DestinationIsIpv6'>false</Data>
            <Data Name='DestinationIp'>142.251.37.110</Data>
            <Data Name='DestinationHostname'>prg03s13-in-f14.1e100.net</Data>
            <Data Name='DestinationPort'>443</Data>
            <Data Name='DestinationPortName'>https</Data>
        </EventData>
    </Event>
    <Event xmlns='http://schemas.microsoft.com/win/2004/08/events/event'>
        <System>
            <Provider Name='Microsoft-Windows-Sysmon'
                      Guid='{5770385f-c22a-43e0-bf4c-06f5698ffbd9}'/>
            <EventID>3</EventID>
            <Version>5</Version>
            <Level>4</Level>
            <Task>3</Task>
            <Opcode>0</Opcode>
            <Keywords>0x8000000000000000</Keywords>
            <TimeCreated SystemTime='2022-04-17T13:22:58.7971334Z'/>
            <EventRecordID>95</EventRecordID>
            <Correlation/>
            <Execution ProcessID='11132' ThreadID='4936'/>
            <Channel>Microsoft-Windows-Sysmon/Operational</Channel>
            <Computer>N6</Computer>
            <Security UserID='S-1-5-18'/>
        </System>
        <EventData>
            <Data Name='RuleName'>-</Data>
            <Data Name='UtcTime'>2022-04-17 13:22:56.855</Data>
            <Data Name='ProcessGuid'>{f03562c7-122c-625c-3215-000000004e00}</Data>
            <Data Name='ProcessId'>10684</Data>
            <Data Name='Image'>C:\Program Files (x86)\Google\Chrome\Application\chrome.exe</Data>
            <Data Name='User'>N6\vklevlanyk</Data>
            <Data Name='Protocol'>udp</Data>
            <Data Name='Initiated'>true</Data>
            <Data Name='SourceIsIpv6'>false</Data>
            <Data Name='SourceIp'>192.168.0.113</Data>
            <Data Name='SourceHostname'>N6.Home</Data>
            <Data Name='SourcePort'>56870</Data>
            <Data Name='SourcePortName'>-</Data>
            <Data Name='DestinationIsIpv6'>false</Data>
            <Data Name='DestinationIp'>142.251.37.110</Data>
            <Data Name='DestinationHostname'>prg03s13-in-f14.1e100.net</Data>
            <Data Name='DestinationPort'>443</Data>
            <Data Name='DestinationPortName'>https</Data>
        </EventData>
    </Event>
    <Event xmlns='http://schemas.microsoft.com/win/2004/08/events/event'>
        <System>
            <Provider Name='Microsoft-Windows-Sysmon'
                      Guid='{5770385f-c22a-43e0-bf4c-06f5698ffbd9}'/>
            <EventID>5</EventID>
            <Version>3</Version>
            <Level>4</Level>
            <Task>5</Task>
            <Opcode>0</Opcode>
            <Keywords>0x8000000000000000</Keywords>
            <TimeCreated SystemTime='2022-04-17T13:22:57.5777594Z'/>
            <EventRecordID>94</EventRecordID>
            <Correlation/>
            <Execution ProcessID='11132' ThreadID='9816'/>
            <Channel>Microsoft-Windows-Sysmon/Operational</Channel>
            <Computer>N6</Computer>
            <Security UserID='S-1-5-18'/>
        </System>
        <EventData>
            <Data Name='RuleName'>-</Data>
            <Data Name='UtcTime'>2022-04-17 13:22:57.576</Data>
            <Data Name='ProcessGuid'>{f03562c7-13ec-625c-8d15-000000004e00}</Data>
            <Data Name='ProcessId'>13428</Data>
            <Data Name='Image'>C:\Program Files (x86)\Google\Chrome\Application\chrome.exe</Data>
            <Data Name='User'>N6\vklevlanyk</Data>
        </EventData>
    </Event>
    <Event xmlns='http://schemas.microsoft.com/win/2004/08/events/event'>
        <System>
            <Provider Name='Microsoft-Windows-Sysmon'
                      Guid='{5770385f-c22a-43e0-bf4c-06f5698ffbd9}'/>
            <EventID>5</EventID>
            <Version>3</Version>
            <Level>4</Level>
            <Task>5</Task>
            <Opcode>0</Opcode>
            <Keywords>0x8000000000000000</Keywords>
            <TimeCreated SystemTime='2022-04-17T13:22:57.5753256Z'/>
            <EventRecordID>93</EventRecordID>
            <Correlation/>
            <Execution ProcessID='11132' ThreadID='9816'/>
            <Channel>Microsoft-Windows-Sysmon/Operational</Channel>
            <Computer>N6</Computer>
            <Security UserID='S-1-5-18'/>
        </System>
        <EventData>
            <Data Name='RuleName'>-</Data>
            <Data Name='UtcTime'>2022-04-17 13:22:57.573</Data>
            <Data Name='ProcessGuid'>{f03562c7-14ac-625c-a315-000000004e00}</Data>
            <Data Name='ProcessId'>3788</Data>
            <Data Name='Image'>C:\Program Files (x86)\Google\Chrome\Application\chrome.exe</Data>
            <Data Name='User'>N6\vklevlanyk</Data>
        </EventData>
    </Event>
    <Event xmlns='http://schemas.microsoft.com/win/2004/08/events/event'>
        <System>
            <Provider Name='Microsoft-Windows-Sysmon'
                      Guid='{5770385f-c22a-43e0-bf4c-06f5698ffbd9}'/>
            <EventID>5</EventID>
            <Version>3</Version>
            <Level>4</Level>
            <Task>5</Task>
            <Opcode>0</Opcode>
            <Keywords>0x8000000000000000</Keywords>
            <TimeCreated SystemTime='2022-04-17T13:22:57.5721949Z'/>
            <EventRecordID>92</EventRecordID>
            <Correlation/>
            <Execution ProcessID='11132' ThreadID='9816'/>
            <Channel>Microsoft-Windows-Sysmon/Operational</Channel>
            <Computer>N6</Computer>
            <Security UserID='S-1-5-18'/>
        </System>
        <EventData>
            <Data Name='RuleName'>-</Data>
            <Data Name='UtcTime'>2022-04-17 13:22:57.571</Data>
            <Data Name='ProcessGuid'>{f03562c7-14ac-625c-a415-000000004e00}</Data>
            <Data Name='ProcessId'>4012</Data>
            <Data Name='Image'>C:\Program Files (x86)\Google\Chrome\Application\chrome.exe</Data>
            <Data Name='User'>N6\vklevlanyk</Data>
        </EventData>
    </Event>
    <Event xmlns='http://schemas.microsoft.com/win/2004/08/events/event'>
        <System>
            <Provider Name='Microsoft-Windows-Sysmon'
                      Guid='{5770385f-c22a-43e0-bf4c-06f5698ffbd9}'/>
            <EventID>1</EventID>
            <Version>5</Version>
            <Level>4</Level>
            <Task>1</Task>
            <Opcode>0</Opcode>
            <Keywords>0x8000000000000000</Keywords>
            <TimeCreated SystemTime='2022-04-17T13:22:57.4389524Z'/>
            <EventRecordID>91</EventRecordID>
            <Correlation/>
            <Execution ProcessID='11132' ThreadID='9816'/>
            <Channel>Microsoft-Windows-Sysmon/Operational</Channel>
            <Computer>N6</Computer>
            <Security UserID='S-1-5-18'/>
        </System>
        <EventData>
            <Data Name='RuleName'>-</Data>
            <Data Name='UtcTime'>2022-04-17 13:22:57.436</Data>
            <Data Name='ProcessGuid'>{f03562c7-14b1-625c-a815-000000004e00}</Data>
            <Data Name='ProcessId'>9484</Data>
            <Data Name='Image'>C:\Program Files (x86)\Google\Chrome\Application\chrome.exe</Data>
            <Data Name='FileVersion'>100.0.4896.88</Data>
            <Data Name='Description'>Google Chrome</Data>
            <Data Name='Product'>Google Chrome</Data>
            <Data Name='Company'>Google LLC</Data>
            <Data Name='OriginalFileName'>chrome.exe</Data>
            <Data Name='CommandLine'>"C:\Program Files (x86)\Google\Chrome\Application\chrome.exe"
                --type=renderer --display-capture-permissions-policy-allowed --lang=en-US
                --device-scale-factor=1.25 --num-raster-threads=4
                --enable-main-frame-before-activation --renderer-client-id=108
                --launch-time-ticks=375437808961 --mojo-platform-channel-handle=7772
                --field-trial-handle=1740,i,17810624587649863403,11440549074176292568,131072
                /prefetch:1
            </Data>
            <Data Name='CurrentDirectory'>C:\Program Files
                (x86)\Google\Chrome\Application\100.0.4896.88\
            </Data>
            <Data Name='User'>N6\vklevlanyk</Data>
            <Data Name='LogonGuid'>{f03562c7-d938-625b-2d3d-d20700000000}</Data>
            <Data Name='LogonId'>0x7d23d2d</Data>
            <Data Name='TerminalSessionId'>4</Data>
            <Data Name='IntegrityLevel'>Low</Data>
            <Data Name='Hashes'>
                SHA256=E775078CD17E40277D9E6FEBF0B63D6320D4797098493E83F476DF41AE4D564C
            </Data>
            <Data Name='ParentProcessGuid'>{f03562c7-122c-625c-2f15-000000004e00}</Data>
            <Data Name='ParentProcessId'>8564</Data>
            <Data Name='ParentImage'>C:\Program Files (x86)\Google\Chrome\Application\chrome.exe
            </Data>
            <Data Name='ParentCommandLine'>"C:\Program Files
                (x86)\Google\Chrome\Application\chrome.exe"
            </Data>
            <Data Name='ParentUser'>N6\vklevlanyk</Data>
        </EventData>
    </Event>
    <Event xmlns='http://schemas.microsoft.com/win/2004/08/events/event'>
        <System>
            <Provider Name='Microsoft-Windows-Sysmon'
                      Guid='{5770385f-c22a-43e0-bf4c-06f5698ffbd9}'/>
            <EventID>1</EventID>
            <Version>5</Version>
            <Level>4</Level>
            <Task>1</Task>
            <Opcode>0</Opcode>
            <Keywords>0x8000000000000000</Keywords>
            <TimeCreated SystemTime='2022-04-17T13:22:56.8372755Z'/>
            <EventRecordID>90</EventRecordID>
            <Correlation/>
            <Execution ProcessID='11132' ThreadID='9816'/>
            <Channel>Microsoft-Windows-Sysmon/Operational</Channel>
            <Computer>N6</Computer>
            <Security UserID='S-1-5-18'/>
        </System>
        <EventData>
            <Data Name='RuleName'>-</Data>
            <Data Name='UtcTime'>2022-04-17 13:22:56.834</Data>
            <Data Name='ProcessGuid'>{f03562c7-14b0-625c-a715-000000004e00}</Data>
            <Data Name='ProcessId'>12376</Data>
            <Data Name='Image'>C:\Program Files (x86)\Google\Chrome\Application\chrome.exe</Data>
            <Data Name='FileVersion'>100.0.4896.88</Data>
            <Data Name='Description'>Google Chrome</Data>
            <Data Name='Product'>Google Chrome</Data>
            <Data Name='Company'>Google LLC</Data>
            <Data Name='OriginalFileName'>chrome.exe</Data>
            <Data Name='CommandLine'>"C:\Program Files (x86)\Google\Chrome\Application\chrome.exe"
                --type=renderer --display-capture-permissions-policy-allowed --lang=en-US
                --device-scale-factor=1.25 --num-raster-threads=4
                --enable-main-frame-before-activation --renderer-client-id=107
                --launch-time-ticks=375437207542 --mojo-platform-channel-handle=6972
                --field-trial-handle=1740,i,17810624587649863403,11440549074176292568,131072
                /prefetch:1
            </Data>
            <Data Name='CurrentDirectory'>C:\Program Files
                (x86)\Google\Chrome\Application\100.0.4896.88\
            </Data>
            <Data Name='User'>N6\vklevlanyk</Data>
            <Data Name='LogonGuid'>{f03562c7-d938-625b-2d3d-d20700000000}</Data>
            <Data Name='LogonId'>0x7d23d2d</Data>
            <Data Name='TerminalSessionId'>4</Data>
            <Data Name='IntegrityLevel'>Low</Data>
            <Data Name='Hashes'>
                SHA256=E775078CD17E40277D9E6FEBF0B63D6320D4797098493E83F476DF41AE4D564C
            </Data>
            <Data Name='ParentProcessGuid'>{f03562c7-122c-625c-2f15-000000004e00}</Data>
            <Data Name='ParentProcessId'>8564</Data>
            <Data Name='ParentImage'>C:\Program Files (x86)\Google\Chrome\Application\chrome.exe
            </Data>
            <Data Name='ParentCommandLine'>"C:\Program Files
                (x86)\Google\Chrome\Application\chrome.exe"
            </Data>
            <Data Name='ParentUser'>N6\vklevlanyk</Data>
        </EventData>
    </Event>
    <Event xmlns='http://schemas.microsoft.com/win/2004/08/events/event'>
        <System>
            <Provider Name='Microsoft-Windows-Sysmon'
                      Guid='{5770385f-c22a-43e0-bf4c-06f5698ffbd9}'/>
            <EventID>3</EventID>
            <Version>5</Version>
            <Level>4</Level>
            <Task>3</Task>
            <Opcode>0</Opcode>
            <Keywords>0x8000000000000000</Keywords>
            <TimeCreated SystemTime='2022-04-17T13:22:55.9716976Z'/>
            <EventRecordID>89</EventRecordID>
            <Correlation/>
            <Execution ProcessID='11132' ThreadID='4936'/>
            <Channel>Microsoft-Windows-Sysmon/Operational</Channel>
            <Computer>N6</Computer>
            <Security UserID='S-1-5-18'/>
        </System>
        <EventData>
            <Data Name='RuleName'>-</Data>
            <Data Name='UtcTime'>2022-04-17 13:22:53.806</Data>
            <Data Name='ProcessGuid'>{f03562c7-122c-625c-3215-000000004e00}</Data>
            <Data Name='ProcessId'>10684</Data>
            <Data Name='Image'>C:\Program Files (x86)\Google\Chrome\Application\chrome.exe</Data>
            <Data Name='User'>N6\vklevlanyk</Data>
            <Data Name='Protocol'>udp</Data>
            <Data Name='Initiated'>true</Data>
            <Data Name='SourceIsIpv6'>false</Data>
            <Data Name='SourceIp'>192.168.0.113</Data>
            <Data Name='SourceHostname'>N6.Home</Data>
            <Data Name='SourcePort'>54690</Data>
            <Data Name='SourcePortName'>-</Data>
            <Data Name='DestinationIsIpv6'>false</Data>
            <Data Name='DestinationIp'>142.251.36.97</Data>
            <Data Name='DestinationHostname'>-</Data>
            <Data Name='DestinationPort'>443</Data>
            <Data Name='DestinationPortName'>https</Data>
        </EventData>
    </Event>
    <Event xmlns='http://schemas.microsoft.com/win/2004/08/events/event'>
        <System>
            <Provider Name='Microsoft-Windows-Sysmon'
                      Guid='{5770385f-c22a-43e0-bf4c-06f5698ffbd9}'/>
            <EventID>3</EventID>
            <Version>5</Version>
            <Level>4</Level>
            <Task>3</Task>
            <Opcode>0</Opcode>
            <Keywords>0x8000000000000000</Keywords>
            <TimeCreated SystemTime='2022-04-17T13:22:55.9716877Z'/>
            <EventRecordID>88</EventRecordID>
            <Correlation/>
            <Execution ProcessID='11132' ThreadID='4936'/>
            <Channel>Microsoft-Windows-Sysmon/Operational</Channel>
            <Computer>N6</Computer>
            <Security UserID='S-1-5-18'/>
        </System>
        <EventData>
            <Data Name='RuleName'>-</Data>
            <Data Name='UtcTime'>2022-04-17 13:22:53.512</Data>
            <Data Name='ProcessGuid'>{f03562c7-122c-625c-3215-000000004e00}</Data>
            <Data Name='ProcessId'>10684</Data>
            <Data Name='Image'>C:\Program Files (x86)\Google\Chrome\Application\chrome.exe</Data>
            <Data Name='User'>N6\vklevlanyk</Data>
            <Data Name='Protocol'>tcp</Data>
            <Data Name='Initiated'>true</Data>
            <Data Name='SourceIsIpv6'>false</Data>
            <Data Name='SourceIp'>192.168.0.113</Data>
            <Data Name='SourceHostname'>N6.Home</Data>
            <Data Name='SourcePort'>54867</Data>
            <Data Name='SourcePortName'>-</Data>
            <Data Name='DestinationIsIpv6'>false</Data>
            <Data Name='DestinationIp'>142.251.36.78</Data>
            <Data Name='DestinationHostname'>-</Data>
            <Data Name='DestinationPort'>443</Data>
            <Data Name='DestinationPortName'>https</Data>
        </EventData>
    </Event>
    <Event xmlns='http://schemas.microsoft.com/win/2004/08/events/event'>
        <System>
            <Provider Name='Microsoft-Windows-Sysmon'
                      Guid='{5770385f-c22a-43e0-bf4c-06f5698ffbd9}'/>
            <EventID>3</EventID>
            <Version>5</Version>
            <Level>4</Level>
            <Task>3</Task>
            <Opcode>0</Opcode>
            <Keywords>0x8000000000000000</Keywords>
            <TimeCreated SystemTime='2022-04-17T13:22:54.9393033Z'/>
            <EventRecordID>87</EventRecordID>
            <Correlation/>
            <Execution ProcessID='11132' ThreadID='4936'/>
            <Channel>Microsoft-Windows-Sysmon/Operational</Channel>
            <Computer>N6</Computer>
            <Security UserID='S-1-5-18'/>
        </System>
        <EventData>
            <Data Name='RuleName'>-</Data>
            <Data Name='UtcTime'>2022-04-17 13:22:53.455</Data>
            <Data Name='ProcessGuid'>{f03562c7-122c-625c-3215-000000004e00}</Data>
            <Data Name='ProcessId'>10684</Data>
            <Data Name='Image'>C:\Program Files (x86)\Google\Chrome\Application\chrome.exe</Data>
            <Data Name='User'>N6\vklevlanyk</Data>
            <Data Name='Protocol'>udp</Data>
            <Data Name='Initiated'>true</Data>
            <Data Name='SourceIsIpv6'>false</Data>
            <Data Name='SourceIp'>192.168.0.113</Data>
            <Data Name='SourceHostname'>N6.Home</Data>
            <Data Name='SourcePort'>54007</Data>
            <Data Name='SourcePortName'>-</Data>
            <Data Name='DestinationIsIpv6'>false</Data>
            <Data Name='DestinationIp'>142.251.36.78</Data>
            <Data Name='DestinationHostname'>-</Data>
            <Data Name='DestinationPort'>443</Data>
            <Data Name='DestinationPortName'>https</Data>
        </EventData>
    </Event>
    <Event xmlns='http://schemas.microsoft.com/win/2004/08/events/event'>
        <System>
            <Provider Name='Microsoft-Windows-Sysmon'
                      Guid='{5770385f-c22a-43e0-bf4c-06f5698ffbd9}'/>
            <EventID>5</EventID>
            <Version>3</Version>
            <Level>4</Level>
            <Task>5</Task>
            <Opcode>0</Opcode>
            <Keywords>0x8000000000000000</Keywords>
            <TimeCreated SystemTime='2022-04-17T13:22:52.7600390Z'/>
            <EventRecordID>86</EventRecordID>
            <Correlation/>
            <Execution ProcessID='11132' ThreadID='9816'/>
            <Channel>Microsoft-Windows-Sysmon/Operational</Channel>
            <Computer>N6</Computer>
            <Security UserID='S-1-5-18'/>
        </System>
        <EventData>
            <Data Name='RuleName'>-</Data>
            <Data Name='UtcTime'>2022-04-17 13:22:52.759</Data>
            <Data Name='ProcessGuid'>{f03562c7-14ac-625c-a615-000000004e00}</Data>
            <Data Name='ProcessId'>12680</Data>
            <Data Name='Image'>C:\Program Files (x86)\Google\Chrome\Application\chrome.exe</Data>
            <Data Name='User'>N6\vklevlanyk</Data>
        </EventData>
    </Event>
    <Event xmlns='http://schemas.microsoft.com/win/2004/08/events/event'>
        <System>
            <Provider Name='Microsoft-Windows-Sysmon'
                      Guid='{5770385f-c22a-43e0-bf4c-06f5698ffbd9}'/>
            <EventID>5</EventID>
            <Version>3</Version>
            <Level>4</Level>
            <Task>5</Task>
            <Opcode>0</Opcode>
            <Keywords>0x8000000000000000</Keywords>
            <TimeCreated SystemTime='2022-04-17T13:22:52.7301295Z'/>
            <EventRecordID>85</EventRecordID>
            <Correlation/>
            <Execution ProcessID='11132' ThreadID='9816'/>
            <Channel>Microsoft-Windows-Sysmon/Operational</Channel>
            <Computer>N6</Computer>
            <Security UserID='S-1-5-18'/>
        </System>
        <EventData>
            <Data Name='RuleName'>-</Data>
            <Data Name='UtcTime'>2022-04-17 13:22:52.729</Data>
            <Data Name='ProcessGuid'>{f03562c7-14ac-625c-a515-000000004e00}</Data>
            <Data Name='ProcessId'>15472</Data>
            <Data Name='Image'>C:\Program Files (x86)\Google\Chrome\Application\chrome.exe</Data>
            <Data Name='User'>N6\vklevlanyk</Data>
        </EventData>
    </Event>
    <Event xmlns='http://schemas.microsoft.com/win/2004/08/events/event'>
        <System>
            <Provider Name='Microsoft-Windows-Sysmon'
                      Guid='{5770385f-c22a-43e0-bf4c-06f5698ffbd9}'/>
            <EventID>1</EventID>
            <Version>5</Version>
            <Level>4</Level>
            <Task>1</Task>
            <Opcode>0</Opcode>
            <Keywords>0x8000000000000000</Keywords>
            <TimeCreated SystemTime='2022-04-17T13:22:52.7227015Z'/>
            <EventRecordID>84</EventRecordID>
            <Correlation/>
            <Execution ProcessID='11132' ThreadID='9816'/>
            <Channel>Microsoft-Windows-Sysmon/Operational</Channel>
            <Computer>N6</Computer>
            <Security UserID='S-1-5-18'/>
        </System>
        <EventData>
            <Data Name='RuleName'>-</Data>
            <Data Name='UtcTime'>2022-04-17 13:22:52.721</Data>
            <Data Name='ProcessGuid'>{f03562c7-14ac-625c-a615-000000004e00}</Data>
            <Data Name='ProcessId'>12680</Data>
            <Data Name='Image'>C:\Program Files (x86)\Google\Chrome\Application\chrome.exe</Data>
            <Data Name='FileVersion'>100.0.4896.88</Data>
            <Data Name='Description'>Google Chrome</Data>
            <Data Name='Product'>Google Chrome</Data>
            <Data Name='Company'>Google LLC</Data>
            <Data Name='OriginalFileName'>chrome.exe</Data>
            <Data Name='CommandLine'>"C:\Program Files (x86)\Google\Chrome\Application\chrome.exe"
                --type=utility --utility-sub-type=data_decoder.mojom.DataDecoderService --lang=en-US
                --service-sandbox-type=service --mojo-platform-channel-handle=8560
                --field-trial-handle=1740,i,17810624587649863403,11440549074176292568,131072
                /prefetch:8
            </Data>
            <Data Name='CurrentDirectory'>C:\Program Files
                (x86)\Google\Chrome\Application\100.0.4896.88\
            </Data>
            <Data Name='User'>N6\vklevlanyk</Data>
            <Data Name='LogonGuid'>{f03562c7-d938-625b-2d3d-d20700000000}</Data>
            <Data Name='LogonId'>0x7d23d2d</Data>
            <Data Name='TerminalSessionId'>4</Data>
            <Data Name='IntegrityLevel'>Low</Data>
            <Data Name='Hashes'>
                SHA256=E775078CD17E40277D9E6FEBF0B63D6320D4797098493E83F476DF41AE4D564C
            </Data>
            <Data Name='ParentProcessGuid'>{f03562c7-122c-625c-2f15-000000004e00}</Data>
            <Data Name='ParentProcessId'>8564</Data>
            <Data Name='ParentImage'>C:\Program Files (x86)\Google\Chrome\Application\chrome.exe
            </Data>
            <Data Name='ParentCommandLine'>"C:\Program Files
                (x86)\Google\Chrome\Application\chrome.exe"
            </Data>
            <Data Name='ParentUser'>N6\vklevlanyk</Data>
        </EventData>
    </Event>
    <Event xmlns='http://schemas.microsoft.com/win/2004/08/events/event'>
        <System>
            <Provider Name='Microsoft-Windows-Sysmon'
                      Guid='{5770385f-c22a-43e0-bf4c-06f5698ffbd9}'/>
            <EventID>1</EventID>
            <Version>5</Version>
            <Level>4</Level>
            <Task>1</Task>
            <Opcode>0</Opcode>
            <Keywords>0x8000000000000000</Keywords>
            <TimeCreated SystemTime='2022-04-17T13:22:52.6915392Z'/>
            <EventRecordID>83</EventRecordID>
            <Correlation/>
            <Execution ProcessID='11132' ThreadID='9816'/>
            <Channel>Microsoft-Windows-Sysmon/Operational</Channel>
            <Computer>N6</Computer>
            <Security UserID='S-1-5-18'/>
        </System>
        <EventData>
            <Data Name='RuleName'>-</Data>
            <Data Name='UtcTime'>2022-04-17 13:22:52.689</Data>
            <Data Name='ProcessGuid'>{f03562c7-14ac-625c-a515-000000004e00}</Data>
            <Data Name='ProcessId'>15472</Data>
            <Data Name='Image'>C:\Program Files (x86)\Google\Chrome\Application\chrome.exe</Data>
            <Data Name='FileVersion'>100.0.4896.88</Data>
            <Data Name='Description'>Google Chrome</Data>
            <Data Name='Product'>Google Chrome</Data>
            <Data Name='Company'>Google LLC</Data>
            <Data Name='OriginalFileName'>chrome.exe</Data>
            <Data Name='CommandLine'>"C:\Program Files (x86)\Google\Chrome\Application\chrome.exe"
                --type=utility --utility-sub-type=data_decoder.mojom.DataDecoderService --lang=en-US
                --service-sandbox-type=service --mojo-platform-channel-handle=8528
                --field-trial-handle=1740,i,17810624587649863403,11440549074176292568,131072
                /prefetch:8
            </Data>
            <Data Name='CurrentDirectory'>C:\Program Files
                (x86)\Google\Chrome\Application\100.0.4896.88\
            </Data>
            <Data Name='User'>N6\vklevlanyk</Data>
            <Data Name='LogonGuid'>{f03562c7-d938-625b-2d3d-d20700000000}</Data>
            <Data Name='LogonId'>0x7d23d2d</Data>
            <Data Name='TerminalSessionId'>4</Data>
            <Data Name='IntegrityLevel'>Low</Data>
            <Data Name='Hashes'>
                SHA256=E775078CD17E40277D9E6FEBF0B63D6320D4797098493E83F476DF41AE4D564C
            </Data>
            <Data Name='ParentProcessGuid'>{f03562c7-122c-625c-2f15-000000004e00}</Data>
            <Data Name='ParentProcessId'>8564</Data>
            <Data Name='ParentImage'>C:\Program Files (x86)\Google\Chrome\Application\chrome.exe
            </Data>
            <Data Name='ParentCommandLine'>"C:\Program Files
                (x86)\Google\Chrome\Application\chrome.exe"
            </Data>
            <Data Name='ParentUser'>N6\vklevlanyk</Data>
        </EventData>
    </Event>
    <Event xmlns='http://schemas.microsoft.com/win/2004/08/events/event'>
        <System>
            <Provider Name='Microsoft-Windows-Sysmon'
                      Guid='{5770385f-c22a-43e0-bf4c-06f5698ffbd9}'/>
            <EventID>1</EventID>
            <Version>5</Version>
            <Level>4</Level>
            <Task>1</Task>
            <Opcode>0</Opcode>
            <Keywords>0x8000000000000000</Keywords>
            <TimeCreated SystemTime='2022-04-17T13:22:52.4855213Z'/>
            <EventRecordID>82</EventRecordID>
            <Correlation/>
            <Execution ProcessID='11132' ThreadID='9816'/>
            <Channel>Microsoft-Windows-Sysmon/Operational</Channel>
            <Computer>N6</Computer>
            <Security UserID='S-1-5-18'/>
        </System>
        <EventData>
            <Data Name='RuleName'>-</Data>
            <Data Name='UtcTime'>2022-04-17 13:22:52.481</Data>
            <Data Name='ProcessGuid'>{f03562c7-14ac-625c-a415-000000004e00}</Data>
            <Data Name='ProcessId'>4012</Data>
            <Data Name='Image'>C:\Program Files (x86)\Google\Chrome\Application\chrome.exe</Data>
            <Data Name='FileVersion'>100.0.4896.88</Data>
            <Data Name='Description'>Google Chrome</Data>
            <Data Name='Product'>Google Chrome</Data>
            <Data Name='Company'>Google LLC</Data>
            <Data Name='OriginalFileName'>chrome.exe</Data>
            <Data Name='CommandLine'>"C:\Program Files (x86)\Google\Chrome\Application\chrome.exe"
                --type=renderer --display-capture-permissions-policy-allowed --lang=en-US
                --device-scale-factor=1.25 --num-raster-threads=4
                --enable-main-frame-before-activation --renderer-client-id=104
                --launch-time-ticks=375432852947 --mojo-platform-channel-handle=2548
                --field-trial-handle=1740,i,17810624587649863403,11440549074176292568,131072
                /prefetch:1
            </Data>
            <Data Name='CurrentDirectory'>C:\Program Files
                (x86)\Google\Chrome\Application\100.0.4896.88\
            </Data>
            <Data Name='User'>N6\vklevlanyk</Data>
            <Data Name='LogonGuid'>{f03562c7-d938-625b-2d3d-d20700000000}</Data>
            <Data Name='LogonId'>0x7d23d2d</Data>
            <Data Name='TerminalSessionId'>4</Data>
            <Data Name='IntegrityLevel'>Low</Data>
            <Data Name='Hashes'>
                SHA256=E775078CD17E40277D9E6FEBF0B63D6320D4797098493E83F476DF41AE4D564C
            </Data>
            <Data Name='ParentProcessGuid'>{f03562c7-122c-625c-2f15-000000004e00}</Data>
            <Data Name='ParentProcessId'>8564</Data>
            <Data Name='ParentImage'>C:\Program Files (x86)\Google\Chrome\Application\chrome.exe
            </Data>
            <Data Name='ParentCommandLine'>"C:\Program Files
                (x86)\Google\Chrome\Application\chrome.exe"
            </Data>
            <Data Name='ParentUser'>N6\vklevlanyk</Data>
        </EventData>
    </Event>
    <Event xmlns='http://schemas.microsoft.com/win/2004/08/events/event'>
        <System>
            <Provider Name='Microsoft-Windows-Sysmon'
                      Guid='{5770385f-c22a-43e0-bf4c-06f5698ffbd9}'/>
            <EventID>1</EventID>
            <Version>5</Version>
            <Level>4</Level>
            <Task>1</Task>
            <Opcode>0</Opcode>
            <Keywords>0x8000000000000000</Keywords>
            <TimeCreated SystemTime='2022-04-17T13:22:52.4359248Z'/>
            <EventRecordID>81</EventRecordID>
            <Correlation/>
            <Execution ProcessID='11132' ThreadID='9816'/>
            <Channel>Microsoft-Windows-Sysmon/Operational</Channel>
            <Computer>N6</Computer>
            <Security UserID='S-1-5-18'/>
        </System>
        <EventData>
            <Data Name='RuleName'>-</Data>
            <Data Name='UtcTime'>2022-04-17 13:22:52.432</Data>
            <Data Name='ProcessGuid'>{f03562c7-14ac-625c-a315-000000004e00}</Data>
            <Data Name='ProcessId'>3788</Data>
            <Data Name='Image'>C:\Program Files (x86)\Google\Chrome\Application\chrome.exe</Data>
            <Data Name='FileVersion'>100.0.4896.88</Data>
            <Data Name='Description'>Google Chrome</Data>
            <Data Name='Product'>Google Chrome</Data>
            <Data Name='Company'>Google LLC</Data>
            <Data Name='OriginalFileName'>chrome.exe</Data>
            <Data Name='CommandLine'>"C:\Program Files (x86)\Google\Chrome\Application\chrome.exe"
                --type=renderer --display-capture-permissions-policy-allowed --lang=en-US
                --device-scale-factor=1.25 --num-raster-threads=4
                --enable-main-frame-before-activation --renderer-client-id=103
                --launch-time-ticks=375432804430 --mojo-platform-channel-handle=7264
                --field-trial-handle=1740,i,17810624587649863403,11440549074176292568,131072
                /prefetch:1
            </Data>
            <Data Name='CurrentDirectory'>C:\Program Files
                (x86)\Google\Chrome\Application\100.0.4896.88\
            </Data>
            <Data Name='User'>N6\vklevlanyk</Data>
            <Data Name='LogonGuid'>{f03562c7-d938-625b-2d3d-d20700000000}</Data>
            <Data Name='LogonId'>0x7d23d2d</Data>
            <Data Name='TerminalSessionId'>4</Data>
            <Data Name='IntegrityLevel'>Low</Data>
            <Data Name='Hashes'>
                SHA256=E775078CD17E40277D9E6FEBF0B63D6320D4797098493E83F476DF41AE4D564C
            </Data>
            <Data Name='ParentProcessGuid'>{f03562c7-122c-625c-2f15-000000004e00}</Data>
            <Data Name='ParentProcessId'>8564</Data>
            <Data Name='ParentImage'>C:\Program Files (x86)\Google\Chrome\Application\chrome.exe
            </Data>
            <Data Name='ParentCommandLine'>"C:\Program Files
                (x86)\Google\Chrome\Application\chrome.exe"
            </Data>
            <Data Name='ParentUser'>N6\vklevlanyk</Data>
        </EventData>
    </Event>
    <Event xmlns='http://schemas.microsoft.com/win/2004/08/events/event'>
        <System>
            <Provider Name='Microsoft-Windows-Sysmon'
                      Guid='{5770385f-c22a-43e0-bf4c-06f5698ffbd9}'/>
            <EventID>3</EventID>
            <Version>5</Version>
            <Level>4</Level>
            <Task>3</Task>
            <Opcode>0</Opcode>
            <Keywords>0x8000000000000000</Keywords>
            <TimeCreated SystemTime='2022-04-17T13:22:44.4136687Z'/>
            <EventRecordID>80</EventRecordID>
            <Correlation/>
            <Execution ProcessID='11132' ThreadID='4936'/>
            <Channel>Microsoft-Windows-Sysmon/Operational</Channel>
            <Computer>N6</Computer>
            <Security UserID='S-1-5-18'/>
        </System>
        <EventData>
            <Data Name='RuleName'>-</Data>
            <Data Name='UtcTime'>2022-04-17 13:22:42.182</Data>
            <Data Name='ProcessGuid'>{f03562c7-122c-625c-3215-000000004e00}</Data>
            <Data Name='ProcessId'>10684</Data>
            <Data Name='Image'>C:\Program Files (x86)\Google\Chrome\Application\chrome.exe</Data>
            <Data Name='User'>N6\vklevlanyk</Data>
            <Data Name='Protocol'>tcp</Data>
            <Data Name='Initiated'>true</Data>
            <Data Name='SourceIsIpv6'>false</Data>
            <Data Name='SourceIp'>192.168.0.113</Data>
            <Data Name='SourceHostname'>N6.Home</Data>
            <Data Name='SourcePort'>54864</Data>
            <Data Name='SourcePortName'>-</Data>
            <Data Name='DestinationIsIpv6'>false</Data>
            <Data Name='DestinationIp'>192.168.0.105</Data>
            <Data Name='DestinationHostname'>-</Data>
            <Data Name='DestinationPort'>8009</Data>
            <Data Name='DestinationPortName'>-</Data>
        </EventData>
    </Event>
    <Event xmlns='http://schemas.microsoft.com/win/2004/08/events/event'>
        <System>
            <Provider Name='Microsoft-Windows-Sysmon'
                      Guid='{5770385f-c22a-43e0-bf4c-06f5698ffbd9}'/>
            <EventID>5</EventID>
            <Version>3</Version>
            <Level>4</Level>
            <Task>5</Task>
            <Opcode>0</Opcode>
            <Keywords>0x8000000000000000</Keywords>
            <TimeCreated SystemTime='2022-04-17T13:22:42.9685853Z'/>
            <EventRecordID>79</EventRecordID>
            <Correlation/>
            <Execution ProcessID='11132' ThreadID='9816'/>
            <Channel>Microsoft-Windows-Sysmon/Operational</Channel>
            <Computer>N6</Computer>
            <Security UserID='S-1-5-18'/>
        </System>
        <EventData>
            <Data Name='RuleName'>-</Data>
            <Data Name='UtcTime'>2022-04-17 13:22:42.968</Data>
            <Data Name='ProcessGuid'>{f03562c7-d997-625b-ec12-000000004e00}</Data>
            <Data Name='ProcessId'>16424</Data>
            <Data Name='Image'>C:\Windows\ImmersiveControlPanel\SystemSettings.exe</Data>
            <Data Name='User'>N6\vklevlanyk</Data>
        </EventData>
    </Event>
    <Event xmlns='http://schemas.microsoft.com/win/2004/08/events/event'>
        <System>
            <Provider Name='Microsoft-Windows-Sysmon'
                      Guid='{5770385f-c22a-43e0-bf4c-06f5698ffbd9}'/>
            <EventID>3</EventID>
            <Version>5</Version>
            <Level>4</Level>
            <Task>3</Task>
            <Opcode>0</Opcode>
            <Keywords>0x8000000000000000</Keywords>
            <TimeCreated SystemTime='2022-04-17T13:22:32.1273452Z'/>
            <EventRecordID>78</EventRecordID>
            <Correlation/>
            <Execution ProcessID='11132' ThreadID='4936'/>
            <Channel>Microsoft-Windows-Sysmon/Operational</Channel>
            <Computer>N6</Computer>
            <Security UserID='S-1-5-18'/>
        </System>
        <EventData>
            <Data Name='RuleName'>-</Data>
            <Data Name='UtcTime'>2022-04-17 13:22:30.065</Data>
            <Data Name='ProcessGuid'>{f03562c7-122c-625c-3215-000000004e00}</Data>
            <Data Name='ProcessId'>10684</Data>
            <Data Name='Image'>C:\Program Files (x86)\Google\Chrome\Application\chrome.exe</Data>
            <Data Name='User'>N6\vklevlanyk</Data>
            <Data Name='Protocol'>tcp</Data>
            <Data Name='Initiated'>true</Data>
            <Data Name='SourceIsIpv6'>false</Data>
            <Data Name='SourceIp'>192.168.0.113</Data>
            <Data Name='SourceHostname'>N6.Home</Data>
            <Data Name='SourcePort'>54863</Data>
            <Data Name='SourcePortName'>-</Data>
            <Data Name='DestinationIsIpv6'>false</Data>
            <Data Name='DestinationIp'>192.168.0.105</Data>
            <Data Name='DestinationHostname'>-</Data>
            <Data Name='DestinationPort'>8009</Data>
            <Data Name='DestinationPortName'>-</Data>
        </EventData>
    </Event>
    <Event xmlns='http://schemas.microsoft.com/win/2004/08/events/event'>
        <System>
            <Provider Name='Microsoft-Windows-Sysmon'
                      Guid='{5770385f-c22a-43e0-bf4c-06f5698ffbd9}'/>
            <EventID>3</EventID>
            <Version>5</Version>
            <Level>4</Level>
            <Task>3</Task>
            <Opcode>0</Opcode>
            <Keywords>0x8000000000000000</Keywords>
            <TimeCreated SystemTime='2022-04-17T13:22:32.1273380Z'/>
            <EventRecordID>77</EventRecordID>
            <Correlation/>
            <Execution ProcessID='11132' ThreadID='4936'/>
            <Channel>Microsoft-Windows-Sysmon/Operational</Channel>
            <Computer>N6</Computer>
            <Security UserID='S-1-5-18'/>
        </System>
        <EventData>
            <Data Name='RuleName'>-</Data>
            <Data Name='UtcTime'>2022-04-17 13:22:30.043</Data>
            <Data Name='ProcessGuid'>{f03562c7-d93b-625b-9d12-000000004e00}</Data>
            <Data Name='ProcessId'>8044</Data>
            <Data Name='Image'>
                C:\Windows\SystemApps\Microsoft.Windows.Search_cw5n1h2txyewy\SearchApp.exe
            </Data>
            <Data Name='User'>N6\vklevlanyk</Data>
            <Data Name='Protocol'>tcp</Data>
            <Data Name='Initiated'>true</Data>
            <Data Name='SourceIsIpv6'>false</Data>
            <Data Name='SourceIp'>192.168.0.113</Data>
            <Data Name='SourceHostname'>N6.Home</Data>
            <Data Name='SourcePort'>54862</Data>
            <Data Name='SourcePortName'>-</Data>
            <Data Name='DestinationIsIpv6'>false</Data>
            <Data Name='DestinationIp'>204.79.197.200</Data>
            <Data Name='DestinationHostname'>-</Data>
            <Data Name='DestinationPort'>443</Data>
            <Data Name='DestinationPortName'>https</Data>
        </EventData>
    </Event>
    <Event xmlns='http://schemas.microsoft.com/win/2004/08/events/event'>
        <System>
            <Provider Name='Microsoft-Windows-Sysmon'
                      Guid='{5770385f-c22a-43e0-bf4c-06f5698ffbd9}'/>
            <EventID>3</EventID>
            <Version>5</Version>
            <Level>4</Level>
            <Task>3</Task>
            <Opcode>0</Opcode>
            <Keywords>0x8000000000000000</Keywords>
            <TimeCreated SystemTime='2022-04-17T13:22:32.1273310Z'/>
            <EventRecordID>76</EventRecordID>
            <Correlation/>
            <Execution ProcessID='11132' ThreadID='4936'/>
            <Channel>Microsoft-Windows-Sysmon/Operational</Channel>
            <Computer>N6</Computer>
            <Security UserID='S-1-5-18'/>
        </System>
        <EventData>
            <Data Name='RuleName'>-</Data>
            <Data Name='UtcTime'>2022-04-17 13:22:29.910</Data>
            <Data Name='ProcessGuid'>{f03562c7-5a33-6256-eb03-000000000000}</Data>
            <Data Name='ProcessId'>4</Data>
            <Data Name='Image'>System</Data>
            <Data Name='User'>NT AUTHORITY\SYSTEM</Data>
            <Data Name='Protocol'>udp</Data>
            <Data Name='Initiated'>true</Data>
            <Data Name='SourceIsIpv6'>false</Data>
            <Data Name='SourceIp'>192.168.0.113</Data>
            <Data Name='SourceHostname'>N6.Home</Data>
            <Data Name='SourcePort'>137</Data>
            <Data Name='SourcePortName'>netbios-ns</Data>
            <Data Name='DestinationIsIpv6'>false</Data>
            <Data Name='DestinationIp'>131.253.33.254</Data>
            <Data Name='DestinationHostname'>-</Data>
            <Data Name='DestinationPort'>137</Data>
            <Data Name='DestinationPortName'>netbios-ns</Data>
        </EventData>
    </Event>
    <Event xmlns='http://schemas.microsoft.com/win/2004/08/events/event'>
        <System>
            <Provider Name='Microsoft-Windows-Sysmon'
                      Guid='{5770385f-c22a-43e0-bf4c-06f5698ffbd9}'/>
            <EventID>3</EventID>
            <Version>5</Version>
            <Level>4</Level>
            <Task>3</Task>
            <Opcode>0</Opcode>
            <Keywords>0x8000000000000000</Keywords>
            <TimeCreated SystemTime='2022-04-17T13:22:32.1273250Z'/>
            <EventRecordID>75</EventRecordID>
            <Correlation/>
            <Execution ProcessID='11132' ThreadID='4936'/>
            <Channel>Microsoft-Windows-Sysmon/Operational</Channel>
            <Computer>N6</Computer>
            <Security UserID='S-1-5-18'/>
        </System>
        <EventData>
            <Data Name='RuleName'>-</Data>
            <Data Name='UtcTime'>2022-04-17 13:22:29.910</Data>
            <Data Name='ProcessGuid'>{f03562c7-5a33-6256-eb03-000000000000}</Data>
            <Data Name='ProcessId'>4</Data>
            <Data Name='Image'>System</Data>
            <Data Name='User'>NT AUTHORITY\SYSTEM</Data>
            <Data Name='Protocol'>udp</Data>
            <Data Name='Initiated'>true</Data>
            <Data Name='SourceIsIpv6'>false</Data>
            <Data Name='SourceIp'>192.168.0.113</Data>
            <Data Name='SourceHostname'>N6.Home</Data>
            <Data Name='SourcePort'>137</Data>
            <Data Name='SourcePortName'>netbios-ns</Data>
            <Data Name='DestinationIsIpv6'>false</Data>
            <Data Name='DestinationIp'>13.107.4.254</Data>
            <Data Name='DestinationHostname'>-</Data>
            <Data Name='DestinationPort'>137</Data>
            <Data Name='DestinationPortName'>netbios-ns</Data>
        </EventData>
    </Event>
    <Event xmlns='http://schemas.microsoft.com/win/2004/08/events/event'>
        <System>
            <Provider Name='Microsoft-Windows-Sysmon'
                      Guid='{5770385f-c22a-43e0-bf4c-06f5698ffbd9}'/>
            <EventID>3</EventID>
            <Version>5</Version>
            <Level>4</Level>
            <Task>3</Task>
            <Opcode>0</Opcode>
            <Keywords>0x8000000000000000</Keywords>
            <TimeCreated SystemTime='2022-04-17T13:22:32.1273186Z'/>
            <EventRecordID>74</EventRecordID>
            <Correlation/>
            <Execution ProcessID='11132' ThreadID='4936'/>
            <Channel>Microsoft-Windows-Sysmon/Operational</Channel>
            <Computer>N6</Computer>
            <Security UserID='S-1-5-18'/>
        </System>
        <EventData>
            <Data Name='RuleName'>-</Data>
            <Data Name='UtcTime'>2022-04-17 13:22:29.910</Data>
            <Data Name='ProcessGuid'>{f03562c7-5a33-6256-eb03-000000000000}</Data>
            <Data Name='ProcessId'>4</Data>
            <Data Name='Image'>System</Data>
            <Data Name='User'>NT AUTHORITY\SYSTEM</Data>
            <Data Name='Protocol'>udp</Data>
            <Data Name='Initiated'>true</Data>
            <Data Name='SourceIsIpv6'>false</Data>
            <Data Name='SourceIp'>192.168.0.113</Data>
            <Data Name='SourceHostname'>N6.Home</Data>
            <Data Name='SourcePort'>137</Data>
            <Data Name='SourcePortName'>netbios-ns</Data>
            <Data Name='DestinationIsIpv6'>false</Data>
            <Data Name='DestinationIp'>13.107.6.254</Data>
            <Data Name='DestinationHostname'>-</Data>
            <Data Name='DestinationPort'>137</Data>
            <Data Name='DestinationPortName'>netbios-ns</Data>
        </EventData>
    </Event>
    <Event xmlns='http://schemas.microsoft.com/win/2004/08/events/event'>
        <System>
            <Provider Name='Microsoft-Windows-Sysmon'
                      Guid='{5770385f-c22a-43e0-bf4c-06f5698ffbd9}'/>
            <EventID>3</EventID>
            <Version>5</Version>
            <Level>4</Level>
            <Task>3</Task>
            <Opcode>0</Opcode>
            <Keywords>0x8000000000000000</Keywords>
            <TimeCreated SystemTime='2022-04-17T13:22:32.1273069Z'/>
            <EventRecordID>73</EventRecordID>
            <Correlation/>
            <Execution ProcessID='11132' ThreadID='4936'/>
            <Channel>Microsoft-Windows-Sysmon/Operational</Channel>
            <Computer>N6</Computer>
            <Security UserID='S-1-5-18'/>
        </System>
        <EventData>
            <Data Name='RuleName'>-</Data>
            <Data Name='UtcTime'>2022-04-17 13:22:29.907</Data>
            <Data Name='ProcessGuid'>{f03562c7-5a33-6256-eb03-000000000000}</Data>
            <Data Name='ProcessId'>4</Data>
            <Data Name='Image'>System</Data>
            <Data Name='User'>NT AUTHORITY\SYSTEM</Data>
            <Data Name='Protocol'>udp</Data>
            <Data Name='Initiated'>true</Data>
            <Data Name='SourceIsIpv6'>false</Data>
            <Data Name='SourceIp'>192.168.0.113</Data>
            <Data Name='SourceHostname'>N6.Home</Data>
            <Data Name='SourcePort'>137</Data>
            <Data Name='SourcePortName'>netbios-ns</Data>
            <Data Name='DestinationIsIpv6'>false</Data>
            <Data Name='DestinationIp'>204.79.197.222</Data>
            <Data Name='DestinationHostname'>-</Data>
            <Data Name='DestinationPort'>137</Data>
            <Data Name='DestinationPortName'>netbios-ns</Data>
        </EventData>
    </Event>
    