<Event xmlns='http://schemas.microsoft.com/win/2004/08/events/event'>
        <System>
            <Provider Name='Microsoft-Windows-Sysmon'
                      Guid='{5770385f-c22a-43e0-bf4c-06f5698ffbd9}'/>
            <EventID>1</EventID>
            <Version>5</Version>
            <Level>4</Level>
            <Task>1</Task>
            <Opcode>0</Opcode>
            <Keywords>0x8000000000000000</Keywords>
            <TimeCreated SystemTime='2022-04-17T13:23:50.5041880Z'/>
            <EventRecordID>123</EventRecordID>
            <Correlation/>
            <Execution ProcessID='11132' ThreadID='9816'/>
            <Channel>Microsoft-Windows-Sysmon/Operational</Channel>
            <Computer>N6</Computer>
            <Security UserID='S-1-5-18'/>
        </System>
        <EventData>
            <Data Name='RuleName'>-</Data>
            <Data Name='UtcTime'>2022-04-17 13:23:50.502</Data>
            <Data Name='ProcessGuid'>{f03562c7-14e6-625c-af15-000000004e00}</Data>
            <Data Name='ProcessId'>7236</Data>
            <Data Name='Image'>C:\Windows\System32\wbem\WmiPrvSE.exe</Data>
            <Data Name='FileVersion'>10.0.19041.546 (WinBuild.160101.0800)</Data>
            <Data Name='Description'>WMI Provider Host</Data>
            <Data Name='Product'>Microsoft® Windows® Operating System</Data>
            <Data Name='Company'>Microsoft Corporation</Data>
            <Data Name='OriginalFileName'>Wmiprvse.exe</Data>
            <Data Name='CommandLine'>C:\WINDOWS\system32\wbem\wmiprvse.exe -secured -Embedding
            </Data>
            <Data Name='CurrentDirectory'>C:\WINDOWS\system32\</Data>
            <Data Name='User'>NT AUTHORITY\LOCAL SERVICE</Data>
            <Data Name='LogonGuid'>{f03562c7-5a35-6256-e503-000000000000}</Data>
            <Data Name='LogonId'>0x3e5</Data>
            <Data Name='TerminalSessionId'>0</Data>
            <Data Name='IntegrityLevel'>System</Data>
            <Data Name='Hashes'>
                SHA256=2198A7B58BCCB758036B969DDAE6CC2ECE07565E2659A7C541A313A0492231A3
            </Data>
            <Data Name='ParentProcessGuid'>{00000000-0000-0000-0000-000000000000}</Data>
            <Data Name='ParentProcessId'>1164</Data>
            <Data Name='ParentImage'>-</Data>
            <Data Name='ParentCommandLine'>-</Data>
            <Data Name='ParentUser'>-</Data>
        </EventData>
    </Event>
    <Event xmlns='http://schemas.microsoft.com/win/2004/08/events/event'>
        <System>
            <Provider Name='Microsoft-Windows-Sysmon'
                      Guid='{5770385f-c22a-43e0-bf4c-06f5698ffbd9}'/>
            <EventID>1</EventID>
            <Version>5</Version>
            <Level>4</Level>
            <Task>1</Task>
            <Opcode>0</Opcode>
            <Keywords>0x8000000000000000</Keywords>
            <TimeCreated SystemTime='2022-04-17T13:23:49.6522800Z'/>
            <EventRecordID>122</EventRecordID>
            <Correlation/>
            <Execution ProcessID='11132' ThreadID='9816'/>
            <Channel>Microsoft-Windows-Sysmon/Operational</Channel>
            <Computer>N6</Computer>
            <Security UserID='S-1-5-18'/>
        </System>
        <EventData>
            <Data Name='RuleName'>-</Data>
            <Data Name='UtcTime'>2022-04-17 13:23:49.646</Data>
            <Data Name='ProcessGuid'>{f03562c7-14e5-625c-ae15-000000004e00}</Data>
            <Data Name='ProcessId'>10636</Data>
            <Data Name='Image'>C:\Windows\System32\wbem\WmiPrvSE.exe</Data>
            <Data Name='FileVersion'>10.0.19041.546 (WinBuild.160101.0800)</Data>
            <Data Name='Description'>WMI Provider Host</Data>
            <Data Name='Product'>Microsoft® Windows® Operating System</Data>
            <Data Name='Company'>Microsoft Corporation</Data>
            <Data Name='OriginalFileName'>Wmiprvse.exe</Data>
            <Data Name='CommandLine'>C:\WINDOWS\system32\wbem\wmiprvse.exe -secured -Embedding
            </Data>
            <Data Name='CurrentDirectory'>C:\WINDOWS\system32\</Data>
            <Data Name='User'>NT AUTHORITY\NETWORK SERVICE</Data>
            <Data Name='LogonGuid'>{f03562c7-5a35-6256-e403-000000000000}</Data>
            <Data Name='LogonId'>0x3e4</Data>
            <Data Name='TerminalSessionId'>0</Data>
            <Data Name='IntegrityLevel'>System</Data>
            <Data Name='Hashes'>
                SHA256=2198A7B58BCCB758036B969DDAE6CC2ECE07565E2659A7C541A313A0492231A3
            </Data>
            <Data Name='ParentProcessGuid'>{00000000-0000-0000-0000-000000000000}</Data>
            <Data Name='ParentProcessId'>1164</Data>
            <Data Name='ParentImage'>-</Data>
            <Data Name='ParentCommandLine'>-</Data>
            <Data Name='ParentUser'>-</Data>
        </EventData>
    </Event>
    <Event xmlns='http://schemas.microsoft.com/win/2004/08/events/event'>
        <System>
            <Provider Name='Microsoft-Windows-Sysmon'
                      Guid='{5770385f-c22a-43e0-bf4c-06f5698ffbd9}'/>
            <EventID>1</EventID>
            <Version>5</Version>
            <Level>4</Level>
            <Task>1</Task>
            <Opcode>0</Opcode>
            <Keywords>0x8000000000000000</Keywords>
            <TimeCreated SystemTime='2022-04-17T13:23:49.6138933Z'/>
            <EventRecordID>121</EventRecordID>
            <Correlation/>
            <Execution ProcessID='11132' ThreadID='9816'/>
            <Channel>Microsoft-Windows-Sysmon/Operational</Channel>
            <Computer>N6</Computer>
            <Security UserID='S-1-5-18'/>
        </System>
        <EventData>
            <Data Name='RuleName'>-</Data>
            <Data Name='UtcTime'>2022-04-17 13:23:49.609</Data>
            <Data Name='ProcessGuid'>{f03562c7-14e5-625c-ad15-000000004e00}</Data>
            <Data Name='ProcessId'>11564</Data>
            <Data Name='Image'>C:\Windows\System32\wbem\WmiApSrv.exe</Data>
            <Data Name='FileVersion'>10.0.19041.1320 (WinBuild.160101.0800)</Data>
            <Data Name='Description'>WMI Performance Reverse Adapter</Data>
            <Data Name='Product'>Microsoft® Windows® Operating System</Data>
            <Data Name='Company'>Microsoft Corporation</Data>
            <Data Name='OriginalFileName'>WmiApSrv.exe</Data>
            <Data Name='CommandLine'>C:\WINDOWS\system32\wbem\WmiApSrv.exe</Data>
            <Data Name='CurrentDirectory'>C:\WINDOWS\system32\</Data>
            <Data Name='User'>NT AUTHORITY\SYSTEM</Data>
            <Data Name='LogonGuid'>{f03562c7-5a35-6256-e703-000000000000}</Data>
            <Data Name='LogonId'>0x3e7</Data>
            <Data Name='TerminalSessionId'>0</Data>
            <Data Name='IntegrityLevel'>System</Data>
            <Data Name='Hashes'>
                SHA256=CBF60ED17A5B9CF79523F1493BCCD52B3C39632C4C83DE1FD49CFD2B70F01530
            </Data>
            <Data Name='ParentProcessGuid'>{00000000-0000-0000-0000-000000000000}</Data>
            <Data Name='ParentProcessId'>104</Data>
            <Data Name='ParentImage'>-</Data>
            <Data Name='ParentCommandLine'>-</Data>
            <Data Name='ParentUser'>-</Data>
        </EventData>
    </Event>
    <Event xmlns='http://schemas.microsoft.com/win/2004/08/events/event'>
        <System>
            <Provider Name='Microsoft-Windows-Sysmon'
                      Guid='{5770385f-c22a-43e0-bf4c-06f5698ffbd9}'/>
            <EventID>3</EventID>
            <Version>5</Version>
            <Level>4</Level>
            <Task>3</Task>
            <Opcode>0</Opcode>
            <Keywords>0x8000000000000000</Keywords>
            <TimeCreated SystemTime='2022-04-17T13:23:27.3210226Z'/>
            <EventRecordID>120</EventRecordID>
            <Correlation/>
            <Execution ProcessID='11132' ThreadID='4936'/>
            <Channel>Microsoft-Windows-Sysmon/Operational</Channel>
            <Computer>N6</Computer>
            <Security UserID='S-1-5-18'/>
        </System>
        <EventData>
            <Data Name='RuleName'>-</Data>
            <Data Name='UtcTime'>2022-04-17 13:23:24.119</Data>
            <Data Name='ProcessGuid'>{f03562c7-5a33-6256-eb03-000000000000}</Data>
            <Data Name='ProcessId'>4</Data>
            <Data Name='Image'>System</Data>
            <Data Name='User'>NT AUTHORITY\SYSTEM</Data>
            <Data Name='Protocol'>udp</Data>
            <Data Name='Initiated'>true</Data>
            <Data Name='SourceIsIpv6'>false</Data>
            <Data Name='SourceIp'>192.168.0.113</Data>
            <Data Name='SourceHostname'>N6.Home</Data>
            <Data Name='SourcePort'>137</Data>
            <Data Name='SourcePortName'>netbios-ns</Data>
            <Data Name='DestinationIsIpv6'>false</Data>
            <Data Name='DestinationIp'>162.159.133.234</Data>
            <Data Name='DestinationHostname'>-</Data>
            <Data Name='DestinationPort'>137</Data>
            <Data Name='DestinationPortName'>netbios-ns</Data>
        </EventData>
    </Event>
    <Event xmlns='http://schemas.microsoft.com/win/2004/08/events/event'>
        <System>
            <Provider Name='Microsoft-Windows-Sysmon'
                      Guid='{5770385f-c22a-43e0-bf4c-06f5698ffbd9}'/>
            <EventID>3</EventID>
            <Version>5</Version>
            <Level>4</Level>
            <Task>3</Task>
            <Opcode>0</Opcode>
            <Keywords>0x8000000000000000</Keywords>
            <TimeCreated SystemTime='2022-04-17T13:23:25.2882692Z'/>
            <EventRecordID>119</EventRecordID>
            <Correlation/>
            <Execution ProcessID='11132' ThreadID='4936'/>
            <Channel>Microsoft-Windows-Sysmon/Operational</Channel>
            <Computer>N6</Computer>
            <Security UserID='S-1-5-18'/>
        </System>
        <EventData>
            <Data Name='RuleName'>-</Data>
            <Data Name='UtcTime'>2022-04-17 13:23:23.131</Data>
            <Data Name='ProcessGuid'>{f03562c7-122c-625c-3215-000000004e00}</Data>
            <Data Name='ProcessId'>10684</Data>
            <Data Name='Image'>C:\Program Files (x86)\Google\Chrome\Application\chrome.exe</Data>
            <Data Name='User'>N6\vklevlanyk</Data>
            <Data Name='Protocol'>tcp</Data>
            <Data Name='Initiated'>true</Data>
            <Data Name='SourceIsIpv6'>false</Data>
            <Data Name='SourceIp'>192.168.0.113</Data>
            <Data Name='SourceHostname'>N6.Home</Data>
            <Data Name='SourcePort'>54872</Data>
            <Data Name='SourcePortName'>-</Data>
            <Data Name='DestinationIsIpv6'>false</Data>
            <Data Name='DestinationIp'>142.251.36.110</Data>
            <Data Name='DestinationHostname'>prg03s11-in-f14.1e100.net</Data>
            <Data Name='DestinationPort'>443</Data>
            <Data Name='DestinationPortName'>https</Data>
        </EventData>
    </Event>
    <Event xmlns='http://schemas.microsoft.com/win/2004/08/events/event'>
        <System>
            <Provider Name='Microsoft-Windows-Sysmon'
                      Guid='{5770385f-c22a-43e0-bf4c-06f5698ffbd9}'/>
            <EventID>3</EventID>
            <Version>5</Version>
            <Level>4</Level>
            <Task>3</Task>
            <Opcode>0</Opcode>
            <Keywords>0x8000000000000000</Keywords>
            <TimeCreated SystemTime='2022-04-17T13:23:24.2486771Z'/>
            <EventRecordID>118</EventRecordID>
            <Correlation/>
            <Execution ProcessID='11132' ThreadID='4936'/>
            <Channel>Microsoft-Windows-Sysmon/Operational</Channel>
            <Computer>N6</Computer>
            <Security UserID='S-1-5-18'/>
        </System>
        <EventData>
            <Data Name='RuleName'>-</Data>
            <Data Name='UtcTime'>2022-04-17 13:23:22.666</Data>
            <Data Name='ProcessGuid'>{f03562c7-122c-625c-3215-000000004e00}</Data>
            <Data Name='ProcessId'>10684</Data>
            <Data Name='Image'>C:\Program Files (x86)\Google\Chrome\Application\chrome.exe</Data>
            <Data Name='User'>N6\vklevlanyk</Data>
            <Data Name='Protocol'>tcp</Data>
            <Data Name='Initiated'>true</Data>
            <Data Name='SourceIsIpv6'>false</Data>
            <Data Name='SourceIp'>192.168.0.113</Data>
            <Data Name='SourceHostname'>N6.Home</Data>
            <Data Name='SourcePort'>54871</Data>
            <Data Name='SourcePortName'>-</Data>
            <Data Name='DestinationIsIpv6'>false</Data>
            <Data Name='DestinationIp'>162.159.133.234</Data>
            <Data Name='DestinationHostname'>-</Data>
            <Data Name='DestinationPort'>443</Data>
            <Data Name='DestinationPortName'>https</Data>
        </EventData>
    </Event>
    <Event xmlns='http://schemas.microsoft.com/win/2004/08/events/event'>
        <System>
            <Provider Name='Microsoft-Windows-Sysmon'
                      Guid='{5770385f-c22a-43e0-bf4c-06f5698ffbd9}'/>
            <EventID>3</EventID>
            <Version>5</Version>
            <Level>4</Level>
            <Task>3</Task>
            <Opcode>0</Opcode>
            <Keywords>0x8000000000000000</Keywords>
            <TimeCreated SystemTime='2022-04-17T13:23:15.0698949Z'/>
            <EventRecordID>117</EventRecordID>
            <Correlation/>
            <Execution ProcessID='11132' ThreadID='4936'/>
            <Channel>Microsoft-Windows-Sysmon/Operational</Channel>
            <Computer>N6</Computer>
            <Security UserID='S-1-5-18'/>
        </System>
        <EventData>
            <Data Name='RuleName'>-</Data>
            <Data Name='UtcTime'>2022-04-17 13:23:13.651</Data>
            <Data Name='ProcessGuid'>{f03562c7-122c-625c-3215-000000004e00}</Data>
            <Data Name='ProcessId'>10684</Data>
            <Data Name='Image'>C:\Program Files (x86)\Google\Chrome\Application\chrome.exe</Data>
            <Data Name='User'>N6\vklevlanyk</Data>
            <Data Name='Protocol'>udp</Data>
            <Data Name='Initiated'>true</Data>
            <Data Name='SourceIsIpv6'>false</Data>
            <Data Name='SourceIp'>192.168.0.113</Data>
            <Data Name='SourceHostname'>N6.Home</Data>
            <Data Name='SourcePort'>62847</Data>
            <Data Name='SourcePortName'>-</Data>
            <Data Name='DestinationIsIpv6'>false</Data>
            <Data Name='DestinationIp'>142.250.102.139</Data>
            <Data Name='DestinationHostname'>-</Data>
            <Data Name='DestinationPort'>443</Data>
            <Data Name='DestinationPortName'>https</Data>
        </EventData>
    </Event>
    <Event xmlns='http://schemas.microsoft.com/win/2004/08/events/event'>
        <System>
            <Provider Name='Microsoft-Windows-Sysmon'
                      Guid='{5770385f-c22a-43e0-bf4c-06f5698ffbd9}'/>
            <EventID>3</EventID>
            <Version>5</Version>
            <Level>4</Level>
            <Task>3</Task>
            <Opcode>0</Opcode>
            <Keywords>0x8000000000000000</Keywords>
            <TimeCreated SystemTime='2022-04-17T13:23:11.9291672Z'/>
            <EventRecordID>116</EventRecordID>
            <Correlation/>
            <Execution ProcessID='11132' ThreadID='4936'/>
            <Channel>Microsoft-Windows-Sysmon/Operational</Channel>
            <Computer>N6</Computer>
            <Security UserID='S-1-5-18'/>
        </System>
        <EventData>
            <Data Name='RuleName'>-</Data>
            <Data Name='UtcTime'>2022-04-17 13:23:09.941</Data>
            <Data Name='ProcessGuid'>{f03562c7-5a37-6256-6c00-000000004e00}</Data>
            <Data Name='ProcessId'>5212</Data>
            <Data Name='Image'>C:\Windows\System32\dasHost.exe</Data>
            <Data Name='User'>NT AUTHORITY\LOCAL SERVICE</Data>
            <Data Name='Protocol'>udp</Data>
            <Data Name='Initiated'>false</Data>
            <Data Name='SourceIsIpv6'>false</Data>
            <Data Name='SourceIp'>239.255.255.250</Data>
            <Data Name='SourceHostname'>-</Data>
            <Data Name='SourcePort'>3702</Data>
            <Data Name='SourcePortName'>ws-discovery</Data>
            <Data Name='DestinationIsIpv6'>false</Data>
            <Data Name='DestinationIp'>127.0.0.1</Data>
            <Data Name='DestinationHostname'>N6</Data>
            <Data Name='DestinationPort'>56102</Data>
            <Data Name='DestinationPortName'>-</Data>
        </EventData>
    </Event>
    <Event xmlns='http://schemas.microsoft.com/win/2004/08/events/event'>
        <System>
            <Provider Name='Microsoft-Windows-Sysmon'
                      Guid='{5770385f-c22a-43e0-bf4c-06f5698ffbd9}'/>
            <EventID>3</EventID>
            <Version>5</Version>
            <Level>4</Level>
            <Task>3</Task>
            <Opcode>0</Opcode>
            <Keywords>0x8000000000000000</Keywords>
            <TimeCreated SystemTime='2022-04-17T13:23:11.9291636Z'/>
            <EventRecordID>115</EventRecordID>
            <Correlation/>
            <Execution ProcessID='11132' ThreadID='4936'/>
            <Channel>Microsoft-Windows-Sysmon/Operational</Channel>
            <Computer>N6</Computer>
            <Security UserID='S-1-5-18'/>
        </System>
        <EventData>
            <Data Name='RuleName'>-</Data>
            <Data Name='UtcTime'>2022-04-17 13:23:09.941</Data>
            <Data Name='ProcessGuid'>{f03562c7-5a37-6256-6c00-000000004e00}</Data>
            <Data Name='ProcessId'>5212</Data>
            <Data Name='Image'>C:\Windows\System32\dasHost.exe</Data>
            <Data Name='User'>NT AUTHORITY\LOCAL SERVICE</Data>
            <Data Name='Protocol'>udp</Data>
            <Data Name='Initiated'>true</Data>
            <Data Name='SourceIsIpv6'>false</Data>
            <Data Name='SourceIp'>127.0.0.1</Data>
            <Data Name='SourceHostname'>N6</Data>
            <Data Name='SourcePort'>56102</Data>
            <Data Name='SourcePortName'>-</Data>
            <Data Name='DestinationIsIpv6'>false</Data>
            <Data Name='DestinationIp'>239.255.255.250</Data>
            <Data Name='DestinationHostname'>-</Data>
            <Data Name='DestinationPort'>3702</Data>
            <Data Name='DestinationPortName'>ws-discovery</Data>
        </EventData>
    </Event>
    <Event xmlns='http://schemas.microsoft.com/win/2004/08/events/event'>
        <System>
            <Provider Name='Microsoft-Windows-Sysmon'
                      Guid='{5770385f-c22a-43e0-bf4c-06f5698ffbd9}'/>
            <EventID>3</EventID>
            <Version>5</Version>
            <Level>4</Level>
            <Task>3</Task>
            <Opcode>0</Opcode>
            <Keywords>0x8000000000000000</Keywords>
            <TimeCreated SystemTime='2022-04-17T13:23:11.9291597Z'/>
            <EventRecordID>114</EventRecordID>
            <Correlation/>
            <Execution ProcessID='11132' ThreadID='4936'/>
            <Channel>Microsoft-Windows-Sysmon/Operational</Channel>
            <Computer>N6</Computer>
            <Security UserID='S-1-5-18'/>
        </System>
        <EventData>
            <Data Name='RuleName'>-</Data>
            <Data Name='UtcTime'>2022-04-17 13:23:09.941</Data>
            <Data Name='ProcessGuid'>{f03562c7-5a37-6256-6c00-000000004e00}</Data>
            <Data Name='ProcessId'>5212</Data>
            <Data Name='Image'>C:\Windows\System32\dasHost.exe</Data>
            <Data Name='User'>NT AUTHORITY\LOCAL SERVICE</Data>
            <Data Name='Protocol'>udp</Data>
            <Data Name='Initiated'>true</Data>
            <Data Name='SourceIsIpv6'>false</Data>
            <Data Name='SourceIp'>192.168.0.113</Data>
            <Data Name='SourceHostname'>N6.Home</Data>
            <Data Name='SourcePort'>56102</Data>
            <Data Name='SourcePortName'>-</Data>
            <Data Name='DestinationIsIpv6'>false</Data>
            <Data Name='DestinationIp'>239.255.255.250</Data>
            <Data Name='DestinationHostname'>-</Data>
            <Data Name='DestinationPort'>3702</Data>
            <Data Name='DestinationPortName'>ws-discovery</Data>
        </EventData>
    </Event>
    <Event xmlns='http://schemas.microsoft.com/win/2004/08/events/event'>
        <System>
            <Provider Name='Microsoft-Windows-Sysmon'
                      Guid='{5770385f-c22a-43e0-bf4c-06f5698ffbd9}'/>
            <EventID>3</EventID>
            <Version>5</Version>
            <Level>4</Level>
            <Task>3</Task>
            <Opcode>0</Opcode>
            <Keywords>0x8000000000000000</Keywords>
            <TimeCreated SystemTime='2022-04-17T13:23:11.9291557Z'/>
            <EventRecordID>113</EventRecordID>
            <Correlation/>
            <Execution ProcessID='11132' ThreadID='4936'/>
            <Channel>Microsoft-Windows-Sysmon/Operational</Channel>
            <Computer>N6</Computer>
            <Security UserID='S-1-5-18'/>
        </System>
        <EventData>
            <Data Name='RuleName'>-</Data>
            <Data Name='UtcTime'>2022-04-17 13:23:09.941</Data>
            <Data Name='ProcessGuid'>{f03562c7-5a37-6256-6c00-000000004e00}</Data>
            <Data Name='ProcessId'>5212</Data>
            <Data Name='Image'>C:\Windows\System32\dasHost.exe</Data>
            <Data Name='User'>NT AUTHORITY\LOCAL SERVICE</Data>
            <Data Name='Protocol'>udp</Data>
            <Data Name='Initiated'>true</Data>
            <Data Name='SourceIsIpv6'>false</Data>
            <Data Name='SourceIp'>192.168.0.95</Data>
            <Data Name='SourceHostname'>N6</Data>
            <Data Name='SourcePort'>56102</Data>
            <Data Name='SourcePortName'>-</Data>
            <Data Name='DestinationIsIpv6'>false</Data>
            <Data Name='DestinationIp'>239.255.255.250</Data>
            <Data Name='DestinationHostname'>-</Data>
            <Data Name='DestinationPort'>3702</Data>
            <Data Name='DestinationPortName'>ws-discovery</Data>
        </EventData>
    </Event>
    <Event xmlns='http://schemas.microsoft.com/win/2004/08/events/event'>
        <System>
            <Provider Name='Microsoft-Windows-Sysmon'
                      Guid='{5770385f-c22a-43e0-bf4c-06f5698ffbd9}'/>
            <EventID>3</EventID>
            <Version>5</Version>
            <Level>4</Level>
            <Task>3</Task>
            <Opcode>0</Opcode>
            <Keywords>0x8000000000000000</Keywords>
            <TimeCreated SystemTime='2022-04-17T13:23:11.9291512Z'/>
            <EventRecordID>112</EventRecordID>
            <Correlation/>
            <Execution ProcessID='11132' ThreadID='4936'/>
            <Channel>Microsoft-Windows-Sysmon/Operational</Channel>
            <Computer>N6</Computer>
            <Security UserID='S-1-5-18'/>
        </System>
        <EventData>
            <Data Name='RuleName'>-</Data>
            <Data Name='UtcTime'>2022-04-17 13:23:09.940</Data>
            <Data Name='ProcessGuid'>{f03562c7-5a37-6256-6c00-000000004e00}</Data>
            <Data Name='ProcessId'>5212</Data>
            <Data Name='Image'>C:\Windows\System32\dasHost.exe</Data>
            <Data Name='User'>NT AUTHORITY\LOCAL SERVICE</Data>
            <Data Name='Protocol'>udp</Data>
            <Data Name='Initiated'>false</Data>
            <Data Name='SourceIsIpv6'>true</Data>
            <Data Name='SourceIp'>ff02:0:0:0:0:0:0:c</Data>
            <Data Name='SourceHostname'>-</Data>
            <Data Name='SourcePort'>3702</Data>
            <Data Name='SourcePortName'>ws-discovery</Data>
            <Data Name='DestinationIsIpv6'>true</Data>
            <Data Name='DestinationIp'>0:0:0:0:0:0:0:1</Data>
            <Data Name='DestinationHostname'>N6</Data>
            <Data Name='DestinationPort'>56103</Data>
            <Data Name='DestinationPortName'>-</Data>
        </EventData>
    </Event>
    <Event xmlns='http://schemas.microsoft.com/win/2004/08/events/event'>
        <System>
            <Provider Name='Microsoft-Windows-Sysmon'
                      Guid='{5770385f-c22a-43e0-bf4c-06f5698ffbd9}'/>
            <EventID>3</EventID>
            <Version>5</Version>
            <Level>4</Level>
            <Task>3</Task>
            <Opcode>0</Opcode>
            <Keywords>0x8000000000000000</Keywords>
            <TimeCreated SystemTime='2022-04-17T13:23:11.9291467Z'/>
            <EventRecordID>111</EventRecordID>
            <Correlation/>
            <Execution ProcessID='11132' ThreadID='4936'/>
            <Channel>Microsoft-Windows-Sysmon/Operational</Channel>
            <Computer>N6</Computer>
            <Security UserID='S-1-5-18'/>
        </System>
        <EventData>
            <Data Name='RuleName'>-</Data>
            <Data Name='UtcTime'>2022-04-17 13:23:09.939</Data>
            <Data Name='ProcessGuid'>{f03562c7-5a37-6256-6c00-000000004e00}</Data>
            <Data Name='ProcessId'>5212</Data>
            <Data Name='Image'>C:\Windows\System32\dasHost.exe</Data>
            <Data Name='User'>NT AUTHORITY\LOCAL SERVICE</Data>
            <Data Name='Protocol'>udp</Data>
            <Data Name='Initiated'>true</Data>
            <Data Name='SourceIsIpv6'>true</Data>
            <Data Name='SourceIp'>0:0:0:0:0:0:0:1</Data>
            <Data Name='SourceHostname'>N6</Data>
            <Data Name='SourcePort'>56103</Data>
            <Data Name='SourcePortName'>-</Data>
            <Data Name='DestinationIsIpv6'>true</Data>
            <Data Name='DestinationIp'>ff02:0:0:0:0:0:0:c</Data>
            <Data Name='DestinationHostname'>-</Data>
            <Data Name='DestinationPort'>3702</Data>
            <Data Name='DestinationPortName'>ws-discovery</Data>
        </EventData>
    </Event>
    <Event xmlns='http://schemas.microsoft.com/win/2004/08/events/event'>
        <System>
            <Provider Name='Microsoft-Windows-Sysmon'
                      Guid='{5770385f-c22a-43e0-bf4c-06f5698ffbd9}'/>
            <EventID>3</EventID>
            <Version>5</Version>
            <Level>4</Level>
            <Task>3</Task>
            <Opcode>0</Opcode>
            <Keywords>0x8000000000000000</Keywords>
            <TimeCreated SystemTime='2022-04-17T13:23:11.9291417Z'/>
            <EventRecordID>110</EventRecordID>
            <Correlation/>
            <Execution ProcessID='11132' ThreadID='4936'/>
            <Channel>Microsoft-Windows-Sysmon/Operational</Channel>
            <Computer>N6</Computer>
            <Security UserID='S-1-5-18'/>
        </System>
        <EventData>
            <Data Name='RuleName'>-</Data>
            <Data Name='UtcTime'>2022-04-17 13:23:09.939</Data>
            <Data Name='ProcessGuid'>{f03562c7-5a37-6256-6c00-000000004e00}</Data>
            <Data Name='ProcessId'>5212</Data>
            <Data Name='Image'>C:\Windows\System32\dasHost.exe</Data>
            <Data Name='User'>NT AUTHORITY\LOCAL SERVICE</Data>
            <Data Name='Protocol'>udp</Data>
            <Data Name='Initiated'>true</Data>
            <Data Name='SourceIsIpv6'>true</Data>
            <Data Name='SourceIp'>fe80:0:0:0:cde9:5416:34f7:c6fc</Data>
            <Data Name='SourceHostname'>N6.Home</Data>
            <Data Name='SourcePort'>56103</Data>
            <Data Name='SourcePortName'>-</Data>
            <Data Name='DestinationIsIpv6'>true</Data>
            <Data Name='DestinationIp'>ff02:0:0:0:0:0:0:c</Data>
            <Data Name='DestinationHostname'>-</Data>
            <Data Name='DestinationPort'>3702</Data>
            <Data Name='DestinationPortName'>ws-discovery</Data>
        </EventData>
    </Event>
    <Event xmlns='http://schemas.microsoft.com/win/2004/08/events/event'>
        <System>
            <Provider Name='Microsoft-Windows-Sysmon'
                      Guid='{5770385f-c22a-43e0-bf4c-06f5698ffbd9}'/>
            <EventID>3</EventID>
            <Version>5</Version>
            <Level>4</Level>
            <Task>3</Task>
            <Opcode>0</Opcode>
            <Keywords>0x8000000000000000</Keywords>
            <TimeCreated SystemTime='2022-04-17T13:23:11.9291319Z'/>
            <EventRecordID>109</EventRecordID>
            <Correlation/>
            <Execution ProcessID='11132' ThreadID='4936'/>
            <Channel>Microsoft-Windows-Sysmon/Operational</Channel>
            <Computer>N6</Computer>
            <Security UserID='S-1-5-18'/>
        </System>
        <EventData>
            <Data Name='RuleName'>-</Data>
            <Data Name='UtcTime'>2022-04-17 13:23:09.939</Data>
            <Data Name='ProcessGuid'>{f03562c7-5a37-6256-6c00-000000004e00}</Data>
            <Data Name='ProcessId'>5212</Data>
            <Data Name='Image'>C:\Windows\System32\dasHost.exe</Data>
            <Data Name='User'>NT AUTHORITY\LOCAL SERVICE</Data>
            <Data Name='Protocol'>udp</Data>
            <Data Name='Initiated'>true</Data>
            <Data Name='SourceIsIpv6'>true</Data>
            <Data Name='SourceIp'>fe80:0:0:0:848c:6dfe:2d35:2ef2</Data>
            <Data Name='SourceHostname'>N6</Data>
            <Data Name='SourcePort'>56103</Data>
            <Data Name='SourcePortName'>-</Data>
            <Data Name='DestinationIsIpv6'>true</Data>
            <Data Name='DestinationIp'>ff02:0:0:0:0:0:0:c</Data>
            <Data Name='DestinationHostname'>-</Data>
            <Data Name='DestinationPort'>3702</Data>
            <Data Name='DestinationPortName'>ws-discovery</Data>
        </EventData>
    </Event>
    <Event xmlns='http://schemas.microsoft.com/win/2004/08/events/event'>
        <System>
            <Provider Name='Microsoft-Windows-Sysmon'
                      Guid='{5770385f-c22a-43e0-bf4c-06f5698ffbd9}'/>
            <EventID>5</EventID>
            <Version>3</Version>
            <Level>4</Level>
            <Task>5</Task>
            <Opcode>0</Opcode>
            <Keywords>0x8000000000000000</Keywords>
            <TimeCreated SystemTime='2022-04-17T13:23:10.4650430Z'/>
            <EventRecordID>108</EventRecordID>
            <Correlation/>
            <Execution ProcessID='11132' ThreadID='9816'/>
            <Channel>Microsoft-Windows-Sysmon/Operational</Channel>
            <Computer>N6</Computer>
            <Security UserID='S-1-5-18'/>
        </System>
        <EventData>
            <Data Name='RuleName'>-</Data>
            <Data Name='UtcTime'>2022-04-17 13:23:10.464</Data>
            <Data Name='ProcessGuid'>{f03562c7-14be-625c-ab15-000000004e00}</Data>
            <Data Name='ProcessId'>10396</Data>
            <Data Name='Image'>C:\Windows\System32\eventvwr.exe</Data>
            <Data Name='User'>N6\vklevlanyk</Data>
        </EventData>
    </Event>
    <Event xmlns='http://schemas.microsoft.com/win/2004/08/events/event'>
        <System>
            <Provider Name='Microsoft-Windows-Sysmon'
                      Guid='{5770385f-c22a-43e0-bf4c-06f5698ffbd9}'/>
            <EventID>1</EventID>
            <Version>5</Version>
            <Level>4</Level>
            <Task>1</Task>
            <Opcode>0</Opcode>
            <Keywords>0x8000000000000000</Keywords>
            <TimeCreated SystemTime='2022-04-17T13:23:10.4091498Z'/>
            <EventRecordID>107</EventRecordID>
            <Correlation/>
            <Execution ProcessID='11132' ThreadID='9816'/>
            <Channel>Microsoft-Windows-Sysmon/Operational</Channel>
            <Computer>N6</Computer>
            <Security UserID='S-1-5-18'/>
        </System>
        <EventData>
            <Data Name='RuleName'>-</Data>
            <Data Name='UtcTime'>2022-04-17 13:23:10.397</Data>
            <Data Name='ProcessGuid'>{f03562c7-14be-625c-ac15-000000004e00}</Data>
            <Data Name='ProcessId'>4604</Data>
            <Data Name='Image'>C:\Windows\System32\mmc.exe</Data>
            <Data Name='FileVersion'>10.0.19041.1586 (WinBuild.160101.0800)</Data>
            <Data Name='Description'>Microsoft Management Console</Data>
            <Data Name='Product'>Microsoft® Windows® Operating System</Data>
            <Data Name='Company'>Microsoft Corporation</Data>
            <Data Name='OriginalFileName'>mmc.exe</Data>
            <Data Name='CommandLine'>"C:\WINDOWS\system32\mmc.exe"
                "C:\WINDOWS\system32\eventvwr.msc"
            </Data>
            <Data Name='CurrentDirectory'>C:\WINDOWS\system32\</Data>
            <Data Name='User'>N6\vklevlanyk</Data>
            <Data Name='LogonGuid'>{f03562c7-d938-625b-083d-d20700000000}</Data>
            <Data Name='LogonId'>0x7d23d08</Data>
            <Data Name='TerminalSessionId'>4</Data>
            <Data Name='IntegrityLevel'>High</Data>
            <Data Name='Hashes'>
                SHA256=7AD8DEB40E54FB673B5B7DC284A17310B4469531E7BCBEB39E48251BA2E04D98
            </Data>
            <Data Name='ParentProcessGuid'>{f03562c7-14be-625c-ab15-000000004e00}</Data>
            <Data Name='ParentProcessId'>10396</Data>
            <Data Name='ParentImage'>C:\Windows\System32\eventvwr.exe</Data>
            <Data Name='ParentCommandLine'>"C:\WINDOWS\system32\eventvwr.exe"</Data>
            <Data Name='ParentUser'>N6\vklevlanyk</Data>
        </EventData>
    </Event>
    <Event xmlns='http://schemas.microsoft.com/win/2004/08/events/event'>
        <System>
            <Provider Name='Microsoft-Windows-Sysmon'
                      Guid='{5770385f-c22a-43e0-bf4c-06f5698ffbd9}'/>
            <EventID>1</EventID>
            <Version>5</Version>
            <Level>4</Level>
            <Task>1</Task>
            <Opcode>0</Opcode>
            <Keywords>0x8000000000000000</Keywords>
            <TimeCreated SystemTime='2022-04-17T13:23:10.3873941Z'/>
            <EventRecordID>106</EventRecordID>
            <Correlation/>
            <Execution ProcessID='11132' ThreadID='9816'/>
            <Channel>Microsoft-Windows-Sysmon/Operational</Channel>
            <Computer>N6</Computer>
            <Security UserID='S-1-5-18'/>
        </System>
        <EventData>
            <Data Name='RuleName'>-</Data>
            <Data Name='UtcTime'>2022-04-17 13:23:10.385</Data>
            <Data Name='ProcessGuid'>{f03562c7-14be-625c-ab15-000000004e00}</Data>
            <Data Name='ProcessId'>10396</Data>
            <Data Name='Image'>C:\Windows\System32\eventvwr.exe</Data>
            <Data Name='FileVersion'>10.0.19041.1 (WinBuild.160101.0800)</Data>
            <Data Name='Description'>Event Viewer Snapin Launcher</Data>
            <Data Name='Product'>Microsoft® Windows® Operating System</Data>
            <Data Name='Company'>Microsoft Corporation</Data>
            <Data Name='OriginalFileName'>eventvwr.exe</Data>
            <Data Name='CommandLine'>"C:\WINDOWS\system32\eventvwr.exe"</Data>
            <Data Name='CurrentDirectory'>C:\WINDOWS\system32\</Data>
            <Data Name='User'>N6\vklevlanyk</Data>
            <Data Name='LogonGuid'>{f03562c7-d938-625b-083d-d20700000000}</Data>
            <Data Name='LogonId'>0x7d23d08</Data>
            <Data Name='TerminalSessionId'>4</Data>
            <Data Name='IntegrityLevel'>High</Data>
            <Data Name='Hashes'>
                SHA256=BE0D401C8B42024B0918394FAA0AA6B494EA537B3C6C2C62C3D9064929F6245B
            </Data>
            <Data Name='ParentProcessGuid'>{f03562c7-d939-625b-8a12-000000004e00}</Data>
            <Data Name='ParentProcessId'>8964</Data>
            <Data Name='ParentImage'>C:\Windows\explorer.exe</Data>
            <Data Name='ParentCommandLine'>C:\WINDOWS\Explorer.EXE</Data>
            <Data Name='ParentUser'>N6\vklevlanyk</Data>
        </EventData>
    </Event>
    <Event xmlns='http://schemas.microsoft.com/win/2004/08/events/event'>
        <System>
            <Provider Name='Microsoft-Windows-Sysmon'
                      Guid='{5770385f-c22a-43e0-bf4c-06f5698ffbd9}'/>
            <EventID>5</EventID>
            <Version>3</Version>
            <Level>4</Level>
            <Task>5</Task>
            <Opcode>0</Opcode>
            <Keywords>0x8000000000000000</Keywords>
            <TimeCreated SystemTime='2022-04-17T13:23:10.3807784Z'/>
            <EventRecordID>105</EventRecordID>
            <Correlation/>
            <Execution ProcessID='11132' ThreadID='9816'/>
            <Channel>Microsoft-Windows-Sysmon/Operational</Channel>
            <Computer>N6</Computer>
            <Security UserID='S-1-5-18'/>
        </System>
        <EventData>
            <Data Name='RuleName'>-</Data>
            <Data Name='UtcTime'>2022-04-17 13:23:10.380</Data>
            <Data Name='ProcessGuid'>{f03562c7-14be-625c-aa15-000000004e00}</Data>
            <Data Name='ProcessId'>17152</Data>
            <Data Name='Image'>C:\Windows\System32\consent.exe</Data>
            <Data Name='User'>NT AUTHORITY\SYSTEM</Data>
        </EventData>
    </Event>
    <Event xmlns='http://schemas.microsoft.com/win/2004/08/events/event'>
        <System>
            <Provider Name='Microsoft-Windows-Sysmon'
                      Guid='{5770385f-c22a-43e0-bf4c-06f5698ffbd9}'/>
            <EventID>1</EventID>
            <Version>5</Version>
            <Level>4</Level>
            <Task>1</Task>
            <Opcode>0</Opcode>
            <Keywords>0x8000000000000000</Keywords>
            <TimeCreated SystemTime='2022-04-17T13:23:10.3228515Z'/>
            <EventRecordID>104</EventRecordID>
            <Correlation/>
            <Execution ProcessID='11132' ThreadID='9816'/>
            <Channel>Microsoft-Windows-Sysmon/Operational</Channel>
            <Computer>N6</Computer>
            <Security UserID='S-1-5-18'/>
        </System>
        <EventData>
            <Data Name='RuleName'>-</Data>
            <Data Name='UtcTime'>2022-04-17 13:23:10.319</Data>
            <Data Name='ProcessGuid'>{f03562c7-14be-625c-aa15-000000004e00}</Data>
            <Data Name='ProcessId'>17152</Data>
            <Data Name='Image'>C:\Windows\System32\consent.exe</Data>
            <Data Name='FileVersion'>10.0.19041.1620 (WinBuild.160101.0800)</Data>
            <Data Name='Description'>Consent UI for administrative applications</Data>
            <Data Name='Product'>Microsoft® Windows® Operating System</Data>
            <Data Name='Company'>Microsoft Corporation</Data>
            <Data Name='OriginalFileName'>consent.exe</Data>
            <Data Name='CommandLine'>consent.exe 7472 318 000001F718673880</Data>
            <Data Name='CurrentDirectory'>C:\WINDOWS\system32\</Data>
            <Data Name='User'>NT AUTHORITY\SYSTEM</Data>
            <Data Name='LogonGuid'>{f03562c7-5a35-6256-e703-000000000000}</Data>
            <Data Name='LogonId'>0x3e7</Data>
            <Data Name='TerminalSessionId'>4</Data>
            <Data Name='IntegrityLevel'>System</Data>
            <Data Name='Hashes'>
                SHA256=59B1229FFADAD55BACC3CABFC9F3E753C12B6B621C651F0BAC0205B6A8CA4424
            </Data>
            <Data Name='ParentProcessGuid'>{f03562c7-5a3e-6256-a200-000000004e00}</Data>
            <Data Name='ParentProcessId'>7472</Data>
            <Data Name='ParentImage'>C:\Windows\System32\svchost.exe</Data>
            <Data Name='ParentCommandLine'>C:\WINDOWS\system32\svchost.exe -k netsvcs -p -s
                Appinfo
            </Data>
            <Data Name='ParentUser'>NT AUTHORITY\SYSTEM</Data>
        </EventData>
    </Event>
    <Event xmlns='http://schemas.microsoft.com/win/2004/08/events/event'>
        <System>
            <Provider Name='Microsoft-Windows-Sysmon'
                      Guid='{5770385f-c22a-43e0-bf4c-06f5698ffbd9}'/>
            <EventID>5</EventID>
            <Version>3</Version>
            <Level>4</Level>
            <Task>5</Task>
            <Opcode>0</Opcode>
            <Keywords>0x8000000000000000</Keywords>
            <TimeCreated SystemTime='2022-04-17T13:23:10.3163761Z'/>
            <EventRecordID>103</EventRecordID>
            <Correlation/>
            <Execution ProcessID='11132' ThreadID='9816'/>
            <Channel>Microsoft-Windows-Sysmon/Operational</Channel>
            <Computer>N6</Computer>
            <Security UserID='S-1-5-18'/>
        </System>
        <EventData>
            <Data Name='RuleName'>-</Data>
            <Data Name='UtcTime'>2022-04-17 13:23:10.316</Data>
            <Data Name='ProcessGuid'>{f03562c7-14be-625c-a915-000000004e00}</Data>
            <Data Name='ProcessId'>4416</Data>
            <Data Name='Image'>C:\Windows\System32\eventvwr.exe</Data>
            <Data Name='User'>N6\vklevlanyk</Data>
        </EventData>
    </Event>
    <Event xmlns='http://schemas.microsoft.com/win/2004/08/events/event'>
        <System>
            <Provider Name='Microsoft-Windows-Sysmon'
                      Guid='{5770385f-c22a-43e0-bf4c-06f5698ffbd9}'/>
            <EventID>1</EventID>
            <Version>5</Version>
            <Level>4</Level>
            <Task>1</Task>
            <Opcode>0</Opcode>
            <Keywords>0x8000000000000000</Keywords>
            <TimeCreated SystemTime='2022-04-17T13:23:10.3151910Z'/>
            <EventRecordID>102</EventRecordID>
            <Correlation/>
            <Execution ProcessID='11132' ThreadID='9816'/>
            <Channel>Microsoft-Windows-Sysmon/Operational</Channel>
            <Computer>N6</Computer>
            <Security UserID='S-1-5-18'/>
        </System>
        <EventData>
            <Data Name='RuleName'>-</Data>
            <Data Name='UtcTime'>2022-04-17 13:23:10.312</Data>
            <Data Name='ProcessGuid'>{f03562c7-14be-625c-a915-000000004e00}</Data>
            <Data Name='ProcessId'>4416</Data>
            <Data Name='Image'>C:\Windows\System32\eventvwr.exe</Data>
            <Data Name='FileVersion'>10.0.19041.1 (WinBuild.160101.0800)</Data>
            <Data Name='Description'>Event Viewer Snapin Launcher</Data>
            <Data Name='Product'>Microsoft® Windows® Operating System</Data>
            <Data Name='Company'>Microsoft Corporation</Data>
            <Data Name='OriginalFileName'>eventvwr.exe</Data>
            <Data Name='CommandLine'>"C:\WINDOWS\system32\eventvwr.exe"</Data>
            <Data Name='CurrentDirectory'>C:\WINDOWS\System32\</Data>
            <Data Name='User'>N6\vklevlanyk</Data>
            <Data Name='LogonGuid'>{f03562c7-d938-625b-2d3d-d20700000000}</Data>
            <Data Name='LogonId'>0x7d23d2d</Data>
            <Data Name='TerminalSessionId'>4</Data>
            <Data Name='IntegrityLevel'>Medium</Data>
            <Data Name='Hashes'>
                SHA256=BE0D401C8B42024B0918394FAA0AA6B494EA537B3C6C2C62C3D9064929F6245B
            </Data>
            <Data Name='ParentProcessGuid'>{f03562c7-d939-625b-8a12-000000004e00}</Data>
            <Data Name='ParentProcessId'>8964</Data>
            <Data Name='ParentImage'>C:\Windows\explorer.exe</Data>
            <Data Name='ParentCommandLine'>C:\WINDOWS\Explorer.EXE</Data>
            <Data Name='ParentUser'>N6\vklevlanyk</Data>
        </EventData>
    </Event>
    <Event xmlns='http://schemas.microsoft.com/win/2004/08/events/event'>
        <System>
            <Provider Name='Microsoft-Windows-Sysmon'
                      Guid='{5770385f-c22a-43e0-bf4c-06f5698ffbd9}'/>
            <EventID>5</EventID>
            <Version>3</Version>
            <Level>4</Level>
            <Task>5</Task>
            <Opcode>0</Opcode>
            <Keywords>0x8000000000000000</Keywords>
            <TimeCreated SystemTime='2022-04-17T13:23:06.6611406Z'/>
            <EventRecordID>101</EventRecordID>
            <Correlation/>
            <Execution ProcessID='11132' ThreadID='9816'/>
            <Channel>Microsoft-Windows-Sysmon/Operational</Channel>
            <Computer>N6</Computer>
            <Security UserID='S-1-5-18'/>
        </System>
        <EventData>
            <Data Name='RuleName'>-</Data>
            <Data Name='UtcTime'>2022-04-17 13:23:06.660</Data>
            <Data Name='ProcessGuid'>{f03562c7-1492-625c-a215-000000004e00}</Data>
            <Data Name='ProcessId'>16408</Data>
            <Data Name='Image'>C:\Windows\System32\RuntimeBroker.exe</Data>
            <Data Name='User'>N6\vklevlanyk</Data>
        </EventData>
    </Event>
    <Event xmlns='http://schemas.microsoft.com/win/2004/08/events/event'>
        <System>
            <Provider Name='Microsoft-Windows-Sysmon'
                      Guid='{5770385f-c22a-43e0-bf4c-06f5698ffbd9}'/>
            <EventID>5</EventID>
            <Version>3</Version>
            <Level>4</Level>
            <Task>5</Task>
            <Opcode>0</Opcode>
            <Keywords>0x8000000000000000</Keywords>
            <TimeCreated SystemTime='2022-04-17T13:23:02.8495850Z'/>
            <EventRecordID>100</EventRecordID>
            <Correlation/>
            <Execution ProcessID='11132' ThreadID='9816'/>
            <Channel>Microsoft-Windows-Sysmon/Operational</Channel>
            <Computer>N6</Computer>
            <Security UserID='S-1-5-18'/>
        </System>
        <EventData>
            <Data Name='RuleName'>-</Data>
            <Data Name='UtcTime'>2022-04-17 13:23:02.849</Data>
            <Data Name='ProcessGuid'>{f03562c7-110f-625c-2015-000000004e00}</Data>
            <Data Name='ProcessId'>7464</Data>
            <Data Name='Image'>C:\Windows\System32\svchost.exe</Data>
            <Data Name='User'>NT AUTHORITY\SYSTEM</Data>
        </EventData>
    </Event>
    <Event xmlns='http://schemas.microsoft.com/win/2004/08/events/event'>
        <System>
            <Provider Name='Microsoft-Windows-Sysmon'
                      Guid='{5770385f-c22a-43e0-bf4c-06f5698ffbd9}'/>
            <EventID>3</EventID>
            <Version>5</Version>
            <Level>4</Level>
            <Task>3</Task>
            <Opcode>0</Opcode>
            <Keywords>0x8000000000000000</Keywords>
            <TimeCreated SystemTime='2022-04-17T13:22:59.8243577Z'/>
            <EventRecordID>99</EventRecordID>
            <Correlation/>
            <Execution ProcessID='11132' ThreadID='4936'/>
            <Channel>Microsoft-Windows-Sysmon/Operational</Channel>
            <Computer>N6</Computer>
            <Security UserID='S-1-5-18'/>
        </System>
        <EventData>
            <Data Name='RuleName'>-</Data>
            <Data Name='UtcTime'>2022-04-17 13:22:58.576</Data>
            <Data Name='ProcessGuid'>{f03562c7-122c-625c-3215-000000004e00}</Data>
            <Data Name='ProcessId'>10684</Data>
            <Data Name='Image'>C:\Program Files (x86)\Google\Chrome\Application\chrome.exe</Data>
            <Data Name='User'>N6\vklevlanyk</Data>
            <Data Name='Protocol'>udp</Data>
            <Data Name='Initiated'>true</Data>
            <Data Name='SourceIsIpv6'>false</Data>
            <Data Name='SourceIp'>192.168.0.113</Data>
            <Data Name='SourceHostname'>N6.Home</Data>
            <Data Name='SourcePort'>51319</Data>
            <Data Name='SourcePortName'>-</Data>
            <Data Name='DestinationIsIpv6'>false</Data>
            <Data Name='DestinationIp'>142.251.36.66</Data>
            <Data Name='DestinationHostname'>-</Data>
            <Data Name='DestinationPort'>443</Data>
            <Data Name='DestinationPortName'>https</Data>
        </EventData>
    </Event>
    <Event xmlns='http://schemas.microsoft.com/win/2004/08/events/event'>
        <System>
            <Provider Name='Microsoft-Windows-Sysmon'
                      Guid='{5770385f-c22a-43e0-bf4c-06f5698ffbd9}'/>
            <EventID>3</EventID>
            <Version>5</Version>
            <Level>4</Level>
            <Task>3</Task>
            <Opcode>0</Opcode>
            <Keywords>0x8000000000000000</Keywords>
            <TimeCreated SystemTime='2022-04-17T13:22:59.8243378Z'/>
            <EventRecordID>98</EventRecordID>
            <Correlation/>
            <Execution ProcessID='11132' ThreadID='4936'/>
            <Channel>Microsoft-Windows-Sysmon/Operational</Channel>
            <Computer>N6</Computer>
            <Security UserID='S-1-5-18'/>
        </System>
        <EventData>
            <Data Name='RuleName'>-</Data>
            <Data Name='UtcTime'>2022-04-17 13:22:58.494</Data>
            <Data Name='ProcessGuid'>{f03562c7-122c-625c-3215-000000004e00}</Data>
            <Data Name='ProcessId'>10684</Data>
            <Data Name='Image'>C:\Program Files (x86)\Google\Chrome\Application\chrome.exe</Data>
            <Data Name='User'>N6\vklevlanyk</Data>
            <Data Name='Protocol'>udp</Data>
            <Data Name='Initiated'>true</Data>
            <Data Name='SourceIsIpv6'>false</Data>
            <Data Name='SourceIp'>192.168.0.113</Data>
            <Data Name='SourceHostname'>N6.Home</Data>
            <Data Name='SourcePort'>60288</Data>
            <Data Name='SourcePortName'>-</Data>
            <Data Name='DestinationIsIpv6'>false</Data>
            <Data Name='DestinationIp'>142.251.37.98</Data>
            <Data Name='DestinationHostname'>-</Data>
            <Data Name='DestinationPort'>443</Data>
            <Data Name='DestinationPortName'>https</Data>
        </EventData>
    </Event>
    