<Event xmlns='http://schemas.microsoft.com/win/2004/08/events/event'>
        <System>
            <Provider Name='Microsoft-Windows-Sysmon'
                      Guid='{5770385f-c22a-43e0-bf4c-06f5698ffbd9}'/>
            <EventID>3</EventID>
            <Version>5</Version>
            <Level>4</Level>
            <Task>3</Task>
            <Opcode>0</Opcode>
            <Keywords>0x8000000000000000</Keywords>
            <TimeCreated SystemTime='2022-04-17T13:22:31.0826273Z'/>
            <EventRecordID>72</EventRecordID>
            <Correlation/>
            <Execution ProcessID='11132' ThreadID='4936'/>
            <Channel>Microsoft-Windows-Sysmon/Operational</Channel>
            <Computer>N6</Computer>
            <Security UserID='S-1-5-18'/>
        </System>
        <EventData>
            <Data Name='RuleName'>-</Data>
            <Data Name='UtcTime'>2022-04-17 13:22:29.449</Data>
            <Data Name='ProcessGuid'>{f03562c7-122c-625c-3215-000000004e00}</Data>
            <Data Name='ProcessId'>10684</Data>
            <Data Name='Image'>C:\Program Files (x86)\Google\Chrome\Application\chrome.exe</Data>
            <Data Name='User'>N6\vklevlanyk</Data>
            <Data Name='Protocol'>tcp</Data>
            <Data Name='Initiated'>true</Data>
            <Data Name='SourceIsIpv6'>false</Data>
            <Data Name='SourceIp'>192.168.0.113</Data>
            <Data Name='SourceHostname'>N6.Home</Data>
            <Data Name='SourcePort'>54861</Data>
            <Data Name='SourcePortName'>-</Data>
            <Data Name='DestinationIsIpv6'>false</Data>
            <Data Name='DestinationIp'>142.251.36.69</Data>
            <Data Name='DestinationHostname'>prg03s10-in-f5.1e100.net</Data>
            <Data Name='DestinationPort'>443</Data>
            <Data Name='DestinationPortName'>https</Data>
        </EventData>
    </Event>
    <Event xmlns='http://schemas.microsoft.com/win/2004/08/events/event'>
        <System>
            <Provider Name='Microsoft-Windows-Sysmon'
                      Guid='{5770385f-c22a-43e0-bf4c-06f5698ffbd9}'/>
            <EventID>3</EventID>
            <Version>5</Version>
            <Level>4</Level>
            <Task>3</Task>
            <Opcode>0</Opcode>
            <Keywords>0x8000000000000000</Keywords>
            <TimeCreated SystemTime='2022-04-17T13:22:31.0826229Z'/>
            <EventRecordID>71</EventRecordID>
            <Correlation/>
            <Execution ProcessID='11132' ThreadID='4936'/>
            <Channel>Microsoft-Windows-Sysmon/Operational</Channel>
            <Computer>N6</Computer>
            <Security UserID='S-1-5-18'/>
        </System>
        <EventData>
            <Data Name='RuleName'>-</Data>
            <Data Name='UtcTime'>2022-04-17 13:22:29.432</Data>
            <Data Name='ProcessGuid'>{f03562c7-122c-625c-3215-000000004e00}</Data>
            <Data Name='ProcessId'>10684</Data>
            <Data Name='Image'>C:\Program Files (x86)\Google\Chrome\Application\chrome.exe</Data>
            <Data Name='User'>N6\vklevlanyk</Data>
            <Data Name='Protocol'>udp</Data>
            <Data Name='Initiated'>true</Data>
            <Data Name='SourceIsIpv6'>false</Data>
            <Data Name='SourceIp'>192.168.0.113</Data>
            <Data Name='SourceHostname'>N6.Home</Data>
            <Data Name='SourcePort'>51246</Data>
            <Data Name='SourcePortName'>-</Data>
            <Data Name='DestinationIsIpv6'>false</Data>
            <Data Name='DestinationIp'>142.251.36.67</Data>
            <Data Name='DestinationHostname'>prg03s10-in-f3.1e100.net</Data>
            <Data Name='DestinationPort'>443</Data>
            <Data Name='DestinationPortName'>https</Data>
        </EventData>
    </Event>
    <Event xmlns='http://schemas.microsoft.com/win/2004/08/events/event'>
        <System>
            <Provider Name='Microsoft-Windows-Sysmon'
                      Guid='{5770385f-c22a-43e0-bf4c-06f5698ffbd9}'/>
            <EventID>3</EventID>
            <Version>5</Version>
            <Level>4</Level>
            <Task>3</Task>
            <Opcode>0</Opcode>
            <Keywords>0x8000000000000000</Keywords>
            <TimeCreated SystemTime='2022-04-17T13:22:31.0826131Z'/>
            <EventRecordID>70</EventRecordID>
            <Correlation/>
            <Execution ProcessID='11132' ThreadID='4936'/>
            <Channel>Microsoft-Windows-Sysmon/Operational</Channel>
            <Computer>N6</Computer>
            <Security UserID='S-1-5-18'/>
        </System>
        <EventData>
            <Data Name='RuleName'>-</Data>
            <Data Name='UtcTime'>2022-04-17 13:22:29.429</Data>
            <Data Name='ProcessGuid'>{f03562c7-122c-625c-3215-000000004e00}</Data>
            <Data Name='ProcessId'>10684</Data>
            <Data Name='Image'>C:\Program Files (x86)\Google\Chrome\Application\chrome.exe</Data>
            <Data Name='User'>N6\vklevlanyk</Data>
            <Data Name='Protocol'>udp</Data>
            <Data Name='Initiated'>true</Data>
            <Data Name='SourceIsIpv6'>false</Data>
            <Data Name='SourceIp'>192.168.0.113</Data>
            <Data Name='SourceHostname'>N6.Home</Data>
            <Data Name='SourcePort'>58826</Data>
            <Data Name='SourcePortName'>-</Data>
            <Data Name='DestinationIsIpv6'>false</Data>
            <Data Name='DestinationIp'>142.251.36.106</Data>
            <Data Name='DestinationHostname'>prg03s11-in-f10.1e100.net</Data>
            <Data Name='DestinationPort'>443</Data>
            <Data Name='DestinationPortName'>https</Data>
        </EventData>
    </Event>
    <Event xmlns='http://schemas.microsoft.com/win/2004/08/events/event'>
        <System>
            <Provider Name='Microsoft-Windows-Sysmon'
                      Guid='{5770385f-c22a-43e0-bf4c-06f5698ffbd9}'/>
            <EventID>3</EventID>
            <Version>5</Version>
            <Level>4</Level>
            <Task>3</Task>
            <Opcode>0</Opcode>
            <Keywords>0x8000000000000000</Keywords>
            <TimeCreated SystemTime='2022-04-17T13:22:30.0456351Z'/>
            <EventRecordID>69</EventRecordID>
            <Correlation/>
            <Execution ProcessID='11132' ThreadID='4936'/>
            <Channel>Microsoft-Windows-Sysmon/Operational</Channel>
            <Computer>N6</Computer>
            <Security UserID='S-1-5-18'/>
        </System>
        <EventData>
            <Data Name='RuleName'>-</Data>
            <Data Name='UtcTime'>2022-04-17 13:22:28.441</Data>
            <Data Name='ProcessGuid'>{f03562c7-d93b-625b-9d12-000000004e00}</Data>
            <Data Name='ProcessId'>8044</Data>
            <Data Name='Image'>
                C:\Windows\SystemApps\Microsoft.Windows.Search_cw5n1h2txyewy\SearchApp.exe
            </Data>
            <Data Name='User'>N6\vklevlanyk</Data>
            <Data Name='Protocol'>tcp</Data>
            <Data Name='Initiated'>true</Data>
            <Data Name='SourceIsIpv6'>false</Data>
            <Data Name='SourceIp'>192.168.0.113</Data>
            <Data Name='SourceHostname'>N6.Home</Data>
            <Data Name='SourcePort'>54860</Data>
            <Data Name='SourcePortName'>-</Data>
            <Data Name='DestinationIsIpv6'>false</Data>
            <Data Name='DestinationIp'>204.79.197.222</Data>
            <Data Name='DestinationHostname'>-</Data>
            <Data Name='DestinationPort'>443</Data>
            <Data Name='DestinationPortName'>https</Data>
        </EventData>
    </Event>
    <Event xmlns='http://schemas.microsoft.com/win/2004/08/events/event'>
        <System>
            <Provider Name='Microsoft-Windows-Sysmon'
                      Guid='{5770385f-c22a-43e0-bf4c-06f5698ffbd9}'/>
            <EventID>3</EventID>
            <Version>5</Version>
            <Level>4</Level>
            <Task>3</Task>
            <Opcode>0</Opcode>
            <Keywords>0x8000000000000000</Keywords>
            <TimeCreated SystemTime='2022-04-17T13:22:30.0456261Z'/>
            <EventRecordID>68</EventRecordID>
            <Correlation/>
            <Execution ProcessID='11132' ThreadID='4936'/>
            <Channel>Microsoft-Windows-Sysmon/Operational</Channel>
            <Computer>N6</Computer>
            <Security UserID='S-1-5-18'/>
        </System>
        <EventData>
            <Data Name='RuleName'>-</Data>
            <Data Name='UtcTime'>2022-04-17 13:22:28.381</Data>
            <Data Name='ProcessGuid'>{f03562c7-d93b-625b-9d12-000000004e00}</Data>
            <Data Name='ProcessId'>8044</Data>
            <Data Name='Image'>
                C:\Windows\SystemApps\Microsoft.Windows.Search_cw5n1h2txyewy\SearchApp.exe
            </Data>
            <Data Name='User'>N6\vklevlanyk</Data>
            <Data Name='Protocol'>tcp</Data>
            <Data Name='Initiated'>true</Data>
            <Data Name='SourceIsIpv6'>false</Data>
            <Data Name='SourceIp'>192.168.0.113</Data>
            <Data Name='SourceHostname'>N6.Home</Data>
            <Data Name='SourcePort'>54859</Data>
            <Data Name='SourcePortName'>-</Data>
            <Data Name='DestinationIsIpv6'>false</Data>
            <Data Name='DestinationIp'>13.107.4.254</Data>
            <Data Name='DestinationHostname'>-</Data>
            <Data Name='DestinationPort'>443</Data>
            <Data Name='DestinationPortName'>https</Data>
        </EventData>
    </Event>
    <Event xmlns='http://schemas.microsoft.com/win/2004/08/events/event'>
        <System>
            <Provider Name='Microsoft-Windows-Sysmon'
                      Guid='{5770385f-c22a-43e0-bf4c-06f5698ffbd9}'/>
            <EventID>3</EventID>
            <Version>5</Version>
            <Level>4</Level>
            <Task>3</Task>
            <Opcode>0</Opcode>
            <Keywords>0x8000000000000000</Keywords>
            <TimeCreated SystemTime='2022-04-17T13:22:30.0456191Z'/>
            <EventRecordID>67</EventRecordID>
            <Correlation/>
            <Execution ProcessID='11132' ThreadID='4936'/>
            <Channel>Microsoft-Windows-Sysmon/Operational</Channel>
            <Computer>N6</Computer>
            <Security UserID='S-1-5-18'/>
        </System>
        <EventData>
            <Data Name='RuleName'>-</Data>
            <Data Name='UtcTime'>2022-04-17 13:22:28.322</Data>
            <Data Name='ProcessGuid'>{f03562c7-d93b-625b-9d12-000000004e00}</Data>
            <Data Name='ProcessId'>8044</Data>
            <Data Name='Image'>
                C:\Windows\SystemApps\Microsoft.Windows.Search_cw5n1h2txyewy\SearchApp.exe
            </Data>
            <Data Name='User'>N6\vklevlanyk</Data>
            <Data Name='Protocol'>tcp</Data>
            <Data Name='Initiated'>true</Data>
            <Data Name='SourceIsIpv6'>false</Data>
            <Data Name='SourceIp'>192.168.0.113</Data>
            <Data Name='SourceHostname'>N6.Home</Data>
            <Data Name='SourcePort'>54858</Data>
            <Data Name='SourcePortName'>-</Data>
            <Data Name='DestinationIsIpv6'>false</Data>
            <Data Name='DestinationIp'>13.107.6.254</Data>
            <Data Name='DestinationHostname'>-</Data>
            <Data Name='DestinationPort'>443</Data>
            <Data Name='DestinationPortName'>https</Data>
        </EventData>
    </Event>
    <Event xmlns='http://schemas.microsoft.com/win/2004/08/events/event'>
        <System>
            <Provider Name='Microsoft-Windows-Sysmon'
                      Guid='{5770385f-c22a-43e0-bf4c-06f5698ffbd9}'/>
            <EventID>3</EventID>
            <Version>5</Version>
            <Level>4</Level>
            <Task>3</Task>
            <Opcode>0</Opcode>
            <Keywords>0x8000000000000000</Keywords>
            <TimeCreated SystemTime='2022-04-17T13:22:30.0456037Z'/>
            <EventRecordID>66</EventRecordID>
            <Correlation/>
            <Execution ProcessID='11132' ThreadID='4936'/>
            <Channel>Microsoft-Windows-Sysmon/Operational</Channel>
            <Computer>N6</Computer>
            <Security UserID='S-1-5-18'/>
        </System>
        <EventData>
            <Data Name='RuleName'>-</Data>
            <Data Name='UtcTime'>2022-04-17 13:22:28.261</Data>
            <Data Name='ProcessGuid'>{f03562c7-d93b-625b-9d12-000000004e00}</Data>
            <Data Name='ProcessId'>8044</Data>
            <Data Name='Image'>
                C:\Windows\SystemApps\Microsoft.Windows.Search_cw5n1h2txyewy\SearchApp.exe
            </Data>
            <Data Name='User'>N6\vklevlanyk</Data>
            <Data Name='Protocol'>tcp</Data>
            <Data Name='Initiated'>true</Data>
            <Data Name='SourceIsIpv6'>false</Data>
            <Data Name='SourceIp'>192.168.0.113</Data>
            <Data Name='SourceHostname'>N6.Home</Data>
            <Data Name='SourcePort'>54857</Data>
            <Data Name='SourcePortName'>-</Data>
            <Data Name='DestinationIsIpv6'>false</Data>
            <Data Name='DestinationIp'>131.253.33.254</Data>
            <Data Name='DestinationHostname'>-</Data>
            <Data Name='DestinationPort'>443</Data>
            <Data Name='DestinationPortName'>https</Data>
        </EventData>
    </Event>
    <Event xmlns='http://schemas.microsoft.com/win/2004/08/events/event'>
        <System>
            <Provider Name='Microsoft-Windows-Sysmon'
                      Guid='{5770385f-c22a-43e0-bf4c-06f5698ffbd9}'/>
            <EventID>3</EventID>
            <Version>5</Version>
            <Level>4</Level>
            <Task>3</Task>
            <Opcode>0</Opcode>
            <Keywords>0x8000000000000000</Keywords>
            <TimeCreated SystemTime='2022-04-17T13:22:27.9958469Z'/>
            <EventRecordID>65</EventRecordID>
            <Correlation/>
            <Execution ProcessID='11132' ThreadID='4936'/>
            <Channel>Microsoft-Windows-Sysmon/Operational</Channel>
            <Computer>N6</Computer>
            <Security UserID='S-1-5-18'/>
        </System>
        <EventData>
            <Data Name='RuleName'>-</Data>
            <Data Name='UtcTime'>2022-04-17 13:22:26.299</Data>
            <Data Name='ProcessGuid'>{f03562c7-122c-625c-3215-000000004e00}</Data>
            <Data Name='ProcessId'>10684</Data>
            <Data Name='Image'>C:\Program Files (x86)\Google\Chrome\Application\chrome.exe</Data>
            <Data Name='User'>N6\vklevlanyk</Data>
            <Data Name='Protocol'>tcp</Data>
            <Data Name='Initiated'>true</Data>
            <Data Name='SourceIsIpv6'>false</Data>
            <Data Name='SourceIp'>192.168.0.113</Data>
            <Data Name='SourceHostname'>N6.Home</Data>
            <Data Name='SourcePort'>54856</Data>
            <Data Name='SourcePortName'>-</Data>
            <Data Name='DestinationIsIpv6'>false</Data>
            <Data Name='DestinationIp'>192.168.0.105</Data>
            <Data Name='DestinationHostname'>-</Data>
            <Data Name='DestinationPort'>8009</Data>
            <Data Name='DestinationPortName'>-</Data>
        </EventData>
    </Event>
    <Event xmlns='http://schemas.microsoft.com/win/2004/08/events/event'>
        <System>
            <Provider Name='Microsoft-Windows-Sysmon'
                      Guid='{5770385f-c22a-43e0-bf4c-06f5698ffbd9}'/>
            <EventID>5</EventID>
            <Version>3</Version>
            <Level>4</Level>
            <Task>5</Task>
            <Opcode>0</Opcode>
            <Keywords>0x8000000000000000</Keywords>
            <TimeCreated SystemTime='2022-04-17T13:22:26.6332866Z'/>
            <EventRecordID>64</EventRecordID>
            <Correlation/>
            <Execution ProcessID='11132' ThreadID='9816'/>
            <Channel>Microsoft-Windows-Sysmon/Operational</Channel>
            <Computer>N6</Computer>
            <Security UserID='S-1-5-18'/>
        </System>
        <EventData>
            <Data Name='RuleName'>-</Data>
            <Data Name='UtcTime'>2022-04-17 13:22:26.632</Data>
            <Data Name='ProcessGuid'>{f03562c7-1492-625c-a115-000000004e00}</Data>
            <Data Name='ProcessId'>1908</Data>
            <Data Name='Image'>C:\Windows\System32\backgroundTaskHost.exe</Data>
            <Data Name='User'>N6\vklevlanyk</Data>
        </EventData>
    </Event>
    <Event xmlns='http://schemas.microsoft.com/win/2004/08/events/event'>
        <System>
            <Provider Name='Microsoft-Windows-Sysmon'
                      Guid='{5770385f-c22a-43e0-bf4c-06f5698ffbd9}'/>
            <EventID>1</EventID>
            <Version>5</Version>
            <Level>4</Level>
            <Task>1</Task>
            <Opcode>0</Opcode>
            <Keywords>0x8000000000000000</Keywords>
            <TimeCreated SystemTime='2022-04-17T13:22:26.4840670Z'/>
            <EventRecordID>63</EventRecordID>
            <Correlation/>
            <Execution ProcessID='11132' ThreadID='9816'/>
            <Channel>Microsoft-Windows-Sysmon/Operational</Channel>
            <Computer>N6</Computer>
            <Security UserID='S-1-5-18'/>
        </System>
        <EventData>
            <Data Name='RuleName'>-</Data>
            <Data Name='UtcTime'>2022-04-17 13:22:26.480</Data>
            <Data Name='ProcessGuid'>{f03562c7-1492-625c-a215-000000004e00}</Data>
            <Data Name='ProcessId'>16408</Data>
            <Data Name='Image'>C:\Windows\System32\RuntimeBroker.exe</Data>
            <Data Name='FileVersion'>10.0.19041.746 (WinBuild.160101.0800)</Data>
            <Data Name='Description'>Runtime Broker</Data>
            <Data Name='Product'>Microsoft® Windows® Operating System</Data>
            <Data Name='Company'>Microsoft Corporation</Data>
            <Data Name='OriginalFileName'>RuntimeBroker.exe</Data>
            <Data Name='CommandLine'>C:\Windows\System32\RuntimeBroker.exe -Embedding</Data>
            <Data Name='CurrentDirectory'>C:\WINDOWS\system32\</Data>
            <Data Name='User'>N6\vklevlanyk</Data>
            <Data Name='LogonGuid'>{f03562c7-d938-625b-2d3d-d20700000000}</Data>
            <Data Name='LogonId'>0x7d23d2d</Data>
            <Data Name='TerminalSessionId'>4</Data>
            <Data Name='IntegrityLevel'>Medium</Data>
            <Data Name='Hashes'>
                SHA256=E86870769EE6C797E09457BD99C58D9BF2303CF0193A24EF9B1222C2C3DAF628
            </Data>
            <Data Name='ParentProcessGuid'>{f03562c7-5a35-6256-0d00-000000004e00}</Data>
            <Data Name='ParentProcessId'>1164</Data>
            <Data Name='ParentImage'>C:\Windows\System32\svchost.exe</Data>
            <Data Name='ParentCommandLine'>C:\WINDOWS\system32\svchost.exe -k DcomLaunch -p</Data>
            <Data Name='ParentUser'>NT AUTHORITY\SYSTEM</Data>
        </EventData>
    </Event>
    <Event xmlns='http://schemas.microsoft.com/win/2004/08/events/event'>
        <System>
            <Provider Name='Microsoft-Windows-Sysmon'
                      Guid='{5770385f-c22a-43e0-bf4c-06f5698ffbd9}'/>
            <EventID>1</EventID>
            <Version>5</Version>
            <Level>4</Level>
            <Task>1</Task>
            <Opcode>0</Opcode>
            <Keywords>0x8000000000000000</Keywords>
            <TimeCreated SystemTime='2022-04-17T13:22:26.2687424Z'/>
            <EventRecordID>62</EventRecordID>
            <Correlation/>
            <Execution ProcessID='11132' ThreadID='9816'/>
            <Channel>Microsoft-Windows-Sysmon/Operational</Channel>
            <Computer>N6</Computer>
            <Security UserID='S-1-5-18'/>
        </System>
        <EventData>
            <Data Name='RuleName'>-</Data>
            <Data Name='UtcTime'>2022-04-17 13:22:26.263</Data>
            <Data Name='ProcessGuid'>{f03562c7-1492-625c-a115-000000004e00}</Data>
            <Data Name='ProcessId'>1908</Data>
            <Data Name='Image'>C:\Windows\System32\backgroundTaskHost.exe</Data>
            <Data Name='FileVersion'>10.0.19041.546 (WinBuild.160101.0800)</Data>
            <Data Name='Description'>Background Task Host</Data>
            <Data Name='Product'>Microsoft® Windows® Operating System</Data>
            <Data Name='Company'>Microsoft Corporation</Data>
            <Data Name='OriginalFileName'>backgroundTaskHost.exe</Data>
            <Data Name='CommandLine'>"C:\WINDOWS\system32\backgroundTaskHost.exe"
                -ServerName:App.AppXmtcan0h2tfbfy7k9kn8hbxb6dmzz1zh0.mca
            </Data>
            <Data Name='CurrentDirectory'>
                C:\WINDOWS\SystemApps\Microsoft.Windows.ContentDeliveryManager_cw5n1h2txyewy\
            </Data>
            <Data Name='User'>N6\vklevlanyk</Data>
            <Data Name='LogonGuid'>{f03562c7-d938-625b-2d3d-d20700000000}</Data>
            <Data Name='LogonId'>0x7d23d2d</Data>
            <Data Name='TerminalSessionId'>4</Data>
            <Data Name='IntegrityLevel'>AppContainer</Data>
            <Data Name='Hashes'>
                SHA256=20330D3CA71D58F4AEB432676CB6A3D5B97005954E45132FB083E90782EFDD50
            </Data>
            <Data Name='ParentProcessGuid'>{f03562c7-5a35-6256-0d00-000000004e00}</Data>
            <Data Name='ParentProcessId'>1164</Data>
            <Data Name='ParentImage'>C:\Windows\System32\svchost.exe</Data>
            <Data Name='ParentCommandLine'>C:\WINDOWS\system32\svchost.exe -k DcomLaunch -p</Data>
            <Data Name='ParentUser'>NT AUTHORITY\SYSTEM</Data>
        </EventData>
    </Event>
    <Event xmlns='http://schemas.microsoft.com/win/2004/08/events/event'>
        <System>
            <Provider Name='Microsoft-Windows-Sysmon'
                      Guid='{5770385f-c22a-43e0-bf4c-06f5698ffbd9}'/>
            <EventID>3</EventID>
            <Version>5</Version>
            <Level>4</Level>
            <Task>3</Task>
            <Opcode>0</Opcode>
            <Keywords>0x8000000000000000</Keywords>
            <TimeCreated SystemTime='2022-04-17T13:22:21.0094390Z'/>
            <EventRecordID>61</EventRecordID>
            <Correlation/>
            <Execution ProcessID='11132' ThreadID='4936'/>
            <Channel>Microsoft-Windows-Sysmon/Operational</Channel>
            <Computer>N6</Computer>
            <Security UserID='S-1-5-18'/>
        </System>
        <EventData>
            <Data Name='RuleName'>-</Data>
            <Data Name='UtcTime'>2022-04-17 13:22:18.570</Data>
            <Data Name='ProcessGuid'>{f03562c7-122c-625c-3215-000000004e00}</Data>
            <Data Name='ProcessId'>10684</Data>
            <Data Name='Image'>C:\Program Files (x86)\Google\Chrome\Application\chrome.exe</Data>
            <Data Name='User'>N6\vklevlanyk</Data>
            <Data Name='Protocol'>udp</Data>
            <Data Name='Initiated'>true</Data>
            <Data Name='SourceIsIpv6'>false</Data>
            <Data Name='SourceIp'>192.168.0.113</Data>
            <Data Name='SourceHostname'>N6.Home</Data>
            <Data Name='SourcePort'>62224</Data>
            <Data Name='SourcePortName'>-</Data>
            <Data Name='DestinationIsIpv6'>false</Data>
            <Data Name='DestinationIp'>142.251.36.132</Data>
            <Data Name='DestinationHostname'>-</Data>
            <Data Name='DestinationPort'>443</Data>
            <Data Name='DestinationPortName'>https</Data>
        </EventData>
    </Event>
    <Event xmlns='http://schemas.microsoft.com/win/2004/08/events/event'>
        <System>
            <Provider Name='Microsoft-Windows-Sysmon'
                      Guid='{5770385f-c22a-43e0-bf4c-06f5698ffbd9}'/>
            <EventID>3</EventID>
            <Version>5</Version>
            <Level>4</Level>
            <Task>3</Task>
            <Opcode>0</Opcode>
            <Keywords>0x8000000000000000</Keywords>
            <TimeCreated SystemTime='2022-04-17T13:22:19.9879553Z'/>
            <EventRecordID>60</EventRecordID>
            <Correlation/>
            <Execution ProcessID='11132' ThreadID='4936'/>
            <Channel>Microsoft-Windows-Sysmon/Operational</Channel>
            <Computer>N6</Computer>
            <Security UserID='S-1-5-18'/>
        </System>
        <EventData>
            <Data Name='RuleName'>-</Data>
            <Data Name='UtcTime'>2022-04-17 13:22:17.254</Data>
            <Data Name='ProcessGuid'>{f03562c7-122c-625c-3215-000000004e00}</Data>
            <Data Name='ProcessId'>10684</Data>
            <Data Name='Image'>C:\Program Files (x86)\Google\Chrome\Application\chrome.exe</Data>
            <Data Name='User'>N6\vklevlanyk</Data>
            <Data Name='Protocol'>tcp</Data>
            <Data Name='Initiated'>true</Data>
            <Data Name='SourceIsIpv6'>false</Data>
            <Data Name='SourceIp'>192.168.0.113</Data>
            <Data Name='SourceHostname'>N6.Home</Data>
            <Data Name='SourcePort'>54855</Data>
            <Data Name='SourcePortName'>-</Data>
            <Data Name='DestinationIsIpv6'>false</Data>
            <Data Name='DestinationIp'>192.168.0.105</Data>
            <Data Name='DestinationHostname'>-</Data>
            <Data Name='DestinationPort'>8009</Data>
            <Data Name='DestinationPortName'>-</Data>
        </EventData>
    </Event>
    <Event xmlns='http://schemas.microsoft.com/win/2004/08/events/event'>
        <System>
            <Provider Name='Microsoft-Windows-Sysmon'
                      Guid='{5770385f-c22a-43e0-bf4c-06f5698ffbd9}'/>
            <EventID>3</EventID>
            <Version>5</Version>
            <Level>4</Level>
            <Task>3</Task>
            <Opcode>0</Opcode>
            <Keywords>0x8000000000000000</Keywords>
            <TimeCreated SystemTime='2022-04-17T13:22:19.9879248Z'/>
            <EventRecordID>59</EventRecordID>
            <Correlation/>
            <Execution ProcessID='11132' ThreadID='4936'/>
            <Channel>Microsoft-Windows-Sysmon/Operational</Channel>
            <Computer>N6</Computer>
            <Security UserID='S-1-5-18'/>
        </System>
        <EventData>
            <Data Name='RuleName'>-</Data>
            <Data Name='UtcTime'>2022-04-17 13:22:17.243</Data>
            <Data Name='ProcessGuid'>{f03562c7-122c-625c-3215-000000004e00}</Data>
            <Data Name='ProcessId'>10684</Data>
            <Data Name='Image'>C:\Program Files (x86)\Google\Chrome\Application\chrome.exe</Data>
            <Data Name='User'>N6\vklevlanyk</Data>
            <Data Name='Protocol'>tcp</Data>
            <Data Name='Initiated'>true</Data>
            <Data Name='SourceIsIpv6'>false</Data>
            <Data Name='SourceIp'>192.168.0.113</Data>
            <Data Name='SourceHostname'>N6.Home</Data>
            <Data Name='SourcePort'>54854</Data>
            <Data Name='SourcePortName'>-</Data>
            <Data Name='DestinationIsIpv6'>false</Data>
            <Data Name='DestinationIp'>192.168.0.105</Data>
            <Data Name='DestinationHostname'>-</Data>
            <Data Name='DestinationPort'>8009</Data>
            <Data Name='DestinationPortName'>-</Data>
        </EventData>
    </Event>
    <Event xmlns='http://schemas.microsoft.com/win/2004/08/events/event'>
        <System>
            <Provider Name='Microsoft-Windows-Sysmon'
                      Guid='{5770385f-c22a-43e0-bf4c-06f5698ffbd9}'/>
            <EventID>5</EventID>
            <Version>3</Version>
            <Level>4</Level>
            <Task>5</Task>
            <Opcode>0</Opcode>
            <Keywords>0x8000000000000000</Keywords>
            <TimeCreated SystemTime='2022-04-17T13:22:19.3593657Z'/>
            <EventRecordID>58</EventRecordID>
            <Correlation/>
            <Execution ProcessID='11132' ThreadID='9816'/>
            <Channel>Microsoft-Windows-Sysmon/Operational</Channel>
            <Computer>N6</Computer>
            <Security UserID='S-1-5-18'/>
        </System>
        <EventData>
            <Data Name='RuleName'>-</Data>
            <Data Name='UtcTime'>2022-04-17 13:22:19.358</Data>
            <Data Name='ProcessGuid'>{f03562c7-1486-625c-a015-000000004e00}</Data>
            <Data Name='ProcessId'>1436</Data>
            <Data Name='Image'>C:\Program Files (x86)\Google\Chrome\Application\chrome.exe</Data>
            <Data Name='User'>N6\vklevlanyk</Data>
        </EventData>
    </Event>
    <Event xmlns='http://schemas.microsoft.com/win/2004/08/events/event'>
        <System>
            <Provider Name='Microsoft-Windows-Sysmon'
                      Guid='{5770385f-c22a-43e0-bf4c-06f5698ffbd9}'/>
            <EventID>3</EventID>
            <Version>5</Version>
            <Level>4</Level>
            <Task>3</Task>
            <Opcode>0</Opcode>
            <Keywords>0x8000000000000000</Keywords>
            <TimeCreated SystemTime='2022-04-17T13:22:17.9582289Z'/>
            <EventRecordID>57</EventRecordID>
            <Correlation/>
            <Execution ProcessID='11132' ThreadID='4936'/>
            <Channel>Microsoft-Windows-Sysmon/Operational</Channel>
            <Computer>N6</Computer>
            <Security UserID='S-1-5-18'/>
        </System>
        <EventData>
            <Data Name='RuleName'>-</Data>
            <Data Name='UtcTime'>2022-04-17 13:22:16.667</Data>
            <Data Name='ProcessGuid'>{f03562c7-122c-625c-3215-000000004e00}</Data>
            <Data Name='ProcessId'>10684</Data>
            <Data Name='Image'>C:\Program Files (x86)\Google\Chrome\Application\chrome.exe</Data>
            <Data Name='User'>N6\vklevlanyk</Data>
            <Data Name='Protocol'>udp</Data>
            <Data Name='Initiated'>true</Data>
            <Data Name='SourceIsIpv6'>false</Data>
            <Data Name='SourceIp'>192.168.0.113</Data>
            <Data Name='SourceHostname'>N6.Home</Data>
            <Data Name='SourcePort'>58557</Data>
            <Data Name='SourcePortName'>-</Data>
            <Data Name='DestinationIsIpv6'>false</Data>
            <Data Name='DestinationIp'>142.251.36.110</Data>
            <Data Name='DestinationHostname'>-</Data>
            <Data Name='DestinationPort'>443</Data>
            <Data Name='DestinationPortName'>https</Data>
        </EventData>
    </Event>
    <Event xmlns='http://schemas.microsoft.com/win/2004/08/events/event'>
        <System>
            <Provider Name='Microsoft-Windows-Sysmon'
                      Guid='{5770385f-c22a-43e0-bf4c-06f5698ffbd9}'/>
            <EventID>3</EventID>
            <Version>5</Version>
            <Level>4</Level>
            <Task>3</Task>
            <Opcode>0</Opcode>
            <Keywords>0x8000000000000000</Keywords>
            <TimeCreated SystemTime='2022-04-17T13:22:17.9582115Z'/>
            <EventRecordID>56</EventRecordID>
            <Correlation/>
            <Execution ProcessID='11132' ThreadID='4936'/>
            <Channel>Microsoft-Windows-Sysmon/Operational</Channel>
            <Computer>N6</Computer>
            <Security UserID='S-1-5-18'/>
        </System>
        <EventData>
            <Data Name='RuleName'>-</Data>
            <Data Name='UtcTime'>2022-04-17 13:22:16.235</Data>
            <Data Name='ProcessGuid'>{f03562c7-122c-625c-2f15-000000004e00}</Data>
            <Data Name='ProcessId'>8564</Data>
            <Data Name='Image'>C:\Program Files (x86)\Google\Chrome\Application\chrome.exe</Data>
            <Data Name='User'>N6\vklevlanyk</Data>
            <Data Name='Protocol'>udp</Data>
            <Data Name='Initiated'>false</Data>
            <Data Name='SourceIsIpv6'>false</Data>
            <Data Name='SourceIp'>192.168.0.113</Data>
            <Data Name='SourceHostname'>N6.Home</Data>
            <Data Name='SourcePort'>56121</Data>
            <Data Name='SourcePortName'>-</Data>
            <Data Name='DestinationIsIpv6'>false</Data>
            <Data Name='DestinationIp'>192.168.0.105</Data>
            <Data Name='DestinationHostname'>-</Data>
            <Data Name='DestinationPort'>37659</Data>
            <Data Name='DestinationPortName'>-</Data>
        </EventData>
    </Event>
    <Event xmlns='http://schemas.microsoft.com/win/2004/08/events/event'>
        <System>
            <Provider Name='Microsoft-Windows-Sysmon'
                      Guid='{5770385f-c22a-43e0-bf4c-06f5698ffbd9}'/>
            <EventID>3</EventID>
            <Version>5</Version>
            <Level>4</Level>
            <Task>3</Task>
            <Opcode>0</Opcode>
            <Keywords>0x8000000000000000</Keywords>
            <TimeCreated SystemTime='2022-04-17T13:22:17.9581940Z'/>
            <EventRecordID>55</EventRecordID>
            <Correlation/>
            <Execution ProcessID='11132' ThreadID='4936'/>
            <Channel>Microsoft-Windows-Sysmon/Operational</Channel>
            <Computer>N6</Computer>
            <Security UserID='S-1-5-18'/>
        </System>
        <EventData>
            <Data Name='RuleName'>-</Data>
            <Data Name='UtcTime'>2022-04-17 13:22:16.071</Data>
            <Data Name='ProcessGuid'>{f03562c7-122c-625c-3215-000000004e00}</Data>
            <Data Name='ProcessId'>10684</Data>
            <Data Name='Image'>C:\Program Files (x86)\Google\Chrome\Application\chrome.exe</Data>
            <Data Name='User'>N6\vklevlanyk</Data>
            <Data Name='Protocol'>tcp</Data>
            <Data Name='Initiated'>true</Data>
            <Data Name='SourceIsIpv6'>false</Data>
            <Data Name='SourceIp'>192.168.0.113</Data>
            <Data Name='SourceHostname'>N6.Home</Data>
            <Data Name='SourcePort'>54853</Data>
            <Data Name='SourcePortName'>-</Data>
            <Data Name='DestinationIsIpv6'>false</Data>
            <Data Name='DestinationIp'>192.168.0.105</Data>
            <Data Name='DestinationHostname'>-</Data>
            <Data Name='DestinationPort'>8009</Data>
            <Data Name='DestinationPortName'>-</Data>
        </EventData>
    </Event>
    <Event xmlns='http://schemas.microsoft.com/win/2004/08/events/event'>
        <System>
            <Provider Name='Microsoft-Windows-Sysmon'
                      Guid='{5770385f-c22a-43e0-bf4c-06f5698ffbd9}'/>
            <EventID>3</EventID>
            <Version>5</Version>
            <Level>4</Level>
            <Task>3</Task>
            <Opcode>0</Opcode>
            <Keywords>0x8000000000000000</Keywords>
            <TimeCreated SystemTime='2022-04-17T13:22:17.9581756Z'/>
            <EventRecordID>54</EventRecordID>
            <Correlation/>
            <Execution ProcessID='11132' ThreadID='4936'/>
            <Channel>Microsoft-Windows-Sysmon/Operational</Channel>
            <Computer>N6</Computer>
            <Security UserID='S-1-5-18'/>
        </System>
        <EventData>
            <Data Name='RuleName'>-</Data>
            <Data Name='UtcTime'>2022-04-17 13:22:15.788</Data>
            <Data Name='ProcessGuid'>{f03562c7-5a33-6256-eb03-000000000000}</Data>
            <Data Name='ProcessId'>4</Data>
            <Data Name='Image'>System</Data>
            <Data Name='User'>NT AUTHORITY\SYSTEM</Data>
            <Data Name='Protocol'>udp</Data>
            <Data Name='Initiated'>true</Data>
            <Data Name='SourceIsIpv6'>false</Data>
            <Data Name='SourceIp'>192.168.0.113</Data>
            <Data Name='SourceHostname'>N6.Home</Data>
            <Data Name='SourcePort'>137</Data>
            <Data Name='SourcePortName'>netbios-ns</Data>
            <Data Name='DestinationIsIpv6'>false</Data>
            <Data Name='DestinationIp'>239.255.255.250</Data>
            <Data Name='DestinationHostname'>-</Data>
            <Data Name='DestinationPort'>137</Data>
            <Data Name='DestinationPortName'>netbios-ns</Data>
        </EventData>
    </Event>
    <Event xmlns='http://schemas.microsoft.com/win/2004/08/events/event'>
        <System>
            <Provider Name='Microsoft-Windows-Sysmon'
                      Guid='{5770385f-c22a-43e0-bf4c-06f5698ffbd9}'/>
            <EventID>3</EventID>
            <Version>5</Version>
            <Level>4</Level>
            <Task>3</Task>
            <Opcode>0</Opcode>
            <Keywords>0x8000000000000000</Keywords>
            <TimeCreated SystemTime='2022-04-17T13:22:17.9581581Z'/>
            <EventRecordID>53</EventRecordID>
            <Correlation/>
            <Execution ProcessID='11132' ThreadID='4936'/>
            <Channel>Microsoft-Windows-Sysmon/Operational</Channel>
            <Computer>N6</Computer>
            <Security UserID='S-1-5-18'/>
        </System>
        <EventData>
            <Data Name='RuleName'>-</Data>
            <Data Name='UtcTime'>2022-04-17 13:22:15.779</Data>
            <Data Name='ProcessGuid'>{f03562c7-5a33-6256-eb03-000000000000}</Data>
            <Data Name='ProcessId'>4</Data>
            <Data Name='Image'>System</Data>
            <Data Name='User'>NT AUTHORITY\SYSTEM</Data>
            <Data Name='Protocol'>udp</Data>
            <Data Name='Initiated'>true</Data>
            <Data Name='SourceIsIpv6'>false</Data>
            <Data Name='SourceIp'>192.168.0.95</Data>
            <Data Name='SourceHostname'>N6</Data>
            <Data Name='SourcePort'>137</Data>
            <Data Name='SourcePortName'>netbios-ns</Data>
            <Data Name='DestinationIsIpv6'>false</Data>
            <Data Name='DestinationIp'>239.255.255.250</Data>
            <Data Name='DestinationHostname'>-</Data>
            <Data Name='DestinationPort'>137</Data>
            <Data Name='DestinationPortName'>netbios-ns</Data>
        </EventData>
    </Event>
    <Event xmlns='http://schemas.microsoft.com/win/2004/08/events/event'>
        <System>
            <Provider Name='Microsoft-Windows-Sysmon'
                      Guid='{5770385f-c22a-43e0-bf4c-06f5698ffbd9}'/>
            <EventID>3</EventID>
            <Version>5</Version>
            <Level>4</Level>
            <Task>3</Task>
            <Opcode>0</Opcode>
            <Keywords>0x8000000000000000</Keywords>
            <TimeCreated SystemTime='2022-04-17T13:22:17.9581352Z'/>
            <EventRecordID>52</EventRecordID>
            <Correlation/>
            <Execution ProcessID='11132' ThreadID='4936'/>
            <Channel>Microsoft-Windows-Sysmon/Operational</Channel>
            <Computer>N6</Computer>
            <Security UserID='S-1-5-18'/>
        </System>
        <EventData>
            <Data Name='RuleName'>-</Data>
            <Data Name='UtcTime'>2022-04-17 13:22:15.721</Data>
            <Data Name='ProcessGuid'>{f03562c7-122c-625c-3215-000000004e00}</Data>
            <Data Name='ProcessId'>10684</Data>
            <Data Name='Image'>C:\Program Files (x86)\Google\Chrome\Application\chrome.exe</Data>
            <Data Name='User'>N6\vklevlanyk</Data>
            <Data Name='Protocol'>tcp</Data>
            <Data Name='Initiated'>true</Data>
            <Data Name='SourceIsIpv6'>false</Data>
            <Data Name='SourceIp'>192.168.0.113</Data>
            <Data Name='SourceHostname'>N6.Home</Data>
            <Data Name='SourcePort'>54852</Data>
            <Data Name='SourcePortName'>-</Data>
            <Data Name='DestinationIsIpv6'>false</Data>
            <Data Name='DestinationIp'>13.32.11.43</Data>
            <Data Name='DestinationHostname'>-</Data>
            <Data Name='DestinationPort'>443</Data>
            <Data Name='DestinationPortName'>https</Data>
        </EventData>
    </Event>
    <Event xmlns='http://schemas.microsoft.com/win/2004/08/events/event'>
        <System>
            <Provider Name='Microsoft-Windows-Sysmon'
                      Guid='{5770385f-c22a-43e0-bf4c-06f5698ffbd9}'/>
            <EventID>3</EventID>
            <Version>5</Version>
            <Level>4</Level>
            <Task>3</Task>
            <Opcode>0</Opcode>
            <Keywords>0x8000000000000000</Keywords>
            <TimeCreated SystemTime='2022-04-17T13:22:17.9581041Z'/>
            <EventRecordID>51</EventRecordID>
            <Correlation/>
            <Execution ProcessID='11132' ThreadID='4936'/>
            <Channel>Microsoft-Windows-Sysmon/Operational</Channel>
            <Computer>N6</Computer>
            <Security UserID='S-1-5-18'/>
        </System>
        <EventData>
            <Data Name='RuleName'>-</Data>
            <Data Name='UtcTime'>2022-04-17 13:22:15.237</Data>
            <Data Name='ProcessGuid'>{f03562c7-122c-625c-2f15-000000004e00}</Data>
            <Data Name='ProcessId'>8564</Data>
            <Data Name='Image'>C:\Program Files (x86)\Google\Chrome\Application\chrome.exe</Data>
            <Data Name='User'>N6\vklevlanyk</Data>
            <Data Name='Protocol'>udp</Data>
            <Data Name='Initiated'>false</Data>
            <Data Name='SourceIsIpv6'>false</Data>
            <Data Name='SourceIp'>192.168.0.113</Data>
            <Data Name='SourceHostname'>N6.Home</Data>
            <Data Name='SourcePort'>56121</Data>
            <Data Name='SourcePortName'>-</Data>
            <Data Name='DestinationIsIpv6'>false</Data>
            <Data Name='DestinationIp'>192.168.0.105</Data>
            <Data Name='DestinationHostname'>-</Data>
            <Data Name='DestinationPort'>54825</Data>
            <Data Name='DestinationPortName'>-</Data>
        </EventData>
    </Event>
    <Event xmlns='http://schemas.microsoft.com/win/2004/08/events/event'>
        <System>
            <Provider Name='Microsoft-Windows-Sysmon'
                      Guid='{5770385f-c22a-43e0-bf4c-06f5698ffbd9}'/>
            <EventID>5</EventID>
            <Version>3</Version>
            <Level>4</Level>
            <Task>5</Task>
            <Opcode>0</Opcode>
            <Keywords>0x8000000000000000</Keywords>
            <TimeCreated SystemTime='2022-04-17T13:22:16.5812712Z'/>
            <EventRecordID>50</EventRecordID>
            <Correlation/>
            <Execution ProcessID='11132' ThreadID='9816'/>
            <Channel>Microsoft-Windows-Sysmon/Operational</Channel>
            <Computer>N6</Computer>
            <Security UserID='S-1-5-18'/>
        </System>
        <EventData>
            <Data Name='RuleName'>-</Data>
            <Data Name='UtcTime'>2022-04-17 13:22:16.581</Data>
            <Data Name='ProcessGuid'>{f03562c7-1230-625c-4115-000000004e00}</Data>
            <Data Name='ProcessId'>6104</Data>
            <Data Name='Image'>C:\Windows\System32\svchost.exe</Data>
            <Data Name='User'>NT AUTHORITY\SYSTEM</Data>
        </EventData>
    </Event>
    <Event xmlns='http://schemas.microsoft.com/win/2004/08/events/event'>
        <System>
            <Provider Name='Microsoft-Windows-Sysmon'
                      Guid='{5770385f-c22a-43e0-bf4c-06f5698ffbd9}'/>
            <EventID>3</EventID>
            <Version>5</Version>
            <Level>4</Level>
            <Task>3</Task>
            <Opcode>0</Opcode>
            <Keywords>0x8000000000000000</Keywords>
            <TimeCreated SystemTime='2022-04-17T13:22:15.9036811Z'/>
            <EventRecordID>49</EventRecordID>
            <Correlation/>
            <Execution ProcessID='11132' ThreadID='4936'/>
            <Channel>Microsoft-Windows-Sysmon/Operational</Channel>
            <Computer>N6</Computer>
            <Security UserID='S-1-5-18'/>
        </System>
        <EventData>
            <Data Name='RuleName'>-</Data>
            <Data Name='UtcTime'>2022-04-17 13:22:14.240</Data>
            <Data Name='ProcessGuid'>{f03562c7-122c-625c-3215-000000004e00}</Data>
            <Data Name='ProcessId'>10684</Data>
            <Data Name='Image'>C:\Program Files (x86)\Google\Chrome\Application\chrome.exe</Data>
            <Data Name='User'>N6\vklevlanyk</Data>
            <Data Name='Protocol'>tcp</Data>
            <Data Name='Initiated'>true</Data>
            <Data Name='SourceIsIpv6'>false</Data>
            <Data Name='SourceIp'>192.168.0.113</Data>
            <Data Name='SourceHostname'>N6.Home</Data>
            <Data Name='SourcePort'>54851</Data>
            <Data Name='SourcePortName'>-</Data>
            <Data Name='DestinationIsIpv6'>false</Data>
            <Data Name='DestinationIp'>192.168.0.105</Data>
            <Data Name='DestinationHostname'>-</Data>
            <Data Name='DestinationPort'>20432</Data>
            <Data Name='DestinationPortName'>-</Data>
        </EventData>
    </Event>
    <Event xmlns='http://schemas.microsoft.com/win/2004/08/events/event'>
        <System>
            <Provider Name='Microsoft-Windows-Sysmon'
                      Guid='{5770385f-c22a-43e0-bf4c-06f5698ffbd9}'/>
            <EventID>3</EventID>
            <Version>5</Version>
            <Level>4</Level>
            <Task>3</Task>
            <Opcode>0</Opcode>
            <Keywords>0x8000000000000000</Keywords>
            <TimeCreated SystemTime='2022-04-17T13:22:15.9036530Z'/>
            <EventRecordID>48</EventRecordID>
            <Correlation/>
            <Execution ProcessID='11132' ThreadID='4936'/>
            <Channel>Microsoft-Windows-Sysmon/Operational</Channel>
            <Computer>N6</Computer>
            <Security UserID='S-1-5-18'/>
        </System>
        <EventData>
            <Data Name='RuleName'>-</Data>
            <Data Name='UtcTime'>2022-04-17 13:22:14.240</Data>
            <Data Name='ProcessGuid'>{f03562c7-122c-625c-3215-000000004e00}</Data>
            <Data Name='ProcessId'>10684</Data>
            <Data Name='Image'>C:\Program Files (x86)\Google\Chrome\Application\chrome.exe</Data>
            <Data Name='User'>N6\vklevlanyk</Data>
            <Data Name='Protocol'>tcp</Data>
            <Data Name='Initiated'>true</Data>
            <Data Name='SourceIsIpv6'>false</Data>
            <Data Name='SourceIp'>192.168.0.113</Data>
            <Data Name='SourceHostname'>N6.Home</Data>
            <Data Name='SourcePort'>54850</Data>
            <Data Name='SourcePortName'>-</Data>
            <Data Name='DestinationIsIpv6'>false</Data>
            <Data Name='DestinationIp'>192.168.0.105</Data>
            <Data Name='DestinationHostname'>-</Data>
            <Data Name='DestinationPort'>8008</Data>
            <Data Name='DestinationPortName'>-</Data>
        </EventData>
    </Event>
    <Event xmlns='http://schemas.microsoft.com/win/2004/08/events/event'>
        <System>
            <Provider Name='Microsoft-Windows-Sysmon'
                      Guid='{5770385f-c22a-43e0-bf4c-06f5698ffbd9}'/>
            <EventID>3</EventID>
            <Version>5</Version>
            <Level>4</Level>
            <Task>3</Task>
            <Opcode>0</Opcode>
            <Keywords>0x8000000000000000</Keywords>
            <TimeCreated SystemTime='2022-04-17T13:22:15.9036231Z'/>
            <EventRecordID>47</EventRecordID>
            <Correlation/>
            <Execution ProcessID='11132' ThreadID='4936'/>
            <Channel>Microsoft-Windows-Sysmon/Operational</Channel>
            <Computer>N6</Computer>
            <Security UserID='S-1-5-18'/>
        </System>
        <EventData>
            <Data Name='RuleName'>-</Data>
            <Data Name='UtcTime'>2022-04-17 13:22:14.239</Data>
            <Data Name='ProcessGuid'>{f03562c7-122c-625c-2f15-000000004e00}</Data>
            <Data Name='ProcessId'>8564</Data>
            <Data Name='Image'>C:\Program Files (x86)\Google\Chrome\Application\chrome.exe</Data>
            <Data Name='User'>N6\vklevlanyk</Data>
            <Data Name='Protocol'>udp</Data>
            <Data Name='Initiated'>false</Data>
            <Data Name='SourceIsIpv6'>false</Data>
            <Data Name='SourceIp'>192.168.0.113</Data>
            <Data Name='SourceHostname'>N6.Home</Data>
            <Data Name='SourcePort'>56121</Data>
            <Data Name='SourcePortName'>-</Data>
            <Data Name='DestinationIsIpv6'>false</Data>
            <Data Name='DestinationIp'>192.168.0.105</Data>
            <Data Name='DestinationHostname'>-</Data>
            <Data Name='DestinationPort'>38453</Data>
            <Data Name='DestinationPortName'>-</Data>
        </EventData>
    </Event>
    <Event xmlns='http://schemas.microsoft.com/win/2004/08/events/event'>
        <System>
            <Provider Name='Microsoft-Windows-Sysmon'
                      Guid='{5770385f-c22a-43e0-bf4c-06f5698ffbd9}'/>
            <EventID>3</EventID>
            <Version>5</Version>
            <Level>4</Level>
            <Task>3</Task>
            <Opcode>0</Opcode>
            <Keywords>0x8000000000000000</Keywords>
            <TimeCreated SystemTime='2022-04-17T13:22:15.9035958Z'/>
            <EventRecordID>46</EventRecordID>
            <Correlation/>
            <Execution ProcessID='11132' ThreadID='4936'/>
            <Channel>Microsoft-Windows-Sysmon/Operational</Channel>
            <Computer>N6</Computer>
            <Security UserID='S-1-5-18'/>
        </System>
        <EventData>
            <Data Name='RuleName'>-</Data>
            <Data Name='UtcTime'>2022-04-17 13:22:13.765</Data>
            <Data Name='ProcessGuid'>{f03562c7-122c-625c-2f15-000000004e00}</Data>
            <Data Name='ProcessId'>8564</Data>
            <Data Name='Image'>C:\Program Files (x86)\Google\Chrome\Application\chrome.exe</Data>
            <Data Name='User'>N6\vklevlanyk</Data>
            <Data Name='Protocol'>udp</Data>
            <Data Name='Initiated'>false</Data>
            <Data Name='SourceIsIpv6'>false</Data>
            <Data Name='SourceIp'>192.168.0.113</Data>
            <Data Name='SourceHostname'>N6.Home</Data>
            <Data Name='SourcePort'>56121</Data>
            <Data Name='SourcePortName'>-</Data>
            <Data Name='DestinationIsIpv6'>false</Data>
            <Data Name='DestinationIp'>192.168.0.105</Data>
            <Data Name='DestinationHostname'>-</Data>
            <Data Name='DestinationPort'>47939</Data>
            <Data Name='DestinationPortName'>-</Data>
        </EventData>
    </Event>
    