<Event xmlns='http://schemas.microsoft.com/win/2004/08/events/event'>
        <System>
            <Provider Name='Microsoft-Windows-Sysmon'
                      Guid='{5770385f-c22a-43e0-bf4c-06f5698ffbd9}'/>
            <EventID>3</EventID>
            <Version>5</Version>
            <Level>4</Level>
            <Task>3</Task>
            <Opcode>0</Opcode>
            <Keywords>0x8000000000000000</Keywords>
            <TimeCreated SystemTime='2022-04-17T13:22:00.7041688Z'/>
            <EventRecordID>19</EventRecordID>
            <Correlation/>
            <Execution ProcessID='11132' ThreadID='4936'/>
            <Channel>Microsoft-Windows-Sysmon/Operational</Channel>
            <Computer>N6</Computer>
            <Security UserID='S-1-5-18'/>
        </System>
        <EventData>
            <Data Name='RuleName'>-</Data>
            <Data Name='UtcTime'>2022-04-17 13:21:58.892</Data>
            <Data Name='ProcessGuid'>{f03562c7-5a36-6256-2f00-000000004e00}</Data>
            <Data Name='ProcessId'>2708</Data>
            <Data Name='Image'>C:\Windows\System32\svchost.exe</Data>
            <Data Name='User'>NT AUTHORITY\NETWORK SERVICE</Data>
            <Data Name='Protocol'>udp</Data>
            <Data Name='Initiated'>false</Data>
            <Data Name='SourceIsIpv6'>true</Data>
            <Data Name='SourceIp'>ff02:0:0:0:0:0:0:fb</Data>
            <Data Name='SourceHostname'>-</Data>
            <Data Name='SourcePort'>5353</Data>
            <Data Name='SourcePortName'>-</Data>
            <Data Name='DestinationIsIpv6'>true</Data>
            <Data Name='DestinationIp'>fe80:0:0:0:1832:cc95:3ef1:46c</Data>
            <Data Name='DestinationHostname'>-</Data>
            <Data Name='DestinationPort'>5353</Data>
            <Data Name='DestinationPortName'>-</Data>
        </EventData>
    </Event>
    <Event xmlns='http://schemas.microsoft.com/win/2004/08/events/event'>
        <System>
            <Provider Name='Microsoft-Windows-Sysmon'
                      Guid='{5770385f-c22a-43e0-bf4c-06f5698ffbd9}'/>
            <EventID>3</EventID>
            <Version>5</Version>
            <Level>4</Level>
            <Task>3</Task>
            <Opcode>0</Opcode>
            <Keywords>0x8000000000000000</Keywords>
            <TimeCreated SystemTime='2022-04-17T13:22:00.7041433Z'/>
            <EventRecordID>18</EventRecordID>
            <Correlation/>
            <Execution ProcessID='11132' ThreadID='4936'/>
            <Channel>Microsoft-Windows-Sysmon/Operational</Channel>
            <Computer>N6</Computer>
            <Security UserID='S-1-5-18'/>
        </System>
        <EventData>
            <Data Name='RuleName'>-</Data>
            <Data Name='UtcTime'>2022-04-17 13:21:58.890</Data>
            <Data Name='ProcessGuid'>{f03562c7-122c-625c-2f15-000000004e00}</Data>
            <Data Name='ProcessId'>8564</Data>
            <Data Name='Image'>C:\Program Files (x86)\Google\Chrome\Application\chrome.exe</Data>
            <Data Name='User'>N6\vklevlanyk</Data>
            <Data Name='Protocol'>udp</Data>
            <Data Name='Initiated'>false</Data>
            <Data Name='SourceIsIpv6'>false</Data>
            <Data Name='SourceIp'>224.0.0.251</Data>
            <Data Name='SourceHostname'>-</Data>
            <Data Name='SourcePort'>5353</Data>
            <Data Name='SourcePortName'>-</Data>
            <Data Name='DestinationIsIpv6'>false</Data>
            <Data Name='DestinationIp'>192.168.0.104</Data>
            <Data Name='DestinationHostname'>-</Data>
            <Data Name='DestinationPort'>5353</Data>
            <Data Name='DestinationPortName'>-</Data>
        </EventData>
    </Event>
    <Event xmlns='http://schemas.microsoft.com/win/2004/08/events/event'>
        <System>
            <Provider Name='Microsoft-Windows-Sysmon'
                      Guid='{5770385f-c22a-43e0-bf4c-06f5698ffbd9}'/>
            <EventID>3</EventID>
            <Version>5</Version>
            <Level>4</Level>
            <Task>3</Task>
            <Opcode>0</Opcode>
            <Keywords>0x8000000000000000</Keywords>
            <TimeCreated SystemTime='2022-04-17T13:22:00.7041102Z'/>
            <EventRecordID>17</EventRecordID>
            <Correlation/>
            <Execution ProcessID='11132' ThreadID='4936'/>
            <Channel>Microsoft-Windows-Sysmon/Operational</Channel>
            <Computer>N6</Computer>
            <Security UserID='S-1-5-18'/>
        </System>
        <EventData>
            <Data Name='RuleName'>-</Data>
            <Data Name='UtcTime'>2022-04-17 13:21:58.890</Data>
            <Data Name='ProcessGuid'>{f03562c7-5a36-6256-2f00-000000004e00}</Data>
            <Data Name='ProcessId'>2708</Data>
            <Data Name='Image'>C:\Windows\System32\svchost.exe</Data>
            <Data Name='User'>NT AUTHORITY\NETWORK SERVICE</Data>
            <Data Name='Protocol'>udp</Data>
            <Data Name='Initiated'>false</Data>
            <Data Name='SourceIsIpv6'>false</Data>
            <Data Name='SourceIp'>224.0.0.251</Data>
            <Data Name='SourceHostname'>-</Data>
            <Data Name='SourcePort'>5353</Data>
            <Data Name='SourcePortName'>-</Data>
            <Data Name='DestinationIsIpv6'>false</Data>
            <Data Name='DestinationIp'>192.168.0.104</Data>
            <Data Name='DestinationHostname'>-</Data>
            <Data Name='DestinationPort'>5353</Data>
            <Data Name='DestinationPortName'>-</Data>
        </EventData>
    </Event>
    <Event xmlns='http://schemas.microsoft.com/win/2004/08/events/event'>
        <System>
            <Provider Name='Microsoft-Windows-Sysmon'
                      Guid='{5770385f-c22a-43e0-bf4c-06f5698ffbd9}'/>
            <EventID>3</EventID>
            <Version>5</Version>
            <Level>4</Level>
            <Task>3</Task>
            <Opcode>0</Opcode>
            <Keywords>0x8000000000000000</Keywords>
            <TimeCreated SystemTime='2022-04-17T13:21:55.8008266Z'/>
            <EventRecordID>16</EventRecordID>
            <Correlation/>
            <Execution ProcessID='11132' ThreadID='4936'/>
            <Channel>Microsoft-Windows-Sysmon/Operational</Channel>
            <Computer>N6</Computer>
            <Security UserID='S-1-5-18'/>
        </System>
        <EventData>
            <Data Name='RuleName'>-</Data>
            <Data Name='UtcTime'>2022-04-17 13:21:53.642</Data>
            <Data Name='ProcessGuid'>{f03562c7-5a33-6256-eb03-000000000000}</Data>
            <Data Name='ProcessId'>4</Data>
            <Data Name='Image'>System</Data>
            <Data Name='User'>NT AUTHORITY\SYSTEM</Data>
            <Data Name='Protocol'>udp</Data>
            <Data Name='Initiated'>true</Data>
            <Data Name='SourceIsIpv6'>false</Data>
            <Data Name='SourceIp'>192.168.0.113</Data>
            <Data Name='SourceHostname'>N6.Home</Data>
            <Data Name='SourcePort'>137</Data>
            <Data Name='SourcePortName'>netbios-ns</Data>
            <Data Name='DestinationIsIpv6'>false</Data>
            <Data Name='DestinationIp'>224.0.0.252</Data>
            <Data Name='DestinationHostname'>-</Data>
            <Data Name='DestinationPort'>137</Data>
            <Data Name='DestinationPortName'>netbios-ns</Data>
        </EventData>
    </Event>
    <Event xmlns='http://schemas.microsoft.com/win/2004/08/events/event'>
        <System>
            <Provider Name='Microsoft-Windows-Sysmon'
                      Guid='{5770385f-c22a-43e0-bf4c-06f5698ffbd9}'/>
            <EventID>3</EventID>
            <Version>5</Version>
            <Level>4</Level>
            <Task>3</Task>
            <Opcode>0</Opcode>
            <Keywords>0x8000000000000000</Keywords>
            <TimeCreated SystemTime='2022-04-17T13:21:55.8008224Z'/>
            <EventRecordID>15</EventRecordID>
            <Correlation/>
            <Execution ProcessID='11132' ThreadID='4936'/>
            <Channel>Microsoft-Windows-Sysmon/Operational</Channel>
            <Computer>N6</Computer>
            <Security UserID='S-1-5-18'/>
        </System>
        <EventData>
            <Data Name='RuleName'>-</Data>
            <Data Name='UtcTime'>2022-04-17 13:21:53.635</Data>
            <Data Name='ProcessGuid'>{f03562c7-5a36-6256-2f00-000000004e00}</Data>
            <Data Name='ProcessId'>2708</Data>
            <Data Name='Image'>C:\Windows\System32\svchost.exe</Data>
            <Data Name='User'>NT AUTHORITY\NETWORK SERVICE</Data>
            <Data Name='Protocol'>udp</Data>
            <Data Name='Initiated'>true</Data>
            <Data Name='SourceIsIpv6'>false</Data>
            <Data Name='SourceIp'>192.168.0.113</Data>
            <Data Name='SourceHostname'>N6.Home</Data>
            <Data Name='SourcePort'>51765</Data>
            <Data Name='SourcePortName'>-</Data>
            <Data Name='DestinationIsIpv6'>false</Data>
            <Data Name='DestinationIp'>224.0.0.252</Data>
            <Data Name='DestinationHostname'>-</Data>
            <Data Name='DestinationPort'>5355</Data>
            <Data Name='DestinationPortName'>llmnr</Data>
        </EventData>
    </Event>
    <Event xmlns='http://schemas.microsoft.com/win/2004/08/events/event'>
        <System>
            <Provider Name='Microsoft-Windows-Sysmon'
                      Guid='{5770385f-c22a-43e0-bf4c-06f5698ffbd9}'/>
            <EventID>3</EventID>
            <Version>5</Version>
            <Level>4</Level>
            <Task>3</Task>
            <Opcode>0</Opcode>
            <Keywords>0x8000000000000000</Keywords>
            <TimeCreated SystemTime='2022-04-17T13:21:55.8008175Z'/>
            <EventRecordID>14</EventRecordID>
            <Correlation/>
            <Execution ProcessID='11132' ThreadID='4936'/>
            <Channel>Microsoft-Windows-Sysmon/Operational</Channel>
            <Computer>N6</Computer>
            <Security UserID='S-1-5-18'/>
        </System>
        <EventData>
            <Data Name='RuleName'>-</Data>
            <Data Name='UtcTime'>2022-04-17 13:21:53.635</Data>
            <Data Name='ProcessGuid'>{f03562c7-5a36-6256-2f00-000000004e00}</Data>
            <Data Name='ProcessId'>2708</Data>
            <Data Name='Image'>C:\Windows\System32\svchost.exe</Data>
            <Data Name='User'>NT AUTHORITY\NETWORK SERVICE</Data>
            <Data Name='Protocol'>udp</Data>
            <Data Name='Initiated'>true</Data>
            <Data Name='SourceIsIpv6'>true</Data>
            <Data Name='SourceIp'>fe80:0:0:0:cde9:5416:34f7:c6fc</Data>
            <Data Name='SourceHostname'>N6.Home</Data>
            <Data Name='SourcePort'>51765</Data>
            <Data Name='SourcePortName'>-</Data>
            <Data Name='DestinationIsIpv6'>true</Data>
            <Data Name='DestinationIp'>ff02:0:0:0:0:0:1:3</Data>
            <Data Name='DestinationHostname'>-</Data>
            <Data Name='DestinationPort'>5355</Data>
            <Data Name='DestinationPortName'>llmnr</Data>
        </EventData>
    </Event>
    <Event xmlns='http://schemas.microsoft.com/win/2004/08/events/event'>
        <System>
            <Provider Name='Microsoft-Windows-Sysmon'
                      Guid='{5770385f-c22a-43e0-bf4c-06f5698ffbd9}'/>
            <EventID>3</EventID>
            <Version>5</Version>
            <Level>4</Level>
            <Task>3</Task>
            <Opcode>0</Opcode>
            <Keywords>0x8000000000000000</Keywords>
            <TimeCreated SystemTime='2022-04-17T13:21:55.8008098Z'/>
            <EventRecordID>13</EventRecordID>
            <Correlation/>
            <Execution ProcessID='11132' ThreadID='4936'/>
            <Channel>Microsoft-Windows-Sysmon/Operational</Channel>
            <Computer>N6</Computer>
            <Security UserID='S-1-5-18'/>
        </System>
        <EventData>
            <Data Name='RuleName'>-</Data>
            <Data Name='UtcTime'>2022-04-17 13:21:53.634</Data>
            <Data Name='ProcessGuid'>{f03562c7-5a33-6256-eb03-000000000000}</Data>
            <Data Name='ProcessId'>4</Data>
            <Data Name='Image'>System</Data>
            <Data Name='User'>NT AUTHORITY\SYSTEM</Data>
            <Data Name='Protocol'>udp</Data>
            <Data Name='Initiated'>true</Data>
            <Data Name='SourceIsIpv6'>false</Data>
            <Data Name='SourceIp'>192.168.0.113</Data>
            <Data Name='SourceHostname'>N6.Home</Data>
            <Data Name='SourcePort'>137</Data>
            <Data Name='SourcePortName'>netbios-ns</Data>
            <Data Name='DestinationIsIpv6'>false</Data>
            <Data Name='DestinationIp'>192.168.0.95</Data>
            <Data Name='DestinationHostname'>-</Data>
            <Data Name='DestinationPort'>137</Data>
            <Data Name='DestinationPortName'>netbios-ns</Data>
        </EventData>
    </Event>
    <Event xmlns='http://schemas.microsoft.com/win/2004/08/events/event'>
        <System>
            <Provider Name='Microsoft-Windows-Sysmon'
                      Guid='{5770385f-c22a-43e0-bf4c-06f5698ffbd9}'/>
            <EventID>3</EventID>
            <Version>5</Version>
            <Level>4</Level>
            <Task>3</Task>
            <Opcode>0</Opcode>
            <Keywords>0x8000000000000000</Keywords>
            <TimeCreated SystemTime='2022-04-17T13:21:55.8008012Z'/>
            <EventRecordID>12</EventRecordID>
            <Correlation/>
            <Execution ProcessID='11132' ThreadID='4936'/>
            <Channel>Microsoft-Windows-Sysmon/Operational</Channel>
            <Computer>N6</Computer>
            <Security UserID='S-1-5-18'/>
        </System>
        <EventData>
            <Data Name='RuleName'>-</Data>
            <Data Name='UtcTime'>2022-04-17 13:21:53.622</Data>
            <Data Name='ProcessGuid'>{f03562c7-5a33-6256-eb03-000000000000}</Data>
            <Data Name='ProcessId'>4</Data>
            <Data Name='Image'>System</Data>
            <Data Name='User'>NT AUTHORITY\SYSTEM</Data>
            <Data Name='Protocol'>udp</Data>
            <Data Name='Initiated'>true</Data>
            <Data Name='SourceIsIpv6'>false</Data>
            <Data Name='SourceIp'>192.168.0.95</Data>
            <Data Name='SourceHostname'>-</Data>
            <Data Name='SourcePort'>137</Data>
            <Data Name='SourcePortName'>netbios-ns</Data>
            <Data Name='DestinationIsIpv6'>false</Data>
            <Data Name='DestinationIp'>224.0.0.252</Data>
            <Data Name='DestinationHostname'>-</Data>
            <Data Name='DestinationPort'>137</Data>
            <Data Name='DestinationPortName'>netbios-ns</Data>
        </EventData>
    </Event>
    <Event xmlns='http://schemas.microsoft.com/win/2004/08/events/event'>
        <System>
            <Provider Name='Microsoft-Windows-Sysmon'
                      Guid='{5770385f-c22a-43e0-bf4c-06f5698ffbd9}'/>
            <EventID>3</EventID>
            <Version>5</Version>
            <Level>4</Level>
            <Task>3</Task>
            <Opcode>0</Opcode>
            <Keywords>0x8000000000000000</Keywords>
            <TimeCreated SystemTime='2022-04-17T13:21:53.7304310Z'/>
            <EventRecordID>11</EventRecordID>
            <Correlation/>
            <Execution ProcessID='11132' ThreadID='4936'/>
            <Channel>Microsoft-Windows-Sysmon/Operational</Channel>
            <Computer>N6</Computer>
            <Security UserID='S-1-5-18'/>
        </System>
        <EventData>
            <Data Name='RuleName'>-</Data>
            <Data Name='UtcTime'>2022-04-17 13:21:51.620</Data>
            <Data Name='ProcessGuid'>{f03562c7-5a36-6256-2f00-000000004e00}</Data>
            <Data Name='ProcessId'>2708</Data>
            <Data Name='Image'>C:\Windows\System32\svchost.exe</Data>
            <Data Name='User'>NT AUTHORITY\NETWORK SERVICE</Data>
            <Data Name='Protocol'>udp</Data>
            <Data Name='Initiated'>true</Data>
            <Data Name='SourceIsIpv6'>false</Data>
            <Data Name='SourceIp'>192.168.0.95</Data>
            <Data Name='SourceHostname'>-</Data>
            <Data Name='SourcePort'>64086</Data>
            <Data Name='SourcePortName'>-</Data>
            <Data Name='DestinationIsIpv6'>false</Data>
            <Data Name='DestinationIp'>224.0.0.252</Data>
            <Data Name='DestinationHostname'>-</Data>
            <Data Name='DestinationPort'>5355</Data>
            <Data Name='DestinationPortName'>llmnr</Data>
        </EventData>
    </Event>
    <Event xmlns='http://schemas.microsoft.com/win/2004/08/events/event'>
        <System>
            <Provider Name='Microsoft-Windows-Sysmon'
                      Guid='{5770385f-c22a-43e0-bf4c-06f5698ffbd9}'/>
            <EventID>3</EventID>
            <Version>5</Version>
            <Level>4</Level>
            <Task>3</Task>
            <Opcode>0</Opcode>
            <Keywords>0x8000000000000000</Keywords>
            <TimeCreated SystemTime='2022-04-17T13:21:53.7304024Z'/>
            <EventRecordID>10</EventRecordID>
            <Correlation/>
            <Execution ProcessID='11132' ThreadID='4936'/>
            <Channel>Microsoft-Windows-Sysmon/Operational</Channel>
            <Computer>N6</Computer>
            <Security UserID='S-1-5-18'/>
        </System>
        <EventData>
            <Data Name='RuleName'>-</Data>
            <Data Name='UtcTime'>2022-04-17 13:21:51.620</Data>
            <Data Name='ProcessGuid'>{f03562c7-5a36-6256-2f00-000000004e00}</Data>
            <Data Name='ProcessId'>2708</Data>
            <Data Name='Image'>C:\Windows\System32\svchost.exe</Data>
            <Data Name='User'>NT AUTHORITY\NETWORK SERVICE</Data>
            <Data Name='Protocol'>udp</Data>
            <Data Name='Initiated'>true</Data>
            <Data Name='SourceIsIpv6'>true</Data>
            <Data Name='SourceIp'>fe80:0:0:0:848c:6dfe:2d35:2ef2</Data>
            <Data Name='SourceHostname'>-</Data>
            <Data Name='SourcePort'>64086</Data>
            <Data Name='SourcePortName'>-</Data>
            <Data Name='DestinationIsIpv6'>true</Data>
            <Data Name='DestinationIp'>ff02:0:0:0:0:0:1:3</Data>
            <Data Name='DestinationHostname'>-</Data>
            <Data Name='DestinationPort'>5355</Data>
            <Data Name='DestinationPortName'>llmnr</Data>
        </EventData>
    </Event>
    <Event xmlns='http://schemas.microsoft.com/win/2004/08/events/event'>
        <System>
            <Provider Name='Microsoft-Windows-Sysmon'
                      Guid='{5770385f-c22a-43e0-bf4c-06f5698ffbd9}'/>
            <EventID>3</EventID>
            <Version>5</Version>
            <Level>4</Level>
            <Task>3</Task>
            <Opcode>0</Opcode>
            <Keywords>0x8000000000000000</Keywords>
            <TimeCreated SystemTime='2022-04-17T13:21:53.7303745Z'/>
            <EventRecordID>9</EventRecordID>
            <Correlation/>
            <Execution ProcessID='11132' ThreadID='4936'/>
            <Channel>Microsoft-Windows-Sysmon/Operational</Channel>
            <Computer>N6</Computer>
            <Security UserID='S-1-5-18'/>
        </System>
        <EventData>
            <Data Name='RuleName'>-</Data>
            <Data Name='UtcTime'>2022-04-17 13:21:51.620</Data>
            <Data Name='ProcessGuid'>{f03562c7-5a33-6256-eb03-000000000000}</Data>
            <Data Name='ProcessId'>4</Data>
            <Data Name='Image'>System</Data>
            <Data Name='User'>NT AUTHORITY\SYSTEM</Data>
            <Data Name='Protocol'>udp</Data>
            <Data Name='Initiated'>true</Data>
            <Data Name='SourceIsIpv6'>false</Data>
            <Data Name='SourceIp'>192.168.0.95</Data>
            <Data Name='SourceHostname'>-</Data>
            <Data Name='SourcePort'>137</Data>
            <Data Name='SourcePortName'>netbios-ns</Data>
            <Data Name='DestinationIsIpv6'>false</Data>
            <Data Name='DestinationIp'>192.168.0.1</Data>
            <Data Name='DestinationHostname'>-</Data>
            <Data Name='DestinationPort'>137</Data>
            <Data Name='DestinationPortName'>netbios-ns</Data>
        </EventData>
    </Event>
    <Event xmlns='http://schemas.microsoft.com/win/2004/08/events/event'>
        <System>
            <Provider Name='Microsoft-Windows-Sysmon'
                      Guid='{5770385f-c22a-43e0-bf4c-06f5698ffbd9}'/>
            <EventID>3</EventID>
            <Version>5</Version>
            <Level>4</Level>
            <Task>3</Task>
            <Opcode>0</Opcode>
            <Keywords>0x8000000000000000</Keywords>
            <TimeCreated SystemTime='2022-04-17T13:21:53.7303342Z'/>
            <EventRecordID>8</EventRecordID>
            <Correlation/>
            <Execution ProcessID='11132' ThreadID='4936'/>
            <Channel>Microsoft-Windows-Sysmon/Operational</Channel>
            <Computer>N6</Computer>
            <Security UserID='S-1-5-18'/>
        </System>
        <EventData>
            <Data Name='RuleName'>-</Data>
            <Data Name='UtcTime'>2022-04-17 13:21:51.592</Data>
            <Data Name='ProcessGuid'>{f03562c7-5a33-6256-eb03-000000000000}</Data>
            <Data Name='ProcessId'>4</Data>
            <Data Name='Image'>System</Data>
            <Data Name='User'>NT AUTHORITY\SYSTEM</Data>
            <Data Name='Protocol'>udp</Data>
            <Data Name='Initiated'>false</Data>
            <Data Name='SourceIsIpv6'>false</Data>
            <Data Name='SourceIp'>192.168.0.113</Data>
            <Data Name='SourceHostname'>N6.Home</Data>
            <Data Name='SourcePort'>137</Data>
            <Data Name='SourcePortName'>netbios-ns</Data>
            <Data Name='DestinationIsIpv6'>false</Data>
            <Data Name='DestinationIp'>192.168.0.1</Data>
            <Data Name='DestinationHostname'>-</Data>
            <Data Name='DestinationPort'>137</Data>
            <Data Name='DestinationPortName'>netbios-ns</Data>
        </EventData>
    </Event>
    <Event xmlns='http://schemas.microsoft.com/win/2004/08/events/event'>
        <System>
            <Provider Name='Microsoft-Windows-Sysmon'
                      Guid='{5770385f-c22a-43e0-bf4c-06f5698ffbd9}'/>
            <EventID>3</EventID>
            <Version>5</Version>
            <Level>4</Level>
            <Task>3</Task>
            <Opcode>0</Opcode>
            <Keywords>0x8000000000000000</Keywords>
            <TimeCreated SystemTime='2022-04-17T13:21:51.6576996Z'/>
            <EventRecordID>7</EventRecordID>
            <Correlation/>
            <Execution ProcessID='11132' ThreadID='4936'/>
            <Channel>Microsoft-Windows-Sysmon/Operational</Channel>
            <Computer>N6</Computer>
            <Security UserID='S-1-5-18'/>
        </System>
        <EventData>
            <Data Name='RuleName'>-</Data>
            <Data Name='UtcTime'>2022-04-17 13:21:49.639</Data>
            <Data Name='ProcessGuid'>{f03562c7-5a36-6256-2f00-000000004e00}</Data>
            <Data Name='ProcessId'>2708</Data>
            <Data Name='Image'>C:\Windows\System32\svchost.exe</Data>
            <Data Name='User'>NT AUTHORITY\NETWORK SERVICE</Data>
            <Data Name='Protocol'>udp</Data>
            <Data Name='Initiated'>true</Data>
            <Data Name='SourceIsIpv6'>false</Data>
            <Data Name='SourceIp'>192.168.0.113</Data>
            <Data Name='SourceHostname'>N6.Home</Data>
            <Data Name='SourcePort'>61231</Data>
            <Data Name='SourcePortName'>-</Data>
            <Data Name='DestinationIsIpv6'>false</Data>
            <Data Name='DestinationIp'>192.168.0.1</Data>
            <Data Name='DestinationHostname'>-</Data>
            <Data Name='DestinationPort'>53</Data>
            <Data Name='DestinationPortName'>domain</Data>
        </EventData>
    </Event>
    <Event xmlns='http://schemas.microsoft.com/win/2004/08/events/event'>
        <System>
            <Provider Name='Microsoft-Windows-Sysmon'
                      Guid='{5770385f-c22a-43e0-bf4c-06f5698ffbd9}'/>
            <EventID>3</EventID>
            <Version>5</Version>
            <Level>4</Level>
            <Task>3</Task>
            <Opcode>0</Opcode>
            <Keywords>0x8000000000000000</Keywords>
            <TimeCreated SystemTime='2022-04-17T13:21:49.8809662Z'/>
            <EventRecordID>6</EventRecordID>
            <Correlation/>
            <Execution ProcessID='11132' ThreadID='4936'/>
            <Channel>Microsoft-Windows-Sysmon/Operational</Channel>
            <Computer>N6</Computer>
            <Security UserID='S-1-5-18'/>
        </System>
        <EventData>
            <Data Name='RuleName'>-</Data>
            <Data Name='UtcTime'>2022-04-17 13:21:48.549</Data>
            <Data Name='ProcessGuid'>{f03562c7-122c-625c-3215-000000004e00}</Data>
            <Data Name='ProcessId'>10684</Data>
            <Data Name='Image'>C:\Program Files (x86)\Google\Chrome\Application\chrome.exe</Data>
            <Data Name='User'>N6\vklevlanyk</Data>
            <Data Name='Protocol'>udp</Data>
            <Data Name='Initiated'>false</Data>
            <Data Name='SourceIsIpv6'>false</Data>
            <Data Name='SourceIp'>192.168.0.113</Data>
            <Data Name='SourceHostname'>N6.Home</Data>
            <Data Name='SourcePort'>55183</Data>
            <Data Name='SourcePortName'>-</Data>
            <Data Name='DestinationIsIpv6'>false</Data>
            <Data Name='DestinationIp'>142.251.36.138</Data>
            <Data Name='DestinationHostname'>-</Data>
            <Data Name='DestinationPort'>443</Data>
            <Data Name='DestinationPortName'>https</Data>
        </EventData>
    </Event>
    <Event xmlns='http://schemas.microsoft.com/win/2004/08/events/event'>
        <System>
            <Provider Name='Microsoft-Windows-Sysmon'
                      Guid='{5770385f-c22a-43e0-bf4c-06f5698ffbd9}'/>
            <EventID>5</EventID>
            <Version>3</Version>
            <Level>4</Level>
            <Task>5</Task>
            <Opcode>0</Opcode>
            <Keywords>0x8000000000000000</Keywords>
            <TimeCreated SystemTime='2022-04-17T13:21:47.5364042Z'/>
            <EventRecordID>5</EventRecordID>
            <Correlation/>
            <Execution ProcessID='11132' ThreadID='9816'/>
            <Channel>Microsoft-Windows-Sysmon/Operational</Channel>
            <Computer>N6</Computer>
            <Security UserID='S-1-5-18'/>
        </System>
        <EventData>
            <Data Name='RuleName'>-</Data>
            <Data Name='UtcTime'>2022-04-17 13:21:47.535</Data>
            <Data Name='ProcessGuid'>{f03562c7-1469-625c-9415-000000004e00}</Data>
            <Data Name='ProcessId'>3792</Data>
            <Data Name='Image'>C:\Users\vklevlanyk\Downloads\Sysmon\Sysmon64.exe</Data>
            <Data Name='User'>N6\vklevlanyk</Data>
        </EventData>
    </Event>
    <Event xmlns='http://schemas.microsoft.com/win/2004/08/events/event'>
        <System>
            <Provider Name='Microsoft-Windows-Sysmon'
                      Guid='{5770385f-c22a-43e0-bf4c-06f5698ffbd9}'/>
            <EventID>1</EventID>
            <Version>5</Version>
            <Level>4</Level>
            <Task>1</Task>
            <Opcode>0</Opcode>
            <Keywords>0x8000000000000000</Keywords>
            <TimeCreated SystemTime='2022-04-17T13:21:46.6342725Z'/>
            <EventRecordID>4</EventRecordID>
            <Correlation/>
            <Execution ProcessID='11132' ThreadID='9816'/>
            <Channel>Microsoft-Windows-Sysmon/Operational</Channel>
            <Computer>N6</Computer>
            <Security UserID='S-1-5-18'/>
        </System>
        <EventData>
            <Data Name='RuleName'>-</Data>
            <Data Name='UtcTime'>2022-04-17 13:21:46.537</Data>
            <Data Name='ProcessGuid'>{f03562c7-146a-625c-9b15-000000004e00}</Data>
            <Data Name='ProcessId'>13884</Data>
            <Data Name='Image'>C:\Windows\System32\wbem\unsecapp.exe</Data>
            <Data Name='FileVersion'>10.0.19041.1320 (WinBuild.160101.0800)</Data>
            <Data Name='Description'>Sink to receive asynchronous callbacks for WMI client
                application
            </Data>
            <Data Name='Product'>Microsoft® Windows® Operating System</Data>
            <Data Name='Company'>Microsoft Corporation</Data>
            <Data Name='OriginalFileName'>unsecapp.dll</Data>
            <Data Name='CommandLine'>C:\WINDOWS\system32\wbem\unsecapp.exe -Embedding</Data>
            <Data Name='CurrentDirectory'>C:\WINDOWS\system32\</Data>
            <Data Name='User'>NT AUTHORITY\SYSTEM</Data>
            <Data Name='LogonGuid'>{f03562c7-5a35-6256-e703-000000000000}</Data>
            <Data Name='LogonId'>0x3e7</Data>
            <Data Name='TerminalSessionId'>0</Data>
            <Data Name='IntegrityLevel'>System</Data>
            <Data Name='Hashes'>
                SHA256=FABB8CC6DE82A79F1EED0976E5CE741FF3B9D5B1B40D90146052F4393CCA80A3
            </Data>
            <Data Name='ParentProcessGuid'>{f03562c7-5a35-6256-0d00-000000004e00}</Data>
            <Data Name='ParentProcessId'>1164</Data>
            <Data Name='ParentImage'>C:\Windows\System32\svchost.exe</Data>
            <Data Name='ParentCommandLine'>C:\WINDOWS\system32\svchost.exe -k DcomLaunch -p</Data>
            <Data Name='ParentUser'>NT AUTHORITY\SYSTEM</Data>
        </EventData>
    </Event>
    <Event xmlns='http://schemas.microsoft.com/win/2004/08/events/event'>
        <System>
            <Provider Name='Microsoft-Windows-Sysmon'
                      Guid='{5770385f-c22a-43e0-bf4c-06f5698ffbd9}'/>
            <EventID>1</EventID>
            <Version>5</Version>
            <Level>4</Level>
            <Task>1</Task>
            <Opcode>0</Opcode>
            <Keywords>0x8000000000000000</Keywords>
            <TimeCreated SystemTime='2022-04-17T13:21:46.6339585Z'/>
            <EventRecordID>3</EventRecordID>
            <Correlation/>
            <Execution ProcessID='11132' ThreadID='9816'/>
            <Channel>Microsoft-Windows-Sysmon/Operational</Channel>
            <Computer>N6</Computer>
            <Security UserID='S-1-5-18'/>
        </System>
        <EventData>
            <Data Name='RuleName'>-</Data>
            <Data Name='UtcTime'>2022-04-17 13:21:46.487</Data>
            <Data Name='ProcessGuid'>{f03562c7-146a-625c-9a15-000000004e00}</Data>
            <Data Name='ProcessId'>11132</Data>
            <Data Name='Image'>C:\Windows\Sysmon64.exe</Data>
            <Data Name='FileVersion'>13.33</Data>
            <Data Name='Description'>System activity monitor</Data>
            <Data Name='Product'>Sysinternals Sysmon</Data>
            <Data Name='Company'>Sysinternals - www.sysinternals.com</Data>
            <Data Name='OriginalFileName'>-</Data>
            <Data Name='CommandLine'>C:\WINDOWS\Sysmon64.exe</Data>
            <Data Name='CurrentDirectory'>C:\WINDOWS\system32\</Data>
            <Data Name='User'>NT AUTHORITY\SYSTEM</Data>
            <Data Name='LogonGuid'>{f03562c7-5a35-6256-e703-000000000000}</Data>
            <Data Name='LogonId'>0x3e7</Data>
            <Data Name='TerminalSessionId'>0</Data>
            <Data Name='IntegrityLevel'>System</Data>
            <Data Name='Hashes'>
                SHA256=7ABCC0EDB4C0F9F47A1BAC0D06401504E1E91C4B1A4E679F01AD539F364D6881
            </Data>
            <Data Name='ParentProcessGuid'>{f03562c7-5a35-6256-0a00-000000004e00}</Data>
            <Data Name='ParentProcessId'>104</Data>
            <Data Name='ParentImage'>C:\Windows\System32\services.exe</Data>
            <Data Name='ParentCommandLine'>C:\WINDOWS\system32\services.exe</Data>
            <Data Name='ParentUser'>NT AUTHORITY\SYSTEM</Data>
        </EventData>
    </Event>
    <Event xmlns='http://schemas.microsoft.com/win/2004/08/events/event'>
        <System>
            <Provider Name='Microsoft-Windows-Sysmon'
                      Guid='{5770385f-c22a-43e0-bf4c-06f5698ffbd9}'/>
            <EventID>4</EventID>
            <Version>3</Version>
            <Level>4</Level>
            <Task>4</Task>
            <Opcode>0</Opcode>
            <Keywords>0x8000000000000000</Keywords>
            <TimeCreated SystemTime='2022-04-17T13:21:46.5694100Z'/>
            <EventRecordID>2</EventRecordID>
            <Correlation/>
            <Execution ProcessID='11132' ThreadID='9816'/>
            <Channel>Microsoft-Windows-Sysmon/Operational</Channel>
            <Computer>N6</Computer>
            <Security UserID='S-1-5-18'/>
        </System>
        <EventData>
            <Data Name='UtcTime'>2022-04-17 13:21:46.568</Data>
            <Data Name='State'>Started</Data>
            <Data Name='Version'>13.33</Data>
            <Data Name='SchemaVersion'>4.81</Data>
        </EventData>
    </Event>
    <Event xmlns='http://schemas.microsoft.com/win/2004/08/events/event'>
        <System>
            <Provider Name='Microsoft-Windows-Sysmon'
                      Guid='{5770385f-c22a-43e0-bf4c-06f5698ffbd9}'/>
            <EventID>16</EventID>
            <Version>3</Version>
            <Level>4</Level>
            <Task>16</Task>
            <Opcode>0</Opcode>
            <Keywords>0x8000000000000000</Keywords>
            <TimeCreated SystemTime='2022-04-17T13:21:46.4453634Z'/>
            <EventRecordID>1</EventRecordID>
            <Correlation/>
            <Execution ProcessID='3792' ThreadID='10816'/>
            <Channel>Microsoft-Windows-Sysmon/Operational</Channel>
            <Computer>N6</Computer>
            <Security UserID='S-1-5-21-393072776-1733975334-4166171790-1003'/>
        </System>
        <EventData>
            <Data Name='UtcTime'>2022-04-17 13:21:46.445</Data>
            <Data Name='Configuration'>C:\Users\vklevlanyk\Downloads\Sysmon\Sysmon64.exe -i -n
                -accepteula
            </Data>
            <Data Name='ConfigurationFileHash'>-</Data>
        </EventData>
    </Event>
</Events>