<?xml version="1.0" encoding="utf-8" standalone="yes"?>
<Events>
    <Event xmlns='http://schemas.microsoft.com/win/2004/08/events/event'>
        <System>
            <Provider Name='Microsoft-Windows-Sysmon'
                      Guid='{5770385f-c22a-43e0-bf4c-06f5698ffbd9}'/>
            <EventID>1</EventID>
            <Version>5</Version>
            <Level>4</Level>
            <Task>1</Task>
            <Opcode>0</Opcode>
            <Keywords>0x8000000000000000</Keywords>
            <TimeCreated SystemTime='2022-04-19T20:32:09.4689285Z'/>
            <EventRecordID>2054</EventRecordID>
            <Correlation/>
            <Execution ProcessID='12972' ThreadID='10112'/>
            <Channel>Microsoft-Windows-Sysmon/Operational</Channel>
            <Computer>N6</Computer>
            <Security UserID='S-1-5-18'/>
        </System>
        <EventData>
            <Data Name='RuleName'>-</Data>
            <Data Name='UtcTime'>2022-04-19 20:32:09.467</Data>
            <Data Name='ProcessGuid'>{f03562c7-1c49-625f-9624-000000004e00}</Data>
            <Data Name='ProcessId'>13892</Data>
            <Data Name='Image'>C:\Windows\System32\SearchProtocolHost.exe</Data>
            <Data Name='FileVersion'>7.0.19041.1620 (WinBuild.160101.0800)</Data>
            <Data Name='Description'>Microsoft Windows Search Protocol Host</Data>
            <Data Name='Product'>Windows® Search</Data>
            <Data Name='Company'>Microsoft Corporation</Data>
            <Data Name='OriginalFileName'>SearchProtocolHost.exe</Data>
            <Data Name='CommandLine'>"C:\WINDOWS\system32\SearchProtocolHost.exe"
                Global\UsGthrFltPipeMssGthrPipe97_ Global\UsGthrCtrlFltPipeMssGthrPipe97 1
                -2147483646 "Software\Microsoft\Windows Search" "Mozilla/4.0 (compatible; MSIE 6.0;
                Windows NT; MS Search 4.0 Robot)"
                "C:\ProgramData\Microsoft\Search\Data\Temp\usgthrsvc" "DownLevelDaemon"
            </Data>
            <Data Name='CurrentDirectory'>C:\WINDOWS\system32\</Data>
            <Data Name='User'>NT AUTHORITY\SYSTEM</Data>
            <Data Name='LogonGuid'>{f03562c7-5a35-6256-e703-000000000000}</Data>
            <Data Name='LogonId'>0x3e7</Data>
            <Data Name='TerminalSessionId'>0</Data>
            <Data Name='IntegrityLevel'>System</Data>
            <Data Name='Hashes'>
                SHA256=7297E82A25A4ED4F967766C6FE2DA8DEAA2293AC5C3D82308EDDC154CA0A0203
            </Data>
            <Data Name='ParentProcessGuid'>{f03562c7-d62d-6259-cc11-000000004e00}</Data>
            <Data Name='ParentProcessId'>6948</Data>
            <Data Name='ParentImage'>C:\Windows\System32\SearchIndexer.exe</Data>
            <Data Name='ParentCommandLine'>C:\WINDOWS\system32\SearchIndexer.exe /Embedding</Data>
            <Data Name='ParentUser'>NT AUTHORITY\SYSTEM</Data>
        </EventData>
    </Event>
    <Event xmlns='http://schemas.microsoft.com/win/2004/08/events/event'>
        <System>
            <Provider Name='Microsoft-Windows-Sysmon'
                      Guid='{5770385f-c22a-43e0-bf4c-06f5698ffbd9}'/>
            <EventID>5</EventID>
            <Version>3</Version>
            <Level>4</Level>
            <Task>5</Task>
            <Opcode>0</Opcode>
            <Keywords>0x8000000000000000</Keywords>
            <TimeCreated SystemTime='2022-04-19T20:31:56.8256710Z'/>
            <EventRecordID>2053</EventRecordID>
            <Correlation/>
            <Execution ProcessID='12972' ThreadID='10112'/>
            <Channel>Microsoft-Windows-Sysmon/Operational</Channel>
            <Computer>N6</Computer>
            <Security UserID='S-1-5-18'/>
        </System>
        <EventData>
            <Data Name='RuleName'>-</Data>
            <Data Name='UtcTime'>2022-04-19 20:31:56.817</Data>
            <Data Name='ProcessGuid'>{f03562c7-1be8-625f-8b24-000000004e00}</Data>
            <Data Name='ProcessId'>6580</Data>
            <Data Name='Image'>C:\Windows\System32\SearchProtocolHost.exe</Data>
            <Data Name='User'>NT AUTHORITY\SYSTEM</Data>
        </EventData>
    </Event>
    <Event xmlns='http://schemas.microsoft.com/win/2004/08/events/event'>
        <System>
            <Provider Name='Microsoft-Windows-Sysmon'
                      Guid='{5770385f-c22a-43e0-bf4c-06f5698ffbd9}'/>
            <EventID>3</EventID>
            <Version>5</Version>
            <Level>4</Level>
            <Task>3</Task>
            <Opcode>0</Opcode>
            <Keywords>0x8000000000000000</Keywords>
            <TimeCreated SystemTime='2022-04-19T20:31:47.8510050Z'/>
            <EventRecordID>2052</EventRecordID>
            <Correlation/>
            <Execution ProcessID='12972' ThreadID='11572'/>
            <Channel>Microsoft-Windows-Sysmon/Operational</Channel>
            <Computer>N6</Computer>
            <Security UserID='S-1-5-18'/>
        </System>
        <EventData>
            <Data Name='RuleName'>-</Data>
            <Data Name='UtcTime'>2022-04-19 20:31:44.662</Data>
            <Data Name='ProcessGuid'>{f03562c7-5a33-6256-eb03-000000000000}</Data>
            <Data Name='ProcessId'>4</Data>
            <Data Name='Image'>System</Data>
            <Data Name='User'>NT AUTHORITY\SYSTEM</Data>
            <Data Name='Protocol'>udp</Data>
            <Data Name='Initiated'>true</Data>
            <Data Name='SourceIsIpv6'>false</Data>
            <Data Name='SourceIp'>192.168.0.94</Data>
            <Data Name='SourceHostname'>N6.home</Data>
            <Data Name='SourcePort'>137</Data>
            <Data Name='SourcePortName'>netbios-ns</Data>
            <Data Name='DestinationIsIpv6'>false</Data>
            <Data Name='DestinationIp'>192.168.0.136</Data>
            <Data Name='DestinationHostname'>-</Data>
            <Data Name='DestinationPort'>137</Data>
            <Data Name='DestinationPortName'>netbios-ns</Data>
        </EventData>
    </Event>
    <Event xmlns='http://schemas.microsoft.com/win/2004/08/events/event'>
        <System>
            <Provider Name='Microsoft-Windows-Sysmon'
                      Guid='{5770385f-c22a-43e0-bf4c-06f5698ffbd9}'/>
            <EventID>3</EventID>
            <Version>5</Version>
            <Level>4</Level>
            <Task>3</Task>
            <Opcode>0</Opcode>
            <Keywords>0x8000000000000000</Keywords>
            <TimeCreated SystemTime='2022-04-19T20:31:46.8200023Z'/>
            <EventRecordID>2051</EventRecordID>
            <Correlation/>
            <Execution ProcessID='12972' ThreadID='11572'/>
            <Channel>Microsoft-Windows-Sysmon/Operational</Channel>
            <Computer>N6</Computer>
            <Security UserID='S-1-5-18'/>
        </System>
        <EventData>
            <Data Name='RuleName'>-</Data>
            <Data Name='UtcTime'>2022-04-19 20:31:44.650</Data>
            <Data Name='ProcessGuid'>{f03562c7-5a33-6256-eb03-000000000000}</Data>
            <Data Name='ProcessId'>4</Data>
            <Data Name='Image'>System</Data>
            <Data Name='User'>NT AUTHORITY\SYSTEM</Data>
            <Data Name='Protocol'>udp</Data>
            <Data Name='Initiated'>true</Data>
            <Data Name='SourceIsIpv6'>false</Data>
            <Data Name='SourceIp'>192.168.0.95</Data>
            <Data Name='SourceHostname'>N6</Data>
            <Data Name='SourcePort'>137</Data>
            <Data Name='SourcePortName'>netbios-ns</Data>
            <Data Name='DestinationIsIpv6'>false</Data>
            <Data Name='DestinationIp'>192.168.0.136</Data>
            <Data Name='DestinationHostname'>-</Data>
            <Data Name='DestinationPort'>137</Data>
            <Data Name='DestinationPortName'>netbios-ns</Data>
        </EventData>
    </Event>
    <Event xmlns='http://schemas.microsoft.com/win/2004/08/events/event'>
        <System>
            <Provider Name='Microsoft-Windows-Sysmon'
                      Guid='{5770385f-c22a-43e0-bf4c-06f5698ffbd9}'/>
            <EventID>5</EventID>
            <Version>3</Version>
            <Level>4</Level>
            <Task>5</Task>
            <Opcode>0</Opcode>
            <Keywords>0x8000000000000000</Keywords>
            <TimeCreated SystemTime='2022-04-19T20:31:45.7687920Z'/>
            <EventRecordID>2050</EventRecordID>
            <Correlation/>
            <Execution ProcessID='12972' ThreadID='10112'/>
            <Channel>Microsoft-Windows-Sysmon/Operational</Channel>
            <Computer>N6</Computer>
            <Security UserID='S-1-5-18'/>
        </System>
        <EventData>
            <Data Name='RuleName'>-</Data>
            <Data Name='UtcTime'>2022-04-19 20:31:45.757</Data>
            <Data Name='ProcessGuid'>{f03562c7-1c31-625f-9524-000000004e00}</Data>
            <Data Name='ProcessId'>7212</Data>
            <Data Name='Image'>C:\Users\vklevlanyk\Downloads\malwless\malwless.exe</Data>
            <Data Name='User'>N6\vklevlanyk</Data>
        </EventData>
    </Event>
    <Event xmlns='http://schemas.microsoft.com/win/2004/08/events/event'>
        <System>
            <Provider Name='Microsoft-Windows-Sysmon'
                      Guid='{5770385f-c22a-43e0-bf4c-06f5698ffbd9}'/>
            <EventID>1</EventID>
            <Version>5</Version>
            <Level>4</Level>
            <Task>1</Task>
            <Opcode>0</Opcode>
            <Keywords>0x8000000000000000</Keywords>
            <TimeCreated SystemTime='2022-04-19T20:31:45.7031928Z'/>
            <EventRecordID>2049</EventRecordID>
            <Correlation/>
            <Execution ProcessID='12972' ThreadID='10112'/>
            <Channel>Microsoft-Windows-Sysmon/Operational</Channel>
            <Computer>N6</Computer>
            <Security UserID='S-1-5-18'/>
        </System>
        <EventData>
            <Data Name='RuleName'>-</Data>
            <Data Name='UtcTime'>2022-04-19 20:31:45.701</Data>
            <Data Name='ProcessGuid'>{f03562c7-1c31-625f-9524-000000004e00}</Data>
            <Data Name='ProcessId'>7212</Data>
            <Data Name='Image'>C:\Users\vklevlanyk\Downloads\malwless\malwless.exe</Data>
            <Data Name='FileVersion'>2.4.0.0</Data>
            <Data Name='Description'>MalwLess</Data>
            <Data Name='Product'>MalwLess</Data>
            <Data Name='Company'>n0dec</Data>
            <Data Name='OriginalFileName'>malwless.exe</Data>
            <Data Name='CommandLine'>malwless.exe -r active-guest-acccount-admin.json</Data>
            <Data Name='CurrentDirectory'>C:\Users\vklevlanyk\Downloads\malwless\</Data>
            <Data Name='User'>N6\vklevlanyk</Data>
            <Data Name='LogonGuid'>{f03562c7-5220-625e-ffd8-3c0c00000000}</Data>
            <Data Name='LogonId'>0xc3cd8ff</Data>
            <Data Name='TerminalSessionId'>6</Data>
            <Data Name='IntegrityLevel'>High</Data>
            <Data Name='Hashes'>
                SHA256=3D5CBF924C07D012808CB7379BACE2C6AACD0D7BAB4ED8E5978C51A8974E6CA3
            </Data>
            <Data Name='ParentProcessGuid'>{f03562c7-1bf4-625f-8f24-000000004e00}</Data>
            <Data Name='ParentProcessId'>11248</Data>
            <Data Name='ParentImage'>C:\Windows\System32\cmd.exe</Data>
            <Data Name='ParentCommandLine'>"C:\WINDOWS\system32\cmd.exe"</Data>
            <Data Name='ParentUser'>N6\vklevlanyk</Data>
        </EventData>
    </Event>
    <Event xmlns='http://schemas.microsoft.com/win/2004/08/events/event'>
        <System>
            <Provider Name='Microsoft-Windows-Sysmon'
                      Guid='{5770385f-c22a-43e0-bf4c-06f5698ffbd9}'/>
            <EventID>3</EventID>
            <Version>5</Version>
            <Level>4</Level>
            <Task>3</Task>
            <Opcode>0</Opcode>
            <Keywords>0x8000000000000000</Keywords>
            <TimeCreated SystemTime='2022-04-19T20:31:44.7577267Z'/>
            <EventRecordID>2048</EventRecordID>
            <Correlation/>
            <Execution ProcessID='12972' ThreadID='11572'/>
            <Channel>Microsoft-Windows-Sysmon/Operational</Channel>
            <Computer>N6</Computer>
            <Security UserID='S-1-5-18'/>
        </System>
        <EventData>
            <Data Name='RuleName'>-</Data>
            <Data Name='UtcTime'>2022-04-19 20:31:42.503</Data>
            <Data Name='ProcessGuid'>{f03562c7-5a36-6256-2f00-000000004e00}</Data>
            <Data Name='ProcessId'>2708</Data>
            <Data Name='Image'>C:\Windows\System32\svchost.exe</Data>
            <Data Name='User'>NT AUTHORITY\NETWORK SERVICE</Data>
            <Data Name='Protocol'>udp</Data>
            <Data Name='Initiated'>false</Data>
            <Data Name='SourceIsIpv6'>true</Data>
            <Data Name='SourceIp'>ff02:0:0:0:0:0:0:fb</Data>
            <Data Name='SourceHostname'>-</Data>
            <Data Name='SourcePort'>5353</Data>
            <Data Name='SourcePortName'>-</Data>
            <Data Name='DestinationIsIpv6'>true</Data>
            <Data Name='DestinationIp'>fe80:0:0:0:500d:efff:fe3e:1997</Data>
            <Data Name='DestinationHostname'>-</Data>
            <Data Name='DestinationPort'>5353</Data>
            <Data Name='DestinationPortName'>-</Data>
        </EventData>
    </Event>
    <Event xmlns='http://schemas.microsoft.com/win/2004/08/events/event'>
        <System>
            <Provider Name='Microsoft-Windows-Sysmon'
                      Guid='{5770385f-c22a-43e0-bf4c-06f5698ffbd9}'/>
            <EventID>3</EventID>
            <Version>5</Version>
            <Level>4</Level>
            <Task>3</Task>
            <Opcode>0</Opcode>
            <Keywords>0x8000000000000000</Keywords>
            <TimeCreated SystemTime='2022-04-19T20:31:44.7576838Z'/>
            <EventRecordID>2047</EventRecordID>
            <Correlation/>
            <Execution ProcessID='12972' ThreadID='11572'/>
            <Channel>Microsoft-Windows-Sysmon/Operational</Channel>
            <Computer>N6</Computer>
            <Security UserID='S-1-5-18'/>
        </System>
        <EventData>
            <Data Name='RuleName'>-</Data>
            <Data Name='UtcTime'>2022-04-19 20:31:42.503</Data>
            <Data Name='ProcessGuid'>{f03562c7-5a36-6256-2f00-000000004e00}</Data>
            <Data Name='ProcessId'>2708</Data>
            <Data Name='Image'>C:\Windows\System32\svchost.exe</Data>
            <Data Name='User'>NT AUTHORITY\NETWORK SERVICE</Data>
            <Data Name='Protocol'>udp</Data>
            <Data Name='Initiated'>false</Data>
            <Data Name='SourceIsIpv6'>false</Data>
            <Data Name='SourceIp'>224.0.0.251</Data>
            <Data Name='SourceHostname'>-</Data>
            <Data Name='SourcePort'>5353</Data>
            <Data Name='SourcePortName'>-</Data>
            <Data Name='DestinationIsIpv6'>false</Data>
            <Data Name='DestinationIp'>192.168.0.136</Data>
            <Data Name='DestinationHostname'>-</Data>
            <Data Name='DestinationPort'>5353</Data>
            <Data Name='DestinationPortName'>-</Data>
        </EventData>
    </Event>
    <Event xmlns='http://schemas.microsoft.com/win/2004/08/events/event'>
        <System>
            <Provider Name='Microsoft-Windows-Sysmon'
                      Guid='{5770385f-c22a-43e0-bf4c-06f5698ffbd9}'/>
            <EventID>5</EventID>
            <Version>3</Version>
            <Level>4</Level>
            <Task>5</Task>
            <Opcode>0</Opcode>
            <Keywords>0x8000000000000000</Keywords>
            <TimeCreated SystemTime='2022-04-19T20:31:43.9584645Z'/>
            <EventRecordID>2046</EventRecordID>
            <Correlation/>
            <Execution ProcessID='12972' ThreadID='10112'/>
            <Channel>Microsoft-Windows-Sysmon/Operational</Channel>
            <Computer>N6</Computer>
            <Security UserID='S-1-5-18'/>
        </System>
        <EventData>
            <Data Name='RuleName'>-</Data>
            <Data Name='UtcTime'>2022-04-19 20:31:43.945</Data>
            <Data Name='ProcessGuid'>{f03562c7-1c11-625f-9324-000000004e00}</Data>
            <Data Name='ProcessId'>1300</Data>
            <Data Name='Image'>C:\Windows\System32\sppsvc.exe</Data>
            <Data Name='User'>NT AUTHORITY\NETWORK SERVICE</Data>
        </EventData>
    </Event>
</Events>